Copyright 1986-2022 Xilinx, Inc. All Rights Reserved. Copyright 2022-2024 Advanced Micro Devices, Inc. All Rights Reserved.
---------------------------------------------------------------------------------------------------------------------------------------------
| Tool Version : Vivado v.2024.1 (lin64) Build 5076996 Wed May 22 18:36:09 MDT 2024
| Date         : Sat Jan 25 15:14:05 2025
| Host         : rdsrv413 running 64-bit Ubuntu 20.04.6 LTS
| Command      : report_design_analysis -file ./report/Topo2A_AD_proj_design_analysis_synth.rpt
| Design       : bd_0_wrapper
| Device       : xcvu9p
| Design State : Synthesized
---------------------------------------------------------------------------------------------------------------------------------------------

Report Design Analysis

Table of Contents
-----------------
1. Setup Path Characteristics 1-1
2. Logic Level Distribution
3. Placer Final Level Congestion Reporting
4. SLR Net Crossing Reporting

1. Setup Path Characteristics 1-1
---------------------------------

+---------------------------+-------------------------------------------------------------------------------------------------------------------------------------------------------------------------------------------------------------------------------------------------------------------------------------------------------------------------------------------------------------------------------------------------------------------------------------------------------------------------------------------------------------------------------------+
|      Characteristics      |                                                                                                                                                                                                                                                               Path #1                                                                                                                                                                                                                                                               |
+---------------------------+-------------------------------------------------------------------------------------------------------------------------------------------------------------------------------------------------------------------------------------------------------------------------------------------------------------------------------------------------------------------------------------------------------------------------------------------------------------------------------------------------------------------------------------+
| Requirement               | 25.000                                                                                                                                                                                                                                                                                                                                                                                                                                                                                                                              |
| Path Delay                | 13.230                                                                                                                                                                                                                                                                                                                                                                                                                                                                                                                              |
| Logic Delay               | 4.386(34%)                                                                                                                                                                                                                                                                                                                                                                                                                                                                                                                          |
| Net Delay                 | 8.844(66%)                                                                                                                                                                                                                                                                                                                                                                                                                                                                                                                          |
| Clock Skew                | 0.000                                                                                                                                                                                                                                                                                                                                                                                                                                                                                                                               |
| Slack                     | 11.770                                                                                                                                                                                                                                                                                                                                                                                                                                                                                                                              |
| Clock Uncertainty         | 0.000                                                                                                                                                                                                                                                                                                                                                                                                                                                                                                                               |
| Clock Relationship        | Safely Timed                                                                                                                                                                                                                                                                                                                                                                                                                                                                                                                        |
| Clock Delay Group         | Same Group                                                                                                                                                                                                                                                                                                                                                                                                                                                                                                                          |
| Logic Levels              | 58                                                                                                                                                                                                                                                                                                                                                                                                                                                                                                                                  |
| Routes                    | NA                                                                                                                                                                                                                                                                                                                                                                                                                                                                                                                                  |
| Logical Path              | LUT2/in_met_pt_0[1]-(1)-CARRY8-LUT3-(1)-CARRY8-LUT3-(2)-LUT4-(1)-CARRY8-CARRY8-LUT3-(2)-LUT4-(1)-CARRY8-LUT3-(2)-LUT4-(1)-CARRY8-LUT3-(2)-LUT4-(1)-CARRY8-CARRY8-LUT2-(1)-CARRY8-LUT2-(64)-LUT1-(1)-CARRY8-LUT2-(1)-CARRY8-CARRY8-LUT2-(1)-CARRY8-LUT3-(2)-LUT4-(1)-CARRY8-LUT2-(1)-LUT6-(2)-LUT6-(2)-LUT6-(1)-CARRY8-LUT1-(1)-CARRY8-LUT2-(1)-CARRY8-LUT6-(21)-LUT2-(3)-CARRY8-(1)-CARRY8-(3)-LUT3-(2)-LUT5-(2)-LUT6-(1)-CARRY8-LUT3-(2)-LUT6-(1)-CARRY8-LUT3-(2)-LUT4-(1)-CARRY8-CARRY8-LUT3-(2)-LUT4-(1)-CARRY8/layer9_out_2[11] |
| Start Point Clock         | input port clock                                                                                                                                                                                                                                                                                                                                                                                                                                                                                                                    |
| End Point Clock           |                                                                                                                                                                                                                                                                                                                                                                                                                                                                                                                                     |
| DSP Block                 | None                                                                                                                                                                                                                                                                                                                                                                                                                                                                                                                                |
| RAM Registers             | None-None                                                                                                                                                                                                                                                                                                                                                                                                                                                                                                                           |
| IO Crossings              | 0                                                                                                                                                                                                                                                                                                                                                                                                                                                                                                                                   |
| SLR Crossings             | 0                                                                                                                                                                                                                                                                                                                                                                                                                                                                                                                                   |
| PBlocks                   | 0                                                                                                                                                                                                                                                                                                                                                                                                                                                                                                                                   |
| High Fanout               | 64                                                                                                                                                                                                                                                                                                                                                                                                                                                                                                                                  |
| Dont Touch                | 0                                                                                                                                                                                                                                                                                                                                                                                                                                                                                                                                   |
| Mark Debug                | 0                                                                                                                                                                                                                                                                                                                                                                                                                                                                                                                                   |
| Start Point Pin Primitive | in_met_pt_0[1]                                                                                                                                                                                                                                                                                                                                                                                                                                                                                                                      |
| End Point Pin Primitive   | layer9_out_2[11]                                                                                                                                                                                                                                                                                                                                                                                                                                                                                                                    |
| Start Point Pin           | in_met_pt_0[1]                                                                                                                                                                                                                                                                                                                                                                                                                                                                                                                      |
| End Point Pin             | layer9_out_2[11]                                                                                                                                                                                                                                                                                                                                                                                                                                                                                                                    |
+---------------------------+-------------------------------------------------------------------------------------------------------------------------------------------------------------------------------------------------------------------------------------------------------------------------------------------------------------------------------------------------------------------------------------------------------------------------------------------------------------------------------------------------------------------------------------+
* Bounding box calculated as % of dimensions for the target device (3842, 1864)


2. Logic Level Distribution
---------------------------

+-----------------+-------------+---+----+----+----+----+----+----+----+----+----+
| End Point Clock | Requirement | 0 | 50 | 52 | 53 | 54 | 55 | 56 | 57 | 58 | 59 |
+-----------------+-------------+---+----+----+----+----+----+----+----+----+----+
| (none)          | 25.000ns    | 2 |  1 |  3 | 12 | 18 |  6 |  3 |  3 | 10 |  1 |
+-----------------+-------------+---+----+----+----+----+----+----+----+----+----+
* Columns represent the logic levels per end point clock
** Distribution is for top worst 59 paths


3. Placer Final Level Congestion Reporting
------------------------------------------

+-----------+------+-------+--------+---------------+---------------+-----+--------+------+------+------+------+-----+-------+-----+------------+
| Direction | Type | Level | Window | Combined LUTs | Avg LUT Input | LUT | LUTRAM | Flop | MUXF | RAMB | URAM | DSP | CARRY | SRL | Cell Names |
+-----------+------+-------+--------+---------------+---------------+-----+--------+------+------+------+------+-----+-------+-----+------------+
* The design has not been placed, hence congestion data is not available. The command report_design_analysis -congestion should be run only after place_design has completed.


4. SLR Net Crossing Reporting
-----------------------------

+------------+-----------------------------+-------------+-------------+-------------+
| Cell Names | Number of Nets crossing SLR | 0 - 1 Cuts  | 0 - 2 Cuts  | 1 - 2 Cuts  |
+------------+-----------------------------+-------------+-------------+-------------+
* Information not available. There are no nets crossing SLRs.


