

================================================================
== Vitis HLS Report for 'dense_latency_ap_ufixed_15_0_4_0_0_ap_fixed_12_4_5_3_0_config8_s'
================================================================
* Date:           Sat Jan 25 15:10:46 2025

* Version:        2024.1 (Build 5069499 on May 21 2024)
* Project:        Topo2A_AD_proj
* Solution:       hls (Vivado IP Flow Target)
* Product family: virtexuplus
* Target device:  xcvu9p-flga2104-2-e


================================================================
== Performance Estimates
================================================================
+ Timing: 
    * Summary: 
    +--------+----------+----------+------------+
    |  Clock |  Target  | Estimated| Uncertainty|
    +--------+----------+----------+------------+
    |ap_clk  |  25.00 ns|  5.762 ns|     6.75 ns|
    +--------+----------+----------+------------+

+ Latency: 
    * Summary: 
    +---------+---------+----------+----------+-----+-----+---------+
    |  Latency (cycles) |  Latency (absolute) |  Interval | Pipeline|
    |   min   |   max   |    min   |    max   | min | max |   Type  |
    +---------+---------+----------+----------+-----+-----+---------+
    |        0|        0|      0 ns|      0 ns|    1|    1|      yes|
    +---------+---------+----------+----------+-----+-----+---------+

    + Detail: 
        * Instance: 
        N/A

        * Loop: 
        N/A



================================================================
== Utilization Estimates
================================================================
* Summary: 
+---------------------+---------+------+---------+---------+-----+
|         Name        | BRAM_18K|  DSP |    FF   |   LUT   | URAM|
+---------------------+---------+------+---------+---------+-----+
|DSP                  |        -|     -|        -|        -|    -|
|Expression           |        -|     -|        0|      848|    -|
|FIFO                 |        -|     -|        -|        -|    -|
|Instance             |        -|     0|        0|     9840|    -|
|Memory               |        -|     -|        -|        -|    -|
|Multiplexer          |        -|     -|        -|        -|    -|
|Register             |        -|     -|        -|        -|    -|
+---------------------+---------+------+---------+---------+-----+
|Total                |        0|     0|        0|    10688|    0|
+---------------------+---------+------+---------+---------+-----+
|Available SLR        |     1440|  2280|   788160|   394080|  320|
+---------------------+---------+------+---------+---------+-----+
|Utilization SLR (%)  |        0|     0|        0|        2|    0|
+---------------------+---------+------+---------+---------+-----+
|Available            |     4320|  6840|  2364480|  1182240|  960|
+---------------------+---------+------+---------+---------+-----+
|Utilization (%)      |        0|     0|        0|       ~0|    0|
+---------------------+---------+------+---------+---------+-----+

+ Detail: 
    * Instance: 
    +--------------------------+---------------------+---------+----+---+-----+-----+
    |         Instance         |        Module       | BRAM_18K| DSP| FF| LUT | URAM|
    +--------------------------+---------------------+---------+----+---+-----+-----+
    |mul_15ns_2s_17_1_1_U573   |mul_15ns_2s_17_1_1   |        0|   0|  0|  246|    0|
    |mul_15ns_2s_17_1_1_U576   |mul_15ns_2s_17_1_1   |        0|   0|  0|  246|    0|
    |mul_15ns_3ns_17_1_1_U557  |mul_15ns_3ns_17_1_1  |        0|   0|  0|  246|    0|
    |mul_15ns_3ns_17_1_1_U562  |mul_15ns_3ns_17_1_1  |        0|   0|  0|  246|    0|
    |mul_15ns_3ns_17_1_1_U575  |mul_15ns_3ns_17_1_1  |        0|   0|  0|  246|    0|
    |mul_15ns_3s_18_1_1_U572   |mul_15ns_3s_18_1_1   |        0|   0|  0|  246|    0|
    |mul_15ns_3s_18_1_1_U579   |mul_15ns_3s_18_1_1   |        0|   0|  0|  246|    0|
    |mul_15ns_4ns_18_1_1_U551  |mul_15ns_4ns_18_1_1  |        0|   0|  0|  246|    0|
    |mul_15ns_4ns_18_1_1_U553  |mul_15ns_4ns_18_1_1  |        0|   0|  0|  246|    0|
    |mul_15ns_4ns_18_1_1_U556  |mul_15ns_4ns_18_1_1  |        0|   0|  0|  246|    0|
    |mul_15ns_4ns_18_1_1_U559  |mul_15ns_4ns_18_1_1  |        0|   0|  0|  246|    0|
    |mul_15ns_4ns_18_1_1_U567  |mul_15ns_4ns_18_1_1  |        0|   0|  0|  246|    0|
    |mul_15ns_4ns_18_1_1_U568  |mul_15ns_4ns_18_1_1  |        0|   0|  0|  246|    0|
    |mul_15ns_4ns_18_1_1_U583  |mul_15ns_4ns_18_1_1  |        0|   0|  0|  246|    0|
    |mul_15ns_4s_19_1_1_U552   |mul_15ns_4s_19_1_1   |        0|   0|  0|  246|    0|
    |mul_15ns_4s_19_1_1_U585   |mul_15ns_4s_19_1_1   |        0|   0|  0|  246|    0|
    |mul_15ns_5ns_19_1_1_U558  |mul_15ns_5ns_19_1_1  |        0|   0|  0|  246|    0|
    |mul_15ns_5ns_19_1_1_U570  |mul_15ns_5ns_19_1_1  |        0|   0|  0|  246|    0|
    |mul_15ns_5ns_19_1_1_U571  |mul_15ns_5ns_19_1_1  |        0|   0|  0|  246|    0|
    |mul_15ns_5ns_19_1_1_U581  |mul_15ns_5ns_19_1_1  |        0|   0|  0|  246|    0|
    |mul_15ns_5ns_19_1_1_U584  |mul_15ns_5ns_19_1_1  |        0|   0|  0|  246|    0|
    |mul_15ns_5s_20_1_1_U547   |mul_15ns_5s_20_1_1   |        0|   0|  0|  246|    0|
    |mul_15ns_5s_20_1_1_U548   |mul_15ns_5s_20_1_1   |        0|   0|  0|  246|    0|
    |mul_15ns_5s_20_1_1_U549   |mul_15ns_5s_20_1_1   |        0|   0|  0|  246|    0|
    |mul_15ns_5s_20_1_1_U554   |mul_15ns_5s_20_1_1   |        0|   0|  0|  246|    0|
    |mul_15ns_5s_20_1_1_U564   |mul_15ns_5s_20_1_1   |        0|   0|  0|  246|    0|
    |mul_15ns_5s_20_1_1_U574   |mul_15ns_5s_20_1_1   |        0|   0|  0|  246|    0|
    |mul_15ns_5s_20_1_1_U577   |mul_15ns_5s_20_1_1   |        0|   0|  0|  246|    0|
    |mul_15ns_5s_20_1_1_U580   |mul_15ns_5s_20_1_1   |        0|   0|  0|  246|    0|
    |mul_15ns_5s_20_1_1_U582   |mul_15ns_5s_20_1_1   |        0|   0|  0|  246|    0|
    |mul_15ns_5s_20_1_1_U586   |mul_15ns_5s_20_1_1   |        0|   0|  0|  246|    0|
    |mul_15ns_6ns_20_1_1_U561  |mul_15ns_6ns_20_1_1  |        0|   0|  0|  246|    0|
    |mul_15ns_6ns_20_1_1_U565  |mul_15ns_6ns_20_1_1  |        0|   0|  0|  246|    0|
    |mul_15ns_6ns_20_1_1_U569  |mul_15ns_6ns_20_1_1  |        0|   0|  0|  246|    0|
    |mul_15ns_6ns_20_1_1_U578  |mul_15ns_6ns_20_1_1  |        0|   0|  0|  246|    0|
    |mul_15ns_6s_21_1_1_U550   |mul_15ns_6s_21_1_1   |        0|   0|  0|  246|    0|
    |mul_15ns_6s_21_1_1_U555   |mul_15ns_6s_21_1_1   |        0|   0|  0|  246|    0|
    |mul_15ns_6s_21_1_1_U560   |mul_15ns_6s_21_1_1   |        0|   0|  0|  246|    0|
    |mul_15ns_6s_21_1_1_U563   |mul_15ns_6s_21_1_1   |        0|   0|  0|  246|    0|
    |mul_15ns_6s_21_1_1_U566   |mul_15ns_6s_21_1_1   |        0|   0|  0|  246|    0|
    +--------------------------+---------------------+---------+----+---+-----+-----+
    |Total                     |                     |        0|   0|  0| 9840|    0|
    +--------------------------+---------------------+---------+----+---+-----+-----+

    * DSP: 
    N/A

    * Memory: 
    N/A

    * FIFO: 
    N/A

    * Expression: 
    +--------------------------+----------+----+---+----+------------+------------+
    |       Variable Name      | Operation| DSP| FF| LUT| Bitwidth P0| Bitwidth P1|
    +--------------------------+----------+----+---+----+------------+------------+
    |add_ln111_37_fu_1484_p2   |         +|   0|  0|  17|          12|          12|
    |add_ln111_38_fu_1638_p2   |         +|   0|  0|  17|          12|          12|
    |add_ln111_39_fu_1768_p2   |         +|   0|  0|  17|          12|          12|
    |add_ln111_445_fu_1364_p2  |         +|   0|  0|  17|          10|          10|
    |add_ln111_446_fu_1374_p2  |         +|   0|  0|  18|          11|          11|
    |add_ln111_447_fu_1384_p2  |         +|   0|  0|  18|          11|          11|
    |add_ln111_448_fu_1394_p2  |         +|   0|  0|  16|           9|           9|
    |add_ln111_449_fu_1404_p2  |         +|   0|  0|  19|          12|          12|
    |add_ln111_450_fu_1410_p2  |         +|   0|  0|  17|          12|          12|
    |add_ln111_451_fu_1416_p2  |         +|   0|  0|  18|          10|          10|
    |add_ln111_452_fu_1422_p2  |         +|   0|  0|  15|           8|           8|
    |add_ln111_453_fu_1432_p2  |         +|   0|  0|  18|          10|          10|
    |add_ln111_454_fu_1442_p2  |         +|   0|  0|  17|          11|          11|
    |add_ln111_455_fu_1448_p2  |         +|   0|  0|  16|           9|           6|
    |add_ln111_456_fu_1458_p2  |         +|   0|  0|  17|          10|          10|
    |add_ln111_457_fu_1468_p2  |         +|   0|  0|  17|          11|          11|
    |add_ln111_458_fu_1478_p2  |         +|   0|  0|  19|          12|          12|
    |add_ln111_459_fu_1504_p2  |         +|   0|  0|  17|          10|          10|
    |add_ln111_460_fu_1514_p2  |         +|   0|  0|  17|          11|          11|
    |add_ln111_461_fu_1520_p2  |         +|   0|  0|  17|          11|          11|
    |add_ln111_462_fu_1530_p2  |         +|   0|  0|  13|           6|           6|
    |add_ln111_463_fu_1540_p2  |         +|   0|  0|  17|          10|          10|
    |add_ln111_464_fu_1550_p2  |         +|   0|  0|  18|          11|          11|
    |add_ln111_465_fu_1560_p2  |         +|   0|  0|  17|          12|          12|
    |add_ln111_466_fu_1566_p2  |         +|   0|  0|  15|           8|           8|
    |add_ln111_467_fu_1576_p2  |         +|   0|  0|  16|           9|           9|
    |add_ln111_468_fu_1586_p2  |         +|   0|  0|  17|          10|          10|
    |add_ln111_469_fu_1596_p2  |         +|   0|  0|  17|          10|          10|
    |add_ln111_470_fu_1606_p2  |         +|   0|  0|  17|          10|           7|
    |add_ln111_471_fu_1616_p2  |         +|   0|  0|  17|          11|          11|
    |add_ln111_472_fu_1622_p2  |         +|   0|  0|  17|          11|          11|
    |add_ln111_473_fu_1632_p2  |         +|   0|  0|  19|          12|          12|
    |add_ln111_474_fu_1644_p2  |         +|   0|  0|  17|          10|          10|
    |add_ln111_475_fu_1654_p2  |         +|   0|  0|  17|          10|          10|
    |add_ln111_476_fu_1664_p2  |         +|   0|  0|  18|          11|          11|
    |add_ln111_477_fu_1674_p2  |         +|   0|  0|  17|          10|          10|
    |add_ln111_478_fu_1684_p2  |         +|   0|  0|  18|          11|          11|
    |add_ln111_479_fu_1694_p2  |         +|   0|  0|  19|          12|          12|
    |add_ln111_480_fu_1700_p2  |         +|   0|  0|  17|          12|          12|
    |add_ln111_481_fu_1706_p2  |         +|   0|  0|  18|          10|          10|
    |add_ln111_482_fu_1712_p2  |         +|   0|  0|  14|           7|           7|
    |add_ln111_483_fu_1722_p2  |         +|   0|  0|  18|          10|          10|
    |add_ln111_484_fu_1732_p2  |         +|   0|  0|  17|          10|          10|
    |add_ln111_485_fu_1742_p2  |         +|   0|  0|  17|          10|           8|
    |add_ln111_486_fu_1752_p2  |         +|   0|  0|  17|          11|          11|
    |add_ln111_487_fu_1758_p2  |         +|   0|  0|  17|          11|          11|
    |add_ln111_fu_1354_p2      |         +|   0|  0|  17|          10|          10|
    |sub_ln73_25_fu_578_p2     |         -|   0|  0|  23|           1|          16|
    |sub_ln73_fu_340_p2        |         -|   0|  0|  23|           1|          16|
    +--------------------------+----------+----+---+----+------------+------------+
    |Total                     |          |   0|  0| 848|         491|         513|
    +--------------------------+----------+----+---+----+------------+------------+

    * Multiplexer: 
    N/A

    * Register: 
    N/A



================================================================
== Interface
================================================================
* Summary: 
+-------------+-----+-----+------------+-----------------------------------------------------------------------------+--------------+
|  RTL Ports  | Dir | Bits|  Protocol  |                                Source Object                                |    C Type    |
+-------------+-----+-----+------------+-----------------------------------------------------------------------------+--------------+
|ap_ready     |  out|    1|  ap_ctrl_hs|  dense_latency<ap_ufixed<15, 0, 4, 0, 0>, ap_fixed<12, 4, 5, 3, 0>, config8>|  return value|
|ap_return_0  |  out|   12|  ap_ctrl_hs|  dense_latency<ap_ufixed<15, 0, 4, 0, 0>, ap_fixed<12, 4, 5, 3, 0>, config8>|  return value|
|ap_return_1  |  out|   12|  ap_ctrl_hs|  dense_latency<ap_ufixed<15, 0, 4, 0, 0>, ap_fixed<12, 4, 5, 3, 0>, config8>|  return value|
|ap_return_2  |  out|   12|  ap_ctrl_hs|  dense_latency<ap_ufixed<15, 0, 4, 0, 0>, ap_fixed<12, 4, 5, 3, 0>, config8>|  return value|
|ap_rst       |   in|    1|  ap_ctrl_hs|  dense_latency<ap_ufixed<15, 0, 4, 0, 0>, ap_fixed<12, 4, 5, 3, 0>, config8>|  return value|
|data_0_val   |   in|   15|     ap_none|                                                                   data_0_val|        scalar|
|data_1_val   |   in|   15|     ap_none|                                                                   data_1_val|        scalar|
|data_2_val   |   in|   15|     ap_none|                                                                   data_2_val|        scalar|
|data_3_val   |   in|   15|     ap_none|                                                                   data_3_val|        scalar|
|data_4_val   |   in|   15|     ap_none|                                                                   data_4_val|        scalar|
|data_5_val   |   in|   15|     ap_none|                                                                   data_5_val|        scalar|
|data_6_val   |   in|   15|     ap_none|                                                                   data_6_val|        scalar|
|data_7_val   |   in|   15|     ap_none|                                                                   data_7_val|        scalar|
|data_8_val   |   in|   15|     ap_none|                                                                   data_8_val|        scalar|
|data_9_val   |   in|   15|     ap_none|                                                                   data_9_val|        scalar|
|data_10_val  |   in|   15|     ap_none|                                                                  data_10_val|        scalar|
|data_11_val  |   in|   15|     ap_none|                                                                  data_11_val|        scalar|
|data_12_val  |   in|   15|     ap_none|                                                                  data_12_val|        scalar|
|data_13_val  |   in|   15|     ap_none|                                                                  data_13_val|        scalar|
|data_14_val  |   in|   15|     ap_none|                                                                  data_14_val|        scalar|
|data_15_val  |   in|   15|     ap_none|                                                                  data_15_val|        scalar|
+-------------+-----+-----+------------+-----------------------------------------------------------------------------+--------------+

