

================================================================
== Vitis HLS Report for 'linear_ap_fixed_14_6_5_3_0_ap_fixed_19_11_5_3_0_linear_config6_s'
================================================================
* Date:           Sat Jan 25 15:10:46 2025

* Version:        2024.1 (Build 5069499 on May 21 2024)
* Project:        Topo2A_AD_proj
* Solution:       hls (Vivado IP Flow Target)
* Product family: virtexuplus
* Target device:  xcvu9p-flga2104-2-e


================================================================
== Performance Estimates
================================================================
+ Timing: 
    * Summary: 
    +--------+----------+----------+------------+
    |  Clock |  Target  | Estimated| Uncertainty|
    +--------+----------+----------+------------+
    |ap_clk  |  25.00 ns|      0 ns|     6.75 ns|
    +--------+----------+----------+------------+

+ Latency: 
    * Summary: 
    +---------+---------+----------+----------+-----+-----+---------+
    |  Latency (cycles) |  Latency (absolute) |  Interval | Pipeline|
    |   min   |   max   |    min   |    max   | min | max |   Type  |
    +---------+---------+----------+----------+-----+-----+---------+
    |        0|        0|      0 ns|      0 ns|    1|    1|      yes|
    +---------+---------+----------+----------+-----+-----+---------+

    + Detail: 
        * Instance: 
        N/A

        * Loop: 
        N/A



================================================================
== Utilization Estimates
================================================================
* Summary: 
+---------------------+---------+------+---------+---------+-----+
|         Name        | BRAM_18K|  DSP |    FF   |   LUT   | URAM|
+---------------------+---------+------+---------+---------+-----+
|DSP                  |        -|     -|        -|        -|    -|
|Expression           |        -|     -|        -|        -|    -|
|FIFO                 |        -|     -|        -|        -|    -|
|Instance             |        -|     -|        -|        -|    -|
|Memory               |        -|     -|        -|        -|    -|
|Multiplexer          |        -|     -|        -|        -|    -|
|Register             |        -|     -|        -|        -|    -|
+---------------------+---------+------+---------+---------+-----+
|Total                |        0|     0|        0|        0|    0|
+---------------------+---------+------+---------+---------+-----+
|Available SLR        |     1440|  2280|   788160|   394080|  320|
+---------------------+---------+------+---------+---------+-----+
|Utilization SLR (%)  |        0|     0|        0|        0|    0|
+---------------------+---------+------+---------+---------+-----+
|Available            |     4320|  6840|  2364480|  1182240|  960|
+---------------------+---------+------+---------+---------+-----+
|Utilization (%)      |        0|     0|        0|        0|    0|
+---------------------+---------+------+---------+---------+-----+

+ Detail: 
    * Instance: 
    N/A

    * DSP: 
    N/A

    * Memory: 
    N/A

    * FIFO: 
    N/A

    * Expression: 
    N/A

    * Multiplexer: 
    N/A

    * Register: 
    N/A



================================================================
== Interface
================================================================
* Summary: 
+--------------+-----+-----+------------+-----------------------------------------------------------------------------+--------------+
|   RTL Ports  | Dir | Bits|  Protocol  |                                Source Object                                |    C Type    |
+--------------+-----+-----+------------+-----------------------------------------------------------------------------+--------------+
|ap_ready      |  out|    1|  ap_ctrl_hs|  linear<ap_fixed<14, 6, 5, 3, 0>, ap_fixed<19, 11, 5, 3, 0>, linear_config6>|  return value|
|ap_return_0   |  out|   19|  ap_ctrl_hs|  linear<ap_fixed<14, 6, 5, 3, 0>, ap_fixed<19, 11, 5, 3, 0>, linear_config6>|  return value|
|ap_return_1   |  out|   19|  ap_ctrl_hs|  linear<ap_fixed<14, 6, 5, 3, 0>, ap_fixed<19, 11, 5, 3, 0>, linear_config6>|  return value|
|ap_return_2   |  out|   19|  ap_ctrl_hs|  linear<ap_fixed<14, 6, 5, 3, 0>, ap_fixed<19, 11, 5, 3, 0>, linear_config6>|  return value|
|ap_return_3   |  out|   19|  ap_ctrl_hs|  linear<ap_fixed<14, 6, 5, 3, 0>, ap_fixed<19, 11, 5, 3, 0>, linear_config6>|  return value|
|ap_return_4   |  out|   19|  ap_ctrl_hs|  linear<ap_fixed<14, 6, 5, 3, 0>, ap_fixed<19, 11, 5, 3, 0>, linear_config6>|  return value|
|ap_return_5   |  out|   19|  ap_ctrl_hs|  linear<ap_fixed<14, 6, 5, 3, 0>, ap_fixed<19, 11, 5, 3, 0>, linear_config6>|  return value|
|ap_return_6   |  out|   19|  ap_ctrl_hs|  linear<ap_fixed<14, 6, 5, 3, 0>, ap_fixed<19, 11, 5, 3, 0>, linear_config6>|  return value|
|ap_return_7   |  out|   19|  ap_ctrl_hs|  linear<ap_fixed<14, 6, 5, 3, 0>, ap_fixed<19, 11, 5, 3, 0>, linear_config6>|  return value|
|ap_return_8   |  out|   19|  ap_ctrl_hs|  linear<ap_fixed<14, 6, 5, 3, 0>, ap_fixed<19, 11, 5, 3, 0>, linear_config6>|  return value|
|ap_return_9   |  out|   19|  ap_ctrl_hs|  linear<ap_fixed<14, 6, 5, 3, 0>, ap_fixed<19, 11, 5, 3, 0>, linear_config6>|  return value|
|ap_return_10  |  out|   19|  ap_ctrl_hs|  linear<ap_fixed<14, 6, 5, 3, 0>, ap_fixed<19, 11, 5, 3, 0>, linear_config6>|  return value|
|ap_return_11  |  out|   19|  ap_ctrl_hs|  linear<ap_fixed<14, 6, 5, 3, 0>, ap_fixed<19, 11, 5, 3, 0>, linear_config6>|  return value|
|ap_return_12  |  out|   19|  ap_ctrl_hs|  linear<ap_fixed<14, 6, 5, 3, 0>, ap_fixed<19, 11, 5, 3, 0>, linear_config6>|  return value|
|ap_return_13  |  out|   19|  ap_ctrl_hs|  linear<ap_fixed<14, 6, 5, 3, 0>, ap_fixed<19, 11, 5, 3, 0>, linear_config6>|  return value|
|ap_return_14  |  out|   19|  ap_ctrl_hs|  linear<ap_fixed<14, 6, 5, 3, 0>, ap_fixed<19, 11, 5, 3, 0>, linear_config6>|  return value|
|ap_return_15  |  out|   19|  ap_ctrl_hs|  linear<ap_fixed<14, 6, 5, 3, 0>, ap_fixed<19, 11, 5, 3, 0>, linear_config6>|  return value|
|ap_rst        |   in|    1|  ap_ctrl_hs|  linear<ap_fixed<14, 6, 5, 3, 0>, ap_fixed<19, 11, 5, 3, 0>, linear_config6>|  return value|
|data_0_val    |   in|   14|     ap_none|                                                                   data_0_val|        scalar|
|data_1_val    |   in|   14|     ap_none|                                                                   data_1_val|        scalar|
|data_2_val    |   in|   14|     ap_none|                                                                   data_2_val|        scalar|
|data_3_val    |   in|   14|     ap_none|                                                                   data_3_val|        scalar|
|data_4_val    |   in|   14|     ap_none|                                                                   data_4_val|        scalar|
|data_5_val    |   in|   14|     ap_none|                                                                   data_5_val|        scalar|
|data_6_val    |   in|   14|     ap_none|                                                                   data_6_val|        scalar|
|data_7_val    |   in|   14|     ap_none|                                                                   data_7_val|        scalar|
|data_8_val    |   in|   14|     ap_none|                                                                   data_8_val|        scalar|
|data_9_val    |   in|   14|     ap_none|                                                                   data_9_val|        scalar|
|data_10_val   |   in|   14|     ap_none|                                                                  data_10_val|        scalar|
|data_11_val   |   in|   14|     ap_none|                                                                  data_11_val|        scalar|
|data_12_val   |   in|   14|     ap_none|                                                                  data_12_val|        scalar|
|data_13_val   |   in|   14|     ap_none|                                                                  data_13_val|        scalar|
|data_14_val   |   in|   14|     ap_none|                                                                  data_14_val|        scalar|
|data_15_val   |   in|   14|     ap_none|                                                                  data_15_val|        scalar|
+--------------+-----+-----+------------+-----------------------------------------------------------------------------+--------------+

