

================================================================
== Vitis HLS Report for 'dense_latency_ap_ufixed_15_0_4_0_0_ap_fixed_23_3_5_3_0_config10_s'
================================================================
* Date:           Wed Oct 16 20:17:12 2024

* Version:        2024.1 (Build 5069499 on May 21 2024)
* Project:        Topo2A_AD_proj_prj
* Solution:       solution1 (Vivado IP Flow Target)
* Product family: virtexuplus
* Target device:  xcvu9p-flga2104-2-e


================================================================
== Performance Estimates
================================================================
+ Timing: 
    * Summary: 
    +--------+----------+----------+------------+
    |  Clock |  Target  | Estimated| Uncertainty|
    +--------+----------+----------+------------+
    |ap_clk  |  25.00 ns|  4.865 ns|     6.75 ns|
    +--------+----------+----------+------------+

+ Latency: 
    * Summary: 
    +---------+---------+----------+----------+-----+-----+---------+
    |  Latency (cycles) |  Latency (absolute) |  Interval | Pipeline|
    |   min   |   max   |    min   |    max   | min | max |   Type  |
    +---------+---------+----------+----------+-----+-----+---------+
    |        0|        0|      0 ns|      0 ns|    1|    1|      yes|
    +---------+---------+----------+----------+-----+-----+---------+

    + Detail: 
        * Instance: 
        N/A

        * Loop: 
        N/A

============================================================
+ Verbose Summary: Synthesis Manager
============================================================
InlineROM: 1
ExposeGlobal: 0
============================================================
+ Verbose Summary: CDFG Model
============================================================
IsTopModel: 0
ResetActiveHigh: 1
IsCombinational: 0
IsDatapathOnly: 0
HasWiredReturn: 1
HasMFsm: 2
HasVarLatency: 0
IsPipeline: 1
IsRtlPipelined: 0
IsInstanceOverlapped: 0
IsDontTouch: 0
HasImplIP: 0
IsGatedGlobalClock: 0

+ Individual pipeline summary: 
  * Pipeline-0: initiation interval (II) = 1, depth = 1


============================================================
+ Verbose Summary: Schedule
============================================================
* Number of FSM states : 1
* Pipeline : 1
  Pipeline-0 : II = 1, D = 1, States = { 1 }
* Dataflow Pipeline: 0

* FSM state transitions: 
1 --> 

* FSM state operations: 

State 1 <SV = 0> <Delay = 4.86>
ST_1 : Operation 2 [1/1] (0.00ns)   --->   "%specpipeline_ln33 = specpipeline void @_ssdm_op_SpecPipeline, i32 1, i32 0, i32 0, i32 0, void @empty_0" [firmware/nnet_utils/nnet_dense_latency.h:33]   --->   Operation 2 'specpipeline' 'specpipeline_ln33' <Predicate = true> <Delay = 0.00>
ST_1 : Operation 3 [1/1] (0.00ns)   --->   "%specresourcelimit_ln33 = specresourcelimit void @_ssdm_op_SpecResourceLimit, i64 44, void @empty_1, void @empty_0, void @empty_0, void @empty_0" [firmware/nnet_utils/nnet_dense_latency.h:33]   --->   Operation 3 'specresourcelimit' 'specresourcelimit_ln33' <Predicate = true> <Delay = 0.00>
ST_1 : Operation 4 [1/1] (0.00ns)   --->   "%data_15_val_read = read i15 @_ssdm_op_Read.ap_auto.i15, i15 %data_15_val" [firmware/nnet_utils/nnet_mult.h:70->firmware/nnet_utils/nnet_dense_latency.h:42]   --->   Operation 4 'read' 'data_15_val_read' <Predicate = true> <Delay = 0.00>
ST_1 : Operation 5 [1/1] (0.00ns)   --->   "%data_14_val_read = read i15 @_ssdm_op_Read.ap_auto.i15, i15 %data_14_val" [firmware/nnet_utils/nnet_mult.h:70->firmware/nnet_utils/nnet_dense_latency.h:42]   --->   Operation 5 'read' 'data_14_val_read' <Predicate = true> <Delay = 0.00>
ST_1 : Operation 6 [1/1] (0.00ns)   --->   "%data_13_val_read = read i15 @_ssdm_op_Read.ap_auto.i15, i15 %data_13_val" [firmware/nnet_utils/nnet_mult.h:70->firmware/nnet_utils/nnet_dense_latency.h:42]   --->   Operation 6 'read' 'data_13_val_read' <Predicate = true> <Delay = 0.00>
ST_1 : Operation 7 [1/1] (0.00ns)   --->   "%data_12_val_read = read i15 @_ssdm_op_Read.ap_auto.i15, i15 %data_12_val" [firmware/nnet_utils/nnet_mult.h:70->firmware/nnet_utils/nnet_dense_latency.h:42]   --->   Operation 7 'read' 'data_12_val_read' <Predicate = true> <Delay = 0.00>
ST_1 : Operation 8 [1/1] (0.00ns)   --->   "%data_11_val_read = read i15 @_ssdm_op_Read.ap_auto.i15, i15 %data_11_val" [firmware/nnet_utils/nnet_mult.h:70->firmware/nnet_utils/nnet_dense_latency.h:42]   --->   Operation 8 'read' 'data_11_val_read' <Predicate = true> <Delay = 0.00>
ST_1 : Operation 9 [1/1] (0.00ns)   --->   "%data_10_val_read = read i15 @_ssdm_op_Read.ap_auto.i15, i15 %data_10_val" [firmware/nnet_utils/nnet_mult.h:70->firmware/nnet_utils/nnet_dense_latency.h:42]   --->   Operation 9 'read' 'data_10_val_read' <Predicate = true> <Delay = 0.00>
ST_1 : Operation 10 [1/1] (0.00ns)   --->   "%data_9_val_read = read i15 @_ssdm_op_Read.ap_auto.i15, i15 %data_9_val" [firmware/nnet_utils/nnet_mult.h:70->firmware/nnet_utils/nnet_dense_latency.h:42]   --->   Operation 10 'read' 'data_9_val_read' <Predicate = true> <Delay = 0.00>
ST_1 : Operation 11 [1/1] (0.00ns)   --->   "%data_8_val_read = read i15 @_ssdm_op_Read.ap_auto.i15, i15 %data_8_val" [firmware/nnet_utils/nnet_mult.h:70->firmware/nnet_utils/nnet_dense_latency.h:42]   --->   Operation 11 'read' 'data_8_val_read' <Predicate = true> <Delay = 0.00>
ST_1 : Operation 12 [1/1] (0.00ns)   --->   "%data_7_val_read = read i15 @_ssdm_op_Read.ap_auto.i15, i15 %data_7_val" [firmware/nnet_utils/nnet_mult.h:70->firmware/nnet_utils/nnet_dense_latency.h:42]   --->   Operation 12 'read' 'data_7_val_read' <Predicate = true> <Delay = 0.00>
ST_1 : Operation 13 [1/1] (0.00ns)   --->   "%data_6_val_read = read i15 @_ssdm_op_Read.ap_auto.i15, i15 %data_6_val" [firmware/nnet_utils/nnet_mult.h:70->firmware/nnet_utils/nnet_dense_latency.h:42]   --->   Operation 13 'read' 'data_6_val_read' <Predicate = true> <Delay = 0.00>
ST_1 : Operation 14 [1/1] (0.00ns)   --->   "%data_5_val_read = read i15 @_ssdm_op_Read.ap_auto.i15, i15 %data_5_val" [firmware/nnet_utils/nnet_mult.h:70->firmware/nnet_utils/nnet_dense_latency.h:42]   --->   Operation 14 'read' 'data_5_val_read' <Predicate = true> <Delay = 0.00>
ST_1 : Operation 15 [1/1] (0.00ns)   --->   "%data_4_val_read = read i15 @_ssdm_op_Read.ap_auto.i15, i15 %data_4_val" [firmware/nnet_utils/nnet_mult.h:70->firmware/nnet_utils/nnet_dense_latency.h:42]   --->   Operation 15 'read' 'data_4_val_read' <Predicate = true> <Delay = 0.00>
ST_1 : Operation 16 [1/1] (0.00ns)   --->   "%data_3_val_read = read i15 @_ssdm_op_Read.ap_auto.i15, i15 %data_3_val" [firmware/nnet_utils/nnet_mult.h:70->firmware/nnet_utils/nnet_dense_latency.h:42]   --->   Operation 16 'read' 'data_3_val_read' <Predicate = true> <Delay = 0.00>
ST_1 : Operation 17 [1/1] (0.00ns)   --->   "%data_2_val_read = read i15 @_ssdm_op_Read.ap_auto.i15, i15 %data_2_val" [firmware/nnet_utils/nnet_mult.h:70->firmware/nnet_utils/nnet_dense_latency.h:42]   --->   Operation 17 'read' 'data_2_val_read' <Predicate = true> <Delay = 0.00>
ST_1 : Operation 18 [1/1] (0.00ns)   --->   "%data_1_val_read = read i15 @_ssdm_op_Read.ap_auto.i15, i15 %data_1_val" [firmware/nnet_utils/nnet_mult.h:70->firmware/nnet_utils/nnet_dense_latency.h:42]   --->   Operation 18 'read' 'data_1_val_read' <Predicate = true> <Delay = 0.00>
ST_1 : Operation 19 [1/1] (0.00ns)   --->   "%data_0_val_read = read i15 @_ssdm_op_Read.ap_auto.i15, i15 %data_0_val" [firmware/nnet_utils/nnet_mult.h:70->firmware/nnet_utils/nnet_dense_latency.h:42]   --->   Operation 19 'read' 'data_0_val_read' <Predicate = true> <Delay = 0.00>
ST_1 : Operation 20 [1/1] (0.00ns)   --->   "%p_shl = bitconcatenate i19 @_ssdm_op_BitConcatenate.i19.i15.i4, i15 %data_0_val_read, i4 0" [firmware/nnet_utils/nnet_mult.h:73->firmware/nnet_utils/nnet_dense_latency.h:42]   --->   Operation 20 'bitconcatenate' 'p_shl' <Predicate = true> <Delay = 0.00>
ST_1 : Operation 21 [1/1] (0.00ns)   --->   "%tmp_284 = bitconcatenate i16 @_ssdm_op_BitConcatenate.i16.i15.i1, i15 %data_0_val_read, i1 0" [firmware/nnet_utils/nnet_mult.h:73->firmware/nnet_utils/nnet_dense_latency.h:42]   --->   Operation 21 'bitconcatenate' 'tmp_284' <Predicate = true> <Delay = 0.00>
ST_1 : Operation 22 [1/1] (0.00ns)   --->   "%zext_ln73 = zext i16 %tmp_284" [firmware/nnet_utils/nnet_mult.h:73->firmware/nnet_utils/nnet_dense_latency.h:42]   --->   Operation 22 'zext' 'zext_ln73' <Predicate = true> <Delay = 0.00>
ST_1 : Operation 23 [1/1] (0.80ns)   --->   "%sub_ln73_2 = sub i19 %p_shl, i19 %zext_ln73" [firmware/nnet_utils/nnet_mult.h:73->firmware/nnet_utils/nnet_dense_latency.h:42]   --->   Operation 23 'sub' 'sub_ln73_2' <Predicate = true> <Delay = 0.80> <CoreInst = "Adder">   --->   Core 1 'Adder' <Latency = 0> <II = 1> <Delay = 0.80> <FuncUnit> <Opcode : 'add' 'sub'> <InPorts = 2> <OutPorts = 1>
ST_1 : Operation 24 [1/1] (0.00ns)   --->   "%zext_ln73_1 = zext i15 %data_1_val_read" [firmware/nnet_utils/nnet_mult.h:73->firmware/nnet_utils/nnet_dense_latency.h:42]   --->   Operation 24 'zext' 'zext_ln73_1' <Predicate = true> <Delay = 0.00>
ST_1 : Operation 25 [1/1] (0.00ns)   --->   "%zext_ln73_2 = zext i15 %data_1_val_read" [firmware/nnet_utils/nnet_mult.h:73->firmware/nnet_utils/nnet_dense_latency.h:42]   --->   Operation 25 'zext' 'zext_ln73_2' <Predicate = true> <Delay = 0.00>
ST_1 : Operation 26 [1/1] (0.00ns)   --->   "%tmp_285 = bitconcatenate i18 @_ssdm_op_BitConcatenate.i18.i15.i3, i15 %data_1_val_read, i3 0" [firmware/nnet_utils/nnet_mult.h:73->firmware/nnet_utils/nnet_dense_latency.h:42]   --->   Operation 26 'bitconcatenate' 'tmp_285' <Predicate = true> <Delay = 0.00>
ST_1 : Operation 27 [1/1] (0.00ns)   --->   "%zext_ln73_3 = zext i18 %tmp_285" [firmware/nnet_utils/nnet_mult.h:73->firmware/nnet_utils/nnet_dense_latency.h:42]   --->   Operation 27 'zext' 'zext_ln73_3' <Predicate = true> <Delay = 0.00>
ST_1 : Operation 28 [1/1] (0.00ns) (grouped into TernaryAdder)   --->   "%sub_ln73_3 = sub i20 0, i20 %zext_ln73_3" [firmware/nnet_utils/nnet_mult.h:73->firmware/nnet_utils/nnet_dense_latency.h:42]   --->   Operation 28 'sub' 'sub_ln73_3' <Predicate = true> <Delay = 0.00> <CoreInst = "TAddSub">   --->   Core 10 'TAddSub' <Latency = 0> <II = 1> <Delay = 0.36> <IPBlock> <Opcode : '' 'add' 'sub'> <InPorts = 3> <OutPorts = 1> <Sync> <CReg>
ST_1 : Operation 29 [1/1] (0.68ns) (root node of TernaryAdder)   --->   "%sub_ln73_4 = sub i20 %sub_ln73_3, i20 %zext_ln73_2" [firmware/nnet_utils/nnet_mult.h:73->firmware/nnet_utils/nnet_dense_latency.h:42]   --->   Operation 29 'sub' 'sub_ln73_4' <Predicate = true> <Delay = 0.68> <CoreInst = "TAddSub">   --->   Core 10 'TAddSub' <Latency = 0> <II = 1> <Delay = 0.36> <IPBlock> <Opcode : '' 'add' 'sub'> <InPorts = 3> <OutPorts = 1> <Sync> <CReg>
ST_1 : Operation 30 [1/1] (0.00ns)   --->   "%trunc_ln = partselect i11 @_ssdm_op_PartSelect.i11.i20.i32.i32, i20 %sub_ln73_4, i32 9, i32 19" [firmware/nnet_utils/nnet_dense_latency.h:42]   --->   Operation 30 'partselect' 'trunc_ln' <Predicate = true> <Delay = 0.00>
ST_1 : Operation 31 [1/1] (0.00ns)   --->   "%sext_ln73 = sext i11 %trunc_ln" [firmware/nnet_utils/nnet_mult.h:73->firmware/nnet_utils/nnet_dense_latency.h:42]   --->   Operation 31 'sext' 'sext_ln73' <Predicate = true> <Delay = 0.00>
ST_1 : Operation 32 [1/1] (1.92ns)   --->   "%mul_ln73 = mul i19 %zext_ln73_1, i19 11" [firmware/nnet_utils/nnet_mult.h:73->firmware/nnet_utils/nnet_dense_latency.h:42]   --->   Operation 32 'mul' 'mul_ln73' <Predicate = true> <Delay = 1.92> <CoreInst = "Multiplier">   --->   Core 3 'Multiplier' <Latency = 0> <II = 1> <Delay = 1.92> <FuncUnit> <Opcode : 'mul'> <InPorts = 2> <OutPorts = 1>
ST_1 : Operation 33 [1/1] (0.00ns)   --->   "%zext_ln73_4 = zext i15 %data_2_val_read" [firmware/nnet_utils/nnet_mult.h:73->firmware/nnet_utils/nnet_dense_latency.h:42]   --->   Operation 33 'zext' 'zext_ln73_4' <Predicate = true> <Delay = 0.00>
ST_1 : Operation 34 [1/1] (0.77ns)   --->   "%sub_ln73 = sub i16 0, i16 %zext_ln73_4" [firmware/nnet_utils/nnet_mult.h:73->firmware/nnet_utils/nnet_dense_latency.h:42]   --->   Operation 34 'sub' 'sub_ln73' <Predicate = true> <Delay = 0.77> <CoreInst = "Adder">   --->   Core 1 'Adder' <Latency = 0> <II = 1> <Delay = 0.77> <FuncUnit> <Opcode : 'add' 'sub'> <InPorts = 2> <OutPorts = 1>
ST_1 : Operation 35 [1/1] (0.00ns)   --->   "%trunc_ln42_s = partselect i7 @_ssdm_op_PartSelect.i7.i16.i32.i32, i16 %sub_ln73, i32 9, i32 15" [firmware/nnet_utils/nnet_dense_latency.h:42]   --->   Operation 35 'partselect' 'trunc_ln42_s' <Predicate = true> <Delay = 0.00>
ST_1 : Operation 36 [1/1] (0.00ns)   --->   "%sext_ln73_1 = sext i7 %trunc_ln42_s" [firmware/nnet_utils/nnet_mult.h:73->firmware/nnet_utils/nnet_dense_latency.h:42]   --->   Operation 36 'sext' 'sext_ln73_1' <Predicate = true> <Delay = 0.00>
ST_1 : Operation 37 [1/1] (0.00ns)   --->   "%p_shl1 = bitconcatenate i19 @_ssdm_op_BitConcatenate.i19.i15.i4, i15 %data_2_val_read, i4 0" [firmware/nnet_utils/nnet_mult.h:73->firmware/nnet_utils/nnet_dense_latency.h:42]   --->   Operation 37 'bitconcatenate' 'p_shl1' <Predicate = true> <Delay = 0.00>
ST_1 : Operation 38 [1/1] (0.00ns)   --->   "%tmp_286 = bitconcatenate i16 @_ssdm_op_BitConcatenate.i16.i15.i1, i15 %data_2_val_read, i1 0" [firmware/nnet_utils/nnet_mult.h:73->firmware/nnet_utils/nnet_dense_latency.h:42]   --->   Operation 38 'bitconcatenate' 'tmp_286' <Predicate = true> <Delay = 0.00>
ST_1 : Operation 39 [1/1] (0.00ns)   --->   "%zext_ln73_5 = zext i16 %tmp_286" [firmware/nnet_utils/nnet_mult.h:73->firmware/nnet_utils/nnet_dense_latency.h:42]   --->   Operation 39 'zext' 'zext_ln73_5' <Predicate = true> <Delay = 0.00>
ST_1 : Operation 40 [1/1] (0.80ns)   --->   "%sub_ln73_5 = sub i19 %p_shl1, i19 %zext_ln73_5" [firmware/nnet_utils/nnet_mult.h:73->firmware/nnet_utils/nnet_dense_latency.h:42]   --->   Operation 40 'sub' 'sub_ln73_5' <Predicate = true> <Delay = 0.80> <CoreInst = "Adder">   --->   Core 1 'Adder' <Latency = 0> <II = 1> <Delay = 0.80> <FuncUnit> <Opcode : 'add' 'sub'> <InPorts = 2> <OutPorts = 1>
ST_1 : Operation 41 [1/1] (0.00ns)   --->   "%tmp_287 = bitconcatenate i17 @_ssdm_op_BitConcatenate.i17.i15.i2, i15 %data_2_val_read, i2 0" [firmware/nnet_utils/nnet_mult.h:73->firmware/nnet_utils/nnet_dense_latency.h:42]   --->   Operation 41 'bitconcatenate' 'tmp_287' <Predicate = true> <Delay = 0.00>
ST_1 : Operation 42 [1/1] (0.00ns)   --->   "%zext_ln73_9 = zext i17 %tmp_287" [firmware/nnet_utils/nnet_mult.h:73->firmware/nnet_utils/nnet_dense_latency.h:42]   --->   Operation 42 'zext' 'zext_ln73_9' <Predicate = true> <Delay = 0.00>
ST_1 : Operation 43 [1/1] (0.79ns)   --->   "%sub_ln73_6 = sub i18 0, i18 %zext_ln73_9" [firmware/nnet_utils/nnet_mult.h:73->firmware/nnet_utils/nnet_dense_latency.h:42]   --->   Operation 43 'sub' 'sub_ln73_6' <Predicate = true> <Delay = 0.79> <CoreInst = "Adder">   --->   Core 1 'Adder' <Latency = 0> <II = 1> <Delay = 0.79> <FuncUnit> <Opcode : 'add' 'sub'> <InPorts = 2> <OutPorts = 1>
ST_1 : Operation 44 [1/1] (0.00ns)   --->   "%trunc_ln42_1 = partselect i9 @_ssdm_op_PartSelect.i9.i18.i32.i32, i18 %sub_ln73_6, i32 9, i32 17" [firmware/nnet_utils/nnet_dense_latency.h:42]   --->   Operation 44 'partselect' 'trunc_ln42_1' <Predicate = true> <Delay = 0.00>
ST_1 : Operation 45 [1/1] (0.00ns)   --->   "%sext_ln70 = sext i9 %trunc_ln42_1" [firmware/nnet_utils/nnet_mult.h:70->firmware/nnet_utils/nnet_dense_latency.h:42]   --->   Operation 45 'sext' 'sext_ln70' <Predicate = true> <Delay = 0.00>
ST_1 : Operation 46 [1/1] (0.00ns)   --->   "%zext_ln73_6 = zext i15 %data_3_val_read" [firmware/nnet_utils/nnet_mult.h:73->firmware/nnet_utils/nnet_dense_latency.h:42]   --->   Operation 46 'zext' 'zext_ln73_6' <Predicate = true> <Delay = 0.00>
ST_1 : Operation 47 [1/1] (0.00ns)   --->   "%tmp_288 = bitconcatenate i18 @_ssdm_op_BitConcatenate.i18.i15.i3, i15 %data_3_val_read, i3 0" [firmware/nnet_utils/nnet_mult.h:73->firmware/nnet_utils/nnet_dense_latency.h:42]   --->   Operation 47 'bitconcatenate' 'tmp_288' <Predicate = true> <Delay = 0.00>
ST_1 : Operation 48 [1/1] (0.00ns)   --->   "%zext_ln73_11 = zext i18 %tmp_288" [firmware/nnet_utils/nnet_mult.h:73->firmware/nnet_utils/nnet_dense_latency.h:42]   --->   Operation 48 'zext' 'zext_ln73_11' <Predicate = true> <Delay = 0.00>
ST_1 : Operation 49 [1/1] (0.79ns)   --->   "%add_ln73 = add i19 %zext_ln73_11, i19 %zext_ln73_6" [firmware/nnet_utils/nnet_mult.h:73->firmware/nnet_utils/nnet_dense_latency.h:42]   --->   Operation 49 'add' 'add_ln73' <Predicate = true> <Delay = 0.79> <CoreInst = "Adder">   --->   Core 1 'Adder' <Latency = 0> <II = 1> <Delay = 0.79> <FuncUnit> <Opcode : 'add' 'sub'> <InPorts = 2> <OutPorts = 1>
ST_1 : Operation 50 [1/1] (0.00ns)   --->   "%zext_ln73_7 = zext i15 %data_4_val_read" [firmware/nnet_utils/nnet_mult.h:73->firmware/nnet_utils/nnet_dense_latency.h:42]   --->   Operation 50 'zext' 'zext_ln73_7' <Predicate = true> <Delay = 0.00>
ST_1 : Operation 51 [1/1] (0.00ns)   --->   "%zext_ln73_8 = zext i15 %data_4_val_read" [firmware/nnet_utils/nnet_mult.h:73->firmware/nnet_utils/nnet_dense_latency.h:42]   --->   Operation 51 'zext' 'zext_ln73_8' <Predicate = true> <Delay = 0.00>
ST_1 : Operation 52 [1/1] (0.00ns)   --->   "%tmp_289 = bitconcatenate i17 @_ssdm_op_BitConcatenate.i17.i15.i2, i15 %data_4_val_read, i2 0" [firmware/nnet_utils/nnet_mult.h:73->firmware/nnet_utils/nnet_dense_latency.h:42]   --->   Operation 52 'bitconcatenate' 'tmp_289' <Predicate = true> <Delay = 0.00>
ST_1 : Operation 53 [1/1] (0.00ns)   --->   "%zext_ln73_12 = zext i17 %tmp_289" [firmware/nnet_utils/nnet_mult.h:73->firmware/nnet_utils/nnet_dense_latency.h:42]   --->   Operation 53 'zext' 'zext_ln73_12' <Predicate = true> <Delay = 0.00>
ST_1 : Operation 54 [1/1] (0.79ns)   --->   "%sub_ln73_7 = sub i18 %zext_ln73_8, i18 %zext_ln73_12" [firmware/nnet_utils/nnet_mult.h:73->firmware/nnet_utils/nnet_dense_latency.h:42]   --->   Operation 54 'sub' 'sub_ln73_7' <Predicate = true> <Delay = 0.79> <CoreInst = "Adder">   --->   Core 1 'Adder' <Latency = 0> <II = 1> <Delay = 0.79> <FuncUnit> <Opcode : 'add' 'sub'> <InPorts = 2> <OutPorts = 1>
ST_1 : Operation 55 [1/1] (0.00ns)   --->   "%trunc_ln42_2 = partselect i9 @_ssdm_op_PartSelect.i9.i18.i32.i32, i18 %sub_ln73_7, i32 9, i32 17" [firmware/nnet_utils/nnet_dense_latency.h:42]   --->   Operation 55 'partselect' 'trunc_ln42_2' <Predicate = true> <Delay = 0.00>
ST_1 : Operation 56 [1/1] (0.00ns)   --->   "%sext_ln73_2 = sext i9 %trunc_ln42_2" [firmware/nnet_utils/nnet_mult.h:73->firmware/nnet_utils/nnet_dense_latency.h:42]   --->   Operation 56 'sext' 'sext_ln73_2' <Predicate = true> <Delay = 0.00>
ST_1 : Operation 57 [1/1] (0.00ns)   --->   "%zext_ln73_13 = zext i17 %tmp_289" [firmware/nnet_utils/nnet_mult.h:73->firmware/nnet_utils/nnet_dense_latency.h:42]   --->   Operation 57 'zext' 'zext_ln73_13' <Predicate = true> <Delay = 0.00>
ST_1 : Operation 58 [1/1] (0.00ns) (grouped into TernaryAdder)   --->   "%sub_ln73_8 = sub i19 0, i19 %zext_ln73_13" [firmware/nnet_utils/nnet_mult.h:73->firmware/nnet_utils/nnet_dense_latency.h:42]   --->   Operation 58 'sub' 'sub_ln73_8' <Predicate = true> <Delay = 0.00> <CoreInst = "TAddSub">   --->   Core 10 'TAddSub' <Latency = 0> <II = 1> <Delay = 0.36> <IPBlock> <Opcode : '' 'add' 'sub'> <InPorts = 3> <OutPorts = 1> <Sync> <CReg>
ST_1 : Operation 59 [1/1] (0.68ns) (root node of TernaryAdder)   --->   "%sub_ln73_9 = sub i19 %sub_ln73_8, i19 %zext_ln73_7" [firmware/nnet_utils/nnet_mult.h:73->firmware/nnet_utils/nnet_dense_latency.h:42]   --->   Operation 59 'sub' 'sub_ln73_9' <Predicate = true> <Delay = 0.68> <CoreInst = "TAddSub">   --->   Core 10 'TAddSub' <Latency = 0> <II = 1> <Delay = 0.36> <IPBlock> <Opcode : '' 'add' 'sub'> <InPorts = 3> <OutPorts = 1> <Sync> <CReg>
ST_1 : Operation 60 [1/1] (0.00ns)   --->   "%trunc_ln42_3 = partselect i10 @_ssdm_op_PartSelect.i10.i19.i32.i32, i19 %sub_ln73_9, i32 9, i32 18" [firmware/nnet_utils/nnet_dense_latency.h:42]   --->   Operation 60 'partselect' 'trunc_ln42_3' <Predicate = true> <Delay = 0.00>
ST_1 : Operation 61 [1/1] (0.00ns)   --->   "%sext_ln70_2 = sext i10 %trunc_ln42_3" [firmware/nnet_utils/nnet_mult.h:70->firmware/nnet_utils/nnet_dense_latency.h:42]   --->   Operation 61 'sext' 'sext_ln70_2' <Predicate = true> <Delay = 0.00>
ST_1 : Operation 62 [1/1] (0.00ns)   --->   "%zext_ln73_10 = zext i15 %data_5_val_read" [firmware/nnet_utils/nnet_mult.h:73->firmware/nnet_utils/nnet_dense_latency.h:42]   --->   Operation 62 'zext' 'zext_ln73_10' <Predicate = true> <Delay = 0.00>
ST_1 : Operation 63 [1/1] (0.00ns)   --->   "%tmp_290 = bitconcatenate i18 @_ssdm_op_BitConcatenate.i18.i15.i3, i15 %data_5_val_read, i3 0" [firmware/nnet_utils/nnet_mult.h:73->firmware/nnet_utils/nnet_dense_latency.h:42]   --->   Operation 63 'bitconcatenate' 'tmp_290' <Predicate = true> <Delay = 0.00>
ST_1 : Operation 64 [1/1] (0.00ns)   --->   "%zext_ln73_16 = zext i18 %tmp_290" [firmware/nnet_utils/nnet_mult.h:73->firmware/nnet_utils/nnet_dense_latency.h:42]   --->   Operation 64 'zext' 'zext_ln73_16' <Predicate = true> <Delay = 0.00>
ST_1 : Operation 65 [1/1] (0.79ns)   --->   "%sub_ln73_10 = sub i19 %zext_ln73_10, i19 %zext_ln73_16" [firmware/nnet_utils/nnet_mult.h:73->firmware/nnet_utils/nnet_dense_latency.h:42]   --->   Operation 65 'sub' 'sub_ln73_10' <Predicate = true> <Delay = 0.79> <CoreInst = "Adder">   --->   Core 1 'Adder' <Latency = 0> <II = 1> <Delay = 0.79> <FuncUnit> <Opcode : 'add' 'sub'> <InPorts = 2> <OutPorts = 1>
ST_1 : Operation 66 [1/1] (0.00ns)   --->   "%trunc_ln42_4 = partselect i10 @_ssdm_op_PartSelect.i10.i19.i32.i32, i19 %sub_ln73_10, i32 9, i32 18" [firmware/nnet_utils/nnet_dense_latency.h:42]   --->   Operation 66 'partselect' 'trunc_ln42_4' <Predicate = true> <Delay = 0.00>
ST_1 : Operation 67 [1/1] (0.00ns)   --->   "%sext_ln73_3 = sext i10 %trunc_ln42_4" [firmware/nnet_utils/nnet_mult.h:73->firmware/nnet_utils/nnet_dense_latency.h:42]   --->   Operation 67 'sext' 'sext_ln73_3' <Predicate = true> <Delay = 0.00>
ST_1 : Operation 68 [1/1] (0.00ns)   --->   "%tmp_291 = bitconcatenate i16 @_ssdm_op_BitConcatenate.i16.i15.i1, i15 %data_5_val_read, i1 0" [firmware/nnet_utils/nnet_mult.h:73->firmware/nnet_utils/nnet_dense_latency.h:42]   --->   Operation 68 'bitconcatenate' 'tmp_291' <Predicate = true> <Delay = 0.00>
ST_1 : Operation 69 [1/1] (0.00ns)   --->   "%zext_ln73_18 = zext i16 %tmp_291" [firmware/nnet_utils/nnet_mult.h:73->firmware/nnet_utils/nnet_dense_latency.h:42]   --->   Operation 69 'zext' 'zext_ln73_18' <Predicate = true> <Delay = 0.00>
ST_1 : Operation 70 [1/1] (0.78ns)   --->   "%sub_ln73_11 = sub i17 0, i17 %zext_ln73_18" [firmware/nnet_utils/nnet_mult.h:73->firmware/nnet_utils/nnet_dense_latency.h:42]   --->   Operation 70 'sub' 'sub_ln73_11' <Predicate = true> <Delay = 0.78> <CoreInst = "Adder">   --->   Core 1 'Adder' <Latency = 0> <II = 1> <Delay = 0.78> <FuncUnit> <Opcode : 'add' 'sub'> <InPorts = 2> <OutPorts = 1>
ST_1 : Operation 71 [1/1] (0.00ns)   --->   "%trunc_ln42_5 = partselect i8 @_ssdm_op_PartSelect.i8.i17.i32.i32, i17 %sub_ln73_11, i32 9, i32 16" [firmware/nnet_utils/nnet_dense_latency.h:42]   --->   Operation 71 'partselect' 'trunc_ln42_5' <Predicate = true> <Delay = 0.00>
ST_1 : Operation 72 [1/1] (0.00ns)   --->   "%sext_ln70_3 = sext i8 %trunc_ln42_5" [firmware/nnet_utils/nnet_mult.h:70->firmware/nnet_utils/nnet_dense_latency.h:42]   --->   Operation 72 'sext' 'sext_ln70_3' <Predicate = true> <Delay = 0.00>
ST_1 : Operation 73 [1/1] (0.00ns)   --->   "%tmp_292 = bitconcatenate i18 @_ssdm_op_BitConcatenate.i18.i15.i3, i15 %data_6_val_read, i3 0" [firmware/nnet_utils/nnet_mult.h:73->firmware/nnet_utils/nnet_dense_latency.h:42]   --->   Operation 73 'bitconcatenate' 'tmp_292' <Predicate = true> <Delay = 0.00>
ST_1 : Operation 74 [1/1] (0.00ns)   --->   "%zext_ln73_20 = zext i18 %tmp_292" [firmware/nnet_utils/nnet_mult.h:73->firmware/nnet_utils/nnet_dense_latency.h:42]   --->   Operation 74 'zext' 'zext_ln73_20' <Predicate = true> <Delay = 0.00>
ST_1 : Operation 75 [1/1] (0.00ns) (grouped into TernaryAdder)   --->   "%sub_ln73_12 = sub i20 0, i20 %zext_ln73_20" [firmware/nnet_utils/nnet_mult.h:73->firmware/nnet_utils/nnet_dense_latency.h:42]   --->   Operation 75 'sub' 'sub_ln73_12' <Predicate = true> <Delay = 0.00> <CoreInst = "TAddSub">   --->   Core 10 'TAddSub' <Latency = 0> <II = 1> <Delay = 0.36> <IPBlock> <Opcode : '' 'add' 'sub'> <InPorts = 3> <OutPorts = 1> <Sync> <CReg>
ST_1 : Operation 76 [1/1] (0.00ns)   --->   "%tmp_293 = bitconcatenate i16 @_ssdm_op_BitConcatenate.i16.i15.i1, i15 %data_6_val_read, i1 0" [firmware/nnet_utils/nnet_mult.h:73->firmware/nnet_utils/nnet_dense_latency.h:42]   --->   Operation 76 'bitconcatenate' 'tmp_293' <Predicate = true> <Delay = 0.00>
ST_1 : Operation 77 [1/1] (0.00ns)   --->   "%zext_ln73_22 = zext i16 %tmp_293" [firmware/nnet_utils/nnet_mult.h:73->firmware/nnet_utils/nnet_dense_latency.h:42]   --->   Operation 77 'zext' 'zext_ln73_22' <Predicate = true> <Delay = 0.00>
ST_1 : Operation 78 [1/1] (0.68ns) (root node of TernaryAdder)   --->   "%sub_ln73_13 = sub i20 %sub_ln73_12, i20 %zext_ln73_22" [firmware/nnet_utils/nnet_mult.h:73->firmware/nnet_utils/nnet_dense_latency.h:42]   --->   Operation 78 'sub' 'sub_ln73_13' <Predicate = true> <Delay = 0.68> <CoreInst = "TAddSub">   --->   Core 10 'TAddSub' <Latency = 0> <II = 1> <Delay = 0.36> <IPBlock> <Opcode : '' 'add' 'sub'> <InPorts = 3> <OutPorts = 1> <Sync> <CReg>
ST_1 : Operation 79 [1/1] (0.00ns)   --->   "%trunc_ln42_6 = partselect i11 @_ssdm_op_PartSelect.i11.i20.i32.i32, i20 %sub_ln73_13, i32 9, i32 19" [firmware/nnet_utils/nnet_dense_latency.h:42]   --->   Operation 79 'partselect' 'trunc_ln42_6' <Predicate = true> <Delay = 0.00>
ST_1 : Operation 80 [1/1] (0.00ns)   --->   "%sext_ln73_4 = sext i11 %trunc_ln42_6" [firmware/nnet_utils/nnet_mult.h:73->firmware/nnet_utils/nnet_dense_latency.h:42]   --->   Operation 80 'sext' 'sext_ln73_4' <Predicate = true> <Delay = 0.00>
ST_1 : Operation 81 [1/1] (0.00ns)   --->   "%zext_ln73_28 = zext i16 %tmp_293" [firmware/nnet_utils/nnet_mult.h:73->firmware/nnet_utils/nnet_dense_latency.h:42]   --->   Operation 81 'zext' 'zext_ln73_28' <Predicate = true> <Delay = 0.00>
ST_1 : Operation 82 [1/1] (0.79ns)   --->   "%sub_ln73_14 = sub i18 %tmp_292, i18 %zext_ln73_28" [firmware/nnet_utils/nnet_mult.h:73->firmware/nnet_utils/nnet_dense_latency.h:42]   --->   Operation 82 'sub' 'sub_ln73_14' <Predicate = true> <Delay = 0.79> <CoreInst = "Adder">   --->   Core 1 'Adder' <Latency = 0> <II = 1> <Delay = 0.79> <FuncUnit> <Opcode : 'add' 'sub'> <InPorts = 2> <OutPorts = 1>
ST_1 : Operation 83 [1/1] (0.00ns)   --->   "%tmp_294 = bitconcatenate i19 @_ssdm_op_BitConcatenate.i19.i15.i4, i15 %data_7_val_read, i4 0" [firmware/nnet_utils/nnet_mult.h:73->firmware/nnet_utils/nnet_dense_latency.h:42]   --->   Operation 83 'bitconcatenate' 'tmp_294' <Predicate = true> <Delay = 0.00>
ST_1 : Operation 84 [1/1] (0.00ns)   --->   "%zext_ln73_29 = zext i19 %tmp_294" [firmware/nnet_utils/nnet_mult.h:73->firmware/nnet_utils/nnet_dense_latency.h:42]   --->   Operation 84 'zext' 'zext_ln73_29' <Predicate = true> <Delay = 0.00>
ST_1 : Operation 85 [1/1] (0.00ns)   --->   "%tmp_295 = bitconcatenate i16 @_ssdm_op_BitConcatenate.i16.i15.i1, i15 %data_7_val_read, i1 0" [firmware/nnet_utils/nnet_mult.h:73->firmware/nnet_utils/nnet_dense_latency.h:42]   --->   Operation 85 'bitconcatenate' 'tmp_295' <Predicate = true> <Delay = 0.00>
ST_1 : Operation 86 [1/1] (0.00ns)   --->   "%zext_ln73_30 = zext i16 %tmp_295" [firmware/nnet_utils/nnet_mult.h:73->firmware/nnet_utils/nnet_dense_latency.h:42]   --->   Operation 86 'zext' 'zext_ln73_30' <Predicate = true> <Delay = 0.00>
ST_1 : Operation 87 [1/1] (0.80ns)   --->   "%sub_ln73_15 = sub i20 %zext_ln73_30, i20 %zext_ln73_29" [firmware/nnet_utils/nnet_mult.h:73->firmware/nnet_utils/nnet_dense_latency.h:42]   --->   Operation 87 'sub' 'sub_ln73_15' <Predicate = true> <Delay = 0.80> <CoreInst = "Adder">   --->   Core 1 'Adder' <Latency = 0> <II = 1> <Delay = 0.80> <FuncUnit> <Opcode : 'add' 'sub'> <InPorts = 2> <OutPorts = 1>
ST_1 : Operation 88 [1/1] (0.00ns)   --->   "%trunc_ln42_7 = partselect i11 @_ssdm_op_PartSelect.i11.i20.i32.i32, i20 %sub_ln73_15, i32 9, i32 19" [firmware/nnet_utils/nnet_dense_latency.h:42]   --->   Operation 88 'partselect' 'trunc_ln42_7' <Predicate = true> <Delay = 0.00>
ST_1 : Operation 89 [1/1] (0.00ns)   --->   "%sext_ln70_4 = sext i11 %trunc_ln42_7" [firmware/nnet_utils/nnet_mult.h:70->firmware/nnet_utils/nnet_dense_latency.h:42]   --->   Operation 89 'sext' 'sext_ln70_4' <Predicate = true> <Delay = 0.00>
ST_1 : Operation 90 [1/1] (0.00ns)   --->   "%zext_ln73_14 = zext i15 %data_8_val_read" [firmware/nnet_utils/nnet_mult.h:73->firmware/nnet_utils/nnet_dense_latency.h:42]   --->   Operation 90 'zext' 'zext_ln73_14' <Predicate = true> <Delay = 0.00>
ST_1 : Operation 91 [1/1] (0.00ns)   --->   "%tmp_296 = bitconcatenate i18 @_ssdm_op_BitConcatenate.i18.i15.i3, i15 %data_8_val_read, i3 0" [firmware/nnet_utils/nnet_mult.h:73->firmware/nnet_utils/nnet_dense_latency.h:42]   --->   Operation 91 'bitconcatenate' 'tmp_296' <Predicate = true> <Delay = 0.00>
ST_1 : Operation 92 [1/1] (0.00ns)   --->   "%zext_ln73_31 = zext i18 %tmp_296" [firmware/nnet_utils/nnet_mult.h:73->firmware/nnet_utils/nnet_dense_latency.h:42]   --->   Operation 92 'zext' 'zext_ln73_31' <Predicate = true> <Delay = 0.00>
ST_1 : Operation 93 [1/1] (0.79ns)   --->   "%sub_ln73_16 = sub i19 %zext_ln73_14, i19 %zext_ln73_31" [firmware/nnet_utils/nnet_mult.h:73->firmware/nnet_utils/nnet_dense_latency.h:42]   --->   Operation 93 'sub' 'sub_ln73_16' <Predicate = true> <Delay = 0.79> <CoreInst = "Adder">   --->   Core 1 'Adder' <Latency = 0> <II = 1> <Delay = 0.79> <FuncUnit> <Opcode : 'add' 'sub'> <InPorts = 2> <OutPorts = 1>
ST_1 : Operation 94 [1/1] (0.00ns)   --->   "%trunc_ln42_8 = partselect i10 @_ssdm_op_PartSelect.i10.i19.i32.i32, i19 %sub_ln73_16, i32 9, i32 18" [firmware/nnet_utils/nnet_dense_latency.h:42]   --->   Operation 94 'partselect' 'trunc_ln42_8' <Predicate = true> <Delay = 0.00>
ST_1 : Operation 95 [1/1] (0.00ns)   --->   "%sext_ln73_5 = sext i10 %trunc_ln42_8" [firmware/nnet_utils/nnet_mult.h:73->firmware/nnet_utils/nnet_dense_latency.h:42]   --->   Operation 95 'sext' 'sext_ln73_5' <Predicate = true> <Delay = 0.00>
ST_1 : Operation 96 [1/1] (0.00ns)   --->   "%p_shl2 = bitconcatenate i19 @_ssdm_op_BitConcatenate.i19.i15.i4, i15 %data_8_val_read, i4 0" [firmware/nnet_utils/nnet_mult.h:73->firmware/nnet_utils/nnet_dense_latency.h:42]   --->   Operation 96 'bitconcatenate' 'p_shl2' <Predicate = true> <Delay = 0.00>
ST_1 : Operation 97 [1/1] (0.00ns)   --->   "%tmp_297 = bitconcatenate i17 @_ssdm_op_BitConcatenate.i17.i15.i2, i15 %data_8_val_read, i2 0" [firmware/nnet_utils/nnet_mult.h:73->firmware/nnet_utils/nnet_dense_latency.h:42]   --->   Operation 97 'bitconcatenate' 'tmp_297' <Predicate = true> <Delay = 0.00>
ST_1 : Operation 98 [1/1] (0.00ns)   --->   "%zext_ln73_32 = zext i17 %tmp_297" [firmware/nnet_utils/nnet_mult.h:73->firmware/nnet_utils/nnet_dense_latency.h:42]   --->   Operation 98 'zext' 'zext_ln73_32' <Predicate = true> <Delay = 0.00>
ST_1 : Operation 99 [1/1] (0.80ns)   --->   "%sub_ln73_17 = sub i19 %p_shl2, i19 %zext_ln73_32" [firmware/nnet_utils/nnet_mult.h:73->firmware/nnet_utils/nnet_dense_latency.h:42]   --->   Operation 99 'sub' 'sub_ln73_17' <Predicate = true> <Delay = 0.80> <CoreInst = "Adder">   --->   Core 1 'Adder' <Latency = 0> <II = 1> <Delay = 0.80> <FuncUnit> <Opcode : 'add' 'sub'> <InPorts = 2> <OutPorts = 1>
ST_1 : Operation 100 [1/1] (0.00ns)   --->   "%zext_ln73_15 = zext i15 %data_9_val_read" [firmware/nnet_utils/nnet_mult.h:73->firmware/nnet_utils/nnet_dense_latency.h:42]   --->   Operation 100 'zext' 'zext_ln73_15' <Predicate = true> <Delay = 0.00>
ST_1 : Operation 101 [1/1] (0.00ns)   --->   "%tmp_298 = bitconcatenate i19 @_ssdm_op_BitConcatenate.i19.i15.i4, i15 %data_9_val_read, i4 0" [firmware/nnet_utils/nnet_mult.h:73->firmware/nnet_utils/nnet_dense_latency.h:42]   --->   Operation 101 'bitconcatenate' 'tmp_298' <Predicate = true> <Delay = 0.00>
ST_1 : Operation 102 [1/1] (0.00ns)   --->   "%zext_ln73_33 = zext i19 %tmp_298" [firmware/nnet_utils/nnet_mult.h:73->firmware/nnet_utils/nnet_dense_latency.h:42]   --->   Operation 102 'zext' 'zext_ln73_33' <Predicate = true> <Delay = 0.00>
ST_1 : Operation 103 [1/1] (0.00ns)   --->   "%tmp_299 = bitconcatenate i17 @_ssdm_op_BitConcatenate.i17.i15.i2, i15 %data_9_val_read, i2 0" [firmware/nnet_utils/nnet_mult.h:73->firmware/nnet_utils/nnet_dense_latency.h:42]   --->   Operation 103 'bitconcatenate' 'tmp_299' <Predicate = true> <Delay = 0.00>
ST_1 : Operation 104 [1/1] (0.00ns)   --->   "%zext_ln73_34 = zext i17 %tmp_299" [firmware/nnet_utils/nnet_mult.h:73->firmware/nnet_utils/nnet_dense_latency.h:42]   --->   Operation 104 'zext' 'zext_ln73_34' <Predicate = true> <Delay = 0.00>
ST_1 : Operation 105 [1/1] (0.80ns)   --->   "%sub_ln73_18 = sub i20 %zext_ln73_34, i20 %zext_ln73_33" [firmware/nnet_utils/nnet_mult.h:73->firmware/nnet_utils/nnet_dense_latency.h:42]   --->   Operation 105 'sub' 'sub_ln73_18' <Predicate = true> <Delay = 0.80> <CoreInst = "Adder">   --->   Core 1 'Adder' <Latency = 0> <II = 1> <Delay = 0.80> <FuncUnit> <Opcode : 'add' 'sub'> <InPorts = 2> <OutPorts = 1>
ST_1 : Operation 106 [1/1] (0.00ns)   --->   "%trunc_ln42_9 = partselect i11 @_ssdm_op_PartSelect.i11.i20.i32.i32, i20 %sub_ln73_18, i32 9, i32 19" [firmware/nnet_utils/nnet_dense_latency.h:42]   --->   Operation 106 'partselect' 'trunc_ln42_9' <Predicate = true> <Delay = 0.00>
ST_1 : Operation 107 [1/1] (0.00ns)   --->   "%sext_ln42 = sext i11 %trunc_ln42_9" [firmware/nnet_utils/nnet_dense_latency.h:42]   --->   Operation 107 'sext' 'sext_ln42' <Predicate = true> <Delay = 0.00>
ST_1 : Operation 108 [1/1] (0.77ns)   --->   "%sub_ln73_1 = sub i16 0, i16 %zext_ln73_15" [firmware/nnet_utils/nnet_mult.h:73->firmware/nnet_utils/nnet_dense_latency.h:42]   --->   Operation 108 'sub' 'sub_ln73_1' <Predicate = true> <Delay = 0.77> <CoreInst = "Adder">   --->   Core 1 'Adder' <Latency = 0> <II = 1> <Delay = 0.77> <FuncUnit> <Opcode : 'add' 'sub'> <InPorts = 2> <OutPorts = 1>
ST_1 : Operation 109 [1/1] (0.00ns)   --->   "%trunc_ln42_10 = partselect i7 @_ssdm_op_PartSelect.i7.i16.i32.i32, i16 %sub_ln73_1, i32 9, i32 15" [firmware/nnet_utils/nnet_dense_latency.h:42]   --->   Operation 109 'partselect' 'trunc_ln42_10' <Predicate = true> <Delay = 0.00>
ST_1 : Operation 110 [1/1] (0.00ns)   --->   "%sext_ln70_5 = sext i7 %trunc_ln42_10" [firmware/nnet_utils/nnet_mult.h:70->firmware/nnet_utils/nnet_dense_latency.h:42]   --->   Operation 110 'sext' 'sext_ln70_5' <Predicate = true> <Delay = 0.00>
ST_1 : Operation 111 [1/1] (0.00ns)   --->   "%zext_ln73_17 = zext i15 %data_10_val_read" [firmware/nnet_utils/nnet_mult.h:73->firmware/nnet_utils/nnet_dense_latency.h:42]   --->   Operation 111 'zext' 'zext_ln73_17' <Predicate = true> <Delay = 0.00>
ST_1 : Operation 112 [1/1] (0.00ns)   --->   "%tmp_300 = bitconcatenate i19 @_ssdm_op_BitConcatenate.i19.i15.i4, i15 %data_10_val_read, i4 0" [firmware/nnet_utils/nnet_mult.h:73->firmware/nnet_utils/nnet_dense_latency.h:42]   --->   Operation 112 'bitconcatenate' 'tmp_300' <Predicate = true> <Delay = 0.00>
ST_1 : Operation 113 [1/1] (0.00ns)   --->   "%zext_ln73_35 = zext i19 %tmp_300" [firmware/nnet_utils/nnet_mult.h:73->firmware/nnet_utils/nnet_dense_latency.h:42]   --->   Operation 113 'zext' 'zext_ln73_35' <Predicate = true> <Delay = 0.00>
ST_1 : Operation 114 [1/1] (0.00ns) (grouped into TernaryAdder)   --->   "%sub_ln73_19 = sub i21 0, i21 %zext_ln73_35" [firmware/nnet_utils/nnet_mult.h:73->firmware/nnet_utils/nnet_dense_latency.h:42]   --->   Operation 114 'sub' 'sub_ln73_19' <Predicate = true> <Delay = 0.00> <CoreInst = "TAddSub">   --->   Core 10 'TAddSub' <Latency = 0> <II = 1> <Delay = 0.36> <IPBlock> <Opcode : '' 'add' 'sub'> <InPorts = 3> <OutPorts = 1> <Sync> <CReg>
ST_1 : Operation 115 [1/1] (0.00ns)   --->   "%tmp_301 = bitconcatenate i16 @_ssdm_op_BitConcatenate.i16.i15.i1, i15 %data_10_val_read, i1 0" [firmware/nnet_utils/nnet_mult.h:73->firmware/nnet_utils/nnet_dense_latency.h:42]   --->   Operation 115 'bitconcatenate' 'tmp_301' <Predicate = true> <Delay = 0.00>
ST_1 : Operation 116 [1/1] (0.00ns)   --->   "%zext_ln73_36 = zext i16 %tmp_301" [firmware/nnet_utils/nnet_mult.h:73->firmware/nnet_utils/nnet_dense_latency.h:42]   --->   Operation 116 'zext' 'zext_ln73_36' <Predicate = true> <Delay = 0.00>
ST_1 : Operation 117 [1/1] (0.68ns) (root node of TernaryAdder)   --->   "%sub_ln73_20 = sub i21 %sub_ln73_19, i21 %zext_ln73_36" [firmware/nnet_utils/nnet_mult.h:73->firmware/nnet_utils/nnet_dense_latency.h:42]   --->   Operation 117 'sub' 'sub_ln73_20' <Predicate = true> <Delay = 0.68> <CoreInst = "TAddSub">   --->   Core 10 'TAddSub' <Latency = 0> <II = 1> <Delay = 0.36> <IPBlock> <Opcode : '' 'add' 'sub'> <InPorts = 3> <OutPorts = 1> <Sync> <CReg>
ST_1 : Operation 118 [1/1] (0.00ns)   --->   "%trunc_ln42_11 = partselect i12 @_ssdm_op_PartSelect.i12.i21.i32.i32, i21 %sub_ln73_20, i32 9, i32 20" [firmware/nnet_utils/nnet_dense_latency.h:42]   --->   Operation 118 'partselect' 'trunc_ln42_11' <Predicate = true> <Delay = 0.00>
ST_1 : Operation 119 [1/1] (0.00ns)   --->   "%sext_ln42_1 = sext i12 %trunc_ln42_11" [firmware/nnet_utils/nnet_dense_latency.h:42]   --->   Operation 119 'sext' 'sext_ln42_1' <Predicate = true> <Delay = 0.00>
ST_1 : Operation 120 [1/1] (0.00ns)   --->   "%tmp_302 = bitconcatenate i17 @_ssdm_op_BitConcatenate.i17.i15.i2, i15 %data_10_val_read, i2 0" [firmware/nnet_utils/nnet_mult.h:73->firmware/nnet_utils/nnet_dense_latency.h:42]   --->   Operation 120 'bitconcatenate' 'tmp_302' <Predicate = true> <Delay = 0.00>
ST_1 : Operation 121 [1/1] (0.00ns)   --->   "%zext_ln73_37 = zext i17 %tmp_302" [firmware/nnet_utils/nnet_mult.h:73->firmware/nnet_utils/nnet_dense_latency.h:42]   --->   Operation 121 'zext' 'zext_ln73_37' <Predicate = true> <Delay = 0.00>
ST_1 : Operation 122 [1/1] (0.00ns) (grouped into TernaryAdder)   --->   "%sub_ln73_21 = sub i19 0, i19 %zext_ln73_37" [firmware/nnet_utils/nnet_mult.h:73->firmware/nnet_utils/nnet_dense_latency.h:42]   --->   Operation 122 'sub' 'sub_ln73_21' <Predicate = true> <Delay = 0.00> <CoreInst = "TAddSub">   --->   Core 10 'TAddSub' <Latency = 0> <II = 1> <Delay = 0.36> <IPBlock> <Opcode : '' 'add' 'sub'> <InPorts = 3> <OutPorts = 1> <Sync> <CReg>
ST_1 : Operation 123 [1/1] (0.68ns) (root node of TernaryAdder)   --->   "%sub_ln73_22 = sub i19 %sub_ln73_21, i19 %zext_ln73_17" [firmware/nnet_utils/nnet_mult.h:73->firmware/nnet_utils/nnet_dense_latency.h:42]   --->   Operation 123 'sub' 'sub_ln73_22' <Predicate = true> <Delay = 0.68> <CoreInst = "TAddSub">   --->   Core 10 'TAddSub' <Latency = 0> <II = 1> <Delay = 0.36> <IPBlock> <Opcode : '' 'add' 'sub'> <InPorts = 3> <OutPorts = 1> <Sync> <CReg>
ST_1 : Operation 124 [1/1] (0.00ns)   --->   "%trunc_ln42_12 = partselect i10 @_ssdm_op_PartSelect.i10.i19.i32.i32, i19 %sub_ln73_22, i32 9, i32 18" [firmware/nnet_utils/nnet_dense_latency.h:42]   --->   Operation 124 'partselect' 'trunc_ln42_12' <Predicate = true> <Delay = 0.00>
ST_1 : Operation 125 [1/1] (0.00ns)   --->   "%sext_ln70_6 = sext i10 %trunc_ln42_12" [firmware/nnet_utils/nnet_mult.h:70->firmware/nnet_utils/nnet_dense_latency.h:42]   --->   Operation 125 'sext' 'sext_ln70_6' <Predicate = true> <Delay = 0.00>
ST_1 : Operation 126 [1/1] (0.00ns)   --->   "%zext_ln73_19 = zext i15 %data_11_val_read" [firmware/nnet_utils/nnet_mult.h:73->firmware/nnet_utils/nnet_dense_latency.h:42]   --->   Operation 126 'zext' 'zext_ln73_19' <Predicate = true> <Delay = 0.00>
ST_1 : Operation 127 [1/1] (0.00ns)   --->   "%tmp_303 = bitconcatenate i17 @_ssdm_op_BitConcatenate.i17.i15.i2, i15 %data_11_val_read, i2 0" [firmware/nnet_utils/nnet_mult.h:73->firmware/nnet_utils/nnet_dense_latency.h:42]   --->   Operation 127 'bitconcatenate' 'tmp_303' <Predicate = true> <Delay = 0.00>
ST_1 : Operation 128 [1/1] (0.00ns)   --->   "%zext_ln73_38 = zext i17 %tmp_303" [firmware/nnet_utils/nnet_mult.h:73->firmware/nnet_utils/nnet_dense_latency.h:42]   --->   Operation 128 'zext' 'zext_ln73_38' <Predicate = true> <Delay = 0.00>
ST_1 : Operation 129 [1/1] (0.79ns)   --->   "%add_ln73_1 = add i18 %zext_ln73_38, i18 %zext_ln73_19" [firmware/nnet_utils/nnet_mult.h:73->firmware/nnet_utils/nnet_dense_latency.h:42]   --->   Operation 129 'add' 'add_ln73_1' <Predicate = true> <Delay = 0.79> <CoreInst = "Adder">   --->   Core 1 'Adder' <Latency = 0> <II = 1> <Delay = 0.79> <FuncUnit> <Opcode : 'add' 'sub'> <InPorts = 2> <OutPorts = 1>
ST_1 : Operation 130 [1/1] (0.79ns)   --->   "%sub_ln73_23 = sub i18 0, i18 %zext_ln73_38" [firmware/nnet_utils/nnet_mult.h:73->firmware/nnet_utils/nnet_dense_latency.h:42]   --->   Operation 130 'sub' 'sub_ln73_23' <Predicate = true> <Delay = 0.79> <CoreInst = "Adder">   --->   Core 1 'Adder' <Latency = 0> <II = 1> <Delay = 0.79> <FuncUnit> <Opcode : 'add' 'sub'> <InPorts = 2> <OutPorts = 1>
ST_1 : Operation 131 [1/1] (0.00ns)   --->   "%trunc_ln42_13 = partselect i9 @_ssdm_op_PartSelect.i9.i18.i32.i32, i18 %sub_ln73_23, i32 9, i32 17" [firmware/nnet_utils/nnet_dense_latency.h:42]   --->   Operation 131 'partselect' 'trunc_ln42_13' <Predicate = true> <Delay = 0.00>
ST_1 : Operation 132 [1/1] (0.00ns)   --->   "%sext_ln73_6 = sext i9 %trunc_ln42_13" [firmware/nnet_utils/nnet_mult.h:73->firmware/nnet_utils/nnet_dense_latency.h:42]   --->   Operation 132 'sext' 'sext_ln73_6' <Predicate = true> <Delay = 0.00>
ST_1 : Operation 133 [1/1] (0.00ns)   --->   "%p_shl3 = bitconcatenate i18 @_ssdm_op_BitConcatenate.i18.i15.i3, i15 %data_11_val_read, i3 0" [firmware/nnet_utils/nnet_mult.h:73->firmware/nnet_utils/nnet_dense_latency.h:42]   --->   Operation 133 'bitconcatenate' 'p_shl3' <Predicate = true> <Delay = 0.00>
ST_1 : Operation 134 [1/1] (0.79ns)   --->   "%sub_ln73_24 = sub i18 %p_shl3, i18 %zext_ln73_19" [firmware/nnet_utils/nnet_mult.h:73->firmware/nnet_utils/nnet_dense_latency.h:42]   --->   Operation 134 'sub' 'sub_ln73_24' <Predicate = true> <Delay = 0.79> <CoreInst = "Adder">   --->   Core 1 'Adder' <Latency = 0> <II = 1> <Delay = 0.79> <FuncUnit> <Opcode : 'add' 'sub'> <InPorts = 2> <OutPorts = 1>
ST_1 : Operation 135 [1/1] (0.00ns)   --->   "%zext_ln73_21 = zext i15 %data_12_val_read" [firmware/nnet_utils/nnet_mult.h:73->firmware/nnet_utils/nnet_dense_latency.h:42]   --->   Operation 135 'zext' 'zext_ln73_21' <Predicate = true> <Delay = 0.00>
ST_1 : Operation 136 [1/1] (0.00ns)   --->   "%p_shl4 = bitconcatenate i18 @_ssdm_op_BitConcatenate.i18.i15.i3, i15 %data_12_val_read, i3 0" [firmware/nnet_utils/nnet_mult.h:73->firmware/nnet_utils/nnet_dense_latency.h:42]   --->   Operation 136 'bitconcatenate' 'p_shl4' <Predicate = true> <Delay = 0.00>
ST_1 : Operation 137 [1/1] (0.00ns)   --->   "%tmp_304 = bitconcatenate i16 @_ssdm_op_BitConcatenate.i16.i15.i1, i15 %data_12_val_read, i1 0" [firmware/nnet_utils/nnet_mult.h:73->firmware/nnet_utils/nnet_dense_latency.h:42]   --->   Operation 137 'bitconcatenate' 'tmp_304' <Predicate = true> <Delay = 0.00>
ST_1 : Operation 138 [1/1] (0.00ns)   --->   "%zext_ln73_39 = zext i16 %tmp_304" [firmware/nnet_utils/nnet_mult.h:73->firmware/nnet_utils/nnet_dense_latency.h:42]   --->   Operation 138 'zext' 'zext_ln73_39' <Predicate = true> <Delay = 0.00>
ST_1 : Operation 139 [1/1] (0.79ns)   --->   "%sub_ln73_25 = sub i18 %p_shl4, i18 %zext_ln73_39" [firmware/nnet_utils/nnet_mult.h:73->firmware/nnet_utils/nnet_dense_latency.h:42]   --->   Operation 139 'sub' 'sub_ln73_25' <Predicate = true> <Delay = 0.79> <CoreInst = "Adder">   --->   Core 1 'Adder' <Latency = 0> <II = 1> <Delay = 0.79> <FuncUnit> <Opcode : 'add' 'sub'> <InPorts = 2> <OutPorts = 1>
ST_1 : Operation 140 [1/1] (0.00ns)   --->   "%tmp_305 = bitconcatenate i17 @_ssdm_op_BitConcatenate.i17.i15.i2, i15 %data_12_val_read, i2 0" [firmware/nnet_utils/nnet_mult.h:73->firmware/nnet_utils/nnet_dense_latency.h:42]   --->   Operation 140 'bitconcatenate' 'tmp_305' <Predicate = true> <Delay = 0.00>
ST_1 : Operation 141 [1/1] (0.00ns)   --->   "%zext_ln73_40 = zext i17 %tmp_305" [firmware/nnet_utils/nnet_mult.h:73->firmware/nnet_utils/nnet_dense_latency.h:42]   --->   Operation 141 'zext' 'zext_ln73_40' <Predicate = true> <Delay = 0.00>
ST_1 : Operation 142 [1/1] (0.79ns)   --->   "%sub_ln73_26 = sub i18 %zext_ln73_21, i18 %zext_ln73_40" [firmware/nnet_utils/nnet_mult.h:73->firmware/nnet_utils/nnet_dense_latency.h:42]   --->   Operation 142 'sub' 'sub_ln73_26' <Predicate = true> <Delay = 0.79> <CoreInst = "Adder">   --->   Core 1 'Adder' <Latency = 0> <II = 1> <Delay = 0.79> <FuncUnit> <Opcode : 'add' 'sub'> <InPorts = 2> <OutPorts = 1>
ST_1 : Operation 143 [1/1] (0.00ns)   --->   "%trunc_ln42_14 = partselect i9 @_ssdm_op_PartSelect.i9.i18.i32.i32, i18 %sub_ln73_26, i32 9, i32 17" [firmware/nnet_utils/nnet_dense_latency.h:42]   --->   Operation 143 'partselect' 'trunc_ln42_14' <Predicate = true> <Delay = 0.00>
ST_1 : Operation 144 [1/1] (0.00ns)   --->   "%sext_ln73_7 = sext i9 %trunc_ln42_14" [firmware/nnet_utils/nnet_mult.h:73->firmware/nnet_utils/nnet_dense_latency.h:42]   --->   Operation 144 'sext' 'sext_ln73_7' <Predicate = true> <Delay = 0.00>
ST_1 : Operation 145 [1/1] (0.00ns)   --->   "%zext_ln73_41 = zext i18 %p_shl4" [firmware/nnet_utils/nnet_mult.h:73->firmware/nnet_utils/nnet_dense_latency.h:42]   --->   Operation 145 'zext' 'zext_ln73_41' <Predicate = true> <Delay = 0.00>
ST_1 : Operation 146 [1/1] (0.00ns) (grouped into TernaryAdder)   --->   "%sub_ln73_27 = sub i20 0, i20 %zext_ln73_41" [firmware/nnet_utils/nnet_mult.h:73->firmware/nnet_utils/nnet_dense_latency.h:42]   --->   Operation 146 'sub' 'sub_ln73_27' <Predicate = true> <Delay = 0.00> <CoreInst = "TAddSub">   --->   Core 10 'TAddSub' <Latency = 0> <II = 1> <Delay = 0.36> <IPBlock> <Opcode : '' 'add' 'sub'> <InPorts = 3> <OutPorts = 1> <Sync> <CReg>
ST_1 : Operation 147 [1/1] (0.00ns)   --->   "%zext_ln73_42 = zext i16 %tmp_304" [firmware/nnet_utils/nnet_mult.h:73->firmware/nnet_utils/nnet_dense_latency.h:42]   --->   Operation 147 'zext' 'zext_ln73_42' <Predicate = true> <Delay = 0.00>
ST_1 : Operation 148 [1/1] (0.68ns) (root node of TernaryAdder)   --->   "%sub_ln73_28 = sub i20 %sub_ln73_27, i20 %zext_ln73_42" [firmware/nnet_utils/nnet_mult.h:73->firmware/nnet_utils/nnet_dense_latency.h:42]   --->   Operation 148 'sub' 'sub_ln73_28' <Predicate = true> <Delay = 0.68> <CoreInst = "TAddSub">   --->   Core 10 'TAddSub' <Latency = 0> <II = 1> <Delay = 0.36> <IPBlock> <Opcode : '' 'add' 'sub'> <InPorts = 3> <OutPorts = 1> <Sync> <CReg>
ST_1 : Operation 149 [1/1] (0.00ns)   --->   "%trunc_ln42_15 = partselect i11 @_ssdm_op_PartSelect.i11.i20.i32.i32, i20 %sub_ln73_28, i32 9, i32 19" [firmware/nnet_utils/nnet_dense_latency.h:42]   --->   Operation 149 'partselect' 'trunc_ln42_15' <Predicate = true> <Delay = 0.00>
ST_1 : Operation 150 [1/1] (0.00ns)   --->   "%sext_ln70_7 = sext i11 %trunc_ln42_15" [firmware/nnet_utils/nnet_mult.h:70->firmware/nnet_utils/nnet_dense_latency.h:42]   --->   Operation 150 'sext' 'sext_ln70_7' <Predicate = true> <Delay = 0.00>
ST_1 : Operation 151 [1/1] (0.00ns)   --->   "%zext_ln73_23 = zext i15 %data_13_val_read" [firmware/nnet_utils/nnet_mult.h:73->firmware/nnet_utils/nnet_dense_latency.h:42]   --->   Operation 151 'zext' 'zext_ln73_23' <Predicate = true> <Delay = 0.00>
ST_1 : Operation 152 [1/1] (0.00ns)   --->   "%p_shl5 = bitconcatenate i18 @_ssdm_op_BitConcatenate.i18.i15.i3, i15 %data_13_val_read, i3 0" [firmware/nnet_utils/nnet_mult.h:73->firmware/nnet_utils/nnet_dense_latency.h:42]   --->   Operation 152 'bitconcatenate' 'p_shl5' <Predicate = true> <Delay = 0.00>
ST_1 : Operation 153 [1/1] (0.79ns)   --->   "%sub_ln73_29 = sub i18 %p_shl5, i18 %zext_ln73_23" [firmware/nnet_utils/nnet_mult.h:73->firmware/nnet_utils/nnet_dense_latency.h:42]   --->   Operation 153 'sub' 'sub_ln73_29' <Predicate = true> <Delay = 0.79> <CoreInst = "Adder">   --->   Core 1 'Adder' <Latency = 0> <II = 1> <Delay = 0.79> <FuncUnit> <Opcode : 'add' 'sub'> <InPorts = 2> <OutPorts = 1>
ST_1 : Operation 154 [1/1] (0.00ns)   --->   "%tmp_306 = bitconcatenate i19 @_ssdm_op_BitConcatenate.i19.i15.i4, i15 %data_13_val_read, i4 0" [firmware/nnet_utils/nnet_mult.h:73->firmware/nnet_utils/nnet_dense_latency.h:42]   --->   Operation 154 'bitconcatenate' 'tmp_306' <Predicate = true> <Delay = 0.00>
ST_1 : Operation 155 [1/1] (0.00ns)   --->   "%zext_ln73_43 = zext i19 %tmp_306" [firmware/nnet_utils/nnet_mult.h:73->firmware/nnet_utils/nnet_dense_latency.h:42]   --->   Operation 155 'zext' 'zext_ln73_43' <Predicate = true> <Delay = 0.00>
ST_1 : Operation 156 [1/1] (0.00ns)   --->   "%tmp_307 = bitconcatenate i16 @_ssdm_op_BitConcatenate.i16.i15.i1, i15 %data_13_val_read, i1 0" [firmware/nnet_utils/nnet_mult.h:73->firmware/nnet_utils/nnet_dense_latency.h:42]   --->   Operation 156 'bitconcatenate' 'tmp_307' <Predicate = true> <Delay = 0.00>
ST_1 : Operation 157 [1/1] (0.00ns)   --->   "%zext_ln73_44 = zext i16 %tmp_307" [firmware/nnet_utils/nnet_mult.h:73->firmware/nnet_utils/nnet_dense_latency.h:42]   --->   Operation 157 'zext' 'zext_ln73_44' <Predicate = true> <Delay = 0.00>
ST_1 : Operation 158 [1/1] (0.80ns)   --->   "%sub_ln73_30 = sub i20 %zext_ln73_44, i20 %zext_ln73_43" [firmware/nnet_utils/nnet_mult.h:73->firmware/nnet_utils/nnet_dense_latency.h:42]   --->   Operation 158 'sub' 'sub_ln73_30' <Predicate = true> <Delay = 0.80> <CoreInst = "Adder">   --->   Core 1 'Adder' <Latency = 0> <II = 1> <Delay = 0.80> <FuncUnit> <Opcode : 'add' 'sub'> <InPorts = 2> <OutPorts = 1>
ST_1 : Operation 159 [1/1] (0.00ns)   --->   "%trunc_ln42_16 = partselect i11 @_ssdm_op_PartSelect.i11.i20.i32.i32, i20 %sub_ln73_30, i32 9, i32 19" [firmware/nnet_utils/nnet_dense_latency.h:42]   --->   Operation 159 'partselect' 'trunc_ln42_16' <Predicate = true> <Delay = 0.00>
ST_1 : Operation 160 [1/1] (0.00ns)   --->   "%sext_ln70_8 = sext i11 %trunc_ln42_16" [firmware/nnet_utils/nnet_mult.h:70->firmware/nnet_utils/nnet_dense_latency.h:42]   --->   Operation 160 'sext' 'sext_ln70_8' <Predicate = true> <Delay = 0.00>
ST_1 : Operation 161 [1/1] (0.00ns)   --->   "%zext_ln73_24 = zext i15 %data_14_val_read" [firmware/nnet_utils/nnet_mult.h:73->firmware/nnet_utils/nnet_dense_latency.h:42]   --->   Operation 161 'zext' 'zext_ln73_24' <Predicate = true> <Delay = 0.00>
ST_1 : Operation 162 [1/1] (0.00ns)   --->   "%zext_ln73_25 = zext i15 %data_14_val_read" [firmware/nnet_utils/nnet_mult.h:73->firmware/nnet_utils/nnet_dense_latency.h:42]   --->   Operation 162 'zext' 'zext_ln73_25' <Predicate = true> <Delay = 0.00>
ST_1 : Operation 163 [1/1] (0.00ns)   --->   "%p_shl6 = bitconcatenate i18 @_ssdm_op_BitConcatenate.i18.i15.i3, i15 %data_14_val_read, i3 0" [firmware/nnet_utils/nnet_mult.h:73->firmware/nnet_utils/nnet_dense_latency.h:42]   --->   Operation 163 'bitconcatenate' 'p_shl6' <Predicate = true> <Delay = 0.00>
ST_1 : Operation 164 [1/1] (0.79ns)   --->   "%sub_ln73_31 = sub i18 %p_shl6, i18 %zext_ln73_25" [firmware/nnet_utils/nnet_mult.h:73->firmware/nnet_utils/nnet_dense_latency.h:42]   --->   Operation 164 'sub' 'sub_ln73_31' <Predicate = true> <Delay = 0.79> <CoreInst = "Adder">   --->   Core 1 'Adder' <Latency = 0> <II = 1> <Delay = 0.79> <FuncUnit> <Opcode : 'add' 'sub'> <InPorts = 2> <OutPorts = 1>
ST_1 : Operation 165 [1/1] (0.00ns)   --->   "%p_shl7 = bitconcatenate i17 @_ssdm_op_BitConcatenate.i17.i15.i2, i15 %data_14_val_read, i2 0" [firmware/nnet_utils/nnet_mult.h:73->firmware/nnet_utils/nnet_dense_latency.h:42]   --->   Operation 165 'bitconcatenate' 'p_shl7' <Predicate = true> <Delay = 0.00>
ST_1 : Operation 166 [1/1] (0.79ns)   --->   "%sub_ln73_32 = sub i17 %p_shl7, i17 %zext_ln73_24" [firmware/nnet_utils/nnet_mult.h:73->firmware/nnet_utils/nnet_dense_latency.h:42]   --->   Operation 166 'sub' 'sub_ln73_32' <Predicate = true> <Delay = 0.79> <CoreInst = "Adder">   --->   Core 1 'Adder' <Latency = 0> <II = 1> <Delay = 0.79> <FuncUnit> <Opcode : 'add' 'sub'> <InPorts = 2> <OutPorts = 1>
ST_1 : Operation 167 [1/1] (0.00ns)   --->   "%zext_ln73_26 = zext i15 %data_15_val_read" [firmware/nnet_utils/nnet_mult.h:73->firmware/nnet_utils/nnet_dense_latency.h:42]   --->   Operation 167 'zext' 'zext_ln73_26' <Predicate = true> <Delay = 0.00>
ST_1 : Operation 168 [1/1] (0.00ns)   --->   "%zext_ln73_27 = zext i15 %data_15_val_read" [firmware/nnet_utils/nnet_mult.h:73->firmware/nnet_utils/nnet_dense_latency.h:42]   --->   Operation 168 'zext' 'zext_ln73_27' <Predicate = true> <Delay = 0.00>
ST_1 : Operation 169 [1/1] (0.00ns)   --->   "%tmp_308 = bitconcatenate i18 @_ssdm_op_BitConcatenate.i18.i15.i3, i15 %data_15_val_read, i3 0" [firmware/nnet_utils/nnet_mult.h:73->firmware/nnet_utils/nnet_dense_latency.h:42]   --->   Operation 169 'bitconcatenate' 'tmp_308' <Predicate = true> <Delay = 0.00>
ST_1 : Operation 170 [1/1] (0.00ns)   --->   "%zext_ln73_45 = zext i18 %tmp_308" [firmware/nnet_utils/nnet_mult.h:73->firmware/nnet_utils/nnet_dense_latency.h:42]   --->   Operation 170 'zext' 'zext_ln73_45' <Predicate = true> <Delay = 0.00>
ST_1 : Operation 171 [1/1] (0.79ns)   --->   "%sub_ln73_33 = sub i19 0, i19 %zext_ln73_45" [firmware/nnet_utils/nnet_mult.h:73->firmware/nnet_utils/nnet_dense_latency.h:42]   --->   Operation 171 'sub' 'sub_ln73_33' <Predicate = true> <Delay = 0.79> <CoreInst = "Adder">   --->   Core 1 'Adder' <Latency = 0> <II = 1> <Delay = 0.79> <FuncUnit> <Opcode : 'add' 'sub'> <InPorts = 2> <OutPorts = 1>
ST_1 : Operation 172 [1/1] (0.00ns)   --->   "%trunc_ln42_17 = partselect i10 @_ssdm_op_PartSelect.i10.i19.i32.i32, i19 %sub_ln73_33, i32 9, i32 18" [firmware/nnet_utils/nnet_dense_latency.h:42]   --->   Operation 172 'partselect' 'trunc_ln42_17' <Predicate = true> <Delay = 0.00>
ST_1 : Operation 173 [1/1] (0.00ns)   --->   "%sext_ln73_8 = sext i10 %trunc_ln42_17" [firmware/nnet_utils/nnet_mult.h:73->firmware/nnet_utils/nnet_dense_latency.h:42]   --->   Operation 173 'sext' 'sext_ln73_8' <Predicate = true> <Delay = 0.00>
ST_1 : Operation 174 [1/1] (1.92ns)   --->   "%mul_ln73_1 = mul i19 %zext_ln73_27, i19 11" [firmware/nnet_utils/nnet_mult.h:73->firmware/nnet_utils/nnet_dense_latency.h:42]   --->   Operation 174 'mul' 'mul_ln73_1' <Predicate = true> <Delay = 1.92> <CoreInst = "Multiplier">   --->   Core 3 'Multiplier' <Latency = 0> <II = 1> <Delay = 1.92> <FuncUnit> <Opcode : 'mul'> <InPorts = 2> <OutPorts = 1>
ST_1 : Operation 175 [1/1] (0.79ns)   --->   "%sub_ln73_34 = sub i18 %tmp_308, i18 %zext_ln73_26" [firmware/nnet_utils/nnet_mult.h:73->firmware/nnet_utils/nnet_dense_latency.h:42]   --->   Operation 175 'sub' 'sub_ln73_34' <Predicate = true> <Delay = 0.79> <CoreInst = "Adder">   --->   Core 1 'Adder' <Latency = 0> <II = 1> <Delay = 0.79> <FuncUnit> <Opcode : 'add' 'sub'> <InPorts = 2> <OutPorts = 1>
ST_1 : Operation 176 [1/1] (0.00ns)   --->   "%tmp = partselect i10 @_ssdm_op_PartSelect.i10.i19.i32.i32, i19 %sub_ln73_2, i32 9, i32 18" [firmware/nnet_utils/nnet_dense_latency.h:58]   --->   Operation 176 'partselect' 'tmp' <Predicate = true> <Delay = 0.00>
ST_1 : Operation 177 [1/1] (0.00ns)   --->   "%zext_ln58 = zext i10 %tmp" [firmware/nnet_utils/nnet_dense_latency.h:58]   --->   Operation 177 'zext' 'zext_ln58' <Predicate = true> <Delay = 0.00>
ST_1 : Operation 178 [1/1] (0.00ns)   --->   "%tmp_30 = partselect i7 @_ssdm_op_PartSelect.i7.i15.i32.i32, i15 %data_0_val_read, i32 8, i32 14" [firmware/nnet_utils/nnet_dense_latency.h:58]   --->   Operation 178 'partselect' 'tmp_30' <Predicate = true> <Delay = 0.00>
ST_1 : Operation 179 [1/1] (0.00ns)   --->   "%zext_ln58_1 = zext i7 %tmp_30" [firmware/nnet_utils/nnet_dense_latency.h:58]   --->   Operation 179 'zext' 'zext_ln58_1' <Predicate = true> <Delay = 0.00>
ST_1 : Operation 180 [1/1] (0.00ns)   --->   "%tmp_31 = partselect i10 @_ssdm_op_PartSelect.i10.i19.i32.i32, i19 %mul_ln73, i32 9, i32 18" [firmware/nnet_utils/nnet_dense_latency.h:58]   --->   Operation 180 'partselect' 'tmp_31' <Predicate = true> <Delay = 0.00>
ST_1 : Operation 181 [1/1] (0.00ns)   --->   "%zext_ln58_2 = zext i10 %tmp_31" [firmware/nnet_utils/nnet_dense_latency.h:58]   --->   Operation 181 'zext' 'zext_ln58_2' <Predicate = true> <Delay = 0.00>
ST_1 : Operation 182 [1/1] (0.00ns)   --->   "%tmp_32 = partselect i6 @_ssdm_op_PartSelect.i6.i15.i32.i32, i15 %data_1_val_read, i32 9, i32 14" [firmware/nnet_utils/nnet_dense_latency.h:58]   --->   Operation 182 'partselect' 'tmp_32' <Predicate = true> <Delay = 0.00>
ST_1 : Operation 183 [1/1] (0.00ns)   --->   "%zext_ln58_3 = zext i6 %tmp_32" [firmware/nnet_utils/nnet_dense_latency.h:58]   --->   Operation 183 'zext' 'zext_ln58_3' <Predicate = true> <Delay = 0.00>
ST_1 : Operation 184 [1/1] (0.00ns)   --->   "%tmp_33 = partselect i10 @_ssdm_op_PartSelect.i10.i19.i32.i32, i19 %sub_ln73_5, i32 9, i32 18" [firmware/nnet_utils/nnet_dense_latency.h:58]   --->   Operation 184 'partselect' 'tmp_33' <Predicate = true> <Delay = 0.00>
ST_1 : Operation 185 [1/1] (0.00ns)   --->   "%zext_ln58_4 = zext i10 %tmp_33" [firmware/nnet_utils/nnet_dense_latency.h:58]   --->   Operation 185 'zext' 'zext_ln58_4' <Predicate = true> <Delay = 0.00>
ST_1 : Operation 186 [1/1] (0.00ns)   --->   "%tmp_34 = partselect i10 @_ssdm_op_PartSelect.i10.i19.i32.i32, i19 %add_ln73, i32 9, i32 18" [firmware/nnet_utils/nnet_dense_latency.h:58]   --->   Operation 186 'partselect' 'tmp_34' <Predicate = true> <Delay = 0.00>
ST_1 : Operation 187 [1/1] (0.00ns)   --->   "%zext_ln58_5 = zext i10 %tmp_34" [firmware/nnet_utils/nnet_dense_latency.h:58]   --->   Operation 187 'zext' 'zext_ln58_5' <Predicate = true> <Delay = 0.00>
ST_1 : Operation 188 [1/1] (0.00ns)   --->   "%tmp_35 = partselect i7 @_ssdm_op_PartSelect.i7.i15.i32.i32, i15 %data_5_val_read, i32 8, i32 14" [firmware/nnet_utils/nnet_dense_latency.h:58]   --->   Operation 188 'partselect' 'tmp_35' <Predicate = true> <Delay = 0.00>
ST_1 : Operation 189 [1/1] (0.00ns)   --->   "%zext_ln58_6 = zext i7 %tmp_35" [firmware/nnet_utils/nnet_dense_latency.h:58]   --->   Operation 189 'zext' 'zext_ln58_6' <Predicate = true> <Delay = 0.00>
ST_1 : Operation 190 [1/1] (0.00ns)   --->   "%tmp_36 = partselect i9 @_ssdm_op_PartSelect.i9.i15.i32.i32, i15 %data_6_val_read, i32 6, i32 14" [firmware/nnet_utils/nnet_dense_latency.h:58]   --->   Operation 190 'partselect' 'tmp_36' <Predicate = true> <Delay = 0.00>
ST_1 : Operation 191 [1/1] (0.00ns)   --->   "%zext_ln58_7 = zext i9 %tmp_36" [firmware/nnet_utils/nnet_dense_latency.h:58]   --->   Operation 191 'zext' 'zext_ln58_7' <Predicate = true> <Delay = 0.00>
ST_1 : Operation 192 [1/1] (0.00ns)   --->   "%tmp_37 = partselect i9 @_ssdm_op_PartSelect.i9.i15.i32.i32, i15 %data_7_val_read, i32 6, i32 14" [firmware/nnet_utils/nnet_dense_latency.h:58]   --->   Operation 192 'partselect' 'tmp_37' <Predicate = true> <Delay = 0.00>
ST_1 : Operation 193 [1/1] (0.00ns)   --->   "%zext_ln42_1 = zext i9 %tmp_37" [firmware/nnet_utils/nnet_dense_latency.h:42]   --->   Operation 193 'zext' 'zext_ln42_1' <Predicate = true> <Delay = 0.00>
ST_1 : Operation 194 [1/1] (0.00ns)   --->   "%trunc_ln42_18 = partselect i9 @_ssdm_op_PartSelect.i9.i18.i32.i32, i18 %add_ln73_1, i32 9, i32 17" [firmware/nnet_utils/nnet_dense_latency.h:42]   --->   Operation 194 'partselect' 'trunc_ln42_18' <Predicate = true> <Delay = 0.00>
ST_1 : Operation 195 [1/1] (0.00ns)   --->   "%tmp_38 = partselect i7 @_ssdm_op_PartSelect.i7.i15.i32.i32, i15 %data_13_val_read, i32 8, i32 14" [firmware/nnet_utils/nnet_dense_latency.h:58]   --->   Operation 195 'partselect' 'tmp_38' <Predicate = true> <Delay = 0.00>
ST_1 : Operation 196 [1/1] (0.00ns)   --->   "%zext_ln58_8 = zext i7 %tmp_38" [firmware/nnet_utils/nnet_dense_latency.h:58]   --->   Operation 196 'zext' 'zext_ln58_8' <Predicate = true> <Delay = 0.00>
ST_1 : Operation 197 [1/1] (0.00ns)   --->   "%tmp_39 = partselect i9 @_ssdm_op_PartSelect.i9.i18.i32.i32, i18 %sub_ln73_25, i32 9, i32 17" [firmware/nnet_utils/nnet_dense_latency.h:58]   --->   Operation 197 'partselect' 'tmp_39' <Predicate = true> <Delay = 0.00>
ST_1 : Operation 198 [1/1] (0.00ns)   --->   "%zext_ln58_9 = zext i9 %tmp_39" [firmware/nnet_utils/nnet_dense_latency.h:58]   --->   Operation 198 'zext' 'zext_ln58_9' <Predicate = true> <Delay = 0.00>
ST_1 : Operation 199 [1/1] (0.00ns)   --->   "%tmp_40 = partselect i9 @_ssdm_op_PartSelect.i9.i18.i32.i32, i18 %sub_ln73_31, i32 9, i32 17" [firmware/nnet_utils/nnet_dense_latency.h:58]   --->   Operation 199 'partselect' 'tmp_40' <Predicate = true> <Delay = 0.00>
ST_1 : Operation 200 [1/1] (0.00ns)   --->   "%zext_ln58_10 = zext i9 %tmp_40" [firmware/nnet_utils/nnet_dense_latency.h:58]   --->   Operation 200 'zext' 'zext_ln58_10' <Predicate = true> <Delay = 0.00>
ST_1 : Operation 201 [1/1] (0.00ns)   --->   "%tmp_41 = partselect i9 @_ssdm_op_PartSelect.i9.i15.i32.i32, i15 %data_14_val_read, i32 6, i32 14" [firmware/nnet_utils/nnet_dense_latency.h:58]   --->   Operation 201 'partselect' 'tmp_41' <Predicate = true> <Delay = 0.00>
ST_1 : Operation 202 [1/1] (0.00ns)   --->   "%zext_ln58_11 = zext i9 %tmp_41" [firmware/nnet_utils/nnet_dense_latency.h:58]   --->   Operation 202 'zext' 'zext_ln58_11' <Predicate = true> <Delay = 0.00>
ST_1 : Operation 203 [1/1] (0.00ns)   --->   "%tmp_42 = partselect i9 @_ssdm_op_PartSelect.i9.i18.i32.i32, i18 %sub_ln73_29, i32 9, i32 17" [firmware/nnet_utils/nnet_dense_latency.h:58]   --->   Operation 203 'partselect' 'tmp_42' <Predicate = true> <Delay = 0.00>
ST_1 : Operation 204 [1/1] (0.00ns)   --->   "%zext_ln58_12 = zext i9 %tmp_42" [firmware/nnet_utils/nnet_dense_latency.h:58]   --->   Operation 204 'zext' 'zext_ln58_12' <Predicate = true> <Delay = 0.00>
ST_1 : Operation 205 [1/1] (0.00ns)   --->   "%tmp_43 = partselect i10 @_ssdm_op_PartSelect.i10.i19.i32.i32, i19 %mul_ln73_1, i32 9, i32 18" [firmware/nnet_utils/nnet_dense_latency.h:42]   --->   Operation 205 'partselect' 'tmp_43' <Predicate = true> <Delay = 0.00>
ST_1 : Operation 206 [1/1] (0.00ns)   --->   "%zext_ln42 = zext i10 %tmp_43" [firmware/nnet_utils/nnet_dense_latency.h:42]   --->   Operation 206 'zext' 'zext_ln42' <Predicate = true> <Delay = 0.00>
ST_1 : Operation 207 [1/1] (0.00ns)   --->   "%tmp_44 = partselect i9 @_ssdm_op_PartSelect.i9.i15.i32.i32, i15 %data_3_val_read, i32 6, i32 14" [firmware/nnet_utils/nnet_dense_latency.h:58]   --->   Operation 207 'partselect' 'tmp_44' <Predicate = true> <Delay = 0.00>
ST_1 : Operation 208 [1/1] (0.00ns)   --->   "%zext_ln58_13 = zext i9 %tmp_44" [firmware/nnet_utils/nnet_dense_latency.h:58]   --->   Operation 208 'zext' 'zext_ln58_13' <Predicate = true> <Delay = 0.00>
ST_1 : Operation 209 [1/1] (0.00ns)   --->   "%tmp_45 = partselect i9 @_ssdm_op_PartSelect.i9.i15.i32.i32, i15 %data_4_val_read, i32 6, i32 14" [firmware/nnet_utils/nnet_dense_latency.h:58]   --->   Operation 209 'partselect' 'tmp_45' <Predicate = true> <Delay = 0.00>
ST_1 : Operation 210 [1/1] (0.00ns)   --->   "%zext_ln58_14 = zext i9 %tmp_45" [firmware/nnet_utils/nnet_dense_latency.h:58]   --->   Operation 210 'zext' 'zext_ln58_14' <Predicate = true> <Delay = 0.00>
ST_1 : Operation 211 [1/1] (0.00ns)   --->   "%tmp_46 = partselect i9 @_ssdm_op_PartSelect.i9.i18.i32.i32, i18 %sub_ln73_14, i32 9, i32 17" [firmware/nnet_utils/nnet_dense_latency.h:58]   --->   Operation 211 'partselect' 'tmp_46' <Predicate = true> <Delay = 0.00>
ST_1 : Operation 212 [1/1] (0.00ns)   --->   "%zext_ln58_15 = zext i9 %tmp_46" [firmware/nnet_utils/nnet_dense_latency.h:58]   --->   Operation 212 'zext' 'zext_ln58_15' <Predicate = true> <Delay = 0.00>
ST_1 : Operation 213 [1/1] (0.00ns)   --->   "%tmp_47 = partselect i10 @_ssdm_op_PartSelect.i10.i19.i32.i32, i19 %sub_ln73_17, i32 9, i32 18" [firmware/nnet_utils/nnet_dense_latency.h:58]   --->   Operation 213 'partselect' 'tmp_47' <Predicate = true> <Delay = 0.00>
ST_1 : Operation 214 [1/1] (0.00ns)   --->   "%zext_ln58_16 = zext i10 %tmp_47" [firmware/nnet_utils/nnet_dense_latency.h:58]   --->   Operation 214 'zext' 'zext_ln58_16' <Predicate = true> <Delay = 0.00>
ST_1 : Operation 215 [1/1] (0.00ns)   --->   "%tmp_48 = partselect i9 @_ssdm_op_PartSelect.i9.i18.i32.i32, i18 %sub_ln73_24, i32 9, i32 17" [firmware/nnet_utils/nnet_dense_latency.h:58]   --->   Operation 215 'partselect' 'tmp_48' <Predicate = true> <Delay = 0.00>
ST_1 : Operation 216 [1/1] (0.00ns)   --->   "%zext_ln58_17 = zext i9 %tmp_48" [firmware/nnet_utils/nnet_dense_latency.h:58]   --->   Operation 216 'zext' 'zext_ln58_17' <Predicate = true> <Delay = 0.00>
ST_1 : Operation 217 [1/1] (0.00ns)   --->   "%tmp_49 = partselect i8 @_ssdm_op_PartSelect.i8.i17.i32.i32, i17 %sub_ln73_32, i32 9, i32 16" [firmware/nnet_utils/nnet_dense_latency.h:58]   --->   Operation 217 'partselect' 'tmp_49' <Predicate = true> <Delay = 0.00>
ST_1 : Operation 218 [1/1] (0.00ns)   --->   "%zext_ln111_2 = zext i8 %tmp_49" [firmware/nnet_utils/nnet_mult.h:111->firmware/nnet_utils/nnet_dense_latency.h:66]   --->   Operation 218 'zext' 'zext_ln111_2' <Predicate = true> <Delay = 0.00>
ST_1 : Operation 219 [1/1] (0.00ns)   --->   "%tmp_50 = partselect i9 @_ssdm_op_PartSelect.i9.i18.i32.i32, i18 %sub_ln73_34, i32 9, i32 17" [firmware/nnet_utils/nnet_mult.h:111->firmware/nnet_utils/nnet_dense_latency.h:66]   --->   Operation 219 'partselect' 'tmp_50' <Predicate = true> <Delay = 0.00>
ST_1 : Operation 220 [1/1] (0.00ns)   --->   "%zext_ln111 = zext i9 %tmp_50" [firmware/nnet_utils/nnet_mult.h:111->firmware/nnet_utils/nnet_dense_latency.h:66]   --->   Operation 220 'zext' 'zext_ln111' <Predicate = true> <Delay = 0.00>
ST_1 : Operation 221 [1/1] (0.73ns)   --->   "%add_ln111_3 = add i12 %zext_ln58, i12 %sext_ln73" [firmware/nnet_utils/nnet_mult.h:111->firmware/nnet_utils/nnet_dense_latency.h:66]   --->   Operation 221 'add' 'add_ln111_3' <Predicate = true> <Delay = 0.73> <CoreInst = "Adder">   --->   Core 1 'Adder' <Latency = 0> <II = 1> <Delay = 0.73> <FuncUnit> <Opcode : 'add' 'sub'> <InPorts = 2> <OutPorts = 1>
ST_1 : Operation 222 [1/1] (0.00ns)   --->   "%sext_ln111_2 = sext i12 %add_ln111_3" [firmware/nnet_utils/nnet_mult.h:111->firmware/nnet_utils/nnet_dense_latency.h:66]   --->   Operation 222 'sext' 'sext_ln111_2' <Predicate = true> <Delay = 0.00>
ST_1 : Operation 223 [1/1] (0.70ns)   --->   "%add_ln111_4 = add i9 %sext_ln73_1, i9 %zext_ln58_6" [firmware/nnet_utils/nnet_mult.h:111->firmware/nnet_utils/nnet_dense_latency.h:66]   --->   Operation 223 'add' 'add_ln111_4' <Predicate = true> <Delay = 0.70> <CoreInst = "Adder">   --->   Core 1 'Adder' <Latency = 0> <II = 1> <Delay = 0.70> <FuncUnit> <Opcode : 'add' 'sub'> <InPorts = 2> <OutPorts = 1>
ST_1 : Operation 224 [1/1] (0.00ns)   --->   "%sext_ln111_3 = sext i9 %add_ln111_4" [firmware/nnet_utils/nnet_mult.h:111->firmware/nnet_utils/nnet_dense_latency.h:66]   --->   Operation 224 'sext' 'sext_ln111_3' <Predicate = true> <Delay = 0.00>
ST_1 : Operation 225 [1/1] (0.74ns)   --->   "%add_ln111_5 = add i13 %sext_ln111_3, i13 %sext_ln111_2" [firmware/nnet_utils/nnet_mult.h:111->firmware/nnet_utils/nnet_dense_latency.h:66]   --->   Operation 225 'add' 'add_ln111_5' <Predicate = true> <Delay = 0.74> <CoreInst = "Adder">   --->   Core 1 'Adder' <Latency = 0> <II = 1> <Delay = 0.74> <FuncUnit> <Opcode : 'add' 'sub'> <InPorts = 2> <OutPorts = 1>
ST_1 : Operation 226 [1/1] (0.71ns)   --->   "%add_ln111_6 = add i11 %sext_ln73_2, i11 %zext_ln58_7" [firmware/nnet_utils/nnet_mult.h:111->firmware/nnet_utils/nnet_dense_latency.h:66]   --->   Operation 226 'add' 'add_ln111_6' <Predicate = true> <Delay = 0.71> <CoreInst = "Adder">   --->   Core 1 'Adder' <Latency = 0> <II = 1> <Delay = 0.71> <FuncUnit> <Opcode : 'add' 'sub'> <InPorts = 2> <OutPorts = 1>
ST_1 : Operation 227 [1/1] (0.00ns)   --->   "%sext_ln111_4 = sext i11 %add_ln111_6" [firmware/nnet_utils/nnet_mult.h:111->firmware/nnet_utils/nnet_dense_latency.h:66]   --->   Operation 227 'sext' 'sext_ln111_4' <Predicate = true> <Delay = 0.00>
ST_1 : Operation 228 [1/1] (0.72ns)   --->   "%add_ln111_7 = add i11 %zext_ln42_1, i11 %sext_ln73_5" [firmware/nnet_utils/nnet_mult.h:111->firmware/nnet_utils/nnet_dense_latency.h:66]   --->   Operation 228 'add' 'add_ln111_7' <Predicate = true> <Delay = 0.72> <CoreInst = "Adder">   --->   Core 1 'Adder' <Latency = 0> <II = 1> <Delay = 0.72> <FuncUnit> <Opcode : 'add' 'sub'> <InPorts = 2> <OutPorts = 1>
ST_1 : Operation 229 [1/1] (0.00ns)   --->   "%sext_ln111_5 = sext i11 %add_ln111_7" [firmware/nnet_utils/nnet_mult.h:111->firmware/nnet_utils/nnet_dense_latency.h:66]   --->   Operation 229 'sext' 'sext_ln111_5' <Predicate = true> <Delay = 0.00>
ST_1 : Operation 230 [1/1] (0.73ns)   --->   "%add_ln111_8 = add i12 %sext_ln111_5, i12 %sext_ln111_4" [firmware/nnet_utils/nnet_mult.h:111->firmware/nnet_utils/nnet_dense_latency.h:66]   --->   Operation 230 'add' 'add_ln111_8' <Predicate = true> <Delay = 0.73> <CoreInst = "Adder">   --->   Core 1 'Adder' <Latency = 0> <II = 1> <Delay = 0.73> <FuncUnit> <Opcode : 'add' 'sub'> <InPorts = 2> <OutPorts = 1>
ST_1 : Operation 231 [1/1] (0.00ns)   --->   "%sext_ln111_6 = sext i12 %add_ln111_8" [firmware/nnet_utils/nnet_mult.h:111->firmware/nnet_utils/nnet_dense_latency.h:66]   --->   Operation 231 'sext' 'sext_ln111_6' <Predicate = true> <Delay = 0.00>
ST_1 : Operation 232 [1/1] (0.00ns) (grouped into TernaryAdder)   --->   "%add_ln111_9 = add i13 %sext_ln111_6, i13 %add_ln111_5" [firmware/nnet_utils/nnet_mult.h:111->firmware/nnet_utils/nnet_dense_latency.h:66]   --->   Operation 232 'add' 'add_ln111_9' <Predicate = true> <Delay = 0.00> <CoreInst = "TAddSub">   --->   Core 10 'TAddSub' <Latency = 0> <II = 1> <Delay = 0.36> <IPBlock> <Opcode : '' 'add' 'sub'> <InPorts = 3> <OutPorts = 1> <Sync> <CReg>
ST_1 : Operation 233 [1/1] (0.74ns)   --->   "%add_ln111_10 = add i13 %sext_ln42, i13 %sext_ln42_1" [firmware/nnet_utils/nnet_mult.h:111->firmware/nnet_utils/nnet_dense_latency.h:66]   --->   Operation 233 'add' 'add_ln111_10' <Predicate = true> <Delay = 0.74> <CoreInst = "Adder">   --->   Core 1 'Adder' <Latency = 0> <II = 1> <Delay = 0.74> <FuncUnit> <Opcode : 'add' 'sub'> <InPorts = 2> <OutPorts = 1>
ST_1 : Operation 234 [1/1] (0.71ns)   --->   "%add_ln111_11 = add i9 %trunc_ln42_18, i9 %zext_ln58_8" [firmware/nnet_utils/nnet_mult.h:111->firmware/nnet_utils/nnet_dense_latency.h:66]   --->   Operation 234 'add' 'add_ln111_11' <Predicate = true> <Delay = 0.71> <CoreInst = "Adder">   --->   Core 1 'Adder' <Latency = 0> <II = 1> <Delay = 0.71> <FuncUnit> <Opcode : 'add' 'sub'> <InPorts = 2> <OutPorts = 1>
ST_1 : Operation 235 [1/1] (0.00ns)   --->   "%zext_ln111_1 = zext i9 %add_ln111_11" [firmware/nnet_utils/nnet_mult.h:111->firmware/nnet_utils/nnet_dense_latency.h:66]   --->   Operation 235 'zext' 'zext_ln111_1' <Predicate = true> <Delay = 0.00>
ST_1 : Operation 236 [1/1] (0.00ns) (grouped into TernaryAdder)   --->   "%add_ln111_12 = add i13 %zext_ln111_1, i13 %add_ln111_10" [firmware/nnet_utils/nnet_mult.h:111->firmware/nnet_utils/nnet_dense_latency.h:66]   --->   Operation 236 'add' 'add_ln111_12' <Predicate = true> <Delay = 0.00> <CoreInst = "TAddSub">   --->   Core 10 'TAddSub' <Latency = 0> <II = 1> <Delay = 0.36> <IPBlock> <Opcode : '' 'add' 'sub'> <InPorts = 3> <OutPorts = 1> <Sync> <CReg>
ST_1 : Operation 237 [1/1] (0.71ns)   --->   "%add_ln111_13 = add i10 %zext_ln58_9, i10 %zext_ln58_10" [firmware/nnet_utils/nnet_mult.h:111->firmware/nnet_utils/nnet_dense_latency.h:66]   --->   Operation 237 'add' 'add_ln111_13' <Predicate = true> <Delay = 0.71> <CoreInst = "Adder">   --->   Core 1 'Adder' <Latency = 0> <II = 1> <Delay = 0.71> <FuncUnit> <Opcode : 'add' 'sub'> <InPorts = 2> <OutPorts = 1>
ST_1 : Operation 238 [1/1] (0.00ns)   --->   "%zext_ln111_6 = zext i10 %add_ln111_13" [firmware/nnet_utils/nnet_mult.h:111->firmware/nnet_utils/nnet_dense_latency.h:66]   --->   Operation 238 'zext' 'zext_ln111_6' <Predicate = true> <Delay = 0.00>
ST_1 : Operation 239 [1/1] (0.72ns)   --->   "%add_ln111_14 = add i11 %sext_ln73_8, i11 1984" [firmware/nnet_utils/nnet_mult.h:111->firmware/nnet_utils/nnet_dense_latency.h:66]   --->   Operation 239 'add' 'add_ln111_14' <Predicate = true> <Delay = 0.72> <CoreInst = "Adder">   --->   Core 1 'Adder' <Latency = 0> <II = 1> <Delay = 0.72> <FuncUnit> <Opcode : 'add' 'sub'> <InPorts = 2> <OutPorts = 1>
ST_1 : Operation 240 [1/1] (0.00ns)   --->   "%sext_ln111_7 = sext i11 %add_ln111_14" [firmware/nnet_utils/nnet_mult.h:111->firmware/nnet_utils/nnet_dense_latency.h:66]   --->   Operation 240 'sext' 'sext_ln111_7' <Predicate = true> <Delay = 0.00>
ST_1 : Operation 241 [1/1] (0.73ns)   --->   "%add_ln111_15 = add i12 %sext_ln111_7, i12 %zext_ln111_6" [firmware/nnet_utils/nnet_mult.h:111->firmware/nnet_utils/nnet_dense_latency.h:66]   --->   Operation 241 'add' 'add_ln111_15' <Predicate = true> <Delay = 0.73> <CoreInst = "Adder">   --->   Core 1 'Adder' <Latency = 0> <II = 1> <Delay = 0.73> <FuncUnit> <Opcode : 'add' 'sub'> <InPorts = 2> <OutPorts = 1>
ST_1 : Operation 242 [1/1] (0.00ns)   --->   "%sext_ln111_8 = sext i12 %add_ln111_15" [firmware/nnet_utils/nnet_mult.h:111->firmware/nnet_utils/nnet_dense_latency.h:66]   --->   Operation 242 'sext' 'sext_ln111_8' <Predicate = true> <Delay = 0.00>
ST_1 : Operation 243 [1/1] (0.73ns) (root node of TernaryAdder)   --->   "%add_ln111_16 = add i13 %sext_ln111_8, i13 %add_ln111_12" [firmware/nnet_utils/nnet_mult.h:111->firmware/nnet_utils/nnet_dense_latency.h:66]   --->   Operation 243 'add' 'add_ln111_16' <Predicate = true> <Delay = 0.73> <CoreInst = "TAddSub">   --->   Core 10 'TAddSub' <Latency = 0> <II = 1> <Delay = 0.36> <IPBlock> <Opcode : '' 'add' 'sub'> <InPorts = 3> <OutPorts = 1> <Sync> <CReg>
ST_1 : Operation 244 [1/1] (0.73ns) (root node of TernaryAdder)   --->   "%add_ln111 = add i13 %add_ln111_16, i13 %add_ln111_9" [firmware/nnet_utils/nnet_mult.h:111->firmware/nnet_utils/nnet_dense_latency.h:66]   --->   Operation 244 'add' 'add_ln111' <Predicate = true> <Delay = 0.73> <CoreInst = "TAddSub">   --->   Core 10 'TAddSub' <Latency = 0> <II = 1> <Delay = 0.36> <IPBlock> <Opcode : '' 'add' 'sub'> <InPorts = 3> <OutPorts = 1> <Sync> <CReg>
ST_1 : Operation 245 [1/1] (0.00ns)   --->   "%shl_ln = bitconcatenate i23 @_ssdm_op_BitConcatenate.i23.i13.i10, i13 %add_ln111, i10 0" [firmware/nnet_utils/nnet_mult.h:111->firmware/nnet_utils/nnet_dense_latency.h:66]   --->   Operation 245 'bitconcatenate' 'shl_ln' <Predicate = true> <Delay = 0.00>
ST_1 : Operation 246 [1/1] (0.72ns)   --->   "%add_ln111_17 = add i11 %zext_ln58_4, i11 %zext_ln58_5" [firmware/nnet_utils/nnet_mult.h:111->firmware/nnet_utils/nnet_dense_latency.h:66]   --->   Operation 246 'add' 'add_ln111_17' <Predicate = true> <Delay = 0.72> <CoreInst = "Adder">   --->   Core 1 'Adder' <Latency = 0> <II = 1> <Delay = 0.72> <FuncUnit> <Opcode : 'add' 'sub'> <InPorts = 2> <OutPorts = 1>
ST_1 : Operation 247 [1/1] (0.00ns)   --->   "%zext_ln111_3 = zext i11 %add_ln111_17" [firmware/nnet_utils/nnet_mult.h:111->firmware/nnet_utils/nnet_dense_latency.h:66]   --->   Operation 247 'zext' 'zext_ln111_3' <Predicate = true> <Delay = 0.00>
ST_1 : Operation 248 [1/1] (0.73ns)   --->   "%add_ln111_18 = add i12 %zext_ln111_3, i12 %zext_ln58_2" [firmware/nnet_utils/nnet_mult.h:111->firmware/nnet_utils/nnet_dense_latency.h:66]   --->   Operation 248 'add' 'add_ln111_18' <Predicate = true> <Delay = 0.73> <CoreInst = "Adder">   --->   Core 1 'Adder' <Latency = 0> <II = 1> <Delay = 0.73> <FuncUnit> <Opcode : 'add' 'sub'> <InPorts = 2> <OutPorts = 1>
ST_1 : Operation 249 [1/1] (0.00ns)   --->   "%zext_ln111_4 = zext i12 %add_ln111_18" [firmware/nnet_utils/nnet_mult.h:111->firmware/nnet_utils/nnet_dense_latency.h:66]   --->   Operation 249 'zext' 'zext_ln111_4' <Predicate = true> <Delay = 0.00>
ST_1 : Operation 250 [1/1] (0.72ns)   --->   "%add_ln111_19 = add i11 %sext_ln70_2, i11 %sext_ln73_3" [firmware/nnet_utils/nnet_mult.h:111->firmware/nnet_utils/nnet_dense_latency.h:66]   --->   Operation 250 'add' 'add_ln111_19' <Predicate = true> <Delay = 0.72> <CoreInst = "Adder">   --->   Core 1 'Adder' <Latency = 0> <II = 1> <Delay = 0.72> <FuncUnit> <Opcode : 'add' 'sub'> <InPorts = 2> <OutPorts = 1>
ST_1 : Operation 251 [1/1] (0.00ns)   --->   "%sext_ln111_9 = sext i11 %add_ln111_19" [firmware/nnet_utils/nnet_mult.h:111->firmware/nnet_utils/nnet_dense_latency.h:66]   --->   Operation 251 'sext' 'sext_ln111_9' <Predicate = true> <Delay = 0.00>
ST_1 : Operation 252 [1/1] (0.73ns)   --->   "%add_ln111_20 = add i12 %sext_ln73_4, i12 %sext_ln70_4" [firmware/nnet_utils/nnet_mult.h:111->firmware/nnet_utils/nnet_dense_latency.h:66]   --->   Operation 252 'add' 'add_ln111_20' <Predicate = true> <Delay = 0.73> <CoreInst = "Adder">   --->   Core 1 'Adder' <Latency = 0> <II = 1> <Delay = 0.73> <FuncUnit> <Opcode : 'add' 'sub'> <InPorts = 2> <OutPorts = 1>
ST_1 : Operation 253 [1/1] (0.00ns)   --->   "%sext_ln111_10 = sext i12 %add_ln111_20" [firmware/nnet_utils/nnet_mult.h:111->firmware/nnet_utils/nnet_dense_latency.h:66]   --->   Operation 253 'sext' 'sext_ln111_10' <Predicate = true> <Delay = 0.00>
ST_1 : Operation 254 [1/1] (0.74ns)   --->   "%add_ln111_21 = add i13 %sext_ln111_10, i13 %sext_ln111_9" [firmware/nnet_utils/nnet_mult.h:111->firmware/nnet_utils/nnet_dense_latency.h:66]   --->   Operation 254 'add' 'add_ln111_21' <Predicate = true> <Delay = 0.74> <CoreInst = "Adder">   --->   Core 1 'Adder' <Latency = 0> <II = 1> <Delay = 0.74> <FuncUnit> <Opcode : 'add' 'sub'> <InPorts = 2> <OutPorts = 1>
ST_1 : Operation 255 [1/1] (0.00ns) (grouped into TernaryAdder)   --->   "%add_ln111_22 = add i13 %add_ln111_21, i13 %zext_ln111_4" [firmware/nnet_utils/nnet_mult.h:111->firmware/nnet_utils/nnet_dense_latency.h:66]   --->   Operation 255 'add' 'add_ln111_22' <Predicate = true> <Delay = 0.00> <CoreInst = "TAddSub">   --->   Core 10 'TAddSub' <Latency = 0> <II = 1> <Delay = 0.36> <IPBlock> <Opcode : '' 'add' 'sub'> <InPorts = 3> <OutPorts = 1> <Sync> <CReg>
ST_1 : Operation 256 [1/1] (0.72ns)   --->   "%add_ln111_23 = add i11 %sext_ln73_5, i11 %sext_ln70_6" [firmware/nnet_utils/nnet_mult.h:111->firmware/nnet_utils/nnet_dense_latency.h:66]   --->   Operation 256 'add' 'add_ln111_23' <Predicate = true> <Delay = 0.72> <CoreInst = "Adder">   --->   Core 1 'Adder' <Latency = 0> <II = 1> <Delay = 0.72> <FuncUnit> <Opcode : 'add' 'sub'> <InPorts = 2> <OutPorts = 1>
ST_1 : Operation 257 [1/1] (0.00ns)   --->   "%sext_ln111_11 = sext i11 %add_ln111_23" [firmware/nnet_utils/nnet_mult.h:111->firmware/nnet_utils/nnet_dense_latency.h:66]   --->   Operation 257 'sext' 'sext_ln111_11' <Predicate = true> <Delay = 0.00>
ST_1 : Operation 258 [1/1] (0.71ns)   --->   "%add_ln111_24 = add i10 %sext_ln73_6, i10 %sext_ln73_7" [firmware/nnet_utils/nnet_mult.h:111->firmware/nnet_utils/nnet_dense_latency.h:66]   --->   Operation 258 'add' 'add_ln111_24' <Predicate = true> <Delay = 0.71> <CoreInst = "Adder">   --->   Core 1 'Adder' <Latency = 0> <II = 1> <Delay = 0.71> <FuncUnit> <Opcode : 'add' 'sub'> <InPorts = 2> <OutPorts = 1>
ST_1 : Operation 259 [1/1] (0.00ns)   --->   "%sext_ln111_12 = sext i10 %add_ln111_24" [firmware/nnet_utils/nnet_mult.h:111->firmware/nnet_utils/nnet_dense_latency.h:66]   --->   Operation 259 'sext' 'sext_ln111_12' <Predicate = true> <Delay = 0.00>
ST_1 : Operation 260 [1/1] (0.73ns)   --->   "%add_ln111_25 = add i12 %sext_ln111_12, i12 %sext_ln111_11" [firmware/nnet_utils/nnet_mult.h:111->firmware/nnet_utils/nnet_dense_latency.h:66]   --->   Operation 260 'add' 'add_ln111_25' <Predicate = true> <Delay = 0.73> <CoreInst = "Adder">   --->   Core 1 'Adder' <Latency = 0> <II = 1> <Delay = 0.73> <FuncUnit> <Opcode : 'add' 'sub'> <InPorts = 2> <OutPorts = 1>
ST_1 : Operation 261 [1/1] (0.00ns)   --->   "%sext_ln111_13 = sext i12 %add_ln111_25" [firmware/nnet_utils/nnet_mult.h:111->firmware/nnet_utils/nnet_dense_latency.h:66]   --->   Operation 261 'sext' 'sext_ln111_13' <Predicate = true> <Delay = 0.00>
ST_1 : Operation 262 [1/1] (0.71ns)   --->   "%add_ln111_26 = add i10 %zext_ln58_11, i10 %zext_ln58_12" [firmware/nnet_utils/nnet_mult.h:111->firmware/nnet_utils/nnet_dense_latency.h:66]   --->   Operation 262 'add' 'add_ln111_26' <Predicate = true> <Delay = 0.71> <CoreInst = "Adder">   --->   Core 1 'Adder' <Latency = 0> <II = 1> <Delay = 0.71> <FuncUnit> <Opcode : 'add' 'sub'> <InPorts = 2> <OutPorts = 1>
ST_1 : Operation 263 [1/1] (0.00ns)   --->   "%zext_ln111_5 = zext i10 %add_ln111_26" [firmware/nnet_utils/nnet_mult.h:111->firmware/nnet_utils/nnet_dense_latency.h:66]   --->   Operation 263 'zext' 'zext_ln111_5' <Predicate = true> <Delay = 0.00>
ST_1 : Operation 264 [1/1] (0.72ns)   --->   "%add_ln111_27 = add i11 %zext_ln42, i11 1920" [firmware/nnet_utils/nnet_mult.h:111->firmware/nnet_utils/nnet_dense_latency.h:66]   --->   Operation 264 'add' 'add_ln111_27' <Predicate = true> <Delay = 0.72> <CoreInst = "Adder">   --->   Core 1 'Adder' <Latency = 0> <II = 1> <Delay = 0.72> <FuncUnit> <Opcode : 'add' 'sub'> <InPorts = 2> <OutPorts = 1>
ST_1 : Operation 265 [1/1] (0.00ns)   --->   "%sext_ln111 = sext i11 %add_ln111_27" [firmware/nnet_utils/nnet_mult.h:111->firmware/nnet_utils/nnet_dense_latency.h:66]   --->   Operation 265 'sext' 'sext_ln111' <Predicate = true> <Delay = 0.00>
ST_1 : Operation 266 [1/1] (0.73ns)   --->   "%add_ln111_28 = add i12 %sext_ln111, i12 %zext_ln111_5" [firmware/nnet_utils/nnet_mult.h:111->firmware/nnet_utils/nnet_dense_latency.h:66]   --->   Operation 266 'add' 'add_ln111_28' <Predicate = true> <Delay = 0.73> <CoreInst = "Adder">   --->   Core 1 'Adder' <Latency = 0> <II = 1> <Delay = 0.73> <FuncUnit> <Opcode : 'add' 'sub'> <InPorts = 2> <OutPorts = 1>
ST_1 : Operation 267 [1/1] (0.00ns)   --->   "%sext_ln111_1 = sext i12 %add_ln111_28" [firmware/nnet_utils/nnet_mult.h:111->firmware/nnet_utils/nnet_dense_latency.h:66]   --->   Operation 267 'sext' 'sext_ln111_1' <Predicate = true> <Delay = 0.00>
ST_1 : Operation 268 [1/1] (0.74ns)   --->   "%add_ln111_29 = add i13 %sext_ln111_1, i13 %sext_ln111_13" [firmware/nnet_utils/nnet_mult.h:111->firmware/nnet_utils/nnet_dense_latency.h:66]   --->   Operation 268 'add' 'add_ln111_29' <Predicate = true> <Delay = 0.74> <CoreInst = "Adder">   --->   Core 1 'Adder' <Latency = 0> <II = 1> <Delay = 0.74> <FuncUnit> <Opcode : 'add' 'sub'> <InPorts = 2> <OutPorts = 1>
ST_1 : Operation 269 [1/1] (0.73ns) (root node of TernaryAdder)   --->   "%add_ln111_1 = add i13 %add_ln111_29, i13 %add_ln111_22" [firmware/nnet_utils/nnet_mult.h:111->firmware/nnet_utils/nnet_dense_latency.h:66]   --->   Operation 269 'add' 'add_ln111_1' <Predicate = true> <Delay = 0.73> <CoreInst = "TAddSub">   --->   Core 10 'TAddSub' <Latency = 0> <II = 1> <Delay = 0.36> <IPBlock> <Opcode : '' 'add' 'sub'> <InPorts = 3> <OutPorts = 1> <Sync> <CReg>
ST_1 : Operation 270 [1/1] (0.00ns)   --->   "%shl_ln111_1 = bitconcatenate i23 @_ssdm_op_BitConcatenate.i23.i13.i10, i13 %add_ln111_1, i10 0" [firmware/nnet_utils/nnet_mult.h:111->firmware/nnet_utils/nnet_dense_latency.h:66]   --->   Operation 270 'bitconcatenate' 'shl_ln111_1' <Predicate = true> <Delay = 0.00>
ST_1 : Operation 271 [1/1] (0.70ns)   --->   "%add_ln111_30 = add i8 %zext_ln58_1, i8 %zext_ln58_3" [firmware/nnet_utils/nnet_mult.h:111->firmware/nnet_utils/nnet_dense_latency.h:66]   --->   Operation 271 'add' 'add_ln111_30' <Predicate = true> <Delay = 0.70> <CoreInst = "Adder">   --->   Core 1 'Adder' <Latency = 0> <II = 1> <Delay = 0.70> <FuncUnit> <Opcode : 'add' 'sub'> <InPorts = 2> <OutPorts = 1>
ST_1 : Operation 272 [1/1] (0.00ns)   --->   "%zext_ln111_7 = zext i8 %add_ln111_30" [firmware/nnet_utils/nnet_mult.h:111->firmware/nnet_utils/nnet_dense_latency.h:66]   --->   Operation 272 'zext' 'zext_ln111_7' <Predicate = true> <Delay = 0.00>
ST_1 : Operation 273 [1/1] (0.00ns) (grouped into TernaryAdder)   --->   "%add_ln111_31 = add i11 %zext_ln58_13, i11 %sext_ln70" [firmware/nnet_utils/nnet_mult.h:111->firmware/nnet_utils/nnet_dense_latency.h:66]   --->   Operation 273 'add' 'add_ln111_31' <Predicate = true> <Delay = 0.00> <CoreInst = "TAddSub">   --->   Core 10 'TAddSub' <Latency = 0> <II = 1> <Delay = 0.36> <IPBlock> <Opcode : '' 'add' 'sub'> <InPorts = 3> <OutPorts = 1> <Sync> <CReg>
ST_1 : Operation 274 [1/1] (0.77ns) (root node of TernaryAdder)   --->   "%add_ln111_32 = add i11 %add_ln111_31, i11 %zext_ln111_7" [firmware/nnet_utils/nnet_mult.h:111->firmware/nnet_utils/nnet_dense_latency.h:66]   --->   Operation 274 'add' 'add_ln111_32' <Predicate = true> <Delay = 0.77> <CoreInst = "TAddSub">   --->   Core 10 'TAddSub' <Latency = 0> <II = 1> <Delay = 0.36> <IPBlock> <Opcode : '' 'add' 'sub'> <InPorts = 3> <OutPorts = 1> <Sync> <CReg>
ST_1 : Operation 275 [1/1] (0.00ns)   --->   "%sext_ln111_14 = sext i11 %add_ln111_32" [firmware/nnet_utils/nnet_mult.h:111->firmware/nnet_utils/nnet_dense_latency.h:66]   --->   Operation 275 'sext' 'sext_ln111_14' <Predicate = true> <Delay = 0.00>
ST_1 : Operation 276 [1/1] (0.71ns)   --->   "%add_ln111_33 = add i11 %zext_ln58_14, i11 %sext_ln70_3" [firmware/nnet_utils/nnet_mult.h:111->firmware/nnet_utils/nnet_dense_latency.h:66]   --->   Operation 276 'add' 'add_ln111_33' <Predicate = true> <Delay = 0.71> <CoreInst = "Adder">   --->   Core 1 'Adder' <Latency = 0> <II = 1> <Delay = 0.71> <FuncUnit> <Opcode : 'add' 'sub'> <InPorts = 2> <OutPorts = 1>
ST_1 : Operation 277 [1/1] (0.00ns)   --->   "%sext_ln111_15 = sext i11 %add_ln111_33" [firmware/nnet_utils/nnet_mult.h:111->firmware/nnet_utils/nnet_dense_latency.h:66]   --->   Operation 277 'sext' 'sext_ln111_15' <Predicate = true> <Delay = 0.00>
ST_1 : Operation 278 [1/1] (0.72ns)   --->   "%add_ln111_34 = add i11 %zext_ln58_15, i11 %zext_ln58_16" [firmware/nnet_utils/nnet_mult.h:111->firmware/nnet_utils/nnet_dense_latency.h:66]   --->   Operation 278 'add' 'add_ln111_34' <Predicate = true> <Delay = 0.72> <CoreInst = "Adder">   --->   Core 1 'Adder' <Latency = 0> <II = 1> <Delay = 0.72> <FuncUnit> <Opcode : 'add' 'sub'> <InPorts = 2> <OutPorts = 1>
ST_1 : Operation 279 [1/1] (0.00ns)   --->   "%zext_ln111_8 = zext i11 %add_ln111_34" [firmware/nnet_utils/nnet_mult.h:111->firmware/nnet_utils/nnet_dense_latency.h:66]   --->   Operation 279 'zext' 'zext_ln111_8' <Predicate = true> <Delay = 0.00>
ST_1 : Operation 280 [1/1] (0.73ns)   --->   "%add_ln111_35 = add i12 %zext_ln111_8, i12 %sext_ln111_15" [firmware/nnet_utils/nnet_mult.h:111->firmware/nnet_utils/nnet_dense_latency.h:66]   --->   Operation 280 'add' 'add_ln111_35' <Predicate = true> <Delay = 0.73> <CoreInst = "Adder">   --->   Core 1 'Adder' <Latency = 0> <II = 1> <Delay = 0.73> <FuncUnit> <Opcode : 'add' 'sub'> <InPorts = 2> <OutPorts = 1>
ST_1 : Operation 281 [1/1] (0.00ns)   --->   "%sext_ln111_16 = sext i12 %add_ln111_35" [firmware/nnet_utils/nnet_mult.h:111->firmware/nnet_utils/nnet_dense_latency.h:66]   --->   Operation 281 'sext' 'sext_ln111_16' <Predicate = true> <Delay = 0.00>
ST_1 : Operation 282 [1/1] (0.00ns) (grouped into TernaryAdder)   --->   "%add_ln111_36 = add i13 %sext_ln111_16, i13 %sext_ln111_14" [firmware/nnet_utils/nnet_mult.h:111->firmware/nnet_utils/nnet_dense_latency.h:66]   --->   Operation 282 'add' 'add_ln111_36' <Predicate = true> <Delay = 0.00> <CoreInst = "TAddSub">   --->   Core 10 'TAddSub' <Latency = 0> <II = 1> <Delay = 0.36> <IPBlock> <Opcode : '' 'add' 'sub'> <InPorts = 3> <OutPorts = 1> <Sync> <CReg>
ST_1 : Operation 283 [1/1] (0.72ns)   --->   "%add_ln111_37 = add i11 %sext_ln70_5, i11 %sext_ln70_6" [firmware/nnet_utils/nnet_mult.h:111->firmware/nnet_utils/nnet_dense_latency.h:66]   --->   Operation 283 'add' 'add_ln111_37' <Predicate = true> <Delay = 0.72> <CoreInst = "Adder">   --->   Core 1 'Adder' <Latency = 0> <II = 1> <Delay = 0.72> <FuncUnit> <Opcode : 'add' 'sub'> <InPorts = 2> <OutPorts = 1>
ST_1 : Operation 284 [1/1] (0.00ns)   --->   "%sext_ln111_17 = sext i11 %add_ln111_37" [firmware/nnet_utils/nnet_mult.h:111->firmware/nnet_utils/nnet_dense_latency.h:66]   --->   Operation 284 'sext' 'sext_ln111_17' <Predicate = true> <Delay = 0.00>
ST_1 : Operation 285 [1/1] (0.00ns) (grouped into TernaryAdder)   --->   "%add_ln111_38 = add i12 %zext_ln58_17, i12 %sext_ln70_7" [firmware/nnet_utils/nnet_mult.h:111->firmware/nnet_utils/nnet_dense_latency.h:66]   --->   Operation 285 'add' 'add_ln111_38' <Predicate = true> <Delay = 0.00> <CoreInst = "TAddSub">   --->   Core 10 'TAddSub' <Latency = 0> <II = 1> <Delay = 0.36> <IPBlock> <Opcode : '' 'add' 'sub'> <InPorts = 3> <OutPorts = 1> <Sync> <CReg>
ST_1 : Operation 286 [1/1] (0.75ns) (root node of TernaryAdder)   --->   "%add_ln111_39 = add i12 %add_ln111_38, i12 %sext_ln111_17" [firmware/nnet_utils/nnet_mult.h:111->firmware/nnet_utils/nnet_dense_latency.h:66]   --->   Operation 286 'add' 'add_ln111_39' <Predicate = true> <Delay = 0.75> <CoreInst = "TAddSub">   --->   Core 10 'TAddSub' <Latency = 0> <II = 1> <Delay = 0.36> <IPBlock> <Opcode : '' 'add' 'sub'> <InPorts = 3> <OutPorts = 1> <Sync> <CReg>
ST_1 : Operation 287 [1/1] (0.00ns)   --->   "%sext_ln111_18 = sext i12 %add_ln111_39" [firmware/nnet_utils/nnet_mult.h:111->firmware/nnet_utils/nnet_dense_latency.h:66]   --->   Operation 287 'sext' 'sext_ln111_18' <Predicate = true> <Delay = 0.00>
ST_1 : Operation 288 [1/1] (0.00ns) (grouped into TernaryAdder)   --->   "%add_ln111_40 = add i12 %sext_ln70_8, i12 %zext_ln111_2" [firmware/nnet_utils/nnet_mult.h:111->firmware/nnet_utils/nnet_dense_latency.h:66]   --->   Operation 288 'add' 'add_ln111_40' <Predicate = true> <Delay = 0.00> <CoreInst = "TAddSub">   --->   Core 10 'TAddSub' <Latency = 0> <II = 1> <Delay = 0.36> <IPBlock> <Opcode : '' 'add' 'sub'> <InPorts = 3> <OutPorts = 1> <Sync> <CReg>
ST_1 : Operation 289 [1/1] (0.71ns)   --->   "%add_ln111_41 = add i10 %zext_ln111, i10 960" [firmware/nnet_utils/nnet_mult.h:111->firmware/nnet_utils/nnet_dense_latency.h:66]   --->   Operation 289 'add' 'add_ln111_41' <Predicate = true> <Delay = 0.71> <CoreInst = "Adder">   --->   Core 1 'Adder' <Latency = 0> <II = 1> <Delay = 0.71> <FuncUnit> <Opcode : 'add' 'sub'> <InPorts = 2> <OutPorts = 1>
ST_1 : Operation 290 [1/1] (0.00ns)   --->   "%sext_ln111_19 = sext i10 %add_ln111_41" [firmware/nnet_utils/nnet_mult.h:111->firmware/nnet_utils/nnet_dense_latency.h:66]   --->   Operation 290 'sext' 'sext_ln111_19' <Predicate = true> <Delay = 0.00>
ST_1 : Operation 291 [1/1] (0.75ns) (root node of TernaryAdder)   --->   "%add_ln111_42 = add i12 %sext_ln111_19, i12 %add_ln111_40" [firmware/nnet_utils/nnet_mult.h:111->firmware/nnet_utils/nnet_dense_latency.h:66]   --->   Operation 291 'add' 'add_ln111_42' <Predicate = true> <Delay = 0.75> <CoreInst = "TAddSub">   --->   Core 10 'TAddSub' <Latency = 0> <II = 1> <Delay = 0.36> <IPBlock> <Opcode : '' 'add' 'sub'> <InPorts = 3> <OutPorts = 1> <Sync> <CReg>
ST_1 : Operation 292 [1/1] (0.00ns)   --->   "%sext_ln111_20 = sext i12 %add_ln111_42" [firmware/nnet_utils/nnet_mult.h:111->firmware/nnet_utils/nnet_dense_latency.h:66]   --->   Operation 292 'sext' 'sext_ln111_20' <Predicate = true> <Delay = 0.00>
ST_1 : Operation 293 [1/1] (0.74ns)   --->   "%add_ln111_43 = add i13 %sext_ln111_20, i13 %sext_ln111_18" [firmware/nnet_utils/nnet_mult.h:111->firmware/nnet_utils/nnet_dense_latency.h:66]   --->   Operation 293 'add' 'add_ln111_43' <Predicate = true> <Delay = 0.74> <CoreInst = "Adder">   --->   Core 1 'Adder' <Latency = 0> <II = 1> <Delay = 0.74> <FuncUnit> <Opcode : 'add' 'sub'> <InPorts = 2> <OutPorts = 1>
ST_1 : Operation 294 [1/1] (0.73ns) (root node of TernaryAdder)   --->   "%add_ln111_2 = add i13 %add_ln111_43, i13 %add_ln111_36" [firmware/nnet_utils/nnet_mult.h:111->firmware/nnet_utils/nnet_dense_latency.h:66]   --->   Operation 294 'add' 'add_ln111_2' <Predicate = true> <Delay = 0.73> <CoreInst = "TAddSub">   --->   Core 10 'TAddSub' <Latency = 0> <II = 1> <Delay = 0.36> <IPBlock> <Opcode : '' 'add' 'sub'> <InPorts = 3> <OutPorts = 1> <Sync> <CReg>
ST_1 : Operation 295 [1/1] (0.00ns)   --->   "%shl_ln111_2 = bitconcatenate i23 @_ssdm_op_BitConcatenate.i23.i13.i10, i13 %add_ln111_2, i10 0" [firmware/nnet_utils/nnet_mult.h:111->firmware/nnet_utils/nnet_dense_latency.h:66]   --->   Operation 295 'bitconcatenate' 'shl_ln111_2' <Predicate = true> <Delay = 0.00>
ST_1 : Operation 296 [1/1] (0.00ns)   --->   "%mrv = insertvalue i69 <undef>, i23 %shl_ln" [firmware/nnet_utils/nnet_dense_latency.h:68]   --->   Operation 296 'insertvalue' 'mrv' <Predicate = true> <Delay = 0.00>
ST_1 : Operation 297 [1/1] (0.00ns)   --->   "%mrv_1 = insertvalue i69 %mrv, i23 %shl_ln111_1" [firmware/nnet_utils/nnet_dense_latency.h:68]   --->   Operation 297 'insertvalue' 'mrv_1' <Predicate = true> <Delay = 0.00>
ST_1 : Operation 298 [1/1] (0.00ns)   --->   "%mrv_2 = insertvalue i69 %mrv_1, i23 %shl_ln111_2" [firmware/nnet_utils/nnet_dense_latency.h:68]   --->   Operation 298 'insertvalue' 'mrv_2' <Predicate = true> <Delay = 0.00>
ST_1 : Operation 299 [1/1] (0.00ns)   --->   "%ret_ln68 = ret i69 %mrv_2" [firmware/nnet_utils/nnet_dense_latency.h:68]   --->   Operation 299 'ret' 'ret_ln68' <Predicate = true> <Delay = 0.00>


============================================================
+ Verbose Summary: Timing violations
============================================================
Target clock period: 25.000ns, clock uncertainty: 6.750ns.

 <State 1>: 4.865ns
The critical path consists of the following:
	wire read operation ('data_15_val_read', firmware/nnet_utils/nnet_mult.h:70->firmware/nnet_utils/nnet_dense_latency.h:42) on port 'data_15_val' (firmware/nnet_utils/nnet_mult.h:70->firmware/nnet_utils/nnet_dense_latency.h:42) [19]  (0.000 ns)
	'mul' operation 19 bit ('mul_ln73_1', firmware/nnet_utils/nnet_mult.h:73->firmware/nnet_utils/nnet_dense_latency.h:42) [189]  (1.924 ns)
	'add' operation 11 bit ('add_ln111_27', firmware/nnet_utils/nnet_mult.h:111->firmware/nnet_utils/nnet_dense_latency.h:66) [279]  (0.725 ns)
	'add' operation 12 bit ('add_ln111_28', firmware/nnet_utils/nnet_mult.h:111->firmware/nnet_utils/nnet_dense_latency.h:66) [281]  (0.735 ns)
	'add' operation 13 bit ('add_ln111_29', firmware/nnet_utils/nnet_mult.h:111->firmware/nnet_utils/nnet_dense_latency.h:66) [283]  (0.745 ns)
	'add' operation 13 bit ('add_ln111_1', firmware/nnet_utils/nnet_mult.h:111->firmware/nnet_utils/nnet_dense_latency.h:66) [284]  (0.736 ns)


============================================================
+ Verbose Summary: Binding
============================================================
N/A
* FSMD analyzer results:
  - Output states:
 - Input state : 
  - Chain level:
	State 1


============================================================
+ Verbose Summary: Datapath Resource usage 
============================================================
N/A
