

================================================================
== Vitis HLS Report for 'linear_ap_fixed_38_8_5_3_0_ap_fixed_16_6_5_3_0_linear_config3_s'
================================================================
* Date:           Wed Oct 16 20:17:10 2024

* Version:        2024.1 (Build 5069499 on May 21 2024)
* Project:        Topo2A_AD_proj_prj
* Solution:       solution1 (Vivado IP Flow Target)
* Product family: virtexuplus
* Target device:  xcvu9p-flga2104-2-e


================================================================
== Performance Estimates
================================================================
+ Timing: 
    * Summary: 
    +--------+----------+----------+------------+
    |  Clock |  Target  | Estimated| Uncertainty|
    +--------+----------+----------+------------+
    |ap_clk  |  25.00 ns|      0 ns|     6.75 ns|
    +--------+----------+----------+------------+

+ Latency: 
    * Summary: 
    +---------+---------+----------+----------+-----+-----+---------+
    |  Latency (cycles) |  Latency (absolute) |  Interval | Pipeline|
    |   min   |   max   |    min   |    max   | min | max |   Type  |
    +---------+---------+----------+----------+-----+-----+---------+
    |        0|        0|      0 ns|      0 ns|    1|    1|      yes|
    +---------+---------+----------+----------+-----+-----+---------+

    + Detail: 
        * Instance: 
        N/A

        * Loop: 
        N/A

============================================================
+ Verbose Summary: Synthesis Manager
============================================================
InlineROM: 1
ExposeGlobal: 0
============================================================
+ Verbose Summary: CDFG Model
============================================================
IsTopModel: 0
ResetActiveHigh: 1
IsCombinational: 0
IsDatapathOnly: 0
HasWiredReturn: 1
HasMFsm: 2
HasVarLatency: 0
IsPipeline: 1
IsRtlPipelined: 0
IsInstanceOverlapped: 0
IsDontTouch: 0
HasImplIP: 0
IsGatedGlobalClock: 0

+ Individual pipeline summary: 
  * Pipeline-0: initiation interval (II) = 1, depth = 1


============================================================
+ Verbose Summary: Schedule
============================================================
* Number of FSM states : 1
* Pipeline : 1
  Pipeline-0 : II = 1, D = 1, States = { 1 }
* Dataflow Pipeline: 0

* FSM state transitions: 
1 --> 

* FSM state operations: 

State 1 <SV = 0> <Delay = 0.00>
ST_1 : Operation 2 [1/1] (0.00ns)   --->   "%specpipeline_ln32 = specpipeline void @_ssdm_op_SpecPipeline, i32 4294967295, i32 0, i32 0, i32 0, void @empty_0" [firmware/nnet_utils/nnet_activation.h:32]   --->   Operation 2 'specpipeline' 'specpipeline_ln32' <Predicate = true> <Delay = 0.00>
ST_1 : Operation 3 [1/1] (0.00ns)   --->   "%data_31_val_read = read i36 @_ssdm_op_Read.ap_auto.i36, i36 %data_31_val" [firmware/nnet_utils/nnet_activation.h:32]   --->   Operation 3 'read' 'data_31_val_read' <Predicate = true> <Delay = 0.00>
ST_1 : Operation 4 [1/1] (0.00ns)   --->   "%data_30_val_read = read i36 @_ssdm_op_Read.ap_auto.i36, i36 %data_30_val" [firmware/nnet_utils/nnet_activation.h:32]   --->   Operation 4 'read' 'data_30_val_read' <Predicate = true> <Delay = 0.00>
ST_1 : Operation 5 [1/1] (0.00ns)   --->   "%data_29_val_read = read i36 @_ssdm_op_Read.ap_auto.i36, i36 %data_29_val" [firmware/nnet_utils/nnet_activation.h:32]   --->   Operation 5 'read' 'data_29_val_read' <Predicate = true> <Delay = 0.00>
ST_1 : Operation 6 [1/1] (0.00ns)   --->   "%data_28_val_read = read i36 @_ssdm_op_Read.ap_auto.i36, i36 %data_28_val" [firmware/nnet_utils/nnet_activation.h:32]   --->   Operation 6 'read' 'data_28_val_read' <Predicate = true> <Delay = 0.00>
ST_1 : Operation 7 [1/1] (0.00ns)   --->   "%data_27_val_read = read i36 @_ssdm_op_Read.ap_auto.i36, i36 %data_27_val" [firmware/nnet_utils/nnet_activation.h:32]   --->   Operation 7 'read' 'data_27_val_read' <Predicate = true> <Delay = 0.00>
ST_1 : Operation 8 [1/1] (0.00ns)   --->   "%data_26_val_read = read i36 @_ssdm_op_Read.ap_auto.i36, i36 %data_26_val" [firmware/nnet_utils/nnet_activation.h:32]   --->   Operation 8 'read' 'data_26_val_read' <Predicate = true> <Delay = 0.00>
ST_1 : Operation 9 [1/1] (0.00ns)   --->   "%data_25_val_read = read i36 @_ssdm_op_Read.ap_auto.i36, i36 %data_25_val" [firmware/nnet_utils/nnet_activation.h:32]   --->   Operation 9 'read' 'data_25_val_read' <Predicate = true> <Delay = 0.00>
ST_1 : Operation 10 [1/1] (0.00ns)   --->   "%data_24_val_read = read i36 @_ssdm_op_Read.ap_auto.i36, i36 %data_24_val" [firmware/nnet_utils/nnet_activation.h:32]   --->   Operation 10 'read' 'data_24_val_read' <Predicate = true> <Delay = 0.00>
ST_1 : Operation 11 [1/1] (0.00ns)   --->   "%data_23_val_read = read i36 @_ssdm_op_Read.ap_auto.i36, i36 %data_23_val" [firmware/nnet_utils/nnet_activation.h:32]   --->   Operation 11 'read' 'data_23_val_read' <Predicate = true> <Delay = 0.00>
ST_1 : Operation 12 [1/1] (0.00ns)   --->   "%data_22_val_read = read i36 @_ssdm_op_Read.ap_auto.i36, i36 %data_22_val" [firmware/nnet_utils/nnet_activation.h:32]   --->   Operation 12 'read' 'data_22_val_read' <Predicate = true> <Delay = 0.00>
ST_1 : Operation 13 [1/1] (0.00ns)   --->   "%data_21_val_read = read i36 @_ssdm_op_Read.ap_auto.i36, i36 %data_21_val" [firmware/nnet_utils/nnet_activation.h:32]   --->   Operation 13 'read' 'data_21_val_read' <Predicate = true> <Delay = 0.00>
ST_1 : Operation 14 [1/1] (0.00ns)   --->   "%data_20_val_read = read i36 @_ssdm_op_Read.ap_auto.i36, i36 %data_20_val" [firmware/nnet_utils/nnet_activation.h:32]   --->   Operation 14 'read' 'data_20_val_read' <Predicate = true> <Delay = 0.00>
ST_1 : Operation 15 [1/1] (0.00ns)   --->   "%data_19_val_read = read i36 @_ssdm_op_Read.ap_auto.i36, i36 %data_19_val" [firmware/nnet_utils/nnet_activation.h:32]   --->   Operation 15 'read' 'data_19_val_read' <Predicate = true> <Delay = 0.00>
ST_1 : Operation 16 [1/1] (0.00ns)   --->   "%data_18_val_read = read i36 @_ssdm_op_Read.ap_auto.i36, i36 %data_18_val" [firmware/nnet_utils/nnet_activation.h:32]   --->   Operation 16 'read' 'data_18_val_read' <Predicate = true> <Delay = 0.00>
ST_1 : Operation 17 [1/1] (0.00ns)   --->   "%data_17_val_read = read i36 @_ssdm_op_Read.ap_auto.i36, i36 %data_17_val" [firmware/nnet_utils/nnet_activation.h:32]   --->   Operation 17 'read' 'data_17_val_read' <Predicate = true> <Delay = 0.00>
ST_1 : Operation 18 [1/1] (0.00ns)   --->   "%data_16_val_read = read i36 @_ssdm_op_Read.ap_auto.i36, i36 %data_16_val" [firmware/nnet_utils/nnet_activation.h:32]   --->   Operation 18 'read' 'data_16_val_read' <Predicate = true> <Delay = 0.00>
ST_1 : Operation 19 [1/1] (0.00ns)   --->   "%data_15_val_read = read i36 @_ssdm_op_Read.ap_auto.i36, i36 %data_15_val" [firmware/nnet_utils/nnet_activation.h:32]   --->   Operation 19 'read' 'data_15_val_read' <Predicate = true> <Delay = 0.00>
ST_1 : Operation 20 [1/1] (0.00ns)   --->   "%data_14_val_read = read i36 @_ssdm_op_Read.ap_auto.i36, i36 %data_14_val" [firmware/nnet_utils/nnet_activation.h:32]   --->   Operation 20 'read' 'data_14_val_read' <Predicate = true> <Delay = 0.00>
ST_1 : Operation 21 [1/1] (0.00ns)   --->   "%data_13_val_read = read i36 @_ssdm_op_Read.ap_auto.i36, i36 %data_13_val" [firmware/nnet_utils/nnet_activation.h:32]   --->   Operation 21 'read' 'data_13_val_read' <Predicate = true> <Delay = 0.00>
ST_1 : Operation 22 [1/1] (0.00ns)   --->   "%data_12_val_read = read i36 @_ssdm_op_Read.ap_auto.i36, i36 %data_12_val" [firmware/nnet_utils/nnet_activation.h:32]   --->   Operation 22 'read' 'data_12_val_read' <Predicate = true> <Delay = 0.00>
ST_1 : Operation 23 [1/1] (0.00ns)   --->   "%data_11_val_read = read i36 @_ssdm_op_Read.ap_auto.i36, i36 %data_11_val" [firmware/nnet_utils/nnet_activation.h:32]   --->   Operation 23 'read' 'data_11_val_read' <Predicate = true> <Delay = 0.00>
ST_1 : Operation 24 [1/1] (0.00ns)   --->   "%data_10_val_read = read i36 @_ssdm_op_Read.ap_auto.i36, i36 %data_10_val" [firmware/nnet_utils/nnet_activation.h:32]   --->   Operation 24 'read' 'data_10_val_read' <Predicate = true> <Delay = 0.00>
ST_1 : Operation 25 [1/1] (0.00ns)   --->   "%data_9_val_read = read i36 @_ssdm_op_Read.ap_auto.i36, i36 %data_9_val" [firmware/nnet_utils/nnet_activation.h:32]   --->   Operation 25 'read' 'data_9_val_read' <Predicate = true> <Delay = 0.00>
ST_1 : Operation 26 [1/1] (0.00ns)   --->   "%data_8_val_read = read i36 @_ssdm_op_Read.ap_auto.i36, i36 %data_8_val" [firmware/nnet_utils/nnet_activation.h:32]   --->   Operation 26 'read' 'data_8_val_read' <Predicate = true> <Delay = 0.00>
ST_1 : Operation 27 [1/1] (0.00ns)   --->   "%data_7_val_read = read i36 @_ssdm_op_Read.ap_auto.i36, i36 %data_7_val" [firmware/nnet_utils/nnet_activation.h:32]   --->   Operation 27 'read' 'data_7_val_read' <Predicate = true> <Delay = 0.00>
ST_1 : Operation 28 [1/1] (0.00ns)   --->   "%data_6_val_read = read i36 @_ssdm_op_Read.ap_auto.i36, i36 %data_6_val" [firmware/nnet_utils/nnet_activation.h:32]   --->   Operation 28 'read' 'data_6_val_read' <Predicate = true> <Delay = 0.00>
ST_1 : Operation 29 [1/1] (0.00ns)   --->   "%data_5_val_read = read i36 @_ssdm_op_Read.ap_auto.i36, i36 %data_5_val" [firmware/nnet_utils/nnet_activation.h:32]   --->   Operation 29 'read' 'data_5_val_read' <Predicate = true> <Delay = 0.00>
ST_1 : Operation 30 [1/1] (0.00ns)   --->   "%data_4_val_read = read i36 @_ssdm_op_Read.ap_auto.i36, i36 %data_4_val" [firmware/nnet_utils/nnet_activation.h:32]   --->   Operation 30 'read' 'data_4_val_read' <Predicate = true> <Delay = 0.00>
ST_1 : Operation 31 [1/1] (0.00ns)   --->   "%data_3_val_read = read i36 @_ssdm_op_Read.ap_auto.i36, i36 %data_3_val" [firmware/nnet_utils/nnet_activation.h:32]   --->   Operation 31 'read' 'data_3_val_read' <Predicate = true> <Delay = 0.00>
ST_1 : Operation 32 [1/1] (0.00ns)   --->   "%data_2_val_read = read i36 @_ssdm_op_Read.ap_auto.i36, i36 %data_2_val" [firmware/nnet_utils/nnet_activation.h:32]   --->   Operation 32 'read' 'data_2_val_read' <Predicate = true> <Delay = 0.00>
ST_1 : Operation 33 [1/1] (0.00ns)   --->   "%data_1_val_read = read i36 @_ssdm_op_Read.ap_auto.i36, i36 %data_1_val" [firmware/nnet_utils/nnet_activation.h:32]   --->   Operation 33 'read' 'data_1_val_read' <Predicate = true> <Delay = 0.00>
ST_1 : Operation 34 [1/1] (0.00ns)   --->   "%data_0_val_read = read i36 @_ssdm_op_Read.ap_auto.i36, i36 %data_0_val" [firmware/nnet_utils/nnet_activation.h:32]   --->   Operation 34 'read' 'data_0_val_read' <Predicate = true> <Delay = 0.00>
ST_1 : Operation 35 [1/1] (0.00ns)   --->   "%trunc_ln = partselect i16 @_ssdm_op_PartSelect.i16.i36.i32.i32, i36 %data_0_val_read, i32 20, i32 35" [firmware/nnet_utils/nnet_activation.h:32]   --->   Operation 35 'partselect' 'trunc_ln' <Predicate = true> <Delay = 0.00>
ST_1 : Operation 36 [1/1] (0.00ns)   --->   "%trunc_ln32_1 = partselect i16 @_ssdm_op_PartSelect.i16.i36.i32.i32, i36 %data_1_val_read, i32 20, i32 35" [firmware/nnet_utils/nnet_activation.h:32]   --->   Operation 36 'partselect' 'trunc_ln32_1' <Predicate = true> <Delay = 0.00>
ST_1 : Operation 37 [1/1] (0.00ns)   --->   "%trunc_ln32_2 = partselect i16 @_ssdm_op_PartSelect.i16.i36.i32.i32, i36 %data_2_val_read, i32 20, i32 35" [firmware/nnet_utils/nnet_activation.h:32]   --->   Operation 37 'partselect' 'trunc_ln32_2' <Predicate = true> <Delay = 0.00>
ST_1 : Operation 38 [1/1] (0.00ns)   --->   "%trunc_ln32_3 = partselect i16 @_ssdm_op_PartSelect.i16.i36.i32.i32, i36 %data_3_val_read, i32 20, i32 35" [firmware/nnet_utils/nnet_activation.h:32]   --->   Operation 38 'partselect' 'trunc_ln32_3' <Predicate = true> <Delay = 0.00>
ST_1 : Operation 39 [1/1] (0.00ns)   --->   "%trunc_ln32_4 = partselect i16 @_ssdm_op_PartSelect.i16.i36.i32.i32, i36 %data_4_val_read, i32 20, i32 35" [firmware/nnet_utils/nnet_activation.h:32]   --->   Operation 39 'partselect' 'trunc_ln32_4' <Predicate = true> <Delay = 0.00>
ST_1 : Operation 40 [1/1] (0.00ns)   --->   "%trunc_ln32_5 = partselect i16 @_ssdm_op_PartSelect.i16.i36.i32.i32, i36 %data_5_val_read, i32 20, i32 35" [firmware/nnet_utils/nnet_activation.h:32]   --->   Operation 40 'partselect' 'trunc_ln32_5' <Predicate = true> <Delay = 0.00>
ST_1 : Operation 41 [1/1] (0.00ns)   --->   "%trunc_ln32_6 = partselect i16 @_ssdm_op_PartSelect.i16.i36.i32.i32, i36 %data_6_val_read, i32 20, i32 35" [firmware/nnet_utils/nnet_activation.h:32]   --->   Operation 41 'partselect' 'trunc_ln32_6' <Predicate = true> <Delay = 0.00>
ST_1 : Operation 42 [1/1] (0.00ns)   --->   "%trunc_ln32_7 = partselect i16 @_ssdm_op_PartSelect.i16.i36.i32.i32, i36 %data_7_val_read, i32 20, i32 35" [firmware/nnet_utils/nnet_activation.h:32]   --->   Operation 42 'partselect' 'trunc_ln32_7' <Predicate = true> <Delay = 0.00>
ST_1 : Operation 43 [1/1] (0.00ns)   --->   "%trunc_ln32_8 = partselect i16 @_ssdm_op_PartSelect.i16.i36.i32.i32, i36 %data_8_val_read, i32 20, i32 35" [firmware/nnet_utils/nnet_activation.h:32]   --->   Operation 43 'partselect' 'trunc_ln32_8' <Predicate = true> <Delay = 0.00>
ST_1 : Operation 44 [1/1] (0.00ns)   --->   "%trunc_ln32_9 = partselect i16 @_ssdm_op_PartSelect.i16.i36.i32.i32, i36 %data_9_val_read, i32 20, i32 35" [firmware/nnet_utils/nnet_activation.h:32]   --->   Operation 44 'partselect' 'trunc_ln32_9' <Predicate = true> <Delay = 0.00>
ST_1 : Operation 45 [1/1] (0.00ns)   --->   "%trunc_ln32_s = partselect i16 @_ssdm_op_PartSelect.i16.i36.i32.i32, i36 %data_10_val_read, i32 20, i32 35" [firmware/nnet_utils/nnet_activation.h:32]   --->   Operation 45 'partselect' 'trunc_ln32_s' <Predicate = true> <Delay = 0.00>
ST_1 : Operation 46 [1/1] (0.00ns)   --->   "%trunc_ln32_10 = partselect i16 @_ssdm_op_PartSelect.i16.i36.i32.i32, i36 %data_11_val_read, i32 20, i32 35" [firmware/nnet_utils/nnet_activation.h:32]   --->   Operation 46 'partselect' 'trunc_ln32_10' <Predicate = true> <Delay = 0.00>
ST_1 : Operation 47 [1/1] (0.00ns)   --->   "%trunc_ln32_11 = partselect i16 @_ssdm_op_PartSelect.i16.i36.i32.i32, i36 %data_12_val_read, i32 20, i32 35" [firmware/nnet_utils/nnet_activation.h:32]   --->   Operation 47 'partselect' 'trunc_ln32_11' <Predicate = true> <Delay = 0.00>
ST_1 : Operation 48 [1/1] (0.00ns)   --->   "%trunc_ln32_12 = partselect i16 @_ssdm_op_PartSelect.i16.i36.i32.i32, i36 %data_13_val_read, i32 20, i32 35" [firmware/nnet_utils/nnet_activation.h:32]   --->   Operation 48 'partselect' 'trunc_ln32_12' <Predicate = true> <Delay = 0.00>
ST_1 : Operation 49 [1/1] (0.00ns)   --->   "%trunc_ln32_13 = partselect i16 @_ssdm_op_PartSelect.i16.i36.i32.i32, i36 %data_14_val_read, i32 20, i32 35" [firmware/nnet_utils/nnet_activation.h:32]   --->   Operation 49 'partselect' 'trunc_ln32_13' <Predicate = true> <Delay = 0.00>
ST_1 : Operation 50 [1/1] (0.00ns)   --->   "%trunc_ln32_14 = partselect i16 @_ssdm_op_PartSelect.i16.i36.i32.i32, i36 %data_15_val_read, i32 20, i32 35" [firmware/nnet_utils/nnet_activation.h:32]   --->   Operation 50 'partselect' 'trunc_ln32_14' <Predicate = true> <Delay = 0.00>
ST_1 : Operation 51 [1/1] (0.00ns)   --->   "%trunc_ln32_15 = partselect i16 @_ssdm_op_PartSelect.i16.i36.i32.i32, i36 %data_16_val_read, i32 20, i32 35" [firmware/nnet_utils/nnet_activation.h:32]   --->   Operation 51 'partselect' 'trunc_ln32_15' <Predicate = true> <Delay = 0.00>
ST_1 : Operation 52 [1/1] (0.00ns)   --->   "%trunc_ln32_16 = partselect i16 @_ssdm_op_PartSelect.i16.i36.i32.i32, i36 %data_17_val_read, i32 20, i32 35" [firmware/nnet_utils/nnet_activation.h:32]   --->   Operation 52 'partselect' 'trunc_ln32_16' <Predicate = true> <Delay = 0.00>
ST_1 : Operation 53 [1/1] (0.00ns)   --->   "%trunc_ln32_17 = partselect i16 @_ssdm_op_PartSelect.i16.i36.i32.i32, i36 %data_18_val_read, i32 20, i32 35" [firmware/nnet_utils/nnet_activation.h:32]   --->   Operation 53 'partselect' 'trunc_ln32_17' <Predicate = true> <Delay = 0.00>
ST_1 : Operation 54 [1/1] (0.00ns)   --->   "%trunc_ln32_18 = partselect i16 @_ssdm_op_PartSelect.i16.i36.i32.i32, i36 %data_19_val_read, i32 20, i32 35" [firmware/nnet_utils/nnet_activation.h:32]   --->   Operation 54 'partselect' 'trunc_ln32_18' <Predicate = true> <Delay = 0.00>
ST_1 : Operation 55 [1/1] (0.00ns)   --->   "%trunc_ln32_19 = partselect i16 @_ssdm_op_PartSelect.i16.i36.i32.i32, i36 %data_20_val_read, i32 20, i32 35" [firmware/nnet_utils/nnet_activation.h:32]   --->   Operation 55 'partselect' 'trunc_ln32_19' <Predicate = true> <Delay = 0.00>
ST_1 : Operation 56 [1/1] (0.00ns)   --->   "%trunc_ln32_20 = partselect i16 @_ssdm_op_PartSelect.i16.i36.i32.i32, i36 %data_21_val_read, i32 20, i32 35" [firmware/nnet_utils/nnet_activation.h:32]   --->   Operation 56 'partselect' 'trunc_ln32_20' <Predicate = true> <Delay = 0.00>
ST_1 : Operation 57 [1/1] (0.00ns)   --->   "%trunc_ln32_21 = partselect i16 @_ssdm_op_PartSelect.i16.i36.i32.i32, i36 %data_22_val_read, i32 20, i32 35" [firmware/nnet_utils/nnet_activation.h:32]   --->   Operation 57 'partselect' 'trunc_ln32_21' <Predicate = true> <Delay = 0.00>
ST_1 : Operation 58 [1/1] (0.00ns)   --->   "%trunc_ln32_22 = partselect i16 @_ssdm_op_PartSelect.i16.i36.i32.i32, i36 %data_23_val_read, i32 20, i32 35" [firmware/nnet_utils/nnet_activation.h:32]   --->   Operation 58 'partselect' 'trunc_ln32_22' <Predicate = true> <Delay = 0.00>
ST_1 : Operation 59 [1/1] (0.00ns)   --->   "%trunc_ln32_23 = partselect i16 @_ssdm_op_PartSelect.i16.i36.i32.i32, i36 %data_24_val_read, i32 20, i32 35" [firmware/nnet_utils/nnet_activation.h:32]   --->   Operation 59 'partselect' 'trunc_ln32_23' <Predicate = true> <Delay = 0.00>
ST_1 : Operation 60 [1/1] (0.00ns)   --->   "%trunc_ln32_24 = partselect i16 @_ssdm_op_PartSelect.i16.i36.i32.i32, i36 %data_25_val_read, i32 20, i32 35" [firmware/nnet_utils/nnet_activation.h:32]   --->   Operation 60 'partselect' 'trunc_ln32_24' <Predicate = true> <Delay = 0.00>
ST_1 : Operation 61 [1/1] (0.00ns)   --->   "%trunc_ln32_25 = partselect i16 @_ssdm_op_PartSelect.i16.i36.i32.i32, i36 %data_26_val_read, i32 20, i32 35" [firmware/nnet_utils/nnet_activation.h:32]   --->   Operation 61 'partselect' 'trunc_ln32_25' <Predicate = true> <Delay = 0.00>
ST_1 : Operation 62 [1/1] (0.00ns)   --->   "%trunc_ln32_26 = partselect i16 @_ssdm_op_PartSelect.i16.i36.i32.i32, i36 %data_27_val_read, i32 20, i32 35" [firmware/nnet_utils/nnet_activation.h:32]   --->   Operation 62 'partselect' 'trunc_ln32_26' <Predicate = true> <Delay = 0.00>
ST_1 : Operation 63 [1/1] (0.00ns)   --->   "%trunc_ln32_27 = partselect i16 @_ssdm_op_PartSelect.i16.i36.i32.i32, i36 %data_28_val_read, i32 20, i32 35" [firmware/nnet_utils/nnet_activation.h:32]   --->   Operation 63 'partselect' 'trunc_ln32_27' <Predicate = true> <Delay = 0.00>
ST_1 : Operation 64 [1/1] (0.00ns)   --->   "%trunc_ln32_28 = partselect i16 @_ssdm_op_PartSelect.i16.i36.i32.i32, i36 %data_29_val_read, i32 20, i32 35" [firmware/nnet_utils/nnet_activation.h:32]   --->   Operation 64 'partselect' 'trunc_ln32_28' <Predicate = true> <Delay = 0.00>
ST_1 : Operation 65 [1/1] (0.00ns)   --->   "%trunc_ln32_29 = partselect i16 @_ssdm_op_PartSelect.i16.i36.i32.i32, i36 %data_30_val_read, i32 20, i32 35" [firmware/nnet_utils/nnet_activation.h:32]   --->   Operation 65 'partselect' 'trunc_ln32_29' <Predicate = true> <Delay = 0.00>
ST_1 : Operation 66 [1/1] (0.00ns)   --->   "%trunc_ln32_30 = partselect i16 @_ssdm_op_PartSelect.i16.i36.i32.i32, i36 %data_31_val_read, i32 20, i32 35" [firmware/nnet_utils/nnet_activation.h:32]   --->   Operation 66 'partselect' 'trunc_ln32_30' <Predicate = true> <Delay = 0.00>
ST_1 : Operation 67 [1/1] (0.00ns)   --->   "%mrv = insertvalue i512 <undef>, i16 %trunc_ln" [firmware/nnet_utils/nnet_activation.h:34]   --->   Operation 67 'insertvalue' 'mrv' <Predicate = true> <Delay = 0.00>
ST_1 : Operation 68 [1/1] (0.00ns)   --->   "%mrv_1 = insertvalue i512 %mrv, i16 %trunc_ln32_1" [firmware/nnet_utils/nnet_activation.h:34]   --->   Operation 68 'insertvalue' 'mrv_1' <Predicate = true> <Delay = 0.00>
ST_1 : Operation 69 [1/1] (0.00ns)   --->   "%mrv_2 = insertvalue i512 %mrv_1, i16 %trunc_ln32_2" [firmware/nnet_utils/nnet_activation.h:34]   --->   Operation 69 'insertvalue' 'mrv_2' <Predicate = true> <Delay = 0.00>
ST_1 : Operation 70 [1/1] (0.00ns)   --->   "%mrv_3 = insertvalue i512 %mrv_2, i16 %trunc_ln32_3" [firmware/nnet_utils/nnet_activation.h:34]   --->   Operation 70 'insertvalue' 'mrv_3' <Predicate = true> <Delay = 0.00>
ST_1 : Operation 71 [1/1] (0.00ns)   --->   "%mrv_4 = insertvalue i512 %mrv_3, i16 %trunc_ln32_4" [firmware/nnet_utils/nnet_activation.h:34]   --->   Operation 71 'insertvalue' 'mrv_4' <Predicate = true> <Delay = 0.00>
ST_1 : Operation 72 [1/1] (0.00ns)   --->   "%mrv_5 = insertvalue i512 %mrv_4, i16 %trunc_ln32_5" [firmware/nnet_utils/nnet_activation.h:34]   --->   Operation 72 'insertvalue' 'mrv_5' <Predicate = true> <Delay = 0.00>
ST_1 : Operation 73 [1/1] (0.00ns)   --->   "%mrv_6 = insertvalue i512 %mrv_5, i16 %trunc_ln32_6" [firmware/nnet_utils/nnet_activation.h:34]   --->   Operation 73 'insertvalue' 'mrv_6' <Predicate = true> <Delay = 0.00>
ST_1 : Operation 74 [1/1] (0.00ns)   --->   "%mrv_7 = insertvalue i512 %mrv_6, i16 %trunc_ln32_7" [firmware/nnet_utils/nnet_activation.h:34]   --->   Operation 74 'insertvalue' 'mrv_7' <Predicate = true> <Delay = 0.00>
ST_1 : Operation 75 [1/1] (0.00ns)   --->   "%mrv_8 = insertvalue i512 %mrv_7, i16 %trunc_ln32_8" [firmware/nnet_utils/nnet_activation.h:34]   --->   Operation 75 'insertvalue' 'mrv_8' <Predicate = true> <Delay = 0.00>
ST_1 : Operation 76 [1/1] (0.00ns)   --->   "%mrv_9 = insertvalue i512 %mrv_8, i16 %trunc_ln32_9" [firmware/nnet_utils/nnet_activation.h:34]   --->   Operation 76 'insertvalue' 'mrv_9' <Predicate = true> <Delay = 0.00>
ST_1 : Operation 77 [1/1] (0.00ns)   --->   "%mrv_10 = insertvalue i512 %mrv_9, i16 %trunc_ln32_s" [firmware/nnet_utils/nnet_activation.h:34]   --->   Operation 77 'insertvalue' 'mrv_10' <Predicate = true> <Delay = 0.00>
ST_1 : Operation 78 [1/1] (0.00ns)   --->   "%mrv_11 = insertvalue i512 %mrv_10, i16 %trunc_ln32_10" [firmware/nnet_utils/nnet_activation.h:34]   --->   Operation 78 'insertvalue' 'mrv_11' <Predicate = true> <Delay = 0.00>
ST_1 : Operation 79 [1/1] (0.00ns)   --->   "%mrv_12 = insertvalue i512 %mrv_11, i16 %trunc_ln32_11" [firmware/nnet_utils/nnet_activation.h:34]   --->   Operation 79 'insertvalue' 'mrv_12' <Predicate = true> <Delay = 0.00>
ST_1 : Operation 80 [1/1] (0.00ns)   --->   "%mrv_13 = insertvalue i512 %mrv_12, i16 %trunc_ln32_12" [firmware/nnet_utils/nnet_activation.h:34]   --->   Operation 80 'insertvalue' 'mrv_13' <Predicate = true> <Delay = 0.00>
ST_1 : Operation 81 [1/1] (0.00ns)   --->   "%mrv_14 = insertvalue i512 %mrv_13, i16 %trunc_ln32_13" [firmware/nnet_utils/nnet_activation.h:34]   --->   Operation 81 'insertvalue' 'mrv_14' <Predicate = true> <Delay = 0.00>
ST_1 : Operation 82 [1/1] (0.00ns)   --->   "%mrv_15 = insertvalue i512 %mrv_14, i16 %trunc_ln32_14" [firmware/nnet_utils/nnet_activation.h:34]   --->   Operation 82 'insertvalue' 'mrv_15' <Predicate = true> <Delay = 0.00>
ST_1 : Operation 83 [1/1] (0.00ns)   --->   "%mrv_16 = insertvalue i512 %mrv_15, i16 %trunc_ln32_15" [firmware/nnet_utils/nnet_activation.h:34]   --->   Operation 83 'insertvalue' 'mrv_16' <Predicate = true> <Delay = 0.00>
ST_1 : Operation 84 [1/1] (0.00ns)   --->   "%mrv_17 = insertvalue i512 %mrv_16, i16 %trunc_ln32_16" [firmware/nnet_utils/nnet_activation.h:34]   --->   Operation 84 'insertvalue' 'mrv_17' <Predicate = true> <Delay = 0.00>
ST_1 : Operation 85 [1/1] (0.00ns)   --->   "%mrv_18 = insertvalue i512 %mrv_17, i16 %trunc_ln32_17" [firmware/nnet_utils/nnet_activation.h:34]   --->   Operation 85 'insertvalue' 'mrv_18' <Predicate = true> <Delay = 0.00>
ST_1 : Operation 86 [1/1] (0.00ns)   --->   "%mrv_19 = insertvalue i512 %mrv_18, i16 %trunc_ln32_18" [firmware/nnet_utils/nnet_activation.h:34]   --->   Operation 86 'insertvalue' 'mrv_19' <Predicate = true> <Delay = 0.00>
ST_1 : Operation 87 [1/1] (0.00ns)   --->   "%mrv_20 = insertvalue i512 %mrv_19, i16 %trunc_ln32_19" [firmware/nnet_utils/nnet_activation.h:34]   --->   Operation 87 'insertvalue' 'mrv_20' <Predicate = true> <Delay = 0.00>
ST_1 : Operation 88 [1/1] (0.00ns)   --->   "%mrv_21 = insertvalue i512 %mrv_20, i16 %trunc_ln32_20" [firmware/nnet_utils/nnet_activation.h:34]   --->   Operation 88 'insertvalue' 'mrv_21' <Predicate = true> <Delay = 0.00>
ST_1 : Operation 89 [1/1] (0.00ns)   --->   "%mrv_22 = insertvalue i512 %mrv_21, i16 %trunc_ln32_21" [firmware/nnet_utils/nnet_activation.h:34]   --->   Operation 89 'insertvalue' 'mrv_22' <Predicate = true> <Delay = 0.00>
ST_1 : Operation 90 [1/1] (0.00ns)   --->   "%mrv_23 = insertvalue i512 %mrv_22, i16 %trunc_ln32_22" [firmware/nnet_utils/nnet_activation.h:34]   --->   Operation 90 'insertvalue' 'mrv_23' <Predicate = true> <Delay = 0.00>
ST_1 : Operation 91 [1/1] (0.00ns)   --->   "%mrv_24 = insertvalue i512 %mrv_23, i16 %trunc_ln32_23" [firmware/nnet_utils/nnet_activation.h:34]   --->   Operation 91 'insertvalue' 'mrv_24' <Predicate = true> <Delay = 0.00>
ST_1 : Operation 92 [1/1] (0.00ns)   --->   "%mrv_25 = insertvalue i512 %mrv_24, i16 %trunc_ln32_24" [firmware/nnet_utils/nnet_activation.h:34]   --->   Operation 92 'insertvalue' 'mrv_25' <Predicate = true> <Delay = 0.00>
ST_1 : Operation 93 [1/1] (0.00ns)   --->   "%mrv_26 = insertvalue i512 %mrv_25, i16 %trunc_ln32_25" [firmware/nnet_utils/nnet_activation.h:34]   --->   Operation 93 'insertvalue' 'mrv_26' <Predicate = true> <Delay = 0.00>
ST_1 : Operation 94 [1/1] (0.00ns)   --->   "%mrv_27 = insertvalue i512 %mrv_26, i16 %trunc_ln32_26" [firmware/nnet_utils/nnet_activation.h:34]   --->   Operation 94 'insertvalue' 'mrv_27' <Predicate = true> <Delay = 0.00>
ST_1 : Operation 95 [1/1] (0.00ns)   --->   "%mrv_28 = insertvalue i512 %mrv_27, i16 %trunc_ln32_27" [firmware/nnet_utils/nnet_activation.h:34]   --->   Operation 95 'insertvalue' 'mrv_28' <Predicate = true> <Delay = 0.00>
ST_1 : Operation 96 [1/1] (0.00ns)   --->   "%mrv_29 = insertvalue i512 %mrv_28, i16 %trunc_ln32_28" [firmware/nnet_utils/nnet_activation.h:34]   --->   Operation 96 'insertvalue' 'mrv_29' <Predicate = true> <Delay = 0.00>
ST_1 : Operation 97 [1/1] (0.00ns)   --->   "%mrv_30 = insertvalue i512 %mrv_29, i16 %trunc_ln32_29" [firmware/nnet_utils/nnet_activation.h:34]   --->   Operation 97 'insertvalue' 'mrv_30' <Predicate = true> <Delay = 0.00>
ST_1 : Operation 98 [1/1] (0.00ns)   --->   "%mrv_s = insertvalue i512 %mrv_30, i16 %trunc_ln32_30" [firmware/nnet_utils/nnet_activation.h:34]   --->   Operation 98 'insertvalue' 'mrv_s' <Predicate = true> <Delay = 0.00>
ST_1 : Operation 99 [1/1] (0.00ns)   --->   "%ret_ln34 = ret i512 %mrv_s" [firmware/nnet_utils/nnet_activation.h:34]   --->   Operation 99 'ret' 'ret_ln34' <Predicate = true> <Delay = 0.00>


============================================================
+ Verbose Summary: Timing violations
============================================================
Target clock period: 25.000ns, clock uncertainty: 6.750ns.

 <State 1>: 0.000ns
The critical path consists of the following:


============================================================
+ Verbose Summary: Binding
============================================================
N/A
* FSMD analyzer results:
  - Output states:
 - Input state : 
  - Chain level:
	State 1


============================================================
+ Verbose Summary: Datapath Resource usage 
============================================================
N/A
