

================================================================
== Vitis HLS Report for 'normalize_ap_fixed_16_6_5_3_0_ap_fixed_26_4_5_3_0_config8_s'
================================================================
* Date:           Wed Oct 16 20:17:12 2024

* Version:        2024.1 (Build 5069499 on May 21 2024)
* Project:        Topo2A_AD_proj_prj
* Solution:       solution1 (Vivado IP Flow Target)
* Product family: virtexuplus
* Target device:  xcvu9p-flga2104-2-e


================================================================
== Performance Estimates
================================================================
+ Timing: 
    * Summary: 
    +--------+----------+----------+------------+
    |  Clock |  Target  | Estimated| Uncertainty|
    +--------+----------+----------+------------+
    |ap_clk  |  25.00 ns|  2.784 ns|     6.75 ns|
    +--------+----------+----------+------------+

+ Latency: 
    * Summary: 
    +---------+---------+----------+----------+-----+-----+---------+
    |  Latency (cycles) |  Latency (absolute) |  Interval | Pipeline|
    |   min   |   max   |    min   |    max   | min | max |   Type  |
    +---------+---------+----------+----------+-----+-----+---------+
    |        0|        0|      0 ns|      0 ns|    1|    1|      yes|
    +---------+---------+----------+----------+-----+-----+---------+

    + Detail: 
        * Instance: 
        N/A

        * Loop: 
        N/A

============================================================
+ Verbose Summary: Synthesis Manager
============================================================
InlineROM: 1
ExposeGlobal: 0
============================================================
+ Verbose Summary: CDFG Model
============================================================
IsTopModel: 0
ResetActiveHigh: 1
IsCombinational: 0
IsDatapathOnly: 0
HasWiredReturn: 1
HasMFsm: 2
HasVarLatency: 0
IsPipeline: 1
IsRtlPipelined: 0
IsInstanceOverlapped: 0
IsDontTouch: 0
HasImplIP: 0
IsGatedGlobalClock: 0

+ Individual pipeline summary: 
  * Pipeline-0: initiation interval (II) = 1, depth = 1


============================================================
+ Verbose Summary: Schedule
============================================================
* Number of FSM states : 1
* Pipeline : 1
  Pipeline-0 : II = 1, D = 1, States = { 1 }
* Dataflow Pipeline: 0

* FSM state transitions: 
1 --> 

* FSM state operations: 

State 1 <SV = 0> <Delay = 2.78>
ST_1 : Operation 2 [1/1] (0.00ns)   --->   "%specpipeline_ln48 = specpipeline void @_ssdm_op_SpecPipeline, i32 1, i32 0, i32 0, i32 0, void @empty_0" [firmware/nnet_utils/nnet_batchnorm.h:48]   --->   Operation 2 'specpipeline' 'specpipeline_ln48' <Predicate = true> <Delay = 0.00>
ST_1 : Operation 3 [1/1] (0.00ns)   --->   "%specresourcelimit_ln48 = specresourcelimit void @_ssdm_op_SpecResourceLimit, i64 16, void @empty_1, void @empty_0, void @empty_0, void @empty_0" [firmware/nnet_utils/nnet_batchnorm.h:48]   --->   Operation 3 'specresourcelimit' 'specresourcelimit_ln48' <Predicate = true> <Delay = 0.00>
ST_1 : Operation 4 [1/1] (0.00ns)   --->   "%data_15_val_read = read i16 @_ssdm_op_Read.ap_auto.i16, i16 %data_15_val" [firmware/nnet_utils/nnet_mult.h:70->firmware/nnet_utils/nnet_batchnorm.h:54]   --->   Operation 4 'read' 'data_15_val_read' <Predicate = true> <Delay = 0.00>
ST_1 : Operation 5 [1/1] (0.00ns)   --->   "%data_14_val_read = read i16 @_ssdm_op_Read.ap_auto.i16, i16 %data_14_val" [firmware/nnet_utils/nnet_mult.h:70->firmware/nnet_utils/nnet_batchnorm.h:54]   --->   Operation 5 'read' 'data_14_val_read' <Predicate = true> <Delay = 0.00>
ST_1 : Operation 6 [1/1] (0.00ns)   --->   "%data_13_val_read = read i16 @_ssdm_op_Read.ap_auto.i16, i16 %data_13_val" [firmware/nnet_utils/nnet_mult.h:70->firmware/nnet_utils/nnet_batchnorm.h:54]   --->   Operation 6 'read' 'data_13_val_read' <Predicate = true> <Delay = 0.00>
ST_1 : Operation 7 [1/1] (0.00ns)   --->   "%data_12_val_read = read i16 @_ssdm_op_Read.ap_auto.i16, i16 %data_12_val" [firmware/nnet_utils/nnet_mult.h:70->firmware/nnet_utils/nnet_batchnorm.h:54]   --->   Operation 7 'read' 'data_12_val_read' <Predicate = true> <Delay = 0.00>
ST_1 : Operation 8 [1/1] (0.00ns)   --->   "%data_11_val_read = read i16 @_ssdm_op_Read.ap_auto.i16, i16 %data_11_val" [firmware/nnet_utils/nnet_mult.h:70->firmware/nnet_utils/nnet_batchnorm.h:54]   --->   Operation 8 'read' 'data_11_val_read' <Predicate = true> <Delay = 0.00>
ST_1 : Operation 9 [1/1] (0.00ns)   --->   "%data_10_val_read = read i16 @_ssdm_op_Read.ap_auto.i16, i16 %data_10_val" [firmware/nnet_utils/nnet_mult.h:70->firmware/nnet_utils/nnet_batchnorm.h:54]   --->   Operation 9 'read' 'data_10_val_read' <Predicate = true> <Delay = 0.00>
ST_1 : Operation 10 [1/1] (0.00ns)   --->   "%data_9_val_read = read i16 @_ssdm_op_Read.ap_auto.i16, i16 %data_9_val" [firmware/nnet_utils/nnet_mult.h:70->firmware/nnet_utils/nnet_batchnorm.h:54]   --->   Operation 10 'read' 'data_9_val_read' <Predicate = true> <Delay = 0.00>
ST_1 : Operation 11 [1/1] (0.00ns)   --->   "%data_8_val_read = read i16 @_ssdm_op_Read.ap_auto.i16, i16 %data_8_val" [firmware/nnet_utils/nnet_mult.h:70->firmware/nnet_utils/nnet_batchnorm.h:54]   --->   Operation 11 'read' 'data_8_val_read' <Predicate = true> <Delay = 0.00>
ST_1 : Operation 12 [1/1] (0.00ns)   --->   "%data_7_val_read = read i16 @_ssdm_op_Read.ap_auto.i16, i16 %data_7_val" [firmware/nnet_utils/nnet_mult.h:70->firmware/nnet_utils/nnet_batchnorm.h:54]   --->   Operation 12 'read' 'data_7_val_read' <Predicate = true> <Delay = 0.00>
ST_1 : Operation 13 [1/1] (0.00ns)   --->   "%data_6_val_read = read i16 @_ssdm_op_Read.ap_auto.i16, i16 %data_6_val" [firmware/nnet_utils/nnet_mult.h:70->firmware/nnet_utils/nnet_batchnorm.h:54]   --->   Operation 13 'read' 'data_6_val_read' <Predicate = true> <Delay = 0.00>
ST_1 : Operation 14 [1/1] (0.00ns)   --->   "%data_5_val_read = read i16 @_ssdm_op_Read.ap_auto.i16, i16 %data_5_val" [firmware/nnet_utils/nnet_mult.h:70->firmware/nnet_utils/nnet_batchnorm.h:54]   --->   Operation 14 'read' 'data_5_val_read' <Predicate = true> <Delay = 0.00>
ST_1 : Operation 15 [1/1] (0.00ns)   --->   "%data_4_val_read = read i16 @_ssdm_op_Read.ap_auto.i16, i16 %data_4_val" [firmware/nnet_utils/nnet_mult.h:70->firmware/nnet_utils/nnet_batchnorm.h:54]   --->   Operation 15 'read' 'data_4_val_read' <Predicate = true> <Delay = 0.00>
ST_1 : Operation 16 [1/1] (0.00ns)   --->   "%data_3_val_read = read i16 @_ssdm_op_Read.ap_auto.i16, i16 %data_3_val" [firmware/nnet_utils/nnet_mult.h:70->firmware/nnet_utils/nnet_batchnorm.h:54]   --->   Operation 16 'read' 'data_3_val_read' <Predicate = true> <Delay = 0.00>
ST_1 : Operation 17 [1/1] (0.00ns)   --->   "%data_2_val_read = read i16 @_ssdm_op_Read.ap_auto.i16, i16 %data_2_val" [firmware/nnet_utils/nnet_mult.h:70->firmware/nnet_utils/nnet_batchnorm.h:54]   --->   Operation 17 'read' 'data_2_val_read' <Predicate = true> <Delay = 0.00>
ST_1 : Operation 18 [1/1] (0.00ns)   --->   "%data_1_val_read = read i16 @_ssdm_op_Read.ap_auto.i16, i16 %data_1_val" [firmware/nnet_utils/nnet_mult.h:70->firmware/nnet_utils/nnet_batchnorm.h:54]   --->   Operation 18 'read' 'data_1_val_read' <Predicate = true> <Delay = 0.00>
ST_1 : Operation 19 [1/1] (0.00ns)   --->   "%data_0_val_read = read i16 @_ssdm_op_Read.ap_auto.i16, i16 %data_0_val" [firmware/nnet_utils/nnet_mult.h:70->firmware/nnet_utils/nnet_batchnorm.h:54]   --->   Operation 19 'read' 'data_0_val_read' <Predicate = true> <Delay = 0.00>
ST_1 : Operation 20 [1/1] (0.00ns)   --->   "%sext_ln54 = sext i16 %data_0_val_read" [firmware/nnet_utils/nnet_batchnorm.h:54]   --->   Operation 20 'sext' 'sext_ln54' <Predicate = true> <Delay = 0.00>
ST_1 : Operation 21 [1/1] (1.94ns)   --->   "%mul_ln54 = mul i26 %sext_ln54, i26 2896" [firmware/nnet_utils/nnet_batchnorm.h:54]   --->   Operation 21 'mul' 'mul_ln54' <Predicate = true> <Delay = 1.94> <CoreInst = "Multiplier">   --->   Core 3 'Multiplier' <Latency = 0> <II = 1> <Delay = 1.94> <FuncUnit> <Opcode : 'mul'> <InPorts = 2> <OutPorts = 1>
ST_1 : Operation 22 [1/1] (0.84ns)   --->   "%add_ln54 = add i26 %mul_ln54, i26 262144" [firmware/nnet_utils/nnet_batchnorm.h:54]   --->   Operation 22 'add' 'add_ln54' <Predicate = true> <Delay = 0.84> <CoreInst = "Adder">   --->   Core 1 'Adder' <Latency = 0> <II = 1> <Delay = 0.84> <FuncUnit> <Opcode : 'add' 'sub'> <InPorts = 2> <OutPorts = 1>
ST_1 : Operation 23 [1/1] (0.00ns)   --->   "%sext_ln54_1 = sext i16 %data_1_val_read" [firmware/nnet_utils/nnet_batchnorm.h:54]   --->   Operation 23 'sext' 'sext_ln54_1' <Predicate = true> <Delay = 0.00>
ST_1 : Operation 24 [1/1] (1.94ns)   --->   "%mul_ln54_32 = mul i26 %sext_ln54_1, i26 2896" [firmware/nnet_utils/nnet_batchnorm.h:54]   --->   Operation 24 'mul' 'mul_ln54_32' <Predicate = true> <Delay = 1.94> <CoreInst = "Multiplier">   --->   Core 3 'Multiplier' <Latency = 0> <II = 1> <Delay = 1.94> <FuncUnit> <Opcode : 'mul'> <InPorts = 2> <OutPorts = 1>
ST_1 : Operation 25 [1/1] (0.84ns)   --->   "%add_ln54_32 = add i26 %mul_ln54_32, i26 98304" [firmware/nnet_utils/nnet_batchnorm.h:54]   --->   Operation 25 'add' 'add_ln54_32' <Predicate = true> <Delay = 0.84> <CoreInst = "Adder">   --->   Core 1 'Adder' <Latency = 0> <II = 1> <Delay = 0.84> <FuncUnit> <Opcode : 'add' 'sub'> <InPorts = 2> <OutPorts = 1>
ST_1 : Operation 26 [1/1] (0.00ns)   --->   "%sext_ln54_2 = sext i16 %data_2_val_read" [firmware/nnet_utils/nnet_batchnorm.h:54]   --->   Operation 26 'sext' 'sext_ln54_2' <Predicate = true> <Delay = 0.00>
ST_1 : Operation 27 [1/1] (1.94ns)   --->   "%mul_ln54_33 = mul i26 %sext_ln54_2, i26 2888" [firmware/nnet_utils/nnet_batchnorm.h:54]   --->   Operation 27 'mul' 'mul_ln54_33' <Predicate = true> <Delay = 1.94> <CoreInst = "Multiplier">   --->   Core 3 'Multiplier' <Latency = 0> <II = 1> <Delay = 1.94> <FuncUnit> <Opcode : 'mul'> <InPorts = 2> <OutPorts = 1>
ST_1 : Operation 28 [1/1] (0.84ns)   --->   "%add_ln54_33 = add i26 %mul_ln54_33, i26 393216" [firmware/nnet_utils/nnet_batchnorm.h:54]   --->   Operation 28 'add' 'add_ln54_33' <Predicate = true> <Delay = 0.84> <CoreInst = "Adder">   --->   Core 1 'Adder' <Latency = 0> <II = 1> <Delay = 0.84> <FuncUnit> <Opcode : 'add' 'sub'> <InPorts = 2> <OutPorts = 1>
ST_1 : Operation 29 [1/1] (0.00ns)   --->   "%sext_ln54_3 = sext i16 %data_3_val_read" [firmware/nnet_utils/nnet_batchnorm.h:54]   --->   Operation 29 'sext' 'sext_ln54_3' <Predicate = true> <Delay = 0.00>
ST_1 : Operation 30 [1/1] (1.94ns)   --->   "%mul_ln54_34 = mul i26 %sext_ln54_3, i26 2896" [firmware/nnet_utils/nnet_batchnorm.h:54]   --->   Operation 30 'mul' 'mul_ln54_34' <Predicate = true> <Delay = 1.94> <CoreInst = "Multiplier">   --->   Core 3 'Multiplier' <Latency = 0> <II = 1> <Delay = 1.94> <FuncUnit> <Opcode : 'mul'> <InPorts = 2> <OutPorts = 1>
ST_1 : Operation 31 [1/1] (0.84ns)   --->   "%add_ln54_34 = add i26 %mul_ln54_34, i26 114688" [firmware/nnet_utils/nnet_batchnorm.h:54]   --->   Operation 31 'add' 'add_ln54_34' <Predicate = true> <Delay = 0.84> <CoreInst = "Adder">   --->   Core 1 'Adder' <Latency = 0> <II = 1> <Delay = 0.84> <FuncUnit> <Opcode : 'add' 'sub'> <InPorts = 2> <OutPorts = 1>
ST_1 : Operation 32 [1/1] (0.00ns)   --->   "%sext_ln54_4 = sext i16 %data_4_val_read" [firmware/nnet_utils/nnet_batchnorm.h:54]   --->   Operation 32 'sext' 'sext_ln54_4' <Predicate = true> <Delay = 0.00>
ST_1 : Operation 33 [1/1] (1.94ns)   --->   "%mul_ln54_35 = mul i26 %sext_ln54_4, i26 2888" [firmware/nnet_utils/nnet_batchnorm.h:54]   --->   Operation 33 'mul' 'mul_ln54_35' <Predicate = true> <Delay = 1.94> <CoreInst = "Multiplier">   --->   Core 3 'Multiplier' <Latency = 0> <II = 1> <Delay = 1.94> <FuncUnit> <Opcode : 'mul'> <InPorts = 2> <OutPorts = 1>
ST_1 : Operation 34 [1/1] (0.84ns)   --->   "%add_ln54_35 = add i26 %mul_ln54_35, i26 344064" [firmware/nnet_utils/nnet_batchnorm.h:54]   --->   Operation 34 'add' 'add_ln54_35' <Predicate = true> <Delay = 0.84> <CoreInst = "Adder">   --->   Core 1 'Adder' <Latency = 0> <II = 1> <Delay = 0.84> <FuncUnit> <Opcode : 'add' 'sub'> <InPorts = 2> <OutPorts = 1>
ST_1 : Operation 35 [1/1] (0.00ns)   --->   "%sext_ln54_5 = sext i16 %data_5_val_read" [firmware/nnet_utils/nnet_batchnorm.h:54]   --->   Operation 35 'sext' 'sext_ln54_5' <Predicate = true> <Delay = 0.00>
ST_1 : Operation 36 [1/1] (1.94ns)   --->   "%mul_ln54_36 = mul i26 %sext_ln54_5, i26 2896" [firmware/nnet_utils/nnet_batchnorm.h:54]   --->   Operation 36 'mul' 'mul_ln54_36' <Predicate = true> <Delay = 1.94> <CoreInst = "Multiplier">   --->   Core 3 'Multiplier' <Latency = 0> <II = 1> <Delay = 1.94> <FuncUnit> <Opcode : 'mul'> <InPorts = 2> <OutPorts = 1>
ST_1 : Operation 37 [1/1] (0.84ns)   --->   "%add_ln54_36 = add i26 %mul_ln54_36, i26 66830336" [firmware/nnet_utils/nnet_batchnorm.h:54]   --->   Operation 37 'add' 'add_ln54_36' <Predicate = true> <Delay = 0.84> <CoreInst = "Adder">   --->   Core 1 'Adder' <Latency = 0> <II = 1> <Delay = 0.84> <FuncUnit> <Opcode : 'add' 'sub'> <InPorts = 2> <OutPorts = 1>
ST_1 : Operation 38 [1/1] (0.00ns)   --->   "%sext_ln54_6 = sext i16 %data_6_val_read" [firmware/nnet_utils/nnet_batchnorm.h:54]   --->   Operation 38 'sext' 'sext_ln54_6' <Predicate = true> <Delay = 0.00>
ST_1 : Operation 39 [1/1] (1.94ns)   --->   "%mul_ln54_37 = mul i26 %sext_ln54_6, i26 3888" [firmware/nnet_utils/nnet_batchnorm.h:54]   --->   Operation 39 'mul' 'mul_ln54_37' <Predicate = true> <Delay = 1.94> <CoreInst = "Multiplier">   --->   Core 3 'Multiplier' <Latency = 0> <II = 1> <Delay = 1.94> <FuncUnit> <Opcode : 'mul'> <InPorts = 2> <OutPorts = 1>
ST_1 : Operation 40 [1/1] (0.84ns)   --->   "%add_ln54_37 = add i26 %mul_ln54_37, i26 66879488" [firmware/nnet_utils/nnet_batchnorm.h:54]   --->   Operation 40 'add' 'add_ln54_37' <Predicate = true> <Delay = 0.84> <CoreInst = "Adder">   --->   Core 1 'Adder' <Latency = 0> <II = 1> <Delay = 0.84> <FuncUnit> <Opcode : 'add' 'sub'> <InPorts = 2> <OutPorts = 1>
ST_1 : Operation 41 [1/1] (0.00ns)   --->   "%sext_ln54_7 = sext i16 %data_7_val_read" [firmware/nnet_utils/nnet_batchnorm.h:54]   --->   Operation 41 'sext' 'sext_ln54_7' <Predicate = true> <Delay = 0.00>
ST_1 : Operation 42 [1/1] (1.94ns)   --->   "%mul_ln54_38 = mul i26 %sext_ln54_7, i26 2888" [firmware/nnet_utils/nnet_batchnorm.h:54]   --->   Operation 42 'mul' 'mul_ln54_38' <Predicate = true> <Delay = 1.94> <CoreInst = "Multiplier">   --->   Core 3 'Multiplier' <Latency = 0> <II = 1> <Delay = 1.94> <FuncUnit> <Opcode : 'mul'> <InPorts = 2> <OutPorts = 1>
ST_1 : Operation 43 [1/1] (0.84ns)   --->   "%add_ln54_38 = add i26 %mul_ln54_38, i26 720896" [firmware/nnet_utils/nnet_batchnorm.h:54]   --->   Operation 43 'add' 'add_ln54_38' <Predicate = true> <Delay = 0.84> <CoreInst = "Adder">   --->   Core 1 'Adder' <Latency = 0> <II = 1> <Delay = 0.84> <FuncUnit> <Opcode : 'add' 'sub'> <InPorts = 2> <OutPorts = 1>
ST_1 : Operation 44 [1/1] (0.00ns)   --->   "%sext_ln54_8 = sext i16 %data_8_val_read" [firmware/nnet_utils/nnet_batchnorm.h:54]   --->   Operation 44 'sext' 'sext_ln54_8' <Predicate = true> <Delay = 0.00>
ST_1 : Operation 45 [1/1] (1.94ns)   --->   "%mul_ln54_39 = mul i26 %sext_ln54_8, i26 2888" [firmware/nnet_utils/nnet_batchnorm.h:54]   --->   Operation 45 'mul' 'mul_ln54_39' <Predicate = true> <Delay = 1.94> <CoreInst = "Multiplier">   --->   Core 3 'Multiplier' <Latency = 0> <II = 1> <Delay = 1.94> <FuncUnit> <Opcode : 'mul'> <InPorts = 2> <OutPorts = 1>
ST_1 : Operation 46 [1/1] (0.84ns)   --->   "%add_ln54_39 = add i26 %mul_ln54_39, i26 360448" [firmware/nnet_utils/nnet_batchnorm.h:54]   --->   Operation 46 'add' 'add_ln54_39' <Predicate = true> <Delay = 0.84> <CoreInst = "Adder">   --->   Core 1 'Adder' <Latency = 0> <II = 1> <Delay = 0.84> <FuncUnit> <Opcode : 'add' 'sub'> <InPorts = 2> <OutPorts = 1>
ST_1 : Operation 47 [1/1] (0.00ns)   --->   "%sext_ln54_9 = sext i16 %data_9_val_read" [firmware/nnet_utils/nnet_batchnorm.h:54]   --->   Operation 47 'sext' 'sext_ln54_9' <Predicate = true> <Delay = 0.00>
ST_1 : Operation 48 [1/1] (1.94ns)   --->   "%mul_ln54_40 = mul i26 %sext_ln54_9, i26 2888" [firmware/nnet_utils/nnet_batchnorm.h:54]   --->   Operation 48 'mul' 'mul_ln54_40' <Predicate = true> <Delay = 1.94> <CoreInst = "Multiplier">   --->   Core 3 'Multiplier' <Latency = 0> <II = 1> <Delay = 1.94> <FuncUnit> <Opcode : 'mul'> <InPorts = 2> <OutPorts = 1>
ST_1 : Operation 49 [1/1] (0.84ns)   --->   "%add_ln54_40 = add i26 %mul_ln54_40, i26 360448" [firmware/nnet_utils/nnet_batchnorm.h:54]   --->   Operation 49 'add' 'add_ln54_40' <Predicate = true> <Delay = 0.84> <CoreInst = "Adder">   --->   Core 1 'Adder' <Latency = 0> <II = 1> <Delay = 0.84> <FuncUnit> <Opcode : 'add' 'sub'> <InPorts = 2> <OutPorts = 1>
ST_1 : Operation 50 [1/1] (0.00ns)   --->   "%sext_ln54_10 = sext i16 %data_10_val_read" [firmware/nnet_utils/nnet_batchnorm.h:54]   --->   Operation 50 'sext' 'sext_ln54_10' <Predicate = true> <Delay = 0.00>
ST_1 : Operation 51 [1/1] (1.94ns)   --->   "%mul_ln54_41 = mul i26 %sext_ln54_10, i26 2888" [firmware/nnet_utils/nnet_batchnorm.h:54]   --->   Operation 51 'mul' 'mul_ln54_41' <Predicate = true> <Delay = 1.94> <CoreInst = "Multiplier">   --->   Core 3 'Multiplier' <Latency = 0> <II = 1> <Delay = 1.94> <FuncUnit> <Opcode : 'mul'> <InPorts = 2> <OutPorts = 1>
ST_1 : Operation 52 [1/1] (0.84ns)   --->   "%add_ln54_41 = add i26 %mul_ln54_41, i26 737280" [firmware/nnet_utils/nnet_batchnorm.h:54]   --->   Operation 52 'add' 'add_ln54_41' <Predicate = true> <Delay = 0.84> <CoreInst = "Adder">   --->   Core 1 'Adder' <Latency = 0> <II = 1> <Delay = 0.84> <FuncUnit> <Opcode : 'add' 'sub'> <InPorts = 2> <OutPorts = 1>
ST_1 : Operation 53 [1/1] (0.00ns)   --->   "%sext_ln54_11 = sext i16 %data_11_val_read" [firmware/nnet_utils/nnet_batchnorm.h:54]   --->   Operation 53 'sext' 'sext_ln54_11' <Predicate = true> <Delay = 0.00>
ST_1 : Operation 54 [1/1] (1.94ns)   --->   "%mul_ln54_42 = mul i26 %sext_ln54_11, i26 2896" [firmware/nnet_utils/nnet_batchnorm.h:54]   --->   Operation 54 'mul' 'mul_ln54_42' <Predicate = true> <Delay = 1.94> <CoreInst = "Multiplier">   --->   Core 3 'Multiplier' <Latency = 0> <II = 1> <Delay = 1.94> <FuncUnit> <Opcode : 'mul'> <InPorts = 2> <OutPorts = 1>
ST_1 : Operation 55 [1/1] (0.84ns)   --->   "%add_ln54_42 = add i26 %mul_ln54_42, i26 720896" [firmware/nnet_utils/nnet_batchnorm.h:54]   --->   Operation 55 'add' 'add_ln54_42' <Predicate = true> <Delay = 0.84> <CoreInst = "Adder">   --->   Core 1 'Adder' <Latency = 0> <II = 1> <Delay = 0.84> <FuncUnit> <Opcode : 'add' 'sub'> <InPorts = 2> <OutPorts = 1>
ST_1 : Operation 56 [1/1] (0.00ns)   --->   "%sext_ln54_12 = sext i16 %data_12_val_read" [firmware/nnet_utils/nnet_batchnorm.h:54]   --->   Operation 56 'sext' 'sext_ln54_12' <Predicate = true> <Delay = 0.00>
ST_1 : Operation 57 [1/1] (1.94ns)   --->   "%mul_ln54_43 = mul i26 %sext_ln54_12, i26 2888" [firmware/nnet_utils/nnet_batchnorm.h:54]   --->   Operation 57 'mul' 'mul_ln54_43' <Predicate = true> <Delay = 1.94> <CoreInst = "Multiplier">   --->   Core 3 'Multiplier' <Latency = 0> <II = 1> <Delay = 1.94> <FuncUnit> <Opcode : 'mul'> <InPorts = 2> <OutPorts = 1>
ST_1 : Operation 58 [1/1] (0.84ns)   --->   "%add_ln54_43 = add i26 %mul_ln54_43, i26 409600" [firmware/nnet_utils/nnet_batchnorm.h:54]   --->   Operation 58 'add' 'add_ln54_43' <Predicate = true> <Delay = 0.84> <CoreInst = "Adder">   --->   Core 1 'Adder' <Latency = 0> <II = 1> <Delay = 0.84> <FuncUnit> <Opcode : 'add' 'sub'> <InPorts = 2> <OutPorts = 1>
ST_1 : Operation 59 [1/1] (0.00ns)   --->   "%sext_ln54_13 = sext i16 %data_13_val_read" [firmware/nnet_utils/nnet_batchnorm.h:54]   --->   Operation 59 'sext' 'sext_ln54_13' <Predicate = true> <Delay = 0.00>
ST_1 : Operation 60 [1/1] (1.94ns)   --->   "%mul_ln54_44 = mul i26 %sext_ln54_13, i26 2896" [firmware/nnet_utils/nnet_batchnorm.h:54]   --->   Operation 60 'mul' 'mul_ln54_44' <Predicate = true> <Delay = 1.94> <CoreInst = "Multiplier">   --->   Core 3 'Multiplier' <Latency = 0> <II = 1> <Delay = 1.94> <FuncUnit> <Opcode : 'mul'> <InPorts = 2> <OutPorts = 1>
ST_1 : Operation 61 [1/1] (0.84ns)   --->   "%add_ln54_44 = add i26 %mul_ln54_44, i26 999424" [firmware/nnet_utils/nnet_batchnorm.h:54]   --->   Operation 61 'add' 'add_ln54_44' <Predicate = true> <Delay = 0.84> <CoreInst = "Adder">   --->   Core 1 'Adder' <Latency = 0> <II = 1> <Delay = 0.84> <FuncUnit> <Opcode : 'add' 'sub'> <InPorts = 2> <OutPorts = 1>
ST_1 : Operation 62 [1/1] (0.00ns)   --->   "%sext_ln54_14 = sext i16 %data_14_val_read" [firmware/nnet_utils/nnet_batchnorm.h:54]   --->   Operation 62 'sext' 'sext_ln54_14' <Predicate = true> <Delay = 0.00>
ST_1 : Operation 63 [1/1] (1.94ns)   --->   "%mul_ln54_45 = mul i26 %sext_ln54_14, i26 2888" [firmware/nnet_utils/nnet_batchnorm.h:54]   --->   Operation 63 'mul' 'mul_ln54_45' <Predicate = true> <Delay = 1.94> <CoreInst = "Multiplier">   --->   Core 3 'Multiplier' <Latency = 0> <II = 1> <Delay = 1.94> <FuncUnit> <Opcode : 'mul'> <InPorts = 2> <OutPorts = 1>
ST_1 : Operation 64 [1/1] (0.84ns)   --->   "%add_ln54_45 = add i26 %mul_ln54_45, i26 770048" [firmware/nnet_utils/nnet_batchnorm.h:54]   --->   Operation 64 'add' 'add_ln54_45' <Predicate = true> <Delay = 0.84> <CoreInst = "Adder">   --->   Core 1 'Adder' <Latency = 0> <II = 1> <Delay = 0.84> <FuncUnit> <Opcode : 'add' 'sub'> <InPorts = 2> <OutPorts = 1>
ST_1 : Operation 65 [1/1] (0.00ns)   --->   "%sext_ln54_15 = sext i16 %data_15_val_read" [firmware/nnet_utils/nnet_batchnorm.h:54]   --->   Operation 65 'sext' 'sext_ln54_15' <Predicate = true> <Delay = 0.00>
ST_1 : Operation 66 [1/1] (1.94ns)   --->   "%mul_ln54_46 = mul i26 %sext_ln54_15, i26 3744" [firmware/nnet_utils/nnet_batchnorm.h:54]   --->   Operation 66 'mul' 'mul_ln54_46' <Predicate = true> <Delay = 1.94> <CoreInst = "Multiplier">   --->   Core 3 'Multiplier' <Latency = 0> <II = 1> <Delay = 1.94> <FuncUnit> <Opcode : 'mul'> <InPorts = 2> <OutPorts = 1>
ST_1 : Operation 67 [1/1] (0.84ns)   --->   "%add_ln54_46 = add i26 %mul_ln54_46, i26 66633728" [firmware/nnet_utils/nnet_batchnorm.h:54]   --->   Operation 67 'add' 'add_ln54_46' <Predicate = true> <Delay = 0.84> <CoreInst = "Adder">   --->   Core 1 'Adder' <Latency = 0> <II = 1> <Delay = 0.84> <FuncUnit> <Opcode : 'add' 'sub'> <InPorts = 2> <OutPorts = 1>
ST_1 : Operation 68 [1/1] (0.00ns)   --->   "%mrv = insertvalue i416 <undef>, i26 %add_ln54" [firmware/nnet_utils/nnet_batchnorm.h:63]   --->   Operation 68 'insertvalue' 'mrv' <Predicate = true> <Delay = 0.00>
ST_1 : Operation 69 [1/1] (0.00ns)   --->   "%mrv_1 = insertvalue i416 %mrv, i26 %add_ln54_32" [firmware/nnet_utils/nnet_batchnorm.h:63]   --->   Operation 69 'insertvalue' 'mrv_1' <Predicate = true> <Delay = 0.00>
ST_1 : Operation 70 [1/1] (0.00ns)   --->   "%mrv_2 = insertvalue i416 %mrv_1, i26 %add_ln54_33" [firmware/nnet_utils/nnet_batchnorm.h:63]   --->   Operation 70 'insertvalue' 'mrv_2' <Predicate = true> <Delay = 0.00>
ST_1 : Operation 71 [1/1] (0.00ns)   --->   "%mrv_3 = insertvalue i416 %mrv_2, i26 %add_ln54_34" [firmware/nnet_utils/nnet_batchnorm.h:63]   --->   Operation 71 'insertvalue' 'mrv_3' <Predicate = true> <Delay = 0.00>
ST_1 : Operation 72 [1/1] (0.00ns)   --->   "%mrv_4 = insertvalue i416 %mrv_3, i26 %add_ln54_35" [firmware/nnet_utils/nnet_batchnorm.h:63]   --->   Operation 72 'insertvalue' 'mrv_4' <Predicate = true> <Delay = 0.00>
ST_1 : Operation 73 [1/1] (0.00ns)   --->   "%mrv_5 = insertvalue i416 %mrv_4, i26 %add_ln54_36" [firmware/nnet_utils/nnet_batchnorm.h:63]   --->   Operation 73 'insertvalue' 'mrv_5' <Predicate = true> <Delay = 0.00>
ST_1 : Operation 74 [1/1] (0.00ns)   --->   "%mrv_6 = insertvalue i416 %mrv_5, i26 %add_ln54_37" [firmware/nnet_utils/nnet_batchnorm.h:63]   --->   Operation 74 'insertvalue' 'mrv_6' <Predicate = true> <Delay = 0.00>
ST_1 : Operation 75 [1/1] (0.00ns)   --->   "%mrv_7 = insertvalue i416 %mrv_6, i26 %add_ln54_38" [firmware/nnet_utils/nnet_batchnorm.h:63]   --->   Operation 75 'insertvalue' 'mrv_7' <Predicate = true> <Delay = 0.00>
ST_1 : Operation 76 [1/1] (0.00ns)   --->   "%mrv_8 = insertvalue i416 %mrv_7, i26 %add_ln54_39" [firmware/nnet_utils/nnet_batchnorm.h:63]   --->   Operation 76 'insertvalue' 'mrv_8' <Predicate = true> <Delay = 0.00>
ST_1 : Operation 77 [1/1] (0.00ns)   --->   "%mrv_9 = insertvalue i416 %mrv_8, i26 %add_ln54_40" [firmware/nnet_utils/nnet_batchnorm.h:63]   --->   Operation 77 'insertvalue' 'mrv_9' <Predicate = true> <Delay = 0.00>
ST_1 : Operation 78 [1/1] (0.00ns)   --->   "%mrv_10 = insertvalue i416 %mrv_9, i26 %add_ln54_41" [firmware/nnet_utils/nnet_batchnorm.h:63]   --->   Operation 78 'insertvalue' 'mrv_10' <Predicate = true> <Delay = 0.00>
ST_1 : Operation 79 [1/1] (0.00ns)   --->   "%mrv_11 = insertvalue i416 %mrv_10, i26 %add_ln54_42" [firmware/nnet_utils/nnet_batchnorm.h:63]   --->   Operation 79 'insertvalue' 'mrv_11' <Predicate = true> <Delay = 0.00>
ST_1 : Operation 80 [1/1] (0.00ns)   --->   "%mrv_12 = insertvalue i416 %mrv_11, i26 %add_ln54_43" [firmware/nnet_utils/nnet_batchnorm.h:63]   --->   Operation 80 'insertvalue' 'mrv_12' <Predicate = true> <Delay = 0.00>
ST_1 : Operation 81 [1/1] (0.00ns)   --->   "%mrv_13 = insertvalue i416 %mrv_12, i26 %add_ln54_44" [firmware/nnet_utils/nnet_batchnorm.h:63]   --->   Operation 81 'insertvalue' 'mrv_13' <Predicate = true> <Delay = 0.00>
ST_1 : Operation 82 [1/1] (0.00ns)   --->   "%mrv_14 = insertvalue i416 %mrv_13, i26 %add_ln54_45" [firmware/nnet_utils/nnet_batchnorm.h:63]   --->   Operation 82 'insertvalue' 'mrv_14' <Predicate = true> <Delay = 0.00>
ST_1 : Operation 83 [1/1] (0.00ns)   --->   "%mrv_15 = insertvalue i416 %mrv_14, i26 %add_ln54_46" [firmware/nnet_utils/nnet_batchnorm.h:63]   --->   Operation 83 'insertvalue' 'mrv_15' <Predicate = true> <Delay = 0.00>
ST_1 : Operation 84 [1/1] (0.00ns)   --->   "%ret_ln63 = ret i416 %mrv_15" [firmware/nnet_utils/nnet_batchnorm.h:63]   --->   Operation 84 'ret' 'ret_ln63' <Predicate = true> <Delay = 0.00>


============================================================
+ Verbose Summary: Binding
============================================================
STG Binding: 
---------------- STG Properties BEGIN ----------------
- Is combinational: 1
- Is one-state seq: 0
- Is datapath-only: 0
- Is pipelined: 1
- Is top level: 0
Port [ Return ] is wired: 1; IO mode=ap_ctrl_hs:ce=0
Port [ data_0_val]:  wired=1; compound=0; hidden=0; nouse=0; global=0; static=0; extern=0; dir=0; type=0; pingpong=0; private_global=0; IO mode=ap_none:ce=0
Port [ data_1_val]:  wired=1; compound=0; hidden=0; nouse=0; global=0; static=0; extern=0; dir=0; type=0; pingpong=0; private_global=0; IO mode=ap_none:ce=0
Port [ data_2_val]:  wired=1; compound=0; hidden=0; nouse=0; global=0; static=0; extern=0; dir=0; type=0; pingpong=0; private_global=0; IO mode=ap_none:ce=0
Port [ data_3_val]:  wired=1; compound=0; hidden=0; nouse=0; global=0; static=0; extern=0; dir=0; type=0; pingpong=0; private_global=0; IO mode=ap_none:ce=0
Port [ data_4_val]:  wired=1; compound=0; hidden=0; nouse=0; global=0; static=0; extern=0; dir=0; type=0; pingpong=0; private_global=0; IO mode=ap_none:ce=0
Port [ data_5_val]:  wired=1; compound=0; hidden=0; nouse=0; global=0; static=0; extern=0; dir=0; type=0; pingpong=0; private_global=0; IO mode=ap_none:ce=0
Port [ data_6_val]:  wired=1; compound=0; hidden=0; nouse=0; global=0; static=0; extern=0; dir=0; type=0; pingpong=0; private_global=0; IO mode=ap_none:ce=0
Port [ data_7_val]:  wired=1; compound=0; hidden=0; nouse=0; global=0; static=0; extern=0; dir=0; type=0; pingpong=0; private_global=0; IO mode=ap_none:ce=0
Port [ data_8_val]:  wired=1; compound=0; hidden=0; nouse=0; global=0; static=0; extern=0; dir=0; type=0; pingpong=0; private_global=0; IO mode=ap_none:ce=0
Port [ data_9_val]:  wired=1; compound=0; hidden=0; nouse=0; global=0; static=0; extern=0; dir=0; type=0; pingpong=0; private_global=0; IO mode=ap_none:ce=0
Port [ data_10_val]:  wired=1; compound=0; hidden=0; nouse=0; global=0; static=0; extern=0; dir=0; type=0; pingpong=0; private_global=0; IO mode=ap_none:ce=0
Port [ data_11_val]:  wired=1; compound=0; hidden=0; nouse=0; global=0; static=0; extern=0; dir=0; type=0; pingpong=0; private_global=0; IO mode=ap_none:ce=0
Port [ data_12_val]:  wired=1; compound=0; hidden=0; nouse=0; global=0; static=0; extern=0; dir=0; type=0; pingpong=0; private_global=0; IO mode=ap_none:ce=0
Port [ data_13_val]:  wired=1; compound=0; hidden=0; nouse=0; global=0; static=0; extern=0; dir=0; type=0; pingpong=0; private_global=0; IO mode=ap_none:ce=0
Port [ data_14_val]:  wired=1; compound=0; hidden=0; nouse=0; global=0; static=0; extern=0; dir=0; type=0; pingpong=0; private_global=0; IO mode=ap_none:ce=0
Port [ data_15_val]:  wired=1; compound=0; hidden=0; nouse=0; global=0; static=0; extern=0; dir=0; type=0; pingpong=0; private_global=0; IO mode=ap_none:ce=0
---------------- STG Properties END ------------------

---------------- Datapath Model BEGIN ----------------

<LifeTime>
<method=bitvector/>
specpipeline_ln48      (specpipeline     ) [ 00]
specresourcelimit_ln48 (specresourcelimit) [ 00]
data_15_val_read       (read             ) [ 00]
data_14_val_read       (read             ) [ 00]
data_13_val_read       (read             ) [ 00]
data_12_val_read       (read             ) [ 00]
data_11_val_read       (read             ) [ 00]
data_10_val_read       (read             ) [ 00]
data_9_val_read        (read             ) [ 00]
data_8_val_read        (read             ) [ 00]
data_7_val_read        (read             ) [ 00]
data_6_val_read        (read             ) [ 00]
data_5_val_read        (read             ) [ 00]
data_4_val_read        (read             ) [ 00]
data_3_val_read        (read             ) [ 00]
data_2_val_read        (read             ) [ 00]
data_1_val_read        (read             ) [ 00]
data_0_val_read        (read             ) [ 00]
sext_ln54              (sext             ) [ 00]
mul_ln54               (mul              ) [ 00]
add_ln54               (add              ) [ 00]
sext_ln54_1            (sext             ) [ 00]
mul_ln54_32            (mul              ) [ 00]
add_ln54_32            (add              ) [ 00]
sext_ln54_2            (sext             ) [ 00]
mul_ln54_33            (mul              ) [ 00]
add_ln54_33            (add              ) [ 00]
sext_ln54_3            (sext             ) [ 00]
mul_ln54_34            (mul              ) [ 00]
add_ln54_34            (add              ) [ 00]
sext_ln54_4            (sext             ) [ 00]
mul_ln54_35            (mul              ) [ 00]
add_ln54_35            (add              ) [ 00]
sext_ln54_5            (sext             ) [ 00]
mul_ln54_36            (mul              ) [ 00]
add_ln54_36            (add              ) [ 00]
sext_ln54_6            (sext             ) [ 00]
mul_ln54_37            (mul              ) [ 00]
add_ln54_37            (add              ) [ 00]
sext_ln54_7            (sext             ) [ 00]
mul_ln54_38            (mul              ) [ 00]
add_ln54_38            (add              ) [ 00]
sext_ln54_8            (sext             ) [ 00]
mul_ln54_39            (mul              ) [ 00]
add_ln54_39            (add              ) [ 00]
sext_ln54_9            (sext             ) [ 00]
mul_ln54_40            (mul              ) [ 00]
add_ln54_40            (add              ) [ 00]
sext_ln54_10           (sext             ) [ 00]
mul_ln54_41            (mul              ) [ 00]
add_ln54_41            (add              ) [ 00]
sext_ln54_11           (sext             ) [ 00]
mul_ln54_42            (mul              ) [ 00]
add_ln54_42            (add              ) [ 00]
sext_ln54_12           (sext             ) [ 00]
mul_ln54_43            (mul              ) [ 00]
add_ln54_43            (add              ) [ 00]
sext_ln54_13           (sext             ) [ 00]
mul_ln54_44            (mul              ) [ 00]
add_ln54_44            (add              ) [ 00]
sext_ln54_14           (sext             ) [ 00]
mul_ln54_45            (mul              ) [ 00]
add_ln54_45            (add              ) [ 00]
sext_ln54_15           (sext             ) [ 00]
mul_ln54_46            (mul              ) [ 00]
add_ln54_46            (add              ) [ 00]
mrv                    (insertvalue      ) [ 00]
mrv_1                  (insertvalue      ) [ 00]
mrv_2                  (insertvalue      ) [ 00]
mrv_3                  (insertvalue      ) [ 00]
mrv_4                  (insertvalue      ) [ 00]
mrv_5                  (insertvalue      ) [ 00]
mrv_6                  (insertvalue      ) [ 00]
mrv_7                  (insertvalue      ) [ 00]
mrv_8                  (insertvalue      ) [ 00]
mrv_9                  (insertvalue      ) [ 00]
mrv_10                 (insertvalue      ) [ 00]
mrv_11                 (insertvalue      ) [ 00]
mrv_12                 (insertvalue      ) [ 00]
mrv_13                 (insertvalue      ) [ 00]
mrv_14                 (insertvalue      ) [ 00]
mrv_15                 (insertvalue      ) [ 00]
ret_ln63               (ret              ) [ 00]
</LifeTime>

<model>

<comp_list>
<comp id="0" class="1000" name="data_0_val">
<pin_list>
<pin id="1" dir="1" index="0" bw="1" slack="0"/>
</pin_list>
<bind>
<StgValue><ssdm name="data_0_val"/></StgValue>
</bind>
</comp>

<comp id="2" class="1000" name="data_1_val">
<pin_list>
<pin id="3" dir="1" index="0" bw="1" slack="0"/>
</pin_list>
<bind>
<StgValue><ssdm name="data_1_val"/></StgValue>
</bind>
</comp>

<comp id="4" class="1000" name="data_2_val">
<pin_list>
<pin id="5" dir="1" index="0" bw="1" slack="0"/>
</pin_list>
<bind>
<StgValue><ssdm name="data_2_val"/></StgValue>
</bind>
</comp>

<comp id="6" class="1000" name="data_3_val">
<pin_list>
<pin id="7" dir="1" index="0" bw="1" slack="0"/>
</pin_list>
<bind>
<StgValue><ssdm name="data_3_val"/></StgValue>
</bind>
</comp>

<comp id="8" class="1000" name="data_4_val">
<pin_list>
<pin id="9" dir="1" index="0" bw="1" slack="0"/>
</pin_list>
<bind>
<StgValue><ssdm name="data_4_val"/></StgValue>
</bind>
</comp>

<comp id="10" class="1000" name="data_5_val">
<pin_list>
<pin id="11" dir="1" index="0" bw="1" slack="0"/>
</pin_list>
<bind>
<StgValue><ssdm name="data_5_val"/></StgValue>
</bind>
</comp>

<comp id="12" class="1000" name="data_6_val">
<pin_list>
<pin id="13" dir="1" index="0" bw="1" slack="0"/>
</pin_list>
<bind>
<StgValue><ssdm name="data_6_val"/></StgValue>
</bind>
</comp>

<comp id="14" class="1000" name="data_7_val">
<pin_list>
<pin id="15" dir="1" index="0" bw="1" slack="0"/>
</pin_list>
<bind>
<StgValue><ssdm name="data_7_val"/></StgValue>
</bind>
</comp>

<comp id="16" class="1000" name="data_8_val">
<pin_list>
<pin id="17" dir="1" index="0" bw="1" slack="0"/>
</pin_list>
<bind>
<StgValue><ssdm name="data_8_val"/></StgValue>
</bind>
</comp>

<comp id="18" class="1000" name="data_9_val">
<pin_list>
<pin id="19" dir="1" index="0" bw="1" slack="0"/>
</pin_list>
<bind>
<StgValue><ssdm name="data_9_val"/></StgValue>
</bind>
</comp>

<comp id="20" class="1000" name="data_10_val">
<pin_list>
<pin id="21" dir="1" index="0" bw="1" slack="0"/>
</pin_list>
<bind>
<StgValue><ssdm name="data_10_val"/></StgValue>
</bind>
</comp>

<comp id="22" class="1000" name="data_11_val">
<pin_list>
<pin id="23" dir="1" index="0" bw="1" slack="0"/>
</pin_list>
<bind>
<StgValue><ssdm name="data_11_val"/></StgValue>
</bind>
</comp>

<comp id="24" class="1000" name="data_12_val">
<pin_list>
<pin id="25" dir="1" index="0" bw="1" slack="0"/>
</pin_list>
<bind>
<StgValue><ssdm name="data_12_val"/></StgValue>
</bind>
</comp>

<comp id="26" class="1000" name="data_13_val">
<pin_list>
<pin id="27" dir="1" index="0" bw="1" slack="0"/>
</pin_list>
<bind>
<StgValue><ssdm name="data_13_val"/></StgValue>
</bind>
</comp>

<comp id="28" class="1000" name="data_14_val">
<pin_list>
<pin id="29" dir="1" index="0" bw="1" slack="0"/>
</pin_list>
<bind>
<StgValue><ssdm name="data_14_val"/></StgValue>
</bind>
</comp>

<comp id="30" class="1000" name="data_15_val">
<pin_list>
<pin id="31" dir="1" index="0" bw="1" slack="0"/>
</pin_list>
<bind>
<StgValue><ssdm name="data_15_val"/></StgValue>
</bind>
</comp>

<comp id="32" class="1001" name="const_32">
<pin_list>
<pin id="33" dir="1" index="0" bw="1" slack="2147483647"/>
</pin_list>
<bind>
<StgValue><ssdm name="_ssdm_op_SpecPipeline"/></StgValue>
</bind>
</comp>

<comp id="34" class="1001" name="const_34">
<pin_list>
<pin id="35" dir="1" index="0" bw="1" slack="2147483647"/>
</pin_list>
<bind>
<StgValue><ssdm name=""/></StgValue>
</bind>
</comp>

<comp id="36" class="1001" name="const_36">
<pin_list>
<pin id="37" dir="1" index="0" bw="1" slack="2147483647"/>
</pin_list>
<bind>
<StgValue><ssdm name=""/></StgValue>
</bind>
</comp>

<comp id="38" class="1001" name="const_38">
<pin_list>
<pin id="39" dir="1" index="0" bw="1" slack="2147483647"/>
</pin_list>
<bind>
<StgValue><ssdm name="empty_0"/></StgValue>
</bind>
</comp>

<comp id="40" class="1001" name="const_40">
<pin_list>
<pin id="41" dir="1" index="0" bw="1" slack="2147483647"/>
</pin_list>
<bind>
<StgValue><ssdm name="_ssdm_op_SpecResourceLimit"/></StgValue>
</bind>
</comp>

<comp id="42" class="1001" name="const_42">
<pin_list>
<pin id="43" dir="1" index="0" bw="1" slack="2147483647"/>
</pin_list>
<bind>
<StgValue><ssdm name=""/></StgValue>
</bind>
</comp>

<comp id="44" class="1001" name="const_44">
<pin_list>
<pin id="45" dir="1" index="0" bw="1" slack="2147483647"/>
</pin_list>
<bind>
<StgValue><ssdm name="empty_1"/></StgValue>
</bind>
</comp>

<comp id="46" class="1001" name="const_46">
<pin_list>
<pin id="47" dir="1" index="0" bw="1" slack="0"/>
</pin_list>
<bind>
<StgValue><ssdm name="_ssdm_op_Read.ap_auto.i16"/></StgValue>
</bind>
</comp>

<comp id="48" class="1001" name="const_48">
<pin_list>
<pin id="49" dir="1" index="0" bw="1" slack="0"/>
</pin_list>
<bind>
<StgValue><ssdm name=""/></StgValue>
</bind>
</comp>

<comp id="50" class="1001" name="const_50">
<pin_list>
<pin id="51" dir="1" index="0" bw="1" slack="0"/>
</pin_list>
<bind>
<StgValue><ssdm name=""/></StgValue>
</bind>
</comp>

<comp id="52" class="1001" name="const_52">
<pin_list>
<pin id="53" dir="1" index="0" bw="1" slack="0"/>
</pin_list>
<bind>
<StgValue><ssdm name=""/></StgValue>
</bind>
</comp>

<comp id="54" class="1001" name="const_54">
<pin_list>
<pin id="55" dir="1" index="0" bw="1" slack="0"/>
</pin_list>
<bind>
<StgValue><ssdm name=""/></StgValue>
</bind>
</comp>

<comp id="56" class="1001" name="const_56">
<pin_list>
<pin id="57" dir="1" index="0" bw="1" slack="0"/>
</pin_list>
<bind>
<StgValue><ssdm name=""/></StgValue>
</bind>
</comp>

<comp id="58" class="1001" name="const_58">
<pin_list>
<pin id="59" dir="1" index="0" bw="1" slack="0"/>
</pin_list>
<bind>
<StgValue><ssdm name=""/></StgValue>
</bind>
</comp>

<comp id="60" class="1001" name="const_60">
<pin_list>
<pin id="61" dir="1" index="0" bw="1" slack="0"/>
</pin_list>
<bind>
<StgValue><ssdm name=""/></StgValue>
</bind>
</comp>

<comp id="62" class="1001" name="const_62">
<pin_list>
<pin id="63" dir="1" index="0" bw="1" slack="0"/>
</pin_list>
<bind>
<StgValue><ssdm name=""/></StgValue>
</bind>
</comp>

<comp id="64" class="1001" name="const_64">
<pin_list>
<pin id="65" dir="1" index="0" bw="1" slack="0"/>
</pin_list>
<bind>
<StgValue><ssdm name=""/></StgValue>
</bind>
</comp>

<comp id="66" class="1001" name="const_66">
<pin_list>
<pin id="67" dir="1" index="0" bw="1" slack="0"/>
</pin_list>
<bind>
<StgValue><ssdm name=""/></StgValue>
</bind>
</comp>

<comp id="68" class="1001" name="const_68">
<pin_list>
<pin id="69" dir="1" index="0" bw="1" slack="0"/>
</pin_list>
<bind>
<StgValue><ssdm name=""/></StgValue>
</bind>
</comp>

<comp id="70" class="1001" name="const_70">
<pin_list>
<pin id="71" dir="1" index="0" bw="1" slack="0"/>
</pin_list>
<bind>
<StgValue><ssdm name=""/></StgValue>
</bind>
</comp>

<comp id="72" class="1001" name="const_72">
<pin_list>
<pin id="73" dir="1" index="0" bw="1" slack="0"/>
</pin_list>
<bind>
<StgValue><ssdm name=""/></StgValue>
</bind>
</comp>

<comp id="74" class="1001" name="const_74">
<pin_list>
<pin id="75" dir="1" index="0" bw="1" slack="0"/>
</pin_list>
<bind>
<StgValue><ssdm name=""/></StgValue>
</bind>
</comp>

<comp id="76" class="1001" name="const_76">
<pin_list>
<pin id="77" dir="1" index="0" bw="1" slack="0"/>
</pin_list>
<bind>
<StgValue><ssdm name=""/></StgValue>
</bind>
</comp>

<comp id="78" class="1001" name="const_78">
<pin_list>
<pin id="79" dir="1" index="0" bw="1" slack="0"/>
</pin_list>
<bind>
<StgValue><ssdm name=""/></StgValue>
</bind>
</comp>

<comp id="80" class="1001" name="const_80">
<pin_list>
<pin id="81" dir="1" index="0" bw="1" slack="0"/>
</pin_list>
<bind>
<StgValue><ssdm name=""/></StgValue>
</bind>
</comp>

<comp id="82" class="1001" name="const_82">
<pin_list>
<pin id="83" dir="1" index="0" bw="1" slack="0"/>
</pin_list>
<bind>
<StgValue><ssdm name=""/></StgValue>
</bind>
</comp>

<comp id="84" class="1001" name="const_84">
<pin_list>
<pin id="85" dir="1" index="0" bw="1" slack="0"/>
</pin_list>
<bind>
<StgValue><ssdm name=""/></StgValue>
</bind>
</comp>

<comp id="86" class="1004" name="data_15_val_read_read_fu_86">
<pin_list>
<pin id="87" dir="0" index="0" bw="16" slack="0"/>
<pin id="88" dir="0" index="1" bw="16" slack="0"/>
<pin id="89" dir="1" index="2" bw="16" slack="0"/>
</pin_list>
<bind>
<opcode="read(1150) " fcode="read"/>
<opset="data_15_val_read/1 "/>
</bind>
</comp>

<comp id="92" class="1004" name="data_14_val_read_read_fu_92">
<pin_list>
<pin id="93" dir="0" index="0" bw="16" slack="0"/>
<pin id="94" dir="0" index="1" bw="16" slack="0"/>
<pin id="95" dir="1" index="2" bw="16" slack="0"/>
</pin_list>
<bind>
<opcode="read(1150) " fcode="read"/>
<opset="data_14_val_read/1 "/>
</bind>
</comp>

<comp id="98" class="1004" name="data_13_val_read_read_fu_98">
<pin_list>
<pin id="99" dir="0" index="0" bw="16" slack="0"/>
<pin id="100" dir="0" index="1" bw="16" slack="0"/>
<pin id="101" dir="1" index="2" bw="16" slack="0"/>
</pin_list>
<bind>
<opcode="read(1150) " fcode="read"/>
<opset="data_13_val_read/1 "/>
</bind>
</comp>

<comp id="104" class="1004" name="data_12_val_read_read_fu_104">
<pin_list>
<pin id="105" dir="0" index="0" bw="16" slack="0"/>
<pin id="106" dir="0" index="1" bw="16" slack="0"/>
<pin id="107" dir="1" index="2" bw="16" slack="0"/>
</pin_list>
<bind>
<opcode="read(1150) " fcode="read"/>
<opset="data_12_val_read/1 "/>
</bind>
</comp>

<comp id="110" class="1004" name="data_11_val_read_read_fu_110">
<pin_list>
<pin id="111" dir="0" index="0" bw="16" slack="0"/>
<pin id="112" dir="0" index="1" bw="16" slack="0"/>
<pin id="113" dir="1" index="2" bw="16" slack="0"/>
</pin_list>
<bind>
<opcode="read(1150) " fcode="read"/>
<opset="data_11_val_read/1 "/>
</bind>
</comp>

<comp id="116" class="1004" name="data_10_val_read_read_fu_116">
<pin_list>
<pin id="117" dir="0" index="0" bw="16" slack="0"/>
<pin id="118" dir="0" index="1" bw="16" slack="0"/>
<pin id="119" dir="1" index="2" bw="16" slack="0"/>
</pin_list>
<bind>
<opcode="read(1150) " fcode="read"/>
<opset="data_10_val_read/1 "/>
</bind>
</comp>

<comp id="122" class="1004" name="data_9_val_read_read_fu_122">
<pin_list>
<pin id="123" dir="0" index="0" bw="16" slack="0"/>
<pin id="124" dir="0" index="1" bw="16" slack="0"/>
<pin id="125" dir="1" index="2" bw="16" slack="0"/>
</pin_list>
<bind>
<opcode="read(1150) " fcode="read"/>
<opset="data_9_val_read/1 "/>
</bind>
</comp>

<comp id="128" class="1004" name="data_8_val_read_read_fu_128">
<pin_list>
<pin id="129" dir="0" index="0" bw="16" slack="0"/>
<pin id="130" dir="0" index="1" bw="16" slack="0"/>
<pin id="131" dir="1" index="2" bw="16" slack="0"/>
</pin_list>
<bind>
<opcode="read(1150) " fcode="read"/>
<opset="data_8_val_read/1 "/>
</bind>
</comp>

<comp id="134" class="1004" name="data_7_val_read_read_fu_134">
<pin_list>
<pin id="135" dir="0" index="0" bw="16" slack="0"/>
<pin id="136" dir="0" index="1" bw="16" slack="0"/>
<pin id="137" dir="1" index="2" bw="16" slack="0"/>
</pin_list>
<bind>
<opcode="read(1150) " fcode="read"/>
<opset="data_7_val_read/1 "/>
</bind>
</comp>

<comp id="140" class="1004" name="data_6_val_read_read_fu_140">
<pin_list>
<pin id="141" dir="0" index="0" bw="16" slack="0"/>
<pin id="142" dir="0" index="1" bw="16" slack="0"/>
<pin id="143" dir="1" index="2" bw="16" slack="0"/>
</pin_list>
<bind>
<opcode="read(1150) " fcode="read"/>
<opset="data_6_val_read/1 "/>
</bind>
</comp>

<comp id="146" class="1004" name="data_5_val_read_read_fu_146">
<pin_list>
<pin id="147" dir="0" index="0" bw="16" slack="0"/>
<pin id="148" dir="0" index="1" bw="16" slack="0"/>
<pin id="149" dir="1" index="2" bw="16" slack="0"/>
</pin_list>
<bind>
<opcode="read(1150) " fcode="read"/>
<opset="data_5_val_read/1 "/>
</bind>
</comp>

<comp id="152" class="1004" name="data_4_val_read_read_fu_152">
<pin_list>
<pin id="153" dir="0" index="0" bw="16" slack="0"/>
<pin id="154" dir="0" index="1" bw="16" slack="0"/>
<pin id="155" dir="1" index="2" bw="16" slack="0"/>
</pin_list>
<bind>
<opcode="read(1150) " fcode="read"/>
<opset="data_4_val_read/1 "/>
</bind>
</comp>

<comp id="158" class="1004" name="data_3_val_read_read_fu_158">
<pin_list>
<pin id="159" dir="0" index="0" bw="16" slack="0"/>
<pin id="160" dir="0" index="1" bw="16" slack="0"/>
<pin id="161" dir="1" index="2" bw="16" slack="0"/>
</pin_list>
<bind>
<opcode="read(1150) " fcode="read"/>
<opset="data_3_val_read/1 "/>
</bind>
</comp>

<comp id="164" class="1004" name="data_2_val_read_read_fu_164">
<pin_list>
<pin id="165" dir="0" index="0" bw="16" slack="0"/>
<pin id="166" dir="0" index="1" bw="16" slack="0"/>
<pin id="167" dir="1" index="2" bw="16" slack="0"/>
</pin_list>
<bind>
<opcode="read(1150) " fcode="read"/>
<opset="data_2_val_read/1 "/>
</bind>
</comp>

<comp id="170" class="1004" name="data_1_val_read_read_fu_170">
<pin_list>
<pin id="171" dir="0" index="0" bw="16" slack="0"/>
<pin id="172" dir="0" index="1" bw="16" slack="0"/>
<pin id="173" dir="1" index="2" bw="16" slack="0"/>
</pin_list>
<bind>
<opcode="read(1150) " fcode="read"/>
<opset="data_1_val_read/1 "/>
</bind>
</comp>

<comp id="176" class="1004" name="data_0_val_read_read_fu_176">
<pin_list>
<pin id="177" dir="0" index="0" bw="16" slack="0"/>
<pin id="178" dir="0" index="1" bw="16" slack="0"/>
<pin id="179" dir="1" index="2" bw="16" slack="0"/>
</pin_list>
<bind>
<opcode="read(1150) " fcode="read"/>
<opset="data_0_val_read/1 "/>
</bind>
</comp>

<comp id="182" class="1004" name="mul_ln54_46_fu_182">
<pin_list>
<pin id="1282" dir="0" index="0" bw="16" slack="0"/>
<pin id="1283" dir="0" index="1" bw="13" slack="0"/>
<pin id="1284" dir="1" index="2" bw="26" slack="0"/>
</pin_list>
<bind>
<opcode="mul(12) " fcode="mul"/>
<opset="mul_ln54_46/1 "/>
</bind>
</comp>

<comp id="183" class="1004" name="mul_ln54_fu_183">
<pin_list>
<pin id="1222" dir="0" index="0" bw="16" slack="0"/>
<pin id="1223" dir="0" index="1" bw="13" slack="0"/>
<pin id="1224" dir="1" index="2" bw="26" slack="0"/>
</pin_list>
<bind>
<opcode="mul(12) " fcode="mul"/>
<opset="mul_ln54/1 "/>
</bind>
</comp>

<comp id="184" class="1004" name="mul_ln54_40_fu_184">
<pin_list>
<pin id="1258" dir="0" index="0" bw="16" slack="0"/>
<pin id="1259" dir="0" index="1" bw="13" slack="0"/>
<pin id="1260" dir="1" index="2" bw="26" slack="0"/>
</pin_list>
<bind>
<opcode="mul(12) " fcode="mul"/>
<opset="mul_ln54_40/1 "/>
</bind>
</comp>

<comp id="185" class="1004" name="mul_ln54_35_fu_185">
<pin_list>
<pin id="1238" dir="0" index="0" bw="16" slack="0"/>
<pin id="1239" dir="0" index="1" bw="13" slack="0"/>
<pin id="1240" dir="1" index="2" bw="26" slack="0"/>
</pin_list>
<bind>
<opcode="mul(12) " fcode="mul"/>
<opset="mul_ln54_35/1 "/>
</bind>
</comp>

<comp id="186" class="1004" name="mul_ln54_36_fu_186">
<pin_list>
<pin id="1242" dir="0" index="0" bw="16" slack="0"/>
<pin id="1243" dir="0" index="1" bw="13" slack="0"/>
<pin id="1244" dir="1" index="2" bw="26" slack="0"/>
</pin_list>
<bind>
<opcode="mul(12) " fcode="mul"/>
<opset="mul_ln54_36/1 "/>
</bind>
</comp>

<comp id="187" class="1004" name="mul_ln54_32_fu_187">
<pin_list>
<pin id="1226" dir="0" index="0" bw="16" slack="0"/>
<pin id="1227" dir="0" index="1" bw="13" slack="0"/>
<pin id="1228" dir="1" index="2" bw="26" slack="0"/>
</pin_list>
<bind>
<opcode="mul(12) " fcode="mul"/>
<opset="mul_ln54_32/1 "/>
</bind>
</comp>

<comp id="188" class="1004" name="mul_ln54_37_fu_188">
<pin_list>
<pin id="1246" dir="0" index="0" bw="16" slack="0"/>
<pin id="1247" dir="0" index="1" bw="13" slack="0"/>
<pin id="1248" dir="1" index="2" bw="26" slack="0"/>
</pin_list>
<bind>
<opcode="mul(12) " fcode="mul"/>
<opset="mul_ln54_37/1 "/>
</bind>
</comp>

<comp id="189" class="1004" name="mul_ln54_42_fu_189">
<pin_list>
<pin id="1266" dir="0" index="0" bw="16" slack="0"/>
<pin id="1267" dir="0" index="1" bw="13" slack="0"/>
<pin id="1268" dir="1" index="2" bw="26" slack="0"/>
</pin_list>
<bind>
<opcode="mul(12) " fcode="mul"/>
<opset="mul_ln54_42/1 "/>
</bind>
</comp>

<comp id="190" class="1004" name="mul_ln54_34_fu_190">
<pin_list>
<pin id="1234" dir="0" index="0" bw="16" slack="0"/>
<pin id="1235" dir="0" index="1" bw="13" slack="0"/>
<pin id="1236" dir="1" index="2" bw="26" slack="0"/>
</pin_list>
<bind>
<opcode="mul(12) " fcode="mul"/>
<opset="mul_ln54_34/1 "/>
</bind>
</comp>

<comp id="191" class="1004" name="mul_ln54_39_fu_191">
<pin_list>
<pin id="1254" dir="0" index="0" bw="16" slack="0"/>
<pin id="1255" dir="0" index="1" bw="13" slack="0"/>
<pin id="1256" dir="1" index="2" bw="26" slack="0"/>
</pin_list>
<bind>
<opcode="mul(12) " fcode="mul"/>
<opset="mul_ln54_39/1 "/>
</bind>
</comp>

<comp id="192" class="1004" name="mul_ln54_41_fu_192">
<pin_list>
<pin id="1262" dir="0" index="0" bw="16" slack="0"/>
<pin id="1263" dir="0" index="1" bw="13" slack="0"/>
<pin id="1264" dir="1" index="2" bw="26" slack="0"/>
</pin_list>
<bind>
<opcode="mul(12) " fcode="mul"/>
<opset="mul_ln54_41/1 "/>
</bind>
</comp>

<comp id="193" class="1004" name="mul_ln54_43_fu_193">
<pin_list>
<pin id="1270" dir="0" index="0" bw="16" slack="0"/>
<pin id="1271" dir="0" index="1" bw="13" slack="0"/>
<pin id="1272" dir="1" index="2" bw="26" slack="0"/>
</pin_list>
<bind>
<opcode="mul(12) " fcode="mul"/>
<opset="mul_ln54_43/1 "/>
</bind>
</comp>

<comp id="194" class="1004" name="mul_ln54_38_fu_194">
<pin_list>
<pin id="1250" dir="0" index="0" bw="16" slack="0"/>
<pin id="1251" dir="0" index="1" bw="13" slack="0"/>
<pin id="1252" dir="1" index="2" bw="26" slack="0"/>
</pin_list>
<bind>
<opcode="mul(12) " fcode="mul"/>
<opset="mul_ln54_38/1 "/>
</bind>
</comp>

<comp id="195" class="1004" name="mul_ln54_44_fu_195">
<pin_list>
<pin id="1274" dir="0" index="0" bw="16" slack="0"/>
<pin id="1275" dir="0" index="1" bw="13" slack="0"/>
<pin id="1276" dir="1" index="2" bw="26" slack="0"/>
</pin_list>
<bind>
<opcode="mul(12) " fcode="mul"/>
<opset="mul_ln54_44/1 "/>
</bind>
</comp>

<comp id="196" class="1004" name="mul_ln54_45_fu_196">
<pin_list>
<pin id="1278" dir="0" index="0" bw="16" slack="0"/>
<pin id="1279" dir="0" index="1" bw="13" slack="0"/>
<pin id="1280" dir="1" index="2" bw="26" slack="0"/>
</pin_list>
<bind>
<opcode="mul(12) " fcode="mul"/>
<opset="mul_ln54_45/1 "/>
</bind>
</comp>

<comp id="197" class="1004" name="mul_ln54_33_fu_197">
<pin_list>
<pin id="1230" dir="0" index="0" bw="16" slack="0"/>
<pin id="1231" dir="0" index="1" bw="13" slack="0"/>
<pin id="1232" dir="1" index="2" bw="26" slack="0"/>
</pin_list>
<bind>
<opcode="mul(12) " fcode="mul"/>
<opset="mul_ln54_33/1 "/>
</bind>
</comp>

<comp id="1335" class="1004" name="sext_ln54_fu_1335">
<pin_list>
<pin id="1336" dir="0" index="0" bw="16" slack="0"/>
<pin id="1337" dir="1" index="1" bw="26" slack="0"/>
</pin_list>
<bind>
<opcode="sext(35) " fcode="sext"/>
<opset="sext_ln54/1 "/>
</bind>
</comp>

<comp id="1340" class="1004" name="add_ln54_fu_1340">
<pin_list>
<pin id="1341" dir="0" index="0" bw="26" slack="0"/>
<pin id="1342" dir="0" index="1" bw="20" slack="0"/>
<pin id="1343" dir="1" index="2" bw="26" slack="0"/>
</pin_list>
<bind>
<opcode="add(8) " fcode="add"/>
<opset="add_ln54/1 "/>
</bind>
</comp>

<comp id="1346" class="1004" name="sext_ln54_1_fu_1346">
<pin_list>
<pin id="1347" dir="0" index="0" bw="16" slack="0"/>
<pin id="1348" dir="1" index="1" bw="26" slack="0"/>
</pin_list>
<bind>
<opcode="sext(35) " fcode="sext"/>
<opset="sext_ln54_1/1 "/>
</bind>
</comp>

<comp id="1351" class="1004" name="add_ln54_32_fu_1351">
<pin_list>
<pin id="1352" dir="0" index="0" bw="26" slack="0"/>
<pin id="1353" dir="0" index="1" bw="18" slack="0"/>
<pin id="1354" dir="1" index="2" bw="26" slack="0"/>
</pin_list>
<bind>
<opcode="add(8) " fcode="add"/>
<opset="add_ln54_32/1 "/>
</bind>
</comp>

<comp id="1357" class="1004" name="sext_ln54_2_fu_1357">
<pin_list>
<pin id="1358" dir="0" index="0" bw="16" slack="0"/>
<pin id="1359" dir="1" index="1" bw="26" slack="0"/>
</pin_list>
<bind>
<opcode="sext(35) " fcode="sext"/>
<opset="sext_ln54_2/1 "/>
</bind>
</comp>

<comp id="1362" class="1004" name="add_ln54_33_fu_1362">
<pin_list>
<pin id="1363" dir="0" index="0" bw="26" slack="0"/>
<pin id="1364" dir="0" index="1" bw="20" slack="0"/>
<pin id="1365" dir="1" index="2" bw="26" slack="0"/>
</pin_list>
<bind>
<opcode="add(8) " fcode="add"/>
<opset="add_ln54_33/1 "/>
</bind>
</comp>

<comp id="1368" class="1004" name="sext_ln54_3_fu_1368">
<pin_list>
<pin id="1369" dir="0" index="0" bw="16" slack="0"/>
<pin id="1370" dir="1" index="1" bw="26" slack="0"/>
</pin_list>
<bind>
<opcode="sext(35) " fcode="sext"/>
<opset="sext_ln54_3/1 "/>
</bind>
</comp>

<comp id="1373" class="1004" name="add_ln54_34_fu_1373">
<pin_list>
<pin id="1374" dir="0" index="0" bw="26" slack="0"/>
<pin id="1375" dir="0" index="1" bw="18" slack="0"/>
<pin id="1376" dir="1" index="2" bw="26" slack="0"/>
</pin_list>
<bind>
<opcode="add(8) " fcode="add"/>
<opset="add_ln54_34/1 "/>
</bind>
</comp>

<comp id="1379" class="1004" name="sext_ln54_4_fu_1379">
<pin_list>
<pin id="1380" dir="0" index="0" bw="16" slack="0"/>
<pin id="1381" dir="1" index="1" bw="26" slack="0"/>
</pin_list>
<bind>
<opcode="sext(35) " fcode="sext"/>
<opset="sext_ln54_4/1 "/>
</bind>
</comp>

<comp id="1384" class="1004" name="add_ln54_35_fu_1384">
<pin_list>
<pin id="1385" dir="0" index="0" bw="26" slack="0"/>
<pin id="1386" dir="0" index="1" bw="20" slack="0"/>
<pin id="1387" dir="1" index="2" bw="26" slack="0"/>
</pin_list>
<bind>
<opcode="add(8) " fcode="add"/>
<opset="add_ln54_35/1 "/>
</bind>
</comp>

<comp id="1390" class="1004" name="sext_ln54_5_fu_1390">
<pin_list>
<pin id="1391" dir="0" index="0" bw="16" slack="0"/>
<pin id="1392" dir="1" index="1" bw="26" slack="0"/>
</pin_list>
<bind>
<opcode="sext(35) " fcode="sext"/>
<opset="sext_ln54_5/1 "/>
</bind>
</comp>

<comp id="1395" class="1004" name="add_ln54_36_fu_1395">
<pin_list>
<pin id="1396" dir="0" index="0" bw="26" slack="0"/>
<pin id="1397" dir="0" index="1" bw="20" slack="0"/>
<pin id="1398" dir="1" index="2" bw="26" slack="0"/>
</pin_list>
<bind>
<opcode="add(8) " fcode="add"/>
<opset="add_ln54_36/1 "/>
</bind>
</comp>

<comp id="1401" class="1004" name="sext_ln54_6_fu_1401">
<pin_list>
<pin id="1402" dir="0" index="0" bw="16" slack="0"/>
<pin id="1403" dir="1" index="1" bw="26" slack="0"/>
</pin_list>
<bind>
<opcode="sext(35) " fcode="sext"/>
<opset="sext_ln54_6/1 "/>
</bind>
</comp>

<comp id="1406" class="1004" name="add_ln54_37_fu_1406">
<pin_list>
<pin id="1407" dir="0" index="0" bw="26" slack="0"/>
<pin id="1408" dir="0" index="1" bw="19" slack="0"/>
<pin id="1409" dir="1" index="2" bw="26" slack="0"/>
</pin_list>
<bind>
<opcode="add(8) " fcode="add"/>
<opset="add_ln54_37/1 "/>
</bind>
</comp>

<comp id="1412" class="1004" name="sext_ln54_7_fu_1412">
<pin_list>
<pin id="1413" dir="0" index="0" bw="16" slack="0"/>
<pin id="1414" dir="1" index="1" bw="26" slack="0"/>
</pin_list>
<bind>
<opcode="sext(35) " fcode="sext"/>
<opset="sext_ln54_7/1 "/>
</bind>
</comp>

<comp id="1417" class="1004" name="add_ln54_38_fu_1417">
<pin_list>
<pin id="1418" dir="0" index="0" bw="26" slack="0"/>
<pin id="1419" dir="0" index="1" bw="21" slack="0"/>
<pin id="1420" dir="1" index="2" bw="26" slack="0"/>
</pin_list>
<bind>
<opcode="add(8) " fcode="add"/>
<opset="add_ln54_38/1 "/>
</bind>
</comp>

<comp id="1423" class="1004" name="sext_ln54_8_fu_1423">
<pin_list>
<pin id="1424" dir="0" index="0" bw="16" slack="0"/>
<pin id="1425" dir="1" index="1" bw="26" slack="0"/>
</pin_list>
<bind>
<opcode="sext(35) " fcode="sext"/>
<opset="sext_ln54_8/1 "/>
</bind>
</comp>

<comp id="1428" class="1004" name="add_ln54_39_fu_1428">
<pin_list>
<pin id="1429" dir="0" index="0" bw="26" slack="0"/>
<pin id="1430" dir="0" index="1" bw="20" slack="0"/>
<pin id="1431" dir="1" index="2" bw="26" slack="0"/>
</pin_list>
<bind>
<opcode="add(8) " fcode="add"/>
<opset="add_ln54_39/1 "/>
</bind>
</comp>

<comp id="1434" class="1004" name="sext_ln54_9_fu_1434">
<pin_list>
<pin id="1435" dir="0" index="0" bw="16" slack="0"/>
<pin id="1436" dir="1" index="1" bw="26" slack="0"/>
</pin_list>
<bind>
<opcode="sext(35) " fcode="sext"/>
<opset="sext_ln54_9/1 "/>
</bind>
</comp>

<comp id="1439" class="1004" name="add_ln54_40_fu_1439">
<pin_list>
<pin id="1440" dir="0" index="0" bw="26" slack="0"/>
<pin id="1441" dir="0" index="1" bw="20" slack="0"/>
<pin id="1442" dir="1" index="2" bw="26" slack="0"/>
</pin_list>
<bind>
<opcode="add(8) " fcode="add"/>
<opset="add_ln54_40/1 "/>
</bind>
</comp>

<comp id="1445" class="1004" name="sext_ln54_10_fu_1445">
<pin_list>
<pin id="1446" dir="0" index="0" bw="16" slack="0"/>
<pin id="1447" dir="1" index="1" bw="26" slack="0"/>
</pin_list>
<bind>
<opcode="sext(35) " fcode="sext"/>
<opset="sext_ln54_10/1 "/>
</bind>
</comp>

<comp id="1450" class="1004" name="add_ln54_41_fu_1450">
<pin_list>
<pin id="1451" dir="0" index="0" bw="26" slack="0"/>
<pin id="1452" dir="0" index="1" bw="21" slack="0"/>
<pin id="1453" dir="1" index="2" bw="26" slack="0"/>
</pin_list>
<bind>
<opcode="add(8) " fcode="add"/>
<opset="add_ln54_41/1 "/>
</bind>
</comp>

<comp id="1456" class="1004" name="sext_ln54_11_fu_1456">
<pin_list>
<pin id="1457" dir="0" index="0" bw="16" slack="0"/>
<pin id="1458" dir="1" index="1" bw="26" slack="0"/>
</pin_list>
<bind>
<opcode="sext(35) " fcode="sext"/>
<opset="sext_ln54_11/1 "/>
</bind>
</comp>

<comp id="1461" class="1004" name="add_ln54_42_fu_1461">
<pin_list>
<pin id="1462" dir="0" index="0" bw="26" slack="0"/>
<pin id="1463" dir="0" index="1" bw="21" slack="0"/>
<pin id="1464" dir="1" index="2" bw="26" slack="0"/>
</pin_list>
<bind>
<opcode="add(8) " fcode="add"/>
<opset="add_ln54_42/1 "/>
</bind>
</comp>

<comp id="1467" class="1004" name="sext_ln54_12_fu_1467">
<pin_list>
<pin id="1468" dir="0" index="0" bw="16" slack="0"/>
<pin id="1469" dir="1" index="1" bw="26" slack="0"/>
</pin_list>
<bind>
<opcode="sext(35) " fcode="sext"/>
<opset="sext_ln54_12/1 "/>
</bind>
</comp>

<comp id="1472" class="1004" name="add_ln54_43_fu_1472">
<pin_list>
<pin id="1473" dir="0" index="0" bw="26" slack="0"/>
<pin id="1474" dir="0" index="1" bw="20" slack="0"/>
<pin id="1475" dir="1" index="2" bw="26" slack="0"/>
</pin_list>
<bind>
<opcode="add(8) " fcode="add"/>
<opset="add_ln54_43/1 "/>
</bind>
</comp>

<comp id="1478" class="1004" name="sext_ln54_13_fu_1478">
<pin_list>
<pin id="1479" dir="0" index="0" bw="16" slack="0"/>
<pin id="1480" dir="1" index="1" bw="26" slack="0"/>
</pin_list>
<bind>
<opcode="sext(35) " fcode="sext"/>
<opset="sext_ln54_13/1 "/>
</bind>
</comp>

<comp id="1483" class="1004" name="add_ln54_44_fu_1483">
<pin_list>
<pin id="1484" dir="0" index="0" bw="26" slack="0"/>
<pin id="1485" dir="0" index="1" bw="21" slack="0"/>
<pin id="1486" dir="1" index="2" bw="26" slack="0"/>
</pin_list>
<bind>
<opcode="add(8) " fcode="add"/>
<opset="add_ln54_44/1 "/>
</bind>
</comp>

<comp id="1489" class="1004" name="sext_ln54_14_fu_1489">
<pin_list>
<pin id="1490" dir="0" index="0" bw="16" slack="0"/>
<pin id="1491" dir="1" index="1" bw="26" slack="0"/>
</pin_list>
<bind>
<opcode="sext(35) " fcode="sext"/>
<opset="sext_ln54_14/1 "/>
</bind>
</comp>

<comp id="1494" class="1004" name="add_ln54_45_fu_1494">
<pin_list>
<pin id="1495" dir="0" index="0" bw="26" slack="0"/>
<pin id="1496" dir="0" index="1" bw="21" slack="0"/>
<pin id="1497" dir="1" index="2" bw="26" slack="0"/>
</pin_list>
<bind>
<opcode="add(8) " fcode="add"/>
<opset="add_ln54_45/1 "/>
</bind>
</comp>

<comp id="1500" class="1004" name="sext_ln54_15_fu_1500">
<pin_list>
<pin id="1501" dir="0" index="0" bw="16" slack="0"/>
<pin id="1502" dir="1" index="1" bw="26" slack="0"/>
</pin_list>
<bind>
<opcode="sext(35) " fcode="sext"/>
<opset="sext_ln54_15/1 "/>
</bind>
</comp>

<comp id="1505" class="1004" name="add_ln54_46_fu_1505">
<pin_list>
<pin id="1506" dir="0" index="0" bw="26" slack="0"/>
<pin id="1507" dir="0" index="1" bw="20" slack="0"/>
<pin id="1508" dir="1" index="2" bw="26" slack="0"/>
</pin_list>
<bind>
<opcode="add(8) " fcode="add"/>
<opset="add_ln54_46/1 "/>
</bind>
</comp>

<comp id="1511" class="1004" name="mrv_fu_1511">
<pin_list>
<pin id="1512" dir="0" index="0" bw="416" slack="0"/>
<pin id="1513" dir="0" index="1" bw="26" slack="0"/>
<pin id="1514" dir="1" index="2" bw="416" slack="0"/>
</pin_list>
<bind>
<opcode="insertvalue(57) " fcode="insertvalue"/>
<opset="mrv/1 "/>
</bind>
</comp>

<comp id="1517" class="1004" name="mrv_1_fu_1517">
<pin_list>
<pin id="1518" dir="0" index="0" bw="416" slack="0"/>
<pin id="1519" dir="0" index="1" bw="26" slack="0"/>
<pin id="1520" dir="1" index="2" bw="416" slack="0"/>
</pin_list>
<bind>
<opcode="insertvalue(57) " fcode="insertvalue"/>
<opset="mrv_1/1 "/>
</bind>
</comp>

<comp id="1523" class="1004" name="mrv_2_fu_1523">
<pin_list>
<pin id="1524" dir="0" index="0" bw="416" slack="0"/>
<pin id="1525" dir="0" index="1" bw="26" slack="0"/>
<pin id="1526" dir="1" index="2" bw="416" slack="0"/>
</pin_list>
<bind>
<opcode="insertvalue(57) " fcode="insertvalue"/>
<opset="mrv_2/1 "/>
</bind>
</comp>

<comp id="1529" class="1004" name="mrv_3_fu_1529">
<pin_list>
<pin id="1530" dir="0" index="0" bw="416" slack="0"/>
<pin id="1531" dir="0" index="1" bw="26" slack="0"/>
<pin id="1532" dir="1" index="2" bw="416" slack="0"/>
</pin_list>
<bind>
<opcode="insertvalue(57) " fcode="insertvalue"/>
<opset="mrv_3/1 "/>
</bind>
</comp>

<comp id="1535" class="1004" name="mrv_4_fu_1535">
<pin_list>
<pin id="1536" dir="0" index="0" bw="416" slack="0"/>
<pin id="1537" dir="0" index="1" bw="26" slack="0"/>
<pin id="1538" dir="1" index="2" bw="416" slack="0"/>
</pin_list>
<bind>
<opcode="insertvalue(57) " fcode="insertvalue"/>
<opset="mrv_4/1 "/>
</bind>
</comp>

<comp id="1541" class="1004" name="mrv_5_fu_1541">
<pin_list>
<pin id="1542" dir="0" index="0" bw="416" slack="0"/>
<pin id="1543" dir="0" index="1" bw="26" slack="0"/>
<pin id="1544" dir="1" index="2" bw="416" slack="0"/>
</pin_list>
<bind>
<opcode="insertvalue(57) " fcode="insertvalue"/>
<opset="mrv_5/1 "/>
</bind>
</comp>

<comp id="1547" class="1004" name="mrv_6_fu_1547">
<pin_list>
<pin id="1548" dir="0" index="0" bw="416" slack="0"/>
<pin id="1549" dir="0" index="1" bw="26" slack="0"/>
<pin id="1550" dir="1" index="2" bw="416" slack="0"/>
</pin_list>
<bind>
<opcode="insertvalue(57) " fcode="insertvalue"/>
<opset="mrv_6/1 "/>
</bind>
</comp>

<comp id="1553" class="1004" name="mrv_7_fu_1553">
<pin_list>
<pin id="1554" dir="0" index="0" bw="416" slack="0"/>
<pin id="1555" dir="0" index="1" bw="26" slack="0"/>
<pin id="1556" dir="1" index="2" bw="416" slack="0"/>
</pin_list>
<bind>
<opcode="insertvalue(57) " fcode="insertvalue"/>
<opset="mrv_7/1 "/>
</bind>
</comp>

<comp id="1559" class="1004" name="mrv_8_fu_1559">
<pin_list>
<pin id="1560" dir="0" index="0" bw="416" slack="0"/>
<pin id="1561" dir="0" index="1" bw="26" slack="0"/>
<pin id="1562" dir="1" index="2" bw="416" slack="0"/>
</pin_list>
<bind>
<opcode="insertvalue(57) " fcode="insertvalue"/>
<opset="mrv_8/1 "/>
</bind>
</comp>

<comp id="1565" class="1004" name="mrv_9_fu_1565">
<pin_list>
<pin id="1566" dir="0" index="0" bw="416" slack="0"/>
<pin id="1567" dir="0" index="1" bw="26" slack="0"/>
<pin id="1568" dir="1" index="2" bw="416" slack="0"/>
</pin_list>
<bind>
<opcode="insertvalue(57) " fcode="insertvalue"/>
<opset="mrv_9/1 "/>
</bind>
</comp>

<comp id="1571" class="1004" name="mrv_10_fu_1571">
<pin_list>
<pin id="1572" dir="0" index="0" bw="416" slack="0"/>
<pin id="1573" dir="0" index="1" bw="26" slack="0"/>
<pin id="1574" dir="1" index="2" bw="416" slack="0"/>
</pin_list>
<bind>
<opcode="insertvalue(57) " fcode="insertvalue"/>
<opset="mrv_10/1 "/>
</bind>
</comp>

<comp id="1577" class="1004" name="mrv_11_fu_1577">
<pin_list>
<pin id="1578" dir="0" index="0" bw="416" slack="0"/>
<pin id="1579" dir="0" index="1" bw="26" slack="0"/>
<pin id="1580" dir="1" index="2" bw="416" slack="0"/>
</pin_list>
<bind>
<opcode="insertvalue(57) " fcode="insertvalue"/>
<opset="mrv_11/1 "/>
</bind>
</comp>

<comp id="1583" class="1004" name="mrv_12_fu_1583">
<pin_list>
<pin id="1584" dir="0" index="0" bw="416" slack="0"/>
<pin id="1585" dir="0" index="1" bw="26" slack="0"/>
<pin id="1586" dir="1" index="2" bw="416" slack="0"/>
</pin_list>
<bind>
<opcode="insertvalue(57) " fcode="insertvalue"/>
<opset="mrv_12/1 "/>
</bind>
</comp>

<comp id="1589" class="1004" name="mrv_13_fu_1589">
<pin_list>
<pin id="1590" dir="0" index="0" bw="416" slack="0"/>
<pin id="1591" dir="0" index="1" bw="26" slack="0"/>
<pin id="1592" dir="1" index="2" bw="416" slack="0"/>
</pin_list>
<bind>
<opcode="insertvalue(57) " fcode="insertvalue"/>
<opset="mrv_13/1 "/>
</bind>
</comp>

<comp id="1595" class="1004" name="mrv_14_fu_1595">
<pin_list>
<pin id="1596" dir="0" index="0" bw="416" slack="0"/>
<pin id="1597" dir="0" index="1" bw="26" slack="0"/>
<pin id="1598" dir="1" index="2" bw="416" slack="0"/>
</pin_list>
<bind>
<opcode="insertvalue(57) " fcode="insertvalue"/>
<opset="mrv_14/1 "/>
</bind>
</comp>

<comp id="1601" class="1004" name="mrv_15_fu_1601">
<pin_list>
<pin id="1602" dir="0" index="0" bw="416" slack="0"/>
<pin id="1603" dir="0" index="1" bw="26" slack="0"/>
<pin id="1604" dir="1" index="2" bw="416" slack="2147483647"/>
</pin_list>
<bind>
<opcode="insertvalue(57) " fcode="insertvalue"/>
<opset="mrv_15/1 "/>
</bind>
</comp>

</comp_list>

<net_list>
<net id="90"><net_src comp="46" pin="0"/><net_sink comp="86" pin=0"/></net>

<net id="91"><net_src comp="30" pin="0"/><net_sink comp="86" pin=1"/></net>

<net id="96"><net_src comp="46" pin="0"/><net_sink comp="92" pin=0"/></net>

<net id="97"><net_src comp="28" pin="0"/><net_sink comp="92" pin=1"/></net>

<net id="102"><net_src comp="46" pin="0"/><net_sink comp="98" pin=0"/></net>

<net id="103"><net_src comp="26" pin="0"/><net_sink comp="98" pin=1"/></net>

<net id="108"><net_src comp="46" pin="0"/><net_sink comp="104" pin=0"/></net>

<net id="109"><net_src comp="24" pin="0"/><net_sink comp="104" pin=1"/></net>

<net id="114"><net_src comp="46" pin="0"/><net_sink comp="110" pin=0"/></net>

<net id="115"><net_src comp="22" pin="0"/><net_sink comp="110" pin=1"/></net>

<net id="120"><net_src comp="46" pin="0"/><net_sink comp="116" pin=0"/></net>

<net id="121"><net_src comp="20" pin="0"/><net_sink comp="116" pin=1"/></net>

<net id="126"><net_src comp="46" pin="0"/><net_sink comp="122" pin=0"/></net>

<net id="127"><net_src comp="18" pin="0"/><net_sink comp="122" pin=1"/></net>

<net id="132"><net_src comp="46" pin="0"/><net_sink comp="128" pin=0"/></net>

<net id="133"><net_src comp="16" pin="0"/><net_sink comp="128" pin=1"/></net>

<net id="138"><net_src comp="46" pin="0"/><net_sink comp="134" pin=0"/></net>

<net id="139"><net_src comp="14" pin="0"/><net_sink comp="134" pin=1"/></net>

<net id="144"><net_src comp="46" pin="0"/><net_sink comp="140" pin=0"/></net>

<net id="145"><net_src comp="12" pin="0"/><net_sink comp="140" pin=1"/></net>

<net id="150"><net_src comp="46" pin="0"/><net_sink comp="146" pin=0"/></net>

<net id="151"><net_src comp="10" pin="0"/><net_sink comp="146" pin=1"/></net>

<net id="156"><net_src comp="46" pin="0"/><net_sink comp="152" pin=0"/></net>

<net id="157"><net_src comp="8" pin="0"/><net_sink comp="152" pin=1"/></net>

<net id="162"><net_src comp="46" pin="0"/><net_sink comp="158" pin=0"/></net>

<net id="163"><net_src comp="6" pin="0"/><net_sink comp="158" pin=1"/></net>

<net id="168"><net_src comp="46" pin="0"/><net_sink comp="164" pin=0"/></net>

<net id="169"><net_src comp="4" pin="0"/><net_sink comp="164" pin=1"/></net>

<net id="174"><net_src comp="46" pin="0"/><net_sink comp="170" pin=0"/></net>

<net id="175"><net_src comp="2" pin="0"/><net_sink comp="170" pin=1"/></net>

<net id="180"><net_src comp="46" pin="0"/><net_sink comp="176" pin=0"/></net>

<net id="181"><net_src comp="0" pin="0"/><net_sink comp="176" pin=1"/></net>

<net id="1225"><net_src comp="48" pin="0"/><net_sink comp="183" pin=1"/></net>

<net id="1229"><net_src comp="48" pin="0"/><net_sink comp="187" pin=1"/></net>

<net id="1233"><net_src comp="54" pin="0"/><net_sink comp="197" pin=1"/></net>

<net id="1237"><net_src comp="48" pin="0"/><net_sink comp="190" pin=1"/></net>

<net id="1241"><net_src comp="54" pin="0"/><net_sink comp="185" pin=1"/></net>

<net id="1245"><net_src comp="48" pin="0"/><net_sink comp="186" pin=1"/></net>

<net id="1249"><net_src comp="64" pin="0"/><net_sink comp="188" pin=1"/></net>

<net id="1253"><net_src comp="54" pin="0"/><net_sink comp="194" pin=1"/></net>

<net id="1257"><net_src comp="54" pin="0"/><net_sink comp="191" pin=1"/></net>

<net id="1261"><net_src comp="54" pin="0"/><net_sink comp="184" pin=1"/></net>

<net id="1265"><net_src comp="54" pin="0"/><net_sink comp="192" pin=1"/></net>

<net id="1269"><net_src comp="48" pin="0"/><net_sink comp="189" pin=1"/></net>

<net id="1273"><net_src comp="54" pin="0"/><net_sink comp="193" pin=1"/></net>

<net id="1277"><net_src comp="48" pin="0"/><net_sink comp="195" pin=1"/></net>

<net id="1281"><net_src comp="54" pin="0"/><net_sink comp="196" pin=1"/></net>

<net id="1285"><net_src comp="80" pin="0"/><net_sink comp="182" pin=1"/></net>

<net id="1338"><net_src comp="176" pin="2"/><net_sink comp="1335" pin=0"/></net>

<net id="1339"><net_src comp="1335" pin="1"/><net_sink comp="183" pin=0"/></net>

<net id="1344"><net_src comp="183" pin="2"/><net_sink comp="1340" pin=0"/></net>

<net id="1345"><net_src comp="50" pin="0"/><net_sink comp="1340" pin=1"/></net>

<net id="1349"><net_src comp="170" pin="2"/><net_sink comp="1346" pin=0"/></net>

<net id="1350"><net_src comp="1346" pin="1"/><net_sink comp="187" pin=0"/></net>

<net id="1355"><net_src comp="187" pin="2"/><net_sink comp="1351" pin=0"/></net>

<net id="1356"><net_src comp="52" pin="0"/><net_sink comp="1351" pin=1"/></net>

<net id="1360"><net_src comp="164" pin="2"/><net_sink comp="1357" pin=0"/></net>

<net id="1361"><net_src comp="1357" pin="1"/><net_sink comp="197" pin=0"/></net>

<net id="1366"><net_src comp="197" pin="2"/><net_sink comp="1362" pin=0"/></net>

<net id="1367"><net_src comp="56" pin="0"/><net_sink comp="1362" pin=1"/></net>

<net id="1371"><net_src comp="158" pin="2"/><net_sink comp="1368" pin=0"/></net>

<net id="1372"><net_src comp="1368" pin="1"/><net_sink comp="190" pin=0"/></net>

<net id="1377"><net_src comp="190" pin="2"/><net_sink comp="1373" pin=0"/></net>

<net id="1378"><net_src comp="58" pin="0"/><net_sink comp="1373" pin=1"/></net>

<net id="1382"><net_src comp="152" pin="2"/><net_sink comp="1379" pin=0"/></net>

<net id="1383"><net_src comp="1379" pin="1"/><net_sink comp="185" pin=0"/></net>

<net id="1388"><net_src comp="185" pin="2"/><net_sink comp="1384" pin=0"/></net>

<net id="1389"><net_src comp="60" pin="0"/><net_sink comp="1384" pin=1"/></net>

<net id="1393"><net_src comp="146" pin="2"/><net_sink comp="1390" pin=0"/></net>

<net id="1394"><net_src comp="1390" pin="1"/><net_sink comp="186" pin=0"/></net>

<net id="1399"><net_src comp="186" pin="2"/><net_sink comp="1395" pin=0"/></net>

<net id="1400"><net_src comp="62" pin="0"/><net_sink comp="1395" pin=1"/></net>

<net id="1404"><net_src comp="140" pin="2"/><net_sink comp="1401" pin=0"/></net>

<net id="1405"><net_src comp="1401" pin="1"/><net_sink comp="188" pin=0"/></net>

<net id="1410"><net_src comp="188" pin="2"/><net_sink comp="1406" pin=0"/></net>

<net id="1411"><net_src comp="66" pin="0"/><net_sink comp="1406" pin=1"/></net>

<net id="1415"><net_src comp="134" pin="2"/><net_sink comp="1412" pin=0"/></net>

<net id="1416"><net_src comp="1412" pin="1"/><net_sink comp="194" pin=0"/></net>

<net id="1421"><net_src comp="194" pin="2"/><net_sink comp="1417" pin=0"/></net>

<net id="1422"><net_src comp="68" pin="0"/><net_sink comp="1417" pin=1"/></net>

<net id="1426"><net_src comp="128" pin="2"/><net_sink comp="1423" pin=0"/></net>

<net id="1427"><net_src comp="1423" pin="1"/><net_sink comp="191" pin=0"/></net>

<net id="1432"><net_src comp="191" pin="2"/><net_sink comp="1428" pin=0"/></net>

<net id="1433"><net_src comp="70" pin="0"/><net_sink comp="1428" pin=1"/></net>

<net id="1437"><net_src comp="122" pin="2"/><net_sink comp="1434" pin=0"/></net>

<net id="1438"><net_src comp="1434" pin="1"/><net_sink comp="184" pin=0"/></net>

<net id="1443"><net_src comp="184" pin="2"/><net_sink comp="1439" pin=0"/></net>

<net id="1444"><net_src comp="70" pin="0"/><net_sink comp="1439" pin=1"/></net>

<net id="1448"><net_src comp="116" pin="2"/><net_sink comp="1445" pin=0"/></net>

<net id="1449"><net_src comp="1445" pin="1"/><net_sink comp="192" pin=0"/></net>

<net id="1454"><net_src comp="192" pin="2"/><net_sink comp="1450" pin=0"/></net>

<net id="1455"><net_src comp="72" pin="0"/><net_sink comp="1450" pin=1"/></net>

<net id="1459"><net_src comp="110" pin="2"/><net_sink comp="1456" pin=0"/></net>

<net id="1460"><net_src comp="1456" pin="1"/><net_sink comp="189" pin=0"/></net>

<net id="1465"><net_src comp="189" pin="2"/><net_sink comp="1461" pin=0"/></net>

<net id="1466"><net_src comp="68" pin="0"/><net_sink comp="1461" pin=1"/></net>

<net id="1470"><net_src comp="104" pin="2"/><net_sink comp="1467" pin=0"/></net>

<net id="1471"><net_src comp="1467" pin="1"/><net_sink comp="193" pin=0"/></net>

<net id="1476"><net_src comp="193" pin="2"/><net_sink comp="1472" pin=0"/></net>

<net id="1477"><net_src comp="74" pin="0"/><net_sink comp="1472" pin=1"/></net>

<net id="1481"><net_src comp="98" pin="2"/><net_sink comp="1478" pin=0"/></net>

<net id="1482"><net_src comp="1478" pin="1"/><net_sink comp="195" pin=0"/></net>

<net id="1487"><net_src comp="195" pin="2"/><net_sink comp="1483" pin=0"/></net>

<net id="1488"><net_src comp="76" pin="0"/><net_sink comp="1483" pin=1"/></net>

<net id="1492"><net_src comp="92" pin="2"/><net_sink comp="1489" pin=0"/></net>

<net id="1493"><net_src comp="1489" pin="1"/><net_sink comp="196" pin=0"/></net>

<net id="1498"><net_src comp="196" pin="2"/><net_sink comp="1494" pin=0"/></net>

<net id="1499"><net_src comp="78" pin="0"/><net_sink comp="1494" pin=1"/></net>

<net id="1503"><net_src comp="86" pin="2"/><net_sink comp="1500" pin=0"/></net>

<net id="1504"><net_src comp="1500" pin="1"/><net_sink comp="182" pin=0"/></net>

<net id="1509"><net_src comp="182" pin="2"/><net_sink comp="1505" pin=0"/></net>

<net id="1510"><net_src comp="82" pin="0"/><net_sink comp="1505" pin=1"/></net>

<net id="1515"><net_src comp="84" pin="0"/><net_sink comp="1511" pin=0"/></net>

<net id="1516"><net_src comp="1340" pin="2"/><net_sink comp="1511" pin=1"/></net>

<net id="1521"><net_src comp="1511" pin="2"/><net_sink comp="1517" pin=0"/></net>

<net id="1522"><net_src comp="1351" pin="2"/><net_sink comp="1517" pin=1"/></net>

<net id="1527"><net_src comp="1517" pin="2"/><net_sink comp="1523" pin=0"/></net>

<net id="1528"><net_src comp="1362" pin="2"/><net_sink comp="1523" pin=1"/></net>

<net id="1533"><net_src comp="1523" pin="2"/><net_sink comp="1529" pin=0"/></net>

<net id="1534"><net_src comp="1373" pin="2"/><net_sink comp="1529" pin=1"/></net>

<net id="1539"><net_src comp="1529" pin="2"/><net_sink comp="1535" pin=0"/></net>

<net id="1540"><net_src comp="1384" pin="2"/><net_sink comp="1535" pin=1"/></net>

<net id="1545"><net_src comp="1535" pin="2"/><net_sink comp="1541" pin=0"/></net>

<net id="1546"><net_src comp="1395" pin="2"/><net_sink comp="1541" pin=1"/></net>

<net id="1551"><net_src comp="1541" pin="2"/><net_sink comp="1547" pin=0"/></net>

<net id="1552"><net_src comp="1406" pin="2"/><net_sink comp="1547" pin=1"/></net>

<net id="1557"><net_src comp="1547" pin="2"/><net_sink comp="1553" pin=0"/></net>

<net id="1558"><net_src comp="1417" pin="2"/><net_sink comp="1553" pin=1"/></net>

<net id="1563"><net_src comp="1553" pin="2"/><net_sink comp="1559" pin=0"/></net>

<net id="1564"><net_src comp="1428" pin="2"/><net_sink comp="1559" pin=1"/></net>

<net id="1569"><net_src comp="1559" pin="2"/><net_sink comp="1565" pin=0"/></net>

<net id="1570"><net_src comp="1439" pin="2"/><net_sink comp="1565" pin=1"/></net>

<net id="1575"><net_src comp="1565" pin="2"/><net_sink comp="1571" pin=0"/></net>

<net id="1576"><net_src comp="1450" pin="2"/><net_sink comp="1571" pin=1"/></net>

<net id="1581"><net_src comp="1571" pin="2"/><net_sink comp="1577" pin=0"/></net>

<net id="1582"><net_src comp="1461" pin="2"/><net_sink comp="1577" pin=1"/></net>

<net id="1587"><net_src comp="1577" pin="2"/><net_sink comp="1583" pin=0"/></net>

<net id="1588"><net_src comp="1472" pin="2"/><net_sink comp="1583" pin=1"/></net>

<net id="1593"><net_src comp="1583" pin="2"/><net_sink comp="1589" pin=0"/></net>

<net id="1594"><net_src comp="1483" pin="2"/><net_sink comp="1589" pin=1"/></net>

<net id="1599"><net_src comp="1589" pin="2"/><net_sink comp="1595" pin=0"/></net>

<net id="1600"><net_src comp="1494" pin="2"/><net_sink comp="1595" pin=1"/></net>

<net id="1605"><net_src comp="1595" pin="2"/><net_sink comp="1601" pin=0"/></net>

<net id="1606"><net_src comp="1505" pin="2"/><net_sink comp="1601" pin=1"/></net>

</net_list>

</model> 
---------------- Datapath Model END ------------------

* FSMD analyzer results:
  - Output states:
 - Input state : 
	Port: normalize<ap_fixed<16, 6, 5, 3, 0>, ap_fixed<26, 4, 5, 3, 0>, config8> : data_0_val | {1 }
	Port: normalize<ap_fixed<16, 6, 5, 3, 0>, ap_fixed<26, 4, 5, 3, 0>, config8> : data_1_val | {1 }
	Port: normalize<ap_fixed<16, 6, 5, 3, 0>, ap_fixed<26, 4, 5, 3, 0>, config8> : data_2_val | {1 }
	Port: normalize<ap_fixed<16, 6, 5, 3, 0>, ap_fixed<26, 4, 5, 3, 0>, config8> : data_3_val | {1 }
	Port: normalize<ap_fixed<16, 6, 5, 3, 0>, ap_fixed<26, 4, 5, 3, 0>, config8> : data_4_val | {1 }
	Port: normalize<ap_fixed<16, 6, 5, 3, 0>, ap_fixed<26, 4, 5, 3, 0>, config8> : data_5_val | {1 }
	Port: normalize<ap_fixed<16, 6, 5, 3, 0>, ap_fixed<26, 4, 5, 3, 0>, config8> : data_6_val | {1 }
	Port: normalize<ap_fixed<16, 6, 5, 3, 0>, ap_fixed<26, 4, 5, 3, 0>, config8> : data_7_val | {1 }
	Port: normalize<ap_fixed<16, 6, 5, 3, 0>, ap_fixed<26, 4, 5, 3, 0>, config8> : data_8_val | {1 }
	Port: normalize<ap_fixed<16, 6, 5, 3, 0>, ap_fixed<26, 4, 5, 3, 0>, config8> : data_9_val | {1 }
	Port: normalize<ap_fixed<16, 6, 5, 3, 0>, ap_fixed<26, 4, 5, 3, 0>, config8> : data_10_val | {1 }
	Port: normalize<ap_fixed<16, 6, 5, 3, 0>, ap_fixed<26, 4, 5, 3, 0>, config8> : data_11_val | {1 }
	Port: normalize<ap_fixed<16, 6, 5, 3, 0>, ap_fixed<26, 4, 5, 3, 0>, config8> : data_12_val | {1 }
	Port: normalize<ap_fixed<16, 6, 5, 3, 0>, ap_fixed<26, 4, 5, 3, 0>, config8> : data_13_val | {1 }
	Port: normalize<ap_fixed<16, 6, 5, 3, 0>, ap_fixed<26, 4, 5, 3, 0>, config8> : data_14_val | {1 }
	Port: normalize<ap_fixed<16, 6, 5, 3, 0>, ap_fixed<26, 4, 5, 3, 0>, config8> : data_15_val | {1 }
  - Chain level:
	State 1
		mul_ln54 : 1
		add_ln54 : 2
		mul_ln54_32 : 1
		add_ln54_32 : 2
		mul_ln54_33 : 1
		add_ln54_33 : 2
		mul_ln54_34 : 1
		add_ln54_34 : 2
		mul_ln54_35 : 1
		add_ln54_35 : 2
		mul_ln54_36 : 1
		add_ln54_36 : 2
		mul_ln54_37 : 1
		add_ln54_37 : 2
		mul_ln54_38 : 1
		add_ln54_38 : 2
		mul_ln54_39 : 1
		add_ln54_39 : 2
		mul_ln54_40 : 1
		add_ln54_40 : 2
		mul_ln54_41 : 1
		add_ln54_41 : 2
		mul_ln54_42 : 1
		add_ln54_42 : 2
		mul_ln54_43 : 1
		add_ln54_43 : 2
		mul_ln54_44 : 1
		add_ln54_44 : 2
		mul_ln54_45 : 1
		add_ln54_45 : 2
		mul_ln54_46 : 1
		add_ln54_46 : 2
		mrv : 3
		mrv_1 : 4
		mrv_2 : 5
		mrv_3 : 6
		mrv_4 : 7
		mrv_5 : 8
		mrv_6 : 9
		mrv_7 : 10
		mrv_8 : 11
		mrv_9 : 12
		mrv_10 : 13
		mrv_11 : 14
		mrv_12 : 15
		mrv_13 : 16
		mrv_14 : 17
		mrv_15 : 18
		ret_ln63 : 19


============================================================
+ Verbose Summary: Datapath Resource usage 
============================================================

* Functional unit list:
|----------|------------------------------|---------|---------|---------|
| Operation|        Functional Unit       |   DSP   |    FF   |   LUT   |
|----------|------------------------------|---------|---------|---------|
|          |       add_ln54_fu_1340       |    0    |    0    |    33   |
|          |      add_ln54_32_fu_1351     |    0    |    0    |    33   |
|          |      add_ln54_33_fu_1362     |    0    |    0    |    33   |
|          |      add_ln54_34_fu_1373     |    0    |    0    |    33   |
|          |      add_ln54_35_fu_1384     |    0    |    0    |    33   |
|          |      add_ln54_36_fu_1395     |    0    |    0    |    33   |
|          |      add_ln54_37_fu_1406     |    0    |    0    |    33   |
|    add   |      add_ln54_38_fu_1417     |    0    |    0    |    33   |
|          |      add_ln54_39_fu_1428     |    0    |    0    |    33   |
|          |      add_ln54_40_fu_1439     |    0    |    0    |    33   |
|          |      add_ln54_41_fu_1450     |    0    |    0    |    33   |
|          |      add_ln54_42_fu_1461     |    0    |    0    |    33   |
|          |      add_ln54_43_fu_1472     |    0    |    0    |    33   |
|          |      add_ln54_44_fu_1483     |    0    |    0    |    33   |
|          |      add_ln54_45_fu_1494     |    0    |    0    |    33   |
|          |      add_ln54_46_fu_1505     |    0    |    0    |    33   |
|----------|------------------------------|---------|---------|---------|
|          |      mul_ln54_46_fu_182      |    1    |    0    |    5    |
|          |        mul_ln54_fu_183       |    1    |    0    |    5    |
|          |      mul_ln54_40_fu_184      |    1    |    0    |    5    |
|          |      mul_ln54_35_fu_185      |    1    |    0    |    5    |
|          |      mul_ln54_36_fu_186      |    1    |    0    |    5    |
|          |      mul_ln54_32_fu_187      |    1    |    0    |    5    |
|          |      mul_ln54_37_fu_188      |    1    |    0    |    5    |
|    mul   |      mul_ln54_42_fu_189      |    1    |    0    |    5    |
|          |      mul_ln54_34_fu_190      |    1    |    0    |    5    |
|          |      mul_ln54_39_fu_191      |    1    |    0    |    5    |
|          |      mul_ln54_41_fu_192      |    1    |    0    |    5    |
|          |      mul_ln54_43_fu_193      |    1    |    0    |    5    |
|          |      mul_ln54_38_fu_194      |    1    |    0    |    5    |
|          |      mul_ln54_44_fu_195      |    1    |    0    |    5    |
|          |      mul_ln54_45_fu_196      |    1    |    0    |    5    |
|          |      mul_ln54_33_fu_197      |    1    |    0    |    5    |
|----------|------------------------------|---------|---------|---------|
|          |  data_15_val_read_read_fu_86 |    0    |    0    |    0    |
|          |  data_14_val_read_read_fu_92 |    0    |    0    |    0    |
|          |  data_13_val_read_read_fu_98 |    0    |    0    |    0    |
|          | data_12_val_read_read_fu_104 |    0    |    0    |    0    |
|          | data_11_val_read_read_fu_110 |    0    |    0    |    0    |
|          | data_10_val_read_read_fu_116 |    0    |    0    |    0    |
|          |  data_9_val_read_read_fu_122 |    0    |    0    |    0    |
|   read   |  data_8_val_read_read_fu_128 |    0    |    0    |    0    |
|          |  data_7_val_read_read_fu_134 |    0    |    0    |    0    |
|          |  data_6_val_read_read_fu_140 |    0    |    0    |    0    |
|          |  data_5_val_read_read_fu_146 |    0    |    0    |    0    |
|          |  data_4_val_read_read_fu_152 |    0    |    0    |    0    |
|          |  data_3_val_read_read_fu_158 |    0    |    0    |    0    |
|          |  data_2_val_read_read_fu_164 |    0    |    0    |    0    |
|          |  data_1_val_read_read_fu_170 |    0    |    0    |    0    |
|          |  data_0_val_read_read_fu_176 |    0    |    0    |    0    |
|----------|------------------------------|---------|---------|---------|
|          |       sext_ln54_fu_1335      |    0    |    0    |    0    |
|          |      sext_ln54_1_fu_1346     |    0    |    0    |    0    |
|          |      sext_ln54_2_fu_1357     |    0    |    0    |    0    |
|          |      sext_ln54_3_fu_1368     |    0    |    0    |    0    |
|          |      sext_ln54_4_fu_1379     |    0    |    0    |    0    |
|          |      sext_ln54_5_fu_1390     |    0    |    0    |    0    |
|          |      sext_ln54_6_fu_1401     |    0    |    0    |    0    |
|   sext   |      sext_ln54_7_fu_1412     |    0    |    0    |    0    |
|          |      sext_ln54_8_fu_1423     |    0    |    0    |    0    |
|          |      sext_ln54_9_fu_1434     |    0    |    0    |    0    |
|          |     sext_ln54_10_fu_1445     |    0    |    0    |    0    |
|          |     sext_ln54_11_fu_1456     |    0    |    0    |    0    |
|          |     sext_ln54_12_fu_1467     |    0    |    0    |    0    |
|          |     sext_ln54_13_fu_1478     |    0    |    0    |    0    |
|          |     sext_ln54_14_fu_1489     |    0    |    0    |    0    |
|          |     sext_ln54_15_fu_1500     |    0    |    0    |    0    |
|----------|------------------------------|---------|---------|---------|
|          |          mrv_fu_1511         |    0    |    0    |    0    |
|          |         mrv_1_fu_1517        |    0    |    0    |    0    |
|          |         mrv_2_fu_1523        |    0    |    0    |    0    |
|          |         mrv_3_fu_1529        |    0    |    0    |    0    |
|          |         mrv_4_fu_1535        |    0    |    0    |    0    |
|          |         mrv_5_fu_1541        |    0    |    0    |    0    |
|          |         mrv_6_fu_1547        |    0    |    0    |    0    |
|insertvalue|         mrv_7_fu_1553        |    0    |    0    |    0    |
|          |         mrv_8_fu_1559        |    0    |    0    |    0    |
|          |         mrv_9_fu_1565        |    0    |    0    |    0    |
|          |        mrv_10_fu_1571        |    0    |    0    |    0    |
|          |        mrv_11_fu_1577        |    0    |    0    |    0    |
|          |        mrv_12_fu_1583        |    0    |    0    |    0    |
|          |        mrv_13_fu_1589        |    0    |    0    |    0    |
|          |        mrv_14_fu_1595        |    0    |    0    |    0    |
|          |        mrv_15_fu_1601        |    0    |    0    |    0    |
|----------|------------------------------|---------|---------|---------|
|   Total  |                              |    16   |    0    |   608   |
|----------|------------------------------|---------|---------|---------|

Memories:
N/A

* Register list:
N/A

* Multiplexer (MUX) list: 
|--------|------|------|------|--------|
|  Comp  |  Pin | Size |  BW  | S x BW |
|--------|------|------|------|--------|
|  Total |      |      |      |    0   |
|--------|------|------|------|--------|



* Summary:
+-----------+--------+--------+--------+
|           |   DSP  |   FF   |   LUT  |
+-----------+--------+--------+--------+
|  Function |   16   |    0   |   608  |
|   Memory  |    -   |    -   |    -   |
|Multiplexer|    -   |    -   |    -   |
|  Register |    -   |    -   |    -   |
+-----------+--------+--------+--------+
|   Total   |   16   |    0   |   608  |
+-----------+--------+--------+--------+
