

================================================================
== Vitis HLS Report for 'Topo2A_AD_proj'
================================================================
* Date:           Wed Oct 16 20:17:12 2024

* Version:        2024.1 (Build 5069499 on May 21 2024)
* Project:        Topo2A_AD_proj_prj
* Solution:       solution1 (Vivado IP Flow Target)
* Product family: virtexuplus
* Target device:  xcvu9p-flga2104-2-e


================================================================
== Performance Estimates
================================================================
+ Timing: 
    * Summary: 
    +--------+----------+-----------+------------+
    |  Clock |  Target  | Estimated | Uncertainty|
    +--------+----------+-----------+------------+
    |ap_clk  |  25.00 ns|  14.014 ns|     6.75 ns|
    +--------+----------+-----------+------------+

+ Latency: 
    * Summary: 
    +---------+---------+-----------+-----------+-----+-----+---------+
    |  Latency (cycles) |   Latency (absolute)  |  Interval | Pipeline|
    |   min   |   max   |    min    |    max    | min | max |   Type  |
    +---------+---------+-----------+-----------+-----+-----+---------+
    |        1|        1|  25.000 ns|  25.000 ns|    1|    1|      yes|
    +---------+---------+-----------+-----------+-----+-----+---------+

    + Detail: 
        * Instance: 
        N/A

        * Loop: 
        N/A

============================================================
+ Verbose Summary: Synthesis Manager
============================================================
InlineROM: 1
ExposeGlobal: 0
============================================================
+ Verbose Summary: CDFG Model
============================================================
IsTopModel: 1
ResetActiveHigh: 1
IsCombinational: 0
IsDatapathOnly: 0
HasWiredReturn: 1
HasMFsm: 2
HasVarLatency: 0
IsPipeline: 1
IsRtlPipelined: 1
IsInstanceOverlapped: 0
IsDontTouch: 0
HasImplIP: 0
IsGatedGlobalClock: 0

+ Individual pipeline summary: 
  * Pipeline-0: initiation interval (II) = 1, depth = 2


============================================================
+ Verbose Summary: Schedule
============================================================
* Number of FSM states : 2
* Pipeline : 1
  Pipeline-0 : II = 1, D = 2, States = { 1 2 }
* Dataflow Pipeline: 0

* FSM state transitions: 
1 --> 2 
2 --> 

* FSM state operations: 

State 1 <SV = 0> <Delay = 14.0>
ST_1 : Operation 3 [1/1] (0.00ns)   --->   "%inputs_read = read i660 @_ssdm_op_Read.ap_vld.i660P0A, i660 %inputs"   --->   Operation 3 'read' 'inputs_read' <Predicate = true> <Delay = 0.00>
ST_1 : Operation 4 [1/1] (4.40ns)   --->   "%call_ret1 = call i1216 @dense_latency<ap_fixed<15, 6, 5, 3, 0>, ap_fixed<38, 8, 5, 3, 0>, config2>, i660 %inputs_read" [firmware/nnet_utils/nnet_dense.h:41->firmware/Topo2A_AD_proj.cpp:43]   --->   Operation 4 'call' 'call_ret1' <Predicate = true> <Delay = 4.40> <CoreType = "Generic">   --->   Core 0 '' <Latency = 0> <II = 1> <Delay = 1.00> <Generic> <Opcode : >
ST_1 : Operation 5 [1/1] (0.00ns)   --->   "%layer2_out = extractvalue i1216 %call_ret1" [firmware/nnet_utils/nnet_dense.h:41->firmware/Topo2A_AD_proj.cpp:43]   --->   Operation 5 'extractvalue' 'layer2_out' <Predicate = true> <Delay = 0.00>
ST_1 : Operation 6 [1/1] (0.00ns)   --->   "%trunc_ln41 = trunc i38 %layer2_out" [firmware/nnet_utils/nnet_dense.h:41->firmware/Topo2A_AD_proj.cpp:43]   --->   Operation 6 'trunc' 'trunc_ln41' <Predicate = true> <Delay = 0.00>
ST_1 : Operation 7 [1/1] (0.00ns)   --->   "%layer2_out_1 = extractvalue i1216 %call_ret1" [firmware/nnet_utils/nnet_dense.h:41->firmware/Topo2A_AD_proj.cpp:43]   --->   Operation 7 'extractvalue' 'layer2_out_1' <Predicate = true> <Delay = 0.00>
ST_1 : Operation 8 [1/1] (0.00ns)   --->   "%trunc_ln41_1 = trunc i38 %layer2_out_1" [firmware/nnet_utils/nnet_dense.h:41->firmware/Topo2A_AD_proj.cpp:43]   --->   Operation 8 'trunc' 'trunc_ln41_1' <Predicate = true> <Delay = 0.00>
ST_1 : Operation 9 [1/1] (0.00ns)   --->   "%layer2_out_2 = extractvalue i1216 %call_ret1" [firmware/nnet_utils/nnet_dense.h:41->firmware/Topo2A_AD_proj.cpp:43]   --->   Operation 9 'extractvalue' 'layer2_out_2' <Predicate = true> <Delay = 0.00>
ST_1 : Operation 10 [1/1] (0.00ns)   --->   "%trunc_ln41_2 = trunc i38 %layer2_out_2" [firmware/nnet_utils/nnet_dense.h:41->firmware/Topo2A_AD_proj.cpp:43]   --->   Operation 10 'trunc' 'trunc_ln41_2' <Predicate = true> <Delay = 0.00>
ST_1 : Operation 11 [1/1] (0.00ns)   --->   "%layer2_out_3 = extractvalue i1216 %call_ret1" [firmware/nnet_utils/nnet_dense.h:41->firmware/Topo2A_AD_proj.cpp:43]   --->   Operation 11 'extractvalue' 'layer2_out_3' <Predicate = true> <Delay = 0.00>
ST_1 : Operation 12 [1/1] (0.00ns)   --->   "%trunc_ln41_3 = trunc i38 %layer2_out_3" [firmware/nnet_utils/nnet_dense.h:41->firmware/Topo2A_AD_proj.cpp:43]   --->   Operation 12 'trunc' 'trunc_ln41_3' <Predicate = true> <Delay = 0.00>
ST_1 : Operation 13 [1/1] (0.00ns)   --->   "%layer2_out_4 = extractvalue i1216 %call_ret1" [firmware/nnet_utils/nnet_dense.h:41->firmware/Topo2A_AD_proj.cpp:43]   --->   Operation 13 'extractvalue' 'layer2_out_4' <Predicate = true> <Delay = 0.00>
ST_1 : Operation 14 [1/1] (0.00ns)   --->   "%trunc_ln41_4 = trunc i38 %layer2_out_4" [firmware/nnet_utils/nnet_dense.h:41->firmware/Topo2A_AD_proj.cpp:43]   --->   Operation 14 'trunc' 'trunc_ln41_4' <Predicate = true> <Delay = 0.00>
ST_1 : Operation 15 [1/1] (0.00ns)   --->   "%layer2_out_5 = extractvalue i1216 %call_ret1" [firmware/nnet_utils/nnet_dense.h:41->firmware/Topo2A_AD_proj.cpp:43]   --->   Operation 15 'extractvalue' 'layer2_out_5' <Predicate = true> <Delay = 0.00>
ST_1 : Operation 16 [1/1] (0.00ns)   --->   "%trunc_ln41_5 = trunc i38 %layer2_out_5" [firmware/nnet_utils/nnet_dense.h:41->firmware/Topo2A_AD_proj.cpp:43]   --->   Operation 16 'trunc' 'trunc_ln41_5' <Predicate = true> <Delay = 0.00>
ST_1 : Operation 17 [1/1] (0.00ns)   --->   "%layer2_out_6 = extractvalue i1216 %call_ret1" [firmware/nnet_utils/nnet_dense.h:41->firmware/Topo2A_AD_proj.cpp:43]   --->   Operation 17 'extractvalue' 'layer2_out_6' <Predicate = true> <Delay = 0.00>
ST_1 : Operation 18 [1/1] (0.00ns)   --->   "%trunc_ln41_6 = trunc i38 %layer2_out_6" [firmware/nnet_utils/nnet_dense.h:41->firmware/Topo2A_AD_proj.cpp:43]   --->   Operation 18 'trunc' 'trunc_ln41_6' <Predicate = true> <Delay = 0.00>
ST_1 : Operation 19 [1/1] (0.00ns)   --->   "%layer2_out_7 = extractvalue i1216 %call_ret1" [firmware/nnet_utils/nnet_dense.h:41->firmware/Topo2A_AD_proj.cpp:43]   --->   Operation 19 'extractvalue' 'layer2_out_7' <Predicate = true> <Delay = 0.00>
ST_1 : Operation 20 [1/1] (0.00ns)   --->   "%trunc_ln41_7 = trunc i38 %layer2_out_7" [firmware/nnet_utils/nnet_dense.h:41->firmware/Topo2A_AD_proj.cpp:43]   --->   Operation 20 'trunc' 'trunc_ln41_7' <Predicate = true> <Delay = 0.00>
ST_1 : Operation 21 [1/1] (0.00ns)   --->   "%layer2_out_8 = extractvalue i1216 %call_ret1" [firmware/nnet_utils/nnet_dense.h:41->firmware/Topo2A_AD_proj.cpp:43]   --->   Operation 21 'extractvalue' 'layer2_out_8' <Predicate = true> <Delay = 0.00>
ST_1 : Operation 22 [1/1] (0.00ns)   --->   "%trunc_ln41_8 = trunc i38 %layer2_out_8" [firmware/nnet_utils/nnet_dense.h:41->firmware/Topo2A_AD_proj.cpp:43]   --->   Operation 22 'trunc' 'trunc_ln41_8' <Predicate = true> <Delay = 0.00>
ST_1 : Operation 23 [1/1] (0.00ns)   --->   "%layer2_out_9 = extractvalue i1216 %call_ret1" [firmware/nnet_utils/nnet_dense.h:41->firmware/Topo2A_AD_proj.cpp:43]   --->   Operation 23 'extractvalue' 'layer2_out_9' <Predicate = true> <Delay = 0.00>
ST_1 : Operation 24 [1/1] (0.00ns)   --->   "%trunc_ln41_9 = trunc i38 %layer2_out_9" [firmware/nnet_utils/nnet_dense.h:41->firmware/Topo2A_AD_proj.cpp:43]   --->   Operation 24 'trunc' 'trunc_ln41_9' <Predicate = true> <Delay = 0.00>
ST_1 : Operation 25 [1/1] (0.00ns)   --->   "%layer2_out_10 = extractvalue i1216 %call_ret1" [firmware/nnet_utils/nnet_dense.h:41->firmware/Topo2A_AD_proj.cpp:43]   --->   Operation 25 'extractvalue' 'layer2_out_10' <Predicate = true> <Delay = 0.00>
ST_1 : Operation 26 [1/1] (0.00ns)   --->   "%trunc_ln41_10 = trunc i38 %layer2_out_10" [firmware/nnet_utils/nnet_dense.h:41->firmware/Topo2A_AD_proj.cpp:43]   --->   Operation 26 'trunc' 'trunc_ln41_10' <Predicate = true> <Delay = 0.00>
ST_1 : Operation 27 [1/1] (0.00ns)   --->   "%layer2_out_11 = extractvalue i1216 %call_ret1" [firmware/nnet_utils/nnet_dense.h:41->firmware/Topo2A_AD_proj.cpp:43]   --->   Operation 27 'extractvalue' 'layer2_out_11' <Predicate = true> <Delay = 0.00>
ST_1 : Operation 28 [1/1] (0.00ns)   --->   "%trunc_ln41_11 = trunc i38 %layer2_out_11" [firmware/nnet_utils/nnet_dense.h:41->firmware/Topo2A_AD_proj.cpp:43]   --->   Operation 28 'trunc' 'trunc_ln41_11' <Predicate = true> <Delay = 0.00>
ST_1 : Operation 29 [1/1] (0.00ns)   --->   "%layer2_out_12 = extractvalue i1216 %call_ret1" [firmware/nnet_utils/nnet_dense.h:41->firmware/Topo2A_AD_proj.cpp:43]   --->   Operation 29 'extractvalue' 'layer2_out_12' <Predicate = true> <Delay = 0.00>
ST_1 : Operation 30 [1/1] (0.00ns)   --->   "%trunc_ln41_12 = trunc i38 %layer2_out_12" [firmware/nnet_utils/nnet_dense.h:41->firmware/Topo2A_AD_proj.cpp:43]   --->   Operation 30 'trunc' 'trunc_ln41_12' <Predicate = true> <Delay = 0.00>
ST_1 : Operation 31 [1/1] (0.00ns)   --->   "%layer2_out_13 = extractvalue i1216 %call_ret1" [firmware/nnet_utils/nnet_dense.h:41->firmware/Topo2A_AD_proj.cpp:43]   --->   Operation 31 'extractvalue' 'layer2_out_13' <Predicate = true> <Delay = 0.00>
ST_1 : Operation 32 [1/1] (0.00ns)   --->   "%trunc_ln41_13 = trunc i38 %layer2_out_13" [firmware/nnet_utils/nnet_dense.h:41->firmware/Topo2A_AD_proj.cpp:43]   --->   Operation 32 'trunc' 'trunc_ln41_13' <Predicate = true> <Delay = 0.00>
ST_1 : Operation 33 [1/1] (0.00ns)   --->   "%layer2_out_14 = extractvalue i1216 %call_ret1" [firmware/nnet_utils/nnet_dense.h:41->firmware/Topo2A_AD_proj.cpp:43]   --->   Operation 33 'extractvalue' 'layer2_out_14' <Predicate = true> <Delay = 0.00>
ST_1 : Operation 34 [1/1] (0.00ns)   --->   "%trunc_ln41_14 = trunc i38 %layer2_out_14" [firmware/nnet_utils/nnet_dense.h:41->firmware/Topo2A_AD_proj.cpp:43]   --->   Operation 34 'trunc' 'trunc_ln41_14' <Predicate = true> <Delay = 0.00>
ST_1 : Operation 35 [1/1] (0.00ns)   --->   "%layer2_out_15 = extractvalue i1216 %call_ret1" [firmware/nnet_utils/nnet_dense.h:41->firmware/Topo2A_AD_proj.cpp:43]   --->   Operation 35 'extractvalue' 'layer2_out_15' <Predicate = true> <Delay = 0.00>
ST_1 : Operation 36 [1/1] (0.00ns)   --->   "%trunc_ln41_15 = trunc i38 %layer2_out_15" [firmware/nnet_utils/nnet_dense.h:41->firmware/Topo2A_AD_proj.cpp:43]   --->   Operation 36 'trunc' 'trunc_ln41_15' <Predicate = true> <Delay = 0.00>
ST_1 : Operation 37 [1/1] (0.00ns)   --->   "%layer2_out_16 = extractvalue i1216 %call_ret1" [firmware/nnet_utils/nnet_dense.h:41->firmware/Topo2A_AD_proj.cpp:43]   --->   Operation 37 'extractvalue' 'layer2_out_16' <Predicate = true> <Delay = 0.00>
ST_1 : Operation 38 [1/1] (0.00ns)   --->   "%trunc_ln41_16 = trunc i38 %layer2_out_16" [firmware/nnet_utils/nnet_dense.h:41->firmware/Topo2A_AD_proj.cpp:43]   --->   Operation 38 'trunc' 'trunc_ln41_16' <Predicate = true> <Delay = 0.00>
ST_1 : Operation 39 [1/1] (0.00ns)   --->   "%layer2_out_17 = extractvalue i1216 %call_ret1" [firmware/nnet_utils/nnet_dense.h:41->firmware/Topo2A_AD_proj.cpp:43]   --->   Operation 39 'extractvalue' 'layer2_out_17' <Predicate = true> <Delay = 0.00>
ST_1 : Operation 40 [1/1] (0.00ns)   --->   "%trunc_ln41_17 = trunc i38 %layer2_out_17" [firmware/nnet_utils/nnet_dense.h:41->firmware/Topo2A_AD_proj.cpp:43]   --->   Operation 40 'trunc' 'trunc_ln41_17' <Predicate = true> <Delay = 0.00>
ST_1 : Operation 41 [1/1] (0.00ns)   --->   "%layer2_out_18 = extractvalue i1216 %call_ret1" [firmware/nnet_utils/nnet_dense.h:41->firmware/Topo2A_AD_proj.cpp:43]   --->   Operation 41 'extractvalue' 'layer2_out_18' <Predicate = true> <Delay = 0.00>
ST_1 : Operation 42 [1/1] (0.00ns)   --->   "%trunc_ln41_18 = trunc i38 %layer2_out_18" [firmware/nnet_utils/nnet_dense.h:41->firmware/Topo2A_AD_proj.cpp:43]   --->   Operation 42 'trunc' 'trunc_ln41_18' <Predicate = true> <Delay = 0.00>
ST_1 : Operation 43 [1/1] (0.00ns)   --->   "%layer2_out_19 = extractvalue i1216 %call_ret1" [firmware/nnet_utils/nnet_dense.h:41->firmware/Topo2A_AD_proj.cpp:43]   --->   Operation 43 'extractvalue' 'layer2_out_19' <Predicate = true> <Delay = 0.00>
ST_1 : Operation 44 [1/1] (0.00ns)   --->   "%trunc_ln41_19 = trunc i38 %layer2_out_19" [firmware/nnet_utils/nnet_dense.h:41->firmware/Topo2A_AD_proj.cpp:43]   --->   Operation 44 'trunc' 'trunc_ln41_19' <Predicate = true> <Delay = 0.00>
ST_1 : Operation 45 [1/1] (0.00ns)   --->   "%layer2_out_20 = extractvalue i1216 %call_ret1" [firmware/nnet_utils/nnet_dense.h:41->firmware/Topo2A_AD_proj.cpp:43]   --->   Operation 45 'extractvalue' 'layer2_out_20' <Predicate = true> <Delay = 0.00>
ST_1 : Operation 46 [1/1] (0.00ns)   --->   "%trunc_ln41_20 = trunc i38 %layer2_out_20" [firmware/nnet_utils/nnet_dense.h:41->firmware/Topo2A_AD_proj.cpp:43]   --->   Operation 46 'trunc' 'trunc_ln41_20' <Predicate = true> <Delay = 0.00>
ST_1 : Operation 47 [1/1] (0.00ns)   --->   "%layer2_out_21 = extractvalue i1216 %call_ret1" [firmware/nnet_utils/nnet_dense.h:41->firmware/Topo2A_AD_proj.cpp:43]   --->   Operation 47 'extractvalue' 'layer2_out_21' <Predicate = true> <Delay = 0.00>
ST_1 : Operation 48 [1/1] (0.00ns)   --->   "%trunc_ln41_21 = trunc i38 %layer2_out_21" [firmware/nnet_utils/nnet_dense.h:41->firmware/Topo2A_AD_proj.cpp:43]   --->   Operation 48 'trunc' 'trunc_ln41_21' <Predicate = true> <Delay = 0.00>
ST_1 : Operation 49 [1/1] (0.00ns)   --->   "%layer2_out_22 = extractvalue i1216 %call_ret1" [firmware/nnet_utils/nnet_dense.h:41->firmware/Topo2A_AD_proj.cpp:43]   --->   Operation 49 'extractvalue' 'layer2_out_22' <Predicate = true> <Delay = 0.00>
ST_1 : Operation 50 [1/1] (0.00ns)   --->   "%trunc_ln41_22 = trunc i38 %layer2_out_22" [firmware/nnet_utils/nnet_dense.h:41->firmware/Topo2A_AD_proj.cpp:43]   --->   Operation 50 'trunc' 'trunc_ln41_22' <Predicate = true> <Delay = 0.00>
ST_1 : Operation 51 [1/1] (0.00ns)   --->   "%layer2_out_23 = extractvalue i1216 %call_ret1" [firmware/nnet_utils/nnet_dense.h:41->firmware/Topo2A_AD_proj.cpp:43]   --->   Operation 51 'extractvalue' 'layer2_out_23' <Predicate = true> <Delay = 0.00>
ST_1 : Operation 52 [1/1] (0.00ns)   --->   "%trunc_ln41_23 = trunc i38 %layer2_out_23" [firmware/nnet_utils/nnet_dense.h:41->firmware/Topo2A_AD_proj.cpp:43]   --->   Operation 52 'trunc' 'trunc_ln41_23' <Predicate = true> <Delay = 0.00>
ST_1 : Operation 53 [1/1] (0.00ns)   --->   "%layer2_out_24 = extractvalue i1216 %call_ret1" [firmware/nnet_utils/nnet_dense.h:41->firmware/Topo2A_AD_proj.cpp:43]   --->   Operation 53 'extractvalue' 'layer2_out_24' <Predicate = true> <Delay = 0.00>
ST_1 : Operation 54 [1/1] (0.00ns)   --->   "%trunc_ln41_24 = trunc i38 %layer2_out_24" [firmware/nnet_utils/nnet_dense.h:41->firmware/Topo2A_AD_proj.cpp:43]   --->   Operation 54 'trunc' 'trunc_ln41_24' <Predicate = true> <Delay = 0.00>
ST_1 : Operation 55 [1/1] (0.00ns)   --->   "%layer2_out_25 = extractvalue i1216 %call_ret1" [firmware/nnet_utils/nnet_dense.h:41->firmware/Topo2A_AD_proj.cpp:43]   --->   Operation 55 'extractvalue' 'layer2_out_25' <Predicate = true> <Delay = 0.00>
ST_1 : Operation 56 [1/1] (0.00ns)   --->   "%trunc_ln41_25 = trunc i38 %layer2_out_25" [firmware/nnet_utils/nnet_dense.h:41->firmware/Topo2A_AD_proj.cpp:43]   --->   Operation 56 'trunc' 'trunc_ln41_25' <Predicate = true> <Delay = 0.00>
ST_1 : Operation 57 [1/1] (0.00ns)   --->   "%layer2_out_26 = extractvalue i1216 %call_ret1" [firmware/nnet_utils/nnet_dense.h:41->firmware/Topo2A_AD_proj.cpp:43]   --->   Operation 57 'extractvalue' 'layer2_out_26' <Predicate = true> <Delay = 0.00>
ST_1 : Operation 58 [1/1] (0.00ns)   --->   "%trunc_ln41_26 = trunc i38 %layer2_out_26" [firmware/nnet_utils/nnet_dense.h:41->firmware/Topo2A_AD_proj.cpp:43]   --->   Operation 58 'trunc' 'trunc_ln41_26' <Predicate = true> <Delay = 0.00>
ST_1 : Operation 59 [1/1] (0.00ns)   --->   "%layer2_out_27 = extractvalue i1216 %call_ret1" [firmware/nnet_utils/nnet_dense.h:41->firmware/Topo2A_AD_proj.cpp:43]   --->   Operation 59 'extractvalue' 'layer2_out_27' <Predicate = true> <Delay = 0.00>
ST_1 : Operation 60 [1/1] (0.00ns)   --->   "%trunc_ln41_27 = trunc i38 %layer2_out_27" [firmware/nnet_utils/nnet_dense.h:41->firmware/Topo2A_AD_proj.cpp:43]   --->   Operation 60 'trunc' 'trunc_ln41_27' <Predicate = true> <Delay = 0.00>
ST_1 : Operation 61 [1/1] (0.00ns)   --->   "%layer2_out_28 = extractvalue i1216 %call_ret1" [firmware/nnet_utils/nnet_dense.h:41->firmware/Topo2A_AD_proj.cpp:43]   --->   Operation 61 'extractvalue' 'layer2_out_28' <Predicate = true> <Delay = 0.00>
ST_1 : Operation 62 [1/1] (0.00ns)   --->   "%trunc_ln41_28 = trunc i38 %layer2_out_28" [firmware/nnet_utils/nnet_dense.h:41->firmware/Topo2A_AD_proj.cpp:43]   --->   Operation 62 'trunc' 'trunc_ln41_28' <Predicate = true> <Delay = 0.00>
ST_1 : Operation 63 [1/1] (0.00ns)   --->   "%layer2_out_29 = extractvalue i1216 %call_ret1" [firmware/nnet_utils/nnet_dense.h:41->firmware/Topo2A_AD_proj.cpp:43]   --->   Operation 63 'extractvalue' 'layer2_out_29' <Predicate = true> <Delay = 0.00>
ST_1 : Operation 64 [1/1] (0.00ns)   --->   "%trunc_ln41_29 = trunc i38 %layer2_out_29" [firmware/nnet_utils/nnet_dense.h:41->firmware/Topo2A_AD_proj.cpp:43]   --->   Operation 64 'trunc' 'trunc_ln41_29' <Predicate = true> <Delay = 0.00>
ST_1 : Operation 65 [1/1] (0.00ns)   --->   "%layer2_out_30 = extractvalue i1216 %call_ret1" [firmware/nnet_utils/nnet_dense.h:41->firmware/Topo2A_AD_proj.cpp:43]   --->   Operation 65 'extractvalue' 'layer2_out_30' <Predicate = true> <Delay = 0.00>
ST_1 : Operation 66 [1/1] (0.00ns)   --->   "%trunc_ln41_30 = trunc i38 %layer2_out_30" [firmware/nnet_utils/nnet_dense.h:41->firmware/Topo2A_AD_proj.cpp:43]   --->   Operation 66 'trunc' 'trunc_ln41_30' <Predicate = true> <Delay = 0.00>
ST_1 : Operation 67 [1/1] (0.00ns)   --->   "%layer2_out_31 = extractvalue i1216 %call_ret1" [firmware/nnet_utils/nnet_dense.h:41->firmware/Topo2A_AD_proj.cpp:43]   --->   Operation 67 'extractvalue' 'layer2_out_31' <Predicate = true> <Delay = 0.00>
ST_1 : Operation 68 [1/1] (0.00ns)   --->   "%trunc_ln41_31 = trunc i38 %layer2_out_31" [firmware/nnet_utils/nnet_dense.h:41->firmware/Topo2A_AD_proj.cpp:43]   --->   Operation 68 'trunc' 'trunc_ln41_31' <Predicate = true> <Delay = 0.00>
ST_1 : Operation 69 [1/1] (0.00ns)   --->   "%call_ret2 = call i512 @linear<ap_fixed<38, 8, 5, 3, 0>, ap_fixed<16, 6, 5, 3, 0>, linear_config3>, i36 %trunc_ln41, i36 %trunc_ln41_1, i36 %trunc_ln41_2, i36 %trunc_ln41_3, i36 %trunc_ln41_4, i36 %trunc_ln41_5, i36 %trunc_ln41_6, i36 %trunc_ln41_7, i36 %trunc_ln41_8, i36 %trunc_ln41_9, i36 %trunc_ln41_10, i36 %trunc_ln41_11, i36 %trunc_ln41_12, i36 %trunc_ln41_13, i36 %trunc_ln41_14, i36 %trunc_ln41_15, i36 %trunc_ln41_16, i36 %trunc_ln41_17, i36 %trunc_ln41_18, i36 %trunc_ln41_19, i36 %trunc_ln41_20, i36 %trunc_ln41_21, i36 %trunc_ln41_22, i36 %trunc_ln41_23, i36 %trunc_ln41_24, i36 %trunc_ln41_25, i36 %trunc_ln41_26, i36 %trunc_ln41_27, i36 %trunc_ln41_28, i36 %trunc_ln41_29, i36 %trunc_ln41_30, i36 %trunc_ln41_31" [firmware/Topo2A_AD_proj.cpp:47]   --->   Operation 69 'call' 'call_ret2' <Predicate = true> <Delay = 0.00> <CoreType = "Generic">   --->   Core 0 '' <Latency = 0> <II = 1> <Delay = 1.00> <Generic> <Opcode : >
ST_1 : Operation 70 [1/1] (0.00ns)   --->   "%layer3_out = extractvalue i512 %call_ret2" [firmware/Topo2A_AD_proj.cpp:47]   --->   Operation 70 'extractvalue' 'layer3_out' <Predicate = true> <Delay = 0.00>
ST_1 : Operation 71 [1/1] (0.00ns)   --->   "%layer3_out_1 = extractvalue i512 %call_ret2" [firmware/Topo2A_AD_proj.cpp:47]   --->   Operation 71 'extractvalue' 'layer3_out_1' <Predicate = true> <Delay = 0.00>
ST_1 : Operation 72 [1/1] (0.00ns)   --->   "%layer3_out_2 = extractvalue i512 %call_ret2" [firmware/Topo2A_AD_proj.cpp:47]   --->   Operation 72 'extractvalue' 'layer3_out_2' <Predicate = true> <Delay = 0.00>
ST_1 : Operation 73 [1/1] (0.00ns)   --->   "%layer3_out_3 = extractvalue i512 %call_ret2" [firmware/Topo2A_AD_proj.cpp:47]   --->   Operation 73 'extractvalue' 'layer3_out_3' <Predicate = true> <Delay = 0.00>
ST_1 : Operation 74 [1/1] (0.00ns)   --->   "%layer3_out_4 = extractvalue i512 %call_ret2" [firmware/Topo2A_AD_proj.cpp:47]   --->   Operation 74 'extractvalue' 'layer3_out_4' <Predicate = true> <Delay = 0.00>
ST_1 : Operation 75 [1/1] (0.00ns)   --->   "%layer3_out_5 = extractvalue i512 %call_ret2" [firmware/Topo2A_AD_proj.cpp:47]   --->   Operation 75 'extractvalue' 'layer3_out_5' <Predicate = true> <Delay = 0.00>
ST_1 : Operation 76 [1/1] (0.00ns)   --->   "%layer3_out_6 = extractvalue i512 %call_ret2" [firmware/Topo2A_AD_proj.cpp:47]   --->   Operation 76 'extractvalue' 'layer3_out_6' <Predicate = true> <Delay = 0.00>
ST_1 : Operation 77 [1/1] (0.00ns)   --->   "%layer3_out_7 = extractvalue i512 %call_ret2" [firmware/Topo2A_AD_proj.cpp:47]   --->   Operation 77 'extractvalue' 'layer3_out_7' <Predicate = true> <Delay = 0.00>
ST_1 : Operation 78 [1/1] (0.00ns)   --->   "%layer3_out_8 = extractvalue i512 %call_ret2" [firmware/Topo2A_AD_proj.cpp:47]   --->   Operation 78 'extractvalue' 'layer3_out_8' <Predicate = true> <Delay = 0.00>
ST_1 : Operation 79 [1/1] (0.00ns)   --->   "%layer3_out_9 = extractvalue i512 %call_ret2" [firmware/Topo2A_AD_proj.cpp:47]   --->   Operation 79 'extractvalue' 'layer3_out_9' <Predicate = true> <Delay = 0.00>
ST_1 : Operation 80 [1/1] (0.00ns)   --->   "%layer3_out_10 = extractvalue i512 %call_ret2" [firmware/Topo2A_AD_proj.cpp:47]   --->   Operation 80 'extractvalue' 'layer3_out_10' <Predicate = true> <Delay = 0.00>
ST_1 : Operation 81 [1/1] (0.00ns)   --->   "%layer3_out_11 = extractvalue i512 %call_ret2" [firmware/Topo2A_AD_proj.cpp:47]   --->   Operation 81 'extractvalue' 'layer3_out_11' <Predicate = true> <Delay = 0.00>
ST_1 : Operation 82 [1/1] (0.00ns)   --->   "%layer3_out_12 = extractvalue i512 %call_ret2" [firmware/Topo2A_AD_proj.cpp:47]   --->   Operation 82 'extractvalue' 'layer3_out_12' <Predicate = true> <Delay = 0.00>
ST_1 : Operation 83 [1/1] (0.00ns)   --->   "%layer3_out_13 = extractvalue i512 %call_ret2" [firmware/Topo2A_AD_proj.cpp:47]   --->   Operation 83 'extractvalue' 'layer3_out_13' <Predicate = true> <Delay = 0.00>
ST_1 : Operation 84 [1/1] (0.00ns)   --->   "%layer3_out_14 = extractvalue i512 %call_ret2" [firmware/Topo2A_AD_proj.cpp:47]   --->   Operation 84 'extractvalue' 'layer3_out_14' <Predicate = true> <Delay = 0.00>
ST_1 : Operation 85 [1/1] (0.00ns)   --->   "%layer3_out_15 = extractvalue i512 %call_ret2" [firmware/Topo2A_AD_proj.cpp:47]   --->   Operation 85 'extractvalue' 'layer3_out_15' <Predicate = true> <Delay = 0.00>
ST_1 : Operation 86 [1/1] (0.00ns)   --->   "%layer3_out_16 = extractvalue i512 %call_ret2" [firmware/Topo2A_AD_proj.cpp:47]   --->   Operation 86 'extractvalue' 'layer3_out_16' <Predicate = true> <Delay = 0.00>
ST_1 : Operation 87 [1/1] (0.00ns)   --->   "%layer3_out_17 = extractvalue i512 %call_ret2" [firmware/Topo2A_AD_proj.cpp:47]   --->   Operation 87 'extractvalue' 'layer3_out_17' <Predicate = true> <Delay = 0.00>
ST_1 : Operation 88 [1/1] (0.00ns)   --->   "%layer3_out_18 = extractvalue i512 %call_ret2" [firmware/Topo2A_AD_proj.cpp:47]   --->   Operation 88 'extractvalue' 'layer3_out_18' <Predicate = true> <Delay = 0.00>
ST_1 : Operation 89 [1/1] (0.00ns)   --->   "%layer3_out_19 = extractvalue i512 %call_ret2" [firmware/Topo2A_AD_proj.cpp:47]   --->   Operation 89 'extractvalue' 'layer3_out_19' <Predicate = true> <Delay = 0.00>
ST_1 : Operation 90 [1/1] (0.00ns)   --->   "%layer3_out_20 = extractvalue i512 %call_ret2" [firmware/Topo2A_AD_proj.cpp:47]   --->   Operation 90 'extractvalue' 'layer3_out_20' <Predicate = true> <Delay = 0.00>
ST_1 : Operation 91 [1/1] (0.00ns)   --->   "%layer3_out_21 = extractvalue i512 %call_ret2" [firmware/Topo2A_AD_proj.cpp:47]   --->   Operation 91 'extractvalue' 'layer3_out_21' <Predicate = true> <Delay = 0.00>
ST_1 : Operation 92 [1/1] (0.00ns)   --->   "%layer3_out_22 = extractvalue i512 %call_ret2" [firmware/Topo2A_AD_proj.cpp:47]   --->   Operation 92 'extractvalue' 'layer3_out_22' <Predicate = true> <Delay = 0.00>
ST_1 : Operation 93 [1/1] (0.00ns)   --->   "%layer3_out_23 = extractvalue i512 %call_ret2" [firmware/Topo2A_AD_proj.cpp:47]   --->   Operation 93 'extractvalue' 'layer3_out_23' <Predicate = true> <Delay = 0.00>
ST_1 : Operation 94 [1/1] (0.00ns)   --->   "%layer3_out_24 = extractvalue i512 %call_ret2" [firmware/Topo2A_AD_proj.cpp:47]   --->   Operation 94 'extractvalue' 'layer3_out_24' <Predicate = true> <Delay = 0.00>
ST_1 : Operation 95 [1/1] (0.00ns)   --->   "%layer3_out_25 = extractvalue i512 %call_ret2" [firmware/Topo2A_AD_proj.cpp:47]   --->   Operation 95 'extractvalue' 'layer3_out_25' <Predicate = true> <Delay = 0.00>
ST_1 : Operation 96 [1/1] (0.00ns)   --->   "%layer3_out_26 = extractvalue i512 %call_ret2" [firmware/Topo2A_AD_proj.cpp:47]   --->   Operation 96 'extractvalue' 'layer3_out_26' <Predicate = true> <Delay = 0.00>
ST_1 : Operation 97 [1/1] (0.00ns)   --->   "%layer3_out_27 = extractvalue i512 %call_ret2" [firmware/Topo2A_AD_proj.cpp:47]   --->   Operation 97 'extractvalue' 'layer3_out_27' <Predicate = true> <Delay = 0.00>
ST_1 : Operation 98 [1/1] (0.00ns)   --->   "%layer3_out_28 = extractvalue i512 %call_ret2" [firmware/Topo2A_AD_proj.cpp:47]   --->   Operation 98 'extractvalue' 'layer3_out_28' <Predicate = true> <Delay = 0.00>
ST_1 : Operation 99 [1/1] (0.00ns)   --->   "%layer3_out_29 = extractvalue i512 %call_ret2" [firmware/Topo2A_AD_proj.cpp:47]   --->   Operation 99 'extractvalue' 'layer3_out_29' <Predicate = true> <Delay = 0.00>
ST_1 : Operation 100 [1/1] (0.00ns)   --->   "%layer3_out_30 = extractvalue i512 %call_ret2" [firmware/Topo2A_AD_proj.cpp:47]   --->   Operation 100 'extractvalue' 'layer3_out_30' <Predicate = true> <Delay = 0.00>
ST_1 : Operation 101 [1/1] (0.00ns)   --->   "%layer3_out_31 = extractvalue i512 %call_ret2" [firmware/Topo2A_AD_proj.cpp:47]   --->   Operation 101 'extractvalue' 'layer3_out_31' <Predicate = true> <Delay = 0.00>
ST_1 : Operation 102 [1/1] (2.81ns)   --->   "%call_ret3 = call i1024 @normalize<ap_fixed<16, 6, 5, 3, 0>, ap_fixed<32, 7, 5, 3, 0>, config4>, i16 %layer3_out, i16 %layer3_out_1, i16 %layer3_out_2, i16 %layer3_out_3, i16 %layer3_out_4, i16 %layer3_out_5, i16 %layer3_out_6, i16 %layer3_out_7, i16 %layer3_out_8, i16 %layer3_out_9, i16 %layer3_out_10, i16 %layer3_out_11, i16 %layer3_out_12, i16 %layer3_out_13, i16 %layer3_out_14, i16 %layer3_out_15, i16 %layer3_out_16, i16 %layer3_out_17, i16 %layer3_out_18, i16 %layer3_out_19, i16 %layer3_out_20, i16 %layer3_out_21, i16 %layer3_out_22, i16 %layer3_out_23, i16 %layer3_out_24, i16 %layer3_out_25, i16 %layer3_out_26, i16 %layer3_out_27, i16 %layer3_out_28, i16 %layer3_out_29, i16 %layer3_out_30, i16 %layer3_out_31" [firmware/Topo2A_AD_proj.cpp:51]   --->   Operation 102 'call' 'call_ret3' <Predicate = true> <Delay = 2.81> <CoreType = "Generic">   --->   Core 0 '' <Latency = 0> <II = 1> <Delay = 1.00> <Generic> <Opcode : >
ST_1 : Operation 103 [1/1] (0.00ns)   --->   "%layer4_out = extractvalue i1024 %call_ret3" [firmware/Topo2A_AD_proj.cpp:51]   --->   Operation 103 'extractvalue' 'layer4_out' <Predicate = true> <Delay = 0.00>
ST_1 : Operation 104 [1/1] (0.00ns)   --->   "%layer4_out_1 = extractvalue i1024 %call_ret3" [firmware/Topo2A_AD_proj.cpp:51]   --->   Operation 104 'extractvalue' 'layer4_out_1' <Predicate = true> <Delay = 0.00>
ST_1 : Operation 105 [1/1] (0.00ns)   --->   "%layer4_out_2 = extractvalue i1024 %call_ret3" [firmware/Topo2A_AD_proj.cpp:51]   --->   Operation 105 'extractvalue' 'layer4_out_2' <Predicate = true> <Delay = 0.00>
ST_1 : Operation 106 [1/1] (0.00ns)   --->   "%layer4_out_3 = extractvalue i1024 %call_ret3" [firmware/Topo2A_AD_proj.cpp:51]   --->   Operation 106 'extractvalue' 'layer4_out_3' <Predicate = true> <Delay = 0.00>
ST_1 : Operation 107 [1/1] (0.00ns)   --->   "%layer4_out_4 = extractvalue i1024 %call_ret3" [firmware/Topo2A_AD_proj.cpp:51]   --->   Operation 107 'extractvalue' 'layer4_out_4' <Predicate = true> <Delay = 0.00>
ST_1 : Operation 108 [1/1] (0.00ns)   --->   "%layer4_out_5 = extractvalue i1024 %call_ret3" [firmware/Topo2A_AD_proj.cpp:51]   --->   Operation 108 'extractvalue' 'layer4_out_5' <Predicate = true> <Delay = 0.00>
ST_1 : Operation 109 [1/1] (0.00ns)   --->   "%layer4_out_6 = extractvalue i1024 %call_ret3" [firmware/Topo2A_AD_proj.cpp:51]   --->   Operation 109 'extractvalue' 'layer4_out_6' <Predicate = true> <Delay = 0.00>
ST_1 : Operation 110 [1/1] (0.00ns)   --->   "%layer4_out_7 = extractvalue i1024 %call_ret3" [firmware/Topo2A_AD_proj.cpp:51]   --->   Operation 110 'extractvalue' 'layer4_out_7' <Predicate = true> <Delay = 0.00>
ST_1 : Operation 111 [1/1] (0.00ns)   --->   "%layer4_out_8 = extractvalue i1024 %call_ret3" [firmware/Topo2A_AD_proj.cpp:51]   --->   Operation 111 'extractvalue' 'layer4_out_8' <Predicate = true> <Delay = 0.00>
ST_1 : Operation 112 [1/1] (0.00ns)   --->   "%layer4_out_9 = extractvalue i1024 %call_ret3" [firmware/Topo2A_AD_proj.cpp:51]   --->   Operation 112 'extractvalue' 'layer4_out_9' <Predicate = true> <Delay = 0.00>
ST_1 : Operation 113 [1/1] (0.00ns)   --->   "%layer4_out_10 = extractvalue i1024 %call_ret3" [firmware/Topo2A_AD_proj.cpp:51]   --->   Operation 113 'extractvalue' 'layer4_out_10' <Predicate = true> <Delay = 0.00>
ST_1 : Operation 114 [1/1] (0.00ns)   --->   "%layer4_out_11 = extractvalue i1024 %call_ret3" [firmware/Topo2A_AD_proj.cpp:51]   --->   Operation 114 'extractvalue' 'layer4_out_11' <Predicate = true> <Delay = 0.00>
ST_1 : Operation 115 [1/1] (0.00ns)   --->   "%layer4_out_12 = extractvalue i1024 %call_ret3" [firmware/Topo2A_AD_proj.cpp:51]   --->   Operation 115 'extractvalue' 'layer4_out_12' <Predicate = true> <Delay = 0.00>
ST_1 : Operation 116 [1/1] (0.00ns)   --->   "%layer4_out_13 = extractvalue i1024 %call_ret3" [firmware/Topo2A_AD_proj.cpp:51]   --->   Operation 116 'extractvalue' 'layer4_out_13' <Predicate = true> <Delay = 0.00>
ST_1 : Operation 117 [1/1] (0.00ns)   --->   "%layer4_out_14 = extractvalue i1024 %call_ret3" [firmware/Topo2A_AD_proj.cpp:51]   --->   Operation 117 'extractvalue' 'layer4_out_14' <Predicate = true> <Delay = 0.00>
ST_1 : Operation 118 [1/1] (0.00ns)   --->   "%layer4_out_15 = extractvalue i1024 %call_ret3" [firmware/Topo2A_AD_proj.cpp:51]   --->   Operation 118 'extractvalue' 'layer4_out_15' <Predicate = true> <Delay = 0.00>
ST_1 : Operation 119 [1/1] (0.00ns)   --->   "%layer4_out_16 = extractvalue i1024 %call_ret3" [firmware/Topo2A_AD_proj.cpp:51]   --->   Operation 119 'extractvalue' 'layer4_out_16' <Predicate = true> <Delay = 0.00>
ST_1 : Operation 120 [1/1] (0.00ns)   --->   "%layer4_out_17 = extractvalue i1024 %call_ret3" [firmware/Topo2A_AD_proj.cpp:51]   --->   Operation 120 'extractvalue' 'layer4_out_17' <Predicate = true> <Delay = 0.00>
ST_1 : Operation 121 [1/1] (0.00ns)   --->   "%layer4_out_18 = extractvalue i1024 %call_ret3" [firmware/Topo2A_AD_proj.cpp:51]   --->   Operation 121 'extractvalue' 'layer4_out_18' <Predicate = true> <Delay = 0.00>
ST_1 : Operation 122 [1/1] (0.00ns)   --->   "%layer4_out_19 = extractvalue i1024 %call_ret3" [firmware/Topo2A_AD_proj.cpp:51]   --->   Operation 122 'extractvalue' 'layer4_out_19' <Predicate = true> <Delay = 0.00>
ST_1 : Operation 123 [1/1] (0.00ns)   --->   "%layer4_out_20 = extractvalue i1024 %call_ret3" [firmware/Topo2A_AD_proj.cpp:51]   --->   Operation 123 'extractvalue' 'layer4_out_20' <Predicate = true> <Delay = 0.00>
ST_1 : Operation 124 [1/1] (0.00ns)   --->   "%layer4_out_21 = extractvalue i1024 %call_ret3" [firmware/Topo2A_AD_proj.cpp:51]   --->   Operation 124 'extractvalue' 'layer4_out_21' <Predicate = true> <Delay = 0.00>
ST_1 : Operation 125 [1/1] (0.00ns)   --->   "%layer4_out_22 = extractvalue i1024 %call_ret3" [firmware/Topo2A_AD_proj.cpp:51]   --->   Operation 125 'extractvalue' 'layer4_out_22' <Predicate = true> <Delay = 0.00>
ST_1 : Operation 126 [1/1] (0.00ns)   --->   "%layer4_out_23 = extractvalue i1024 %call_ret3" [firmware/Topo2A_AD_proj.cpp:51]   --->   Operation 126 'extractvalue' 'layer4_out_23' <Predicate = true> <Delay = 0.00>
ST_1 : Operation 127 [1/1] (0.00ns)   --->   "%layer4_out_24 = extractvalue i1024 %call_ret3" [firmware/Topo2A_AD_proj.cpp:51]   --->   Operation 127 'extractvalue' 'layer4_out_24' <Predicate = true> <Delay = 0.00>
ST_1 : Operation 128 [1/1] (0.00ns)   --->   "%layer4_out_25 = extractvalue i1024 %call_ret3" [firmware/Topo2A_AD_proj.cpp:51]   --->   Operation 128 'extractvalue' 'layer4_out_25' <Predicate = true> <Delay = 0.00>
ST_1 : Operation 129 [1/1] (0.00ns)   --->   "%layer4_out_26 = extractvalue i1024 %call_ret3" [firmware/Topo2A_AD_proj.cpp:51]   --->   Operation 129 'extractvalue' 'layer4_out_26' <Predicate = true> <Delay = 0.00>
ST_1 : Operation 130 [1/1] (0.00ns)   --->   "%layer4_out_27 = extractvalue i1024 %call_ret3" [firmware/Topo2A_AD_proj.cpp:51]   --->   Operation 130 'extractvalue' 'layer4_out_27' <Predicate = true> <Delay = 0.00>
ST_1 : Operation 131 [1/1] (0.00ns)   --->   "%layer4_out_28 = extractvalue i1024 %call_ret3" [firmware/Topo2A_AD_proj.cpp:51]   --->   Operation 131 'extractvalue' 'layer4_out_28' <Predicate = true> <Delay = 0.00>
ST_1 : Operation 132 [1/1] (0.00ns)   --->   "%layer4_out_29 = extractvalue i1024 %call_ret3" [firmware/Topo2A_AD_proj.cpp:51]   --->   Operation 132 'extractvalue' 'layer4_out_29' <Predicate = true> <Delay = 0.00>
ST_1 : Operation 133 [1/1] (0.00ns)   --->   "%layer4_out_30 = extractvalue i1024 %call_ret3" [firmware/Topo2A_AD_proj.cpp:51]   --->   Operation 133 'extractvalue' 'layer4_out_30' <Predicate = true> <Delay = 0.00>
ST_1 : Operation 134 [1/1] (0.00ns)   --->   "%layer4_out_31 = extractvalue i1024 %call_ret3" [firmware/Topo2A_AD_proj.cpp:51]   --->   Operation 134 'extractvalue' 'layer4_out_31' <Predicate = true> <Delay = 0.00>
ST_1 : Operation 135 [1/1] (2.19ns)   --->   "%call_ret = call i480 @relu<ap_fixed<32, 7, 5, 3, 0>, ap_ufixed<15, 0, 4, 0, 0>, relu_config5>, i32 %layer4_out, i32 %layer4_out_1, i32 %layer4_out_2, i32 %layer4_out_3, i32 %layer4_out_4, i32 %layer4_out_5, i32 %layer4_out_6, i32 %layer4_out_7, i32 %layer4_out_8, i32 %layer4_out_9, i32 %layer4_out_10, i32 %layer4_out_11, i32 %layer4_out_12, i32 %layer4_out_13, i32 %layer4_out_14, i32 %layer4_out_15, i32 %layer4_out_16, i32 %layer4_out_17, i32 %layer4_out_18, i32 %layer4_out_19, i32 %layer4_out_20, i32 %layer4_out_21, i32 %layer4_out_22, i32 %layer4_out_23, i32 %layer4_out_24, i32 %layer4_out_25, i32 %layer4_out_26, i32 %layer4_out_27, i32 %layer4_out_28, i32 %layer4_out_29, i32 %layer4_out_30, i32 %layer4_out_31" [firmware/Topo2A_AD_proj.cpp:55]   --->   Operation 135 'call' 'call_ret' <Predicate = true> <Delay = 2.19> <CoreType = "Generic">   --->   Core 0 '' <Latency = 0> <II = 1> <Delay = 1.00> <Generic> <Opcode : >
ST_1 : Operation 136 [1/1] (0.00ns)   --->   "%layer5_out = extractvalue i480 %call_ret" [firmware/Topo2A_AD_proj.cpp:55]   --->   Operation 136 'extractvalue' 'layer5_out' <Predicate = true> <Delay = 0.00>
ST_1 : Operation 137 [1/1] (0.00ns)   --->   "%layer5_out_1 = extractvalue i480 %call_ret" [firmware/Topo2A_AD_proj.cpp:55]   --->   Operation 137 'extractvalue' 'layer5_out_1' <Predicate = true> <Delay = 0.00>
ST_1 : Operation 138 [1/1] (0.00ns)   --->   "%layer5_out_2 = extractvalue i480 %call_ret" [firmware/Topo2A_AD_proj.cpp:55]   --->   Operation 138 'extractvalue' 'layer5_out_2' <Predicate = true> <Delay = 0.00>
ST_1 : Operation 139 [1/1] (0.00ns)   --->   "%layer5_out_3 = extractvalue i480 %call_ret" [firmware/Topo2A_AD_proj.cpp:55]   --->   Operation 139 'extractvalue' 'layer5_out_3' <Predicate = true> <Delay = 0.00>
ST_1 : Operation 140 [1/1] (0.00ns)   --->   "%layer5_out_4 = extractvalue i480 %call_ret" [firmware/Topo2A_AD_proj.cpp:55]   --->   Operation 140 'extractvalue' 'layer5_out_4' <Predicate = true> <Delay = 0.00>
ST_1 : Operation 141 [1/1] (0.00ns)   --->   "%layer5_out_5 = extractvalue i480 %call_ret" [firmware/Topo2A_AD_proj.cpp:55]   --->   Operation 141 'extractvalue' 'layer5_out_5' <Predicate = true> <Delay = 0.00>
ST_1 : Operation 142 [1/1] (0.00ns)   --->   "%layer5_out_6 = extractvalue i480 %call_ret" [firmware/Topo2A_AD_proj.cpp:55]   --->   Operation 142 'extractvalue' 'layer5_out_6' <Predicate = true> <Delay = 0.00>
ST_1 : Operation 143 [1/1] (0.00ns)   --->   "%layer5_out_7 = extractvalue i480 %call_ret" [firmware/Topo2A_AD_proj.cpp:55]   --->   Operation 143 'extractvalue' 'layer5_out_7' <Predicate = true> <Delay = 0.00>
ST_1 : Operation 144 [1/1] (0.00ns)   --->   "%layer5_out_8 = extractvalue i480 %call_ret" [firmware/Topo2A_AD_proj.cpp:55]   --->   Operation 144 'extractvalue' 'layer5_out_8' <Predicate = true> <Delay = 0.00>
ST_1 : Operation 145 [1/1] (0.00ns)   --->   "%layer5_out_9 = extractvalue i480 %call_ret" [firmware/Topo2A_AD_proj.cpp:55]   --->   Operation 145 'extractvalue' 'layer5_out_9' <Predicate = true> <Delay = 0.00>
ST_1 : Operation 146 [1/1] (0.00ns)   --->   "%layer5_out_10 = extractvalue i480 %call_ret" [firmware/Topo2A_AD_proj.cpp:55]   --->   Operation 146 'extractvalue' 'layer5_out_10' <Predicate = true> <Delay = 0.00>
ST_1 : Operation 147 [1/1] (0.00ns)   --->   "%layer5_out_11 = extractvalue i480 %call_ret" [firmware/Topo2A_AD_proj.cpp:55]   --->   Operation 147 'extractvalue' 'layer5_out_11' <Predicate = true> <Delay = 0.00>
ST_1 : Operation 148 [1/1] (0.00ns)   --->   "%layer5_out_12 = extractvalue i480 %call_ret" [firmware/Topo2A_AD_proj.cpp:55]   --->   Operation 148 'extractvalue' 'layer5_out_12' <Predicate = true> <Delay = 0.00>
ST_1 : Operation 149 [1/1] (0.00ns)   --->   "%layer5_out_13 = extractvalue i480 %call_ret" [firmware/Topo2A_AD_proj.cpp:55]   --->   Operation 149 'extractvalue' 'layer5_out_13' <Predicate = true> <Delay = 0.00>
ST_1 : Operation 150 [1/1] (0.00ns)   --->   "%layer5_out_14 = extractvalue i480 %call_ret" [firmware/Topo2A_AD_proj.cpp:55]   --->   Operation 150 'extractvalue' 'layer5_out_14' <Predicate = true> <Delay = 0.00>
ST_1 : Operation 151 [1/1] (0.00ns)   --->   "%layer5_out_15 = extractvalue i480 %call_ret" [firmware/Topo2A_AD_proj.cpp:55]   --->   Operation 151 'extractvalue' 'layer5_out_15' <Predicate = true> <Delay = 0.00>
ST_1 : Operation 152 [1/1] (0.00ns)   --->   "%layer5_out_16 = extractvalue i480 %call_ret" [firmware/Topo2A_AD_proj.cpp:55]   --->   Operation 152 'extractvalue' 'layer5_out_16' <Predicate = true> <Delay = 0.00>
ST_1 : Operation 153 [1/1] (0.00ns)   --->   "%layer5_out_17 = extractvalue i480 %call_ret" [firmware/Topo2A_AD_proj.cpp:55]   --->   Operation 153 'extractvalue' 'layer5_out_17' <Predicate = true> <Delay = 0.00>
ST_1 : Operation 154 [1/1] (0.00ns)   --->   "%layer5_out_18 = extractvalue i480 %call_ret" [firmware/Topo2A_AD_proj.cpp:55]   --->   Operation 154 'extractvalue' 'layer5_out_18' <Predicate = true> <Delay = 0.00>
ST_1 : Operation 155 [1/1] (0.00ns)   --->   "%layer5_out_19 = extractvalue i480 %call_ret" [firmware/Topo2A_AD_proj.cpp:55]   --->   Operation 155 'extractvalue' 'layer5_out_19' <Predicate = true> <Delay = 0.00>
ST_1 : Operation 156 [1/1] (0.00ns)   --->   "%layer5_out_20 = extractvalue i480 %call_ret" [firmware/Topo2A_AD_proj.cpp:55]   --->   Operation 156 'extractvalue' 'layer5_out_20' <Predicate = true> <Delay = 0.00>
ST_1 : Operation 157 [1/1] (0.00ns)   --->   "%layer5_out_21 = extractvalue i480 %call_ret" [firmware/Topo2A_AD_proj.cpp:55]   --->   Operation 157 'extractvalue' 'layer5_out_21' <Predicate = true> <Delay = 0.00>
ST_1 : Operation 158 [1/1] (0.00ns)   --->   "%layer5_out_22 = extractvalue i480 %call_ret" [firmware/Topo2A_AD_proj.cpp:55]   --->   Operation 158 'extractvalue' 'layer5_out_22' <Predicate = true> <Delay = 0.00>
ST_1 : Operation 159 [1/1] (0.00ns)   --->   "%layer5_out_23 = extractvalue i480 %call_ret" [firmware/Topo2A_AD_proj.cpp:55]   --->   Operation 159 'extractvalue' 'layer5_out_23' <Predicate = true> <Delay = 0.00>
ST_1 : Operation 160 [1/1] (0.00ns)   --->   "%layer5_out_24 = extractvalue i480 %call_ret" [firmware/Topo2A_AD_proj.cpp:55]   --->   Operation 160 'extractvalue' 'layer5_out_24' <Predicate = true> <Delay = 0.00>
ST_1 : Operation 161 [1/1] (0.00ns)   --->   "%layer5_out_25 = extractvalue i480 %call_ret" [firmware/Topo2A_AD_proj.cpp:55]   --->   Operation 161 'extractvalue' 'layer5_out_25' <Predicate = true> <Delay = 0.00>
ST_1 : Operation 162 [1/1] (0.00ns)   --->   "%layer5_out_26 = extractvalue i480 %call_ret" [firmware/Topo2A_AD_proj.cpp:55]   --->   Operation 162 'extractvalue' 'layer5_out_26' <Predicate = true> <Delay = 0.00>
ST_1 : Operation 163 [1/1] (0.00ns)   --->   "%layer5_out_27 = extractvalue i480 %call_ret" [firmware/Topo2A_AD_proj.cpp:55]   --->   Operation 163 'extractvalue' 'layer5_out_27' <Predicate = true> <Delay = 0.00>
ST_1 : Operation 164 [1/1] (0.00ns)   --->   "%layer5_out_28 = extractvalue i480 %call_ret" [firmware/Topo2A_AD_proj.cpp:55]   --->   Operation 164 'extractvalue' 'layer5_out_28' <Predicate = true> <Delay = 0.00>
ST_1 : Operation 165 [1/1] (0.00ns)   --->   "%layer5_out_29 = extractvalue i480 %call_ret" [firmware/Topo2A_AD_proj.cpp:55]   --->   Operation 165 'extractvalue' 'layer5_out_29' <Predicate = true> <Delay = 0.00>
ST_1 : Operation 166 [1/1] (0.00ns)   --->   "%layer5_out_30 = extractvalue i480 %call_ret" [firmware/Topo2A_AD_proj.cpp:55]   --->   Operation 166 'extractvalue' 'layer5_out_30' <Predicate = true> <Delay = 0.00>
ST_1 : Operation 167 [1/1] (0.00ns)   --->   "%layer5_out_31 = extractvalue i480 %call_ret" [firmware/Topo2A_AD_proj.cpp:55]   --->   Operation 167 'extractvalue' 'layer5_out_31' <Predicate = true> <Delay = 0.00>
ST_1 : Operation 168 [1/1] (4.59ns)   --->   "%call_ret4 = call i352 @dense_latency<ap_ufixed<15, 0, 4, 0, 0>, ap_fixed<22, 3, 5, 3, 0>, config6>, i15 %layer5_out, i15 %layer5_out_1, i15 %layer5_out_2, i15 %layer5_out_3, i15 %layer5_out_4, i15 %layer5_out_5, i15 %layer5_out_6, i15 %layer5_out_7, i15 %layer5_out_8, i15 %layer5_out_9, i15 %layer5_out_10, i15 %layer5_out_11, i15 %layer5_out_12, i15 %layer5_out_13, i15 %layer5_out_14, i15 %layer5_out_15, i15 %layer5_out_16, i15 %layer5_out_17, i15 %layer5_out_18, i15 %layer5_out_19, i15 %layer5_out_20, i15 %layer5_out_21, i15 %layer5_out_22, i15 %layer5_out_23, i15 %layer5_out_24, i15 %layer5_out_25, i15 %layer5_out_26, i15 %layer5_out_27, i15 %layer5_out_28, i15 %layer5_out_29, i15 %layer5_out_30, i15 %layer5_out_31" [firmware/nnet_utils/nnet_dense.h:41->firmware/Topo2A_AD_proj.cpp:59]   --->   Operation 168 'call' 'call_ret4' <Predicate = true> <Delay = 4.59> <CoreType = "Generic">   --->   Core 0 '' <Latency = 0> <II = 1> <Delay = 1.00> <Generic> <Opcode : >
ST_1 : Operation 169 [1/1] (0.00ns)   --->   "%layer6_out = extractvalue i352 %call_ret4" [firmware/nnet_utils/nnet_dense.h:41->firmware/Topo2A_AD_proj.cpp:59]   --->   Operation 169 'extractvalue' 'layer6_out' <Predicate = true> <Delay = 0.00>
ST_1 : Operation 170 [1/1] (0.00ns)   --->   "%layer6_out_1 = extractvalue i352 %call_ret4" [firmware/nnet_utils/nnet_dense.h:41->firmware/Topo2A_AD_proj.cpp:59]   --->   Operation 170 'extractvalue' 'layer6_out_1' <Predicate = true> <Delay = 0.00>
ST_1 : Operation 171 [1/1] (0.00ns)   --->   "%layer6_out_2 = extractvalue i352 %call_ret4" [firmware/nnet_utils/nnet_dense.h:41->firmware/Topo2A_AD_proj.cpp:59]   --->   Operation 171 'extractvalue' 'layer6_out_2' <Predicate = true> <Delay = 0.00>
ST_1 : Operation 172 [1/1] (0.00ns)   --->   "%layer6_out_3 = extractvalue i352 %call_ret4" [firmware/nnet_utils/nnet_dense.h:41->firmware/Topo2A_AD_proj.cpp:59]   --->   Operation 172 'extractvalue' 'layer6_out_3' <Predicate = true> <Delay = 0.00>
ST_1 : Operation 173 [1/1] (0.00ns)   --->   "%layer6_out_4 = extractvalue i352 %call_ret4" [firmware/nnet_utils/nnet_dense.h:41->firmware/Topo2A_AD_proj.cpp:59]   --->   Operation 173 'extractvalue' 'layer6_out_4' <Predicate = true> <Delay = 0.00>
ST_1 : Operation 174 [1/1] (0.00ns)   --->   "%layer6_out_5 = extractvalue i352 %call_ret4" [firmware/nnet_utils/nnet_dense.h:41->firmware/Topo2A_AD_proj.cpp:59]   --->   Operation 174 'extractvalue' 'layer6_out_5' <Predicate = true> <Delay = 0.00>
ST_1 : Operation 175 [1/1] (0.00ns)   --->   "%layer6_out_6 = extractvalue i352 %call_ret4" [firmware/nnet_utils/nnet_dense.h:41->firmware/Topo2A_AD_proj.cpp:59]   --->   Operation 175 'extractvalue' 'layer6_out_6' <Predicate = true> <Delay = 0.00>
ST_1 : Operation 176 [1/1] (0.00ns)   --->   "%layer6_out_7 = extractvalue i352 %call_ret4" [firmware/nnet_utils/nnet_dense.h:41->firmware/Topo2A_AD_proj.cpp:59]   --->   Operation 176 'extractvalue' 'layer6_out_7' <Predicate = true> <Delay = 0.00>
ST_1 : Operation 177 [1/1] (0.00ns)   --->   "%layer6_out_8 = extractvalue i352 %call_ret4" [firmware/nnet_utils/nnet_dense.h:41->firmware/Topo2A_AD_proj.cpp:59]   --->   Operation 177 'extractvalue' 'layer6_out_8' <Predicate = true> <Delay = 0.00>
ST_1 : Operation 178 [1/1] (0.00ns)   --->   "%layer6_out_9 = extractvalue i352 %call_ret4" [firmware/nnet_utils/nnet_dense.h:41->firmware/Topo2A_AD_proj.cpp:59]   --->   Operation 178 'extractvalue' 'layer6_out_9' <Predicate = true> <Delay = 0.00>
ST_1 : Operation 179 [1/1] (0.00ns)   --->   "%layer6_out_10 = extractvalue i352 %call_ret4" [firmware/nnet_utils/nnet_dense.h:41->firmware/Topo2A_AD_proj.cpp:59]   --->   Operation 179 'extractvalue' 'layer6_out_10' <Predicate = true> <Delay = 0.00>
ST_1 : Operation 180 [1/1] (0.00ns)   --->   "%layer6_out_11 = extractvalue i352 %call_ret4" [firmware/nnet_utils/nnet_dense.h:41->firmware/Topo2A_AD_proj.cpp:59]   --->   Operation 180 'extractvalue' 'layer6_out_11' <Predicate = true> <Delay = 0.00>
ST_1 : Operation 181 [1/1] (0.00ns)   --->   "%layer6_out_12 = extractvalue i352 %call_ret4" [firmware/nnet_utils/nnet_dense.h:41->firmware/Topo2A_AD_proj.cpp:59]   --->   Operation 181 'extractvalue' 'layer6_out_12' <Predicate = true> <Delay = 0.00>
ST_1 : Operation 182 [1/1] (0.00ns)   --->   "%layer6_out_13 = extractvalue i352 %call_ret4" [firmware/nnet_utils/nnet_dense.h:41->firmware/Topo2A_AD_proj.cpp:59]   --->   Operation 182 'extractvalue' 'layer6_out_13' <Predicate = true> <Delay = 0.00>
ST_1 : Operation 183 [1/1] (0.00ns)   --->   "%layer6_out_14 = extractvalue i352 %call_ret4" [firmware/nnet_utils/nnet_dense.h:41->firmware/Topo2A_AD_proj.cpp:59]   --->   Operation 183 'extractvalue' 'layer6_out_14' <Predicate = true> <Delay = 0.00>
ST_1 : Operation 184 [1/1] (0.00ns)   --->   "%layer6_out_15 = extractvalue i352 %call_ret4" [firmware/nnet_utils/nnet_dense.h:41->firmware/Topo2A_AD_proj.cpp:59]   --->   Operation 184 'extractvalue' 'layer6_out_15' <Predicate = true> <Delay = 0.00>
ST_1 : Operation 185 [1/1] (0.00ns)   --->   "%call_ret5 = call i256 @linear<ap_fixed<22, 3, 5, 3, 0>, ap_fixed<16, 6, 5, 3, 0>, linear_config7>, i22 %layer6_out, i22 %layer6_out_1, i22 %layer6_out_2, i22 %layer6_out_3, i22 %layer6_out_4, i22 %layer6_out_5, i22 %layer6_out_6, i22 %layer6_out_7, i22 %layer6_out_8, i22 %layer6_out_9, i22 %layer6_out_10, i22 %layer6_out_11, i22 %layer6_out_12, i22 %layer6_out_13, i22 %layer6_out_14, i22 %layer6_out_15" [firmware/Topo2A_AD_proj.cpp:63]   --->   Operation 185 'call' 'call_ret5' <Predicate = true> <Delay = 0.00> <CoreType = "Generic">   --->   Core 0 '' <Latency = 0> <II = 1> <Delay = 1.00> <Generic> <Opcode : >
ST_1 : Operation 186 [1/1] (0.00ns)   --->   "%layer7_out = extractvalue i256 %call_ret5" [firmware/Topo2A_AD_proj.cpp:63]   --->   Operation 186 'extractvalue' 'layer7_out' <Predicate = true> <Delay = 0.00>
ST_1 : Operation 187 [1/1] (0.00ns)   --->   "%layer7_out_1 = extractvalue i256 %call_ret5" [firmware/Topo2A_AD_proj.cpp:63]   --->   Operation 187 'extractvalue' 'layer7_out_1' <Predicate = true> <Delay = 0.00>
ST_1 : Operation 188 [1/1] (0.00ns)   --->   "%layer7_out_2 = extractvalue i256 %call_ret5" [firmware/Topo2A_AD_proj.cpp:63]   --->   Operation 188 'extractvalue' 'layer7_out_2' <Predicate = true> <Delay = 0.00>
ST_1 : Operation 189 [1/1] (0.00ns)   --->   "%layer7_out_3 = extractvalue i256 %call_ret5" [firmware/Topo2A_AD_proj.cpp:63]   --->   Operation 189 'extractvalue' 'layer7_out_3' <Predicate = true> <Delay = 0.00>
ST_1 : Operation 190 [1/1] (0.00ns)   --->   "%layer7_out_4 = extractvalue i256 %call_ret5" [firmware/Topo2A_AD_proj.cpp:63]   --->   Operation 190 'extractvalue' 'layer7_out_4' <Predicate = true> <Delay = 0.00>
ST_1 : Operation 191 [1/1] (0.00ns)   --->   "%layer7_out_5 = extractvalue i256 %call_ret5" [firmware/Topo2A_AD_proj.cpp:63]   --->   Operation 191 'extractvalue' 'layer7_out_5' <Predicate = true> <Delay = 0.00>
ST_1 : Operation 192 [1/1] (0.00ns)   --->   "%layer7_out_6 = extractvalue i256 %call_ret5" [firmware/Topo2A_AD_proj.cpp:63]   --->   Operation 192 'extractvalue' 'layer7_out_6' <Predicate = true> <Delay = 0.00>
ST_1 : Operation 193 [1/1] (0.00ns)   --->   "%layer7_out_7 = extractvalue i256 %call_ret5" [firmware/Topo2A_AD_proj.cpp:63]   --->   Operation 193 'extractvalue' 'layer7_out_7' <Predicate = true> <Delay = 0.00>
ST_1 : Operation 194 [1/1] (0.00ns)   --->   "%layer7_out_8 = extractvalue i256 %call_ret5" [firmware/Topo2A_AD_proj.cpp:63]   --->   Operation 194 'extractvalue' 'layer7_out_8' <Predicate = true> <Delay = 0.00>
ST_1 : Operation 195 [1/1] (0.00ns)   --->   "%layer7_out_9 = extractvalue i256 %call_ret5" [firmware/Topo2A_AD_proj.cpp:63]   --->   Operation 195 'extractvalue' 'layer7_out_9' <Predicate = true> <Delay = 0.00>
ST_1 : Operation 196 [1/1] (0.00ns)   --->   "%layer7_out_10 = extractvalue i256 %call_ret5" [firmware/Topo2A_AD_proj.cpp:63]   --->   Operation 196 'extractvalue' 'layer7_out_10' <Predicate = true> <Delay = 0.00>
ST_1 : Operation 197 [1/1] (0.00ns)   --->   "%layer7_out_11 = extractvalue i256 %call_ret5" [firmware/Topo2A_AD_proj.cpp:63]   --->   Operation 197 'extractvalue' 'layer7_out_11' <Predicate = true> <Delay = 0.00>
ST_1 : Operation 198 [1/1] (0.00ns)   --->   "%layer7_out_12 = extractvalue i256 %call_ret5" [firmware/Topo2A_AD_proj.cpp:63]   --->   Operation 198 'extractvalue' 'layer7_out_12' <Predicate = true> <Delay = 0.00>
ST_1 : Operation 199 [1/1] (0.00ns)   --->   "%layer7_out_13 = extractvalue i256 %call_ret5" [firmware/Topo2A_AD_proj.cpp:63]   --->   Operation 199 'extractvalue' 'layer7_out_13' <Predicate = true> <Delay = 0.00>
ST_1 : Operation 200 [1/1] (0.00ns)   --->   "%layer7_out_14 = extractvalue i256 %call_ret5" [firmware/Topo2A_AD_proj.cpp:63]   --->   Operation 200 'extractvalue' 'layer7_out_14' <Predicate = true> <Delay = 0.00>
ST_1 : Operation 201 [1/1] (0.00ns)   --->   "%layer7_out_15 = extractvalue i256 %call_ret5" [firmware/Topo2A_AD_proj.cpp:63]   --->   Operation 201 'extractvalue' 'layer7_out_15' <Predicate = true> <Delay = 0.00>

State 2 <SV = 1> <Delay = 9.83>
ST_2 : Operation 202 [1/1] (0.00ns)   --->   "%specpipeline_ln0 = specpipeline void @_ssdm_op_SpecPipeline, i32 4294967295, i32 0, i32 0, i32 0, void @empty_0"   --->   Operation 202 'specpipeline' 'specpipeline_ln0' <Predicate = true> <Delay = 0.00>
ST_2 : Operation 203 [1/1] (0.00ns)   --->   "%spectopmodule_ln0 = spectopmodule void @_ssdm_op_SpecTopModule, void @empty_2"   --->   Operation 203 'spectopmodule' 'spectopmodule_ln0' <Predicate = true> <Delay = 0.00>
ST_2 : Operation 204 [1/1] (0.00ns)   --->   "%specbitsmap_ln0 = specbitsmap void @_ssdm_op_SpecBitsMap, i660 %inputs"   --->   Operation 204 'specbitsmap' 'specbitsmap_ln0' <Predicate = true> <Delay = 0.00>
ST_2 : Operation 205 [1/1] (0.00ns)   --->   "%specinterface_ln0 = specinterface void @_ssdm_op_SpecInterface, i660 %inputs, void @empty, i32 4294967295, i32 4294967295, void @empty_0, i32 0, i32 0, void @empty_0, void @empty_0, void @empty_0, i32 0, i32 0, i32 0, i32 0, void @empty_0, void @empty_0, i32 4294967295, i32 0, i32 0"   --->   Operation 205 'specinterface' 'specinterface_ln0' <Predicate = true> <Delay = 0.00>
ST_2 : Operation 206 [1/1] (0.00ns)   --->   "%specbitsmap_ln0 = specbitsmap void @_ssdm_op_SpecBitsMap, i16 %layer11_out_0"   --->   Operation 206 'specbitsmap' 'specbitsmap_ln0' <Predicate = true> <Delay = 0.00>
ST_2 : Operation 207 [1/1] (0.00ns)   --->   "%specinterface_ln0 = specinterface void @_ssdm_op_SpecInterface, i16 %layer11_out_0, void @empty, i32 4294967295, i32 4294967295, void @empty_0, i32 0, i32 0, void @empty_0, void @empty_0, void @empty_0, i32 0, i32 0, i32 0, i32 0, void @empty_0, void @empty_0, i32 4294967295, i32 0, i32 0"   --->   Operation 207 'specinterface' 'specinterface_ln0' <Predicate = true> <Delay = 0.00>
ST_2 : Operation 208 [1/1] (0.00ns)   --->   "%specbitsmap_ln0 = specbitsmap void @_ssdm_op_SpecBitsMap, i16 %layer11_out_1"   --->   Operation 208 'specbitsmap' 'specbitsmap_ln0' <Predicate = true> <Delay = 0.00>
ST_2 : Operation 209 [1/1] (0.00ns)   --->   "%specinterface_ln0 = specinterface void @_ssdm_op_SpecInterface, i16 %layer11_out_1, void @empty, i32 4294967295, i32 4294967295, void @empty_0, i32 0, i32 0, void @empty_0, void @empty_0, void @empty_0, i32 0, i32 0, i32 0, i32 0, void @empty_0, void @empty_0, i32 4294967295, i32 0, i32 0"   --->   Operation 209 'specinterface' 'specinterface_ln0' <Predicate = true> <Delay = 0.00>
ST_2 : Operation 210 [1/1] (0.00ns)   --->   "%specbitsmap_ln0 = specbitsmap void @_ssdm_op_SpecBitsMap, i16 %layer11_out_2"   --->   Operation 210 'specbitsmap' 'specbitsmap_ln0' <Predicate = true> <Delay = 0.00>
ST_2 : Operation 211 [1/1] (0.00ns)   --->   "%specinterface_ln0 = specinterface void @_ssdm_op_SpecInterface, i16 %layer11_out_2, void @empty, i32 4294967295, i32 4294967295, void @empty_0, i32 0, i32 0, void @empty_0, void @empty_0, void @empty_0, i32 0, i32 0, i32 0, i32 0, void @empty_0, void @empty_0, i32 4294967295, i32 0, i32 0"   --->   Operation 211 'specinterface' 'specinterface_ln0' <Predicate = true> <Delay = 0.00>
ST_2 : Operation 212 [1/1] (2.78ns)   --->   "%call_ret6 = call i416 @normalize<ap_fixed<16, 6, 5, 3, 0>, ap_fixed<26, 4, 5, 3, 0>, config8>, i16 %layer7_out, i16 %layer7_out_1, i16 %layer7_out_2, i16 %layer7_out_3, i16 %layer7_out_4, i16 %layer7_out_5, i16 %layer7_out_6, i16 %layer7_out_7, i16 %layer7_out_8, i16 %layer7_out_9, i16 %layer7_out_10, i16 %layer7_out_11, i16 %layer7_out_12, i16 %layer7_out_13, i16 %layer7_out_14, i16 %layer7_out_15" [firmware/Topo2A_AD_proj.cpp:67]   --->   Operation 212 'call' 'call_ret6' <Predicate = true> <Delay = 2.78> <CoreType = "Generic">   --->   Core 0 '' <Latency = 0> <II = 1> <Delay = 1.00> <Generic> <Opcode : >
ST_2 : Operation 213 [1/1] (0.00ns)   --->   "%layer8_out = extractvalue i416 %call_ret6" [firmware/Topo2A_AD_proj.cpp:67]   --->   Operation 213 'extractvalue' 'layer8_out' <Predicate = true> <Delay = 0.00>
ST_2 : Operation 214 [1/1] (0.00ns)   --->   "%layer8_out_1 = extractvalue i416 %call_ret6" [firmware/Topo2A_AD_proj.cpp:67]   --->   Operation 214 'extractvalue' 'layer8_out_1' <Predicate = true> <Delay = 0.00>
ST_2 : Operation 215 [1/1] (0.00ns)   --->   "%layer8_out_2 = extractvalue i416 %call_ret6" [firmware/Topo2A_AD_proj.cpp:67]   --->   Operation 215 'extractvalue' 'layer8_out_2' <Predicate = true> <Delay = 0.00>
ST_2 : Operation 216 [1/1] (0.00ns)   --->   "%layer8_out_3 = extractvalue i416 %call_ret6" [firmware/Topo2A_AD_proj.cpp:67]   --->   Operation 216 'extractvalue' 'layer8_out_3' <Predicate = true> <Delay = 0.00>
ST_2 : Operation 217 [1/1] (0.00ns)   --->   "%layer8_out_4 = extractvalue i416 %call_ret6" [firmware/Topo2A_AD_proj.cpp:67]   --->   Operation 217 'extractvalue' 'layer8_out_4' <Predicate = true> <Delay = 0.00>
ST_2 : Operation 218 [1/1] (0.00ns)   --->   "%layer8_out_5 = extractvalue i416 %call_ret6" [firmware/Topo2A_AD_proj.cpp:67]   --->   Operation 218 'extractvalue' 'layer8_out_5' <Predicate = true> <Delay = 0.00>
ST_2 : Operation 219 [1/1] (0.00ns)   --->   "%layer8_out_6 = extractvalue i416 %call_ret6" [firmware/Topo2A_AD_proj.cpp:67]   --->   Operation 219 'extractvalue' 'layer8_out_6' <Predicate = true> <Delay = 0.00>
ST_2 : Operation 220 [1/1] (0.00ns)   --->   "%layer8_out_7 = extractvalue i416 %call_ret6" [firmware/Topo2A_AD_proj.cpp:67]   --->   Operation 220 'extractvalue' 'layer8_out_7' <Predicate = true> <Delay = 0.00>
ST_2 : Operation 221 [1/1] (0.00ns)   --->   "%layer8_out_8 = extractvalue i416 %call_ret6" [firmware/Topo2A_AD_proj.cpp:67]   --->   Operation 221 'extractvalue' 'layer8_out_8' <Predicate = true> <Delay = 0.00>
ST_2 : Operation 222 [1/1] (0.00ns)   --->   "%layer8_out_9 = extractvalue i416 %call_ret6" [firmware/Topo2A_AD_proj.cpp:67]   --->   Operation 222 'extractvalue' 'layer8_out_9' <Predicate = true> <Delay = 0.00>
ST_2 : Operation 223 [1/1] (0.00ns)   --->   "%layer8_out_10 = extractvalue i416 %call_ret6" [firmware/Topo2A_AD_proj.cpp:67]   --->   Operation 223 'extractvalue' 'layer8_out_10' <Predicate = true> <Delay = 0.00>
ST_2 : Operation 224 [1/1] (0.00ns)   --->   "%layer8_out_11 = extractvalue i416 %call_ret6" [firmware/Topo2A_AD_proj.cpp:67]   --->   Operation 224 'extractvalue' 'layer8_out_11' <Predicate = true> <Delay = 0.00>
ST_2 : Operation 225 [1/1] (0.00ns)   --->   "%layer8_out_12 = extractvalue i416 %call_ret6" [firmware/Topo2A_AD_proj.cpp:67]   --->   Operation 225 'extractvalue' 'layer8_out_12' <Predicate = true> <Delay = 0.00>
ST_2 : Operation 226 [1/1] (0.00ns)   --->   "%layer8_out_13 = extractvalue i416 %call_ret6" [firmware/Topo2A_AD_proj.cpp:67]   --->   Operation 226 'extractvalue' 'layer8_out_13' <Predicate = true> <Delay = 0.00>
ST_2 : Operation 227 [1/1] (0.00ns)   --->   "%layer8_out_14 = extractvalue i416 %call_ret6" [firmware/Topo2A_AD_proj.cpp:67]   --->   Operation 227 'extractvalue' 'layer8_out_14' <Predicate = true> <Delay = 0.00>
ST_2 : Operation 228 [1/1] (0.00ns)   --->   "%layer8_out_15 = extractvalue i416 %call_ret6" [firmware/Topo2A_AD_proj.cpp:67]   --->   Operation 228 'extractvalue' 'layer8_out_15' <Predicate = true> <Delay = 0.00>
ST_2 : Operation 229 [1/1] (2.18ns)   --->   "%call_ret7 = call i240 @relu<ap_fixed<26, 4, 5, 3, 0>, ap_ufixed<15, 0, 4, 0, 0>, relu_config9>, i26 %layer8_out, i26 %layer8_out_1, i26 %layer8_out_2, i26 %layer8_out_3, i26 %layer8_out_4, i26 %layer8_out_5, i26 %layer8_out_6, i26 %layer8_out_7, i26 %layer8_out_8, i26 %layer8_out_9, i26 %layer8_out_10, i26 %layer8_out_11, i26 %layer8_out_12, i26 %layer8_out_13, i26 %layer8_out_14, i26 %layer8_out_15" [firmware/Topo2A_AD_proj.cpp:71]   --->   Operation 229 'call' 'call_ret7' <Predicate = true> <Delay = 2.18> <CoreType = "Generic">   --->   Core 0 '' <Latency = 0> <II = 1> <Delay = 1.00> <Generic> <Opcode : >
ST_2 : Operation 230 [1/1] (0.00ns)   --->   "%layer9_out = extractvalue i240 %call_ret7" [firmware/Topo2A_AD_proj.cpp:71]   --->   Operation 230 'extractvalue' 'layer9_out' <Predicate = true> <Delay = 0.00>
ST_2 : Operation 231 [1/1] (0.00ns)   --->   "%layer9_out_1 = extractvalue i240 %call_ret7" [firmware/Topo2A_AD_proj.cpp:71]   --->   Operation 231 'extractvalue' 'layer9_out_1' <Predicate = true> <Delay = 0.00>
ST_2 : Operation 232 [1/1] (0.00ns)   --->   "%layer9_out_2 = extractvalue i240 %call_ret7" [firmware/Topo2A_AD_proj.cpp:71]   --->   Operation 232 'extractvalue' 'layer9_out_2' <Predicate = true> <Delay = 0.00>
ST_2 : Operation 233 [1/1] (0.00ns)   --->   "%layer9_out_3 = extractvalue i240 %call_ret7" [firmware/Topo2A_AD_proj.cpp:71]   --->   Operation 233 'extractvalue' 'layer9_out_3' <Predicate = true> <Delay = 0.00>
ST_2 : Operation 234 [1/1] (0.00ns)   --->   "%layer9_out_4 = extractvalue i240 %call_ret7" [firmware/Topo2A_AD_proj.cpp:71]   --->   Operation 234 'extractvalue' 'layer9_out_4' <Predicate = true> <Delay = 0.00>
ST_2 : Operation 235 [1/1] (0.00ns)   --->   "%layer9_out_5 = extractvalue i240 %call_ret7" [firmware/Topo2A_AD_proj.cpp:71]   --->   Operation 235 'extractvalue' 'layer9_out_5' <Predicate = true> <Delay = 0.00>
ST_2 : Operation 236 [1/1] (0.00ns)   --->   "%layer9_out_6 = extractvalue i240 %call_ret7" [firmware/Topo2A_AD_proj.cpp:71]   --->   Operation 236 'extractvalue' 'layer9_out_6' <Predicate = true> <Delay = 0.00>
ST_2 : Operation 237 [1/1] (0.00ns)   --->   "%layer9_out_7 = extractvalue i240 %call_ret7" [firmware/Topo2A_AD_proj.cpp:71]   --->   Operation 237 'extractvalue' 'layer9_out_7' <Predicate = true> <Delay = 0.00>
ST_2 : Operation 238 [1/1] (0.00ns)   --->   "%layer9_out_8 = extractvalue i240 %call_ret7" [firmware/Topo2A_AD_proj.cpp:71]   --->   Operation 238 'extractvalue' 'layer9_out_8' <Predicate = true> <Delay = 0.00>
ST_2 : Operation 239 [1/1] (0.00ns)   --->   "%layer9_out_9 = extractvalue i240 %call_ret7" [firmware/Topo2A_AD_proj.cpp:71]   --->   Operation 239 'extractvalue' 'layer9_out_9' <Predicate = true> <Delay = 0.00>
ST_2 : Operation 240 [1/1] (0.00ns)   --->   "%layer9_out_10 = extractvalue i240 %call_ret7" [firmware/Topo2A_AD_proj.cpp:71]   --->   Operation 240 'extractvalue' 'layer9_out_10' <Predicate = true> <Delay = 0.00>
ST_2 : Operation 241 [1/1] (0.00ns)   --->   "%layer9_out_11 = extractvalue i240 %call_ret7" [firmware/Topo2A_AD_proj.cpp:71]   --->   Operation 241 'extractvalue' 'layer9_out_11' <Predicate = true> <Delay = 0.00>
ST_2 : Operation 242 [1/1] (0.00ns)   --->   "%layer9_out_12 = extractvalue i240 %call_ret7" [firmware/Topo2A_AD_proj.cpp:71]   --->   Operation 242 'extractvalue' 'layer9_out_12' <Predicate = true> <Delay = 0.00>
ST_2 : Operation 243 [1/1] (0.00ns)   --->   "%layer9_out_13 = extractvalue i240 %call_ret7" [firmware/Topo2A_AD_proj.cpp:71]   --->   Operation 243 'extractvalue' 'layer9_out_13' <Predicate = true> <Delay = 0.00>
ST_2 : Operation 244 [1/1] (0.00ns)   --->   "%layer9_out_14 = extractvalue i240 %call_ret7" [firmware/Topo2A_AD_proj.cpp:71]   --->   Operation 244 'extractvalue' 'layer9_out_14' <Predicate = true> <Delay = 0.00>
ST_2 : Operation 245 [1/1] (0.00ns)   --->   "%layer9_out_15 = extractvalue i240 %call_ret7" [firmware/Topo2A_AD_proj.cpp:71]   --->   Operation 245 'extractvalue' 'layer9_out_15' <Predicate = true> <Delay = 0.00>
ST_2 : Operation 246 [1/1] (4.86ns)   --->   "%call_ret8 = call i69 @dense_latency<ap_ufixed<15, 0, 4, 0, 0>, ap_fixed<23, 3, 5, 3, 0>, config10>, i15 %layer9_out, i15 %layer9_out_1, i15 %layer9_out_2, i15 %layer9_out_3, i15 %layer9_out_4, i15 %layer9_out_5, i15 %layer9_out_6, i15 %layer9_out_7, i15 %layer9_out_8, i15 %layer9_out_9, i15 %layer9_out_10, i15 %layer9_out_11, i15 %layer9_out_12, i15 %layer9_out_13, i15 %layer9_out_14, i15 %layer9_out_15" [firmware/nnet_utils/nnet_dense.h:41->firmware/Topo2A_AD_proj.cpp:75]   --->   Operation 246 'call' 'call_ret8' <Predicate = true> <Delay = 4.86> <CoreType = "Generic">   --->   Core 0 '' <Latency = 0> <II = 1> <Delay = 1.00> <Generic> <Opcode : >
ST_2 : Operation 247 [1/1] (0.00ns)   --->   "%layer10_out = extractvalue i69 %call_ret8" [firmware/nnet_utils/nnet_dense.h:41->firmware/Topo2A_AD_proj.cpp:75]   --->   Operation 247 'extractvalue' 'layer10_out' <Predicate = true> <Delay = 0.00>
ST_2 : Operation 248 [1/1] (0.00ns)   --->   "%layer10_out_1 = extractvalue i69 %call_ret8" [firmware/nnet_utils/nnet_dense.h:41->firmware/Topo2A_AD_proj.cpp:75]   --->   Operation 248 'extractvalue' 'layer10_out_1' <Predicate = true> <Delay = 0.00>
ST_2 : Operation 249 [1/1] (0.00ns)   --->   "%layer10_out_2 = extractvalue i69 %call_ret8" [firmware/nnet_utils/nnet_dense.h:41->firmware/Topo2A_AD_proj.cpp:75]   --->   Operation 249 'extractvalue' 'layer10_out_2' <Predicate = true> <Delay = 0.00>
ST_2 : Operation 250 [1/1] (0.00ns)   --->   "%call_ret9 = call i48 @linear<ap_fixed<23, 3, 5, 3, 0>, ap_fixed<16, 6, 5, 3, 0>, linear_config11>, i23 %layer10_out, i23 %layer10_out_1, i23 %layer10_out_2" [firmware/Topo2A_AD_proj.cpp:77]   --->   Operation 250 'call' 'call_ret9' <Predicate = true> <Delay = 0.00> <CoreType = "Generic">   --->   Core 0 '' <Latency = 0> <II = 1> <Delay = 1.00> <Generic> <Opcode : >
ST_2 : Operation 251 [1/1] (0.00ns)   --->   "%layer11_out_0_ret = extractvalue i48 %call_ret9" [firmware/Topo2A_AD_proj.cpp:77]   --->   Operation 251 'extractvalue' 'layer11_out_0_ret' <Predicate = true> <Delay = 0.00>
ST_2 : Operation 252 [1/1] (0.00ns)   --->   "%write_ln77 = write void @_ssdm_op_Write.ap_vld.i16P0A, i16 %layer11_out_0, i16 %layer11_out_0_ret" [firmware/Topo2A_AD_proj.cpp:77]   --->   Operation 252 'write' 'write_ln77' <Predicate = true> <Delay = 0.00>
ST_2 : Operation 253 [1/1] (0.00ns)   --->   "%layer11_out_1_ret = extractvalue i48 %call_ret9" [firmware/Topo2A_AD_proj.cpp:77]   --->   Operation 253 'extractvalue' 'layer11_out_1_ret' <Predicate = true> <Delay = 0.00>
ST_2 : Operation 254 [1/1] (0.00ns)   --->   "%write_ln77 = write void @_ssdm_op_Write.ap_vld.i16P0A, i16 %layer11_out_1, i16 %layer11_out_1_ret" [firmware/Topo2A_AD_proj.cpp:77]   --->   Operation 254 'write' 'write_ln77' <Predicate = true> <Delay = 0.00>
ST_2 : Operation 255 [1/1] (0.00ns)   --->   "%layer11_out_2_ret = extractvalue i48 %call_ret9" [firmware/Topo2A_AD_proj.cpp:77]   --->   Operation 255 'extractvalue' 'layer11_out_2_ret' <Predicate = true> <Delay = 0.00>
ST_2 : Operation 256 [1/1] (0.00ns)   --->   "%write_ln77 = write void @_ssdm_op_Write.ap_vld.i16P0A, i16 %layer11_out_2, i16 %layer11_out_2_ret" [firmware/Topo2A_AD_proj.cpp:77]   --->   Operation 256 'write' 'write_ln77' <Predicate = true> <Delay = 0.00>
ST_2 : Operation 257 [1/1] (0.00ns)   --->   "%ret_ln79 = ret" [firmware/Topo2A_AD_proj.cpp:79]   --->   Operation 257 'ret' 'ret_ln79' <Predicate = true> <Delay = 0.00>


============================================================
+ Verbose Summary: Timing violations
============================================================
Target clock period: 25.000ns, clock uncertainty: 6.750ns.

 <State 1>: 14.014ns
The critical path consists of the following:
	wire read operation ('inputs_read') on port 'inputs' [15]  (0.000 ns)
	'call' operation 1216 bit ('call_ret1', firmware/nnet_utils/nnet_dense.h:41->firmware/Topo2A_AD_proj.cpp:43) to 'dense_latency<ap_fixed<15, 6, 5, 3, 0>, ap_fixed<38, 8, 5, 3, 0>, config2>' [16]  (4.410 ns)
	'call' operation 512 bit ('call_ret2', firmware/Topo2A_AD_proj.cpp:47) to 'linear<ap_fixed<38, 8, 5, 3, 0>, ap_fixed<16, 6, 5, 3, 0>, linear_config3>' [81]  (0.000 ns)
	'call' operation 1024 bit ('call_ret3', firmware/Topo2A_AD_proj.cpp:51) to 'normalize<ap_fixed<16, 6, 5, 3, 0>, ap_fixed<32, 7, 5, 3, 0>, config4>' [114]  (2.814 ns)
	'call' operation 480 bit ('call_ret', firmware/Topo2A_AD_proj.cpp:55) to 'relu<ap_fixed<32, 7, 5, 3, 0>, ap_ufixed<15, 0, 4, 0, 0>, relu_config5>' [147]  (2.197 ns)
	'call' operation 352 bit ('call_ret4', firmware/nnet_utils/nnet_dense.h:41->firmware/Topo2A_AD_proj.cpp:59) to 'dense_latency<ap_ufixed<15, 0, 4, 0, 0>, ap_fixed<22, 3, 5, 3, 0>, config6>' [180]  (4.593 ns)

 <State 2>: 9.838ns
The critical path consists of the following:
	'call' operation 416 bit ('call_ret6', firmware/Topo2A_AD_proj.cpp:67) to 'normalize<ap_fixed<16, 6, 5, 3, 0>, ap_fixed<26, 4, 5, 3, 0>, config8>' [214]  (2.784 ns)
	'call' operation 240 bit ('call_ret7', firmware/Topo2A_AD_proj.cpp:71) to 'relu<ap_fixed<26, 4, 5, 3, 0>, ap_ufixed<15, 0, 4, 0, 0>, relu_config9>' [231]  (2.188 ns)
	'call' operation 69 bit ('call_ret8', firmware/nnet_utils/nnet_dense.h:41->firmware/Topo2A_AD_proj.cpp:75) to 'dense_latency<ap_ufixed<15, 0, 4, 0, 0>, ap_fixed<23, 3, 5, 3, 0>, config10>' [248]  (4.865 ns)


============================================================
+ Verbose Summary: Binding
============================================================
N/A
* FSMD analyzer results:
  - Output states:
 - Input state : 
  - Chain level:
	State 1
	State 2


============================================================
+ Verbose Summary: Datapath Resource usage 
============================================================
N/A
