

================================================================
== Vitis HLS Report for 'linear_ap_fixed_14_6_5_3_0_ap_fixed_19_11_5_3_0_linear_config6_s'
================================================================
* Date:           Sat Jan 25 13:41:46 2025

* Version:        2024.1 (Build 5069499 on May 21 2024)
* Project:        Topo2A_AD_proj_prj
* Solution:       solution1 (Vivado IP Flow Target)
* Product family: virtexuplus
* Target device:  xcvu9p-flga2104-2-e


================================================================
== Performance Estimates
================================================================
+ Timing: 
    * Summary: 
    +--------+----------+----------+------------+
    |  Clock |  Target  | Estimated| Uncertainty|
    +--------+----------+----------+------------+
    |ap_clk  |  25.00 ns|      0 ns|     6.75 ns|
    +--------+----------+----------+------------+

+ Latency: 
    * Summary: 
    +---------+---------+----------+----------+-----+-----+---------+
    |  Latency (cycles) |  Latency (absolute) |  Interval | Pipeline|
    |   min   |   max   |    min   |    max   | min | max |   Type  |
    +---------+---------+----------+----------+-----+-----+---------+
    |        0|        0|      0 ns|      0 ns|    1|    1|      yes|
    +---------+---------+----------+----------+-----+-----+---------+

    + Detail: 
        * Instance: 
        N/A

        * Loop: 
        N/A



================================================================
== Utilization Estimates
================================================================
* Summary: 
+---------------------+---------+------+---------+---------+-----+
|         Name        | BRAM_18K|  DSP |    FF   |   LUT   | URAM|
+---------------------+---------+------+---------+---------+-----+
|DSP                  |        -|     -|        -|        -|    -|
|Expression           |        -|     -|        -|        -|    -|
|FIFO                 |        -|     -|        -|        -|    -|
|Instance             |        -|     -|        -|        -|    -|
|Memory               |        -|     -|        -|        -|    -|
|Multiplexer          |        -|     -|        -|        -|    -|
|Register             |        -|     -|        -|        -|    -|
+---------------------+---------+------+---------+---------+-----+
|Total                |        0|     0|        0|        0|    0|
+---------------------+---------+------+---------+---------+-----+
|Available SLR        |     1440|  2280|   788160|   394080|  320|
+---------------------+---------+------+---------+---------+-----+
|Utilization SLR (%)  |        0|     0|        0|        0|    0|
+---------------------+---------+------+---------+---------+-----+
|Available            |     4320|  6840|  2364480|  1182240|  960|
+---------------------+---------+------+---------+---------+-----+
|Utilization (%)      |        0|     0|        0|        0|    0|
+---------------------+---------+------+---------+---------+-----+

+ Detail: 
    * Instance: 
    N/A

    * DSP: 
    N/A

    * Memory: 
    N/A

    * FIFO: 
    N/A

    * Expression: 
    N/A

    * Multiplexer: 
    N/A

    * Register: 
    N/A



================================================================
== Interface
================================================================
* Summary: 
+--------------+-----+-----+------------+-----------------------------------------------------------------------------+--------------+
|   RTL Ports  | Dir | Bits|  Protocol  |                                Source Object                                |    C Type    |
+--------------+-----+-----+------------+-----------------------------------------------------------------------------+--------------+
|ap_ready      |  out|    1|  ap_ctrl_hs|  linear<ap_fixed<14, 6, 5, 3, 0>, ap_fixed<19, 11, 5, 3, 0>, linear_config6>|  return value|
|ap_return_0   |  out|   19|  ap_ctrl_hs|  linear<ap_fixed<14, 6, 5, 3, 0>, ap_fixed<19, 11, 5, 3, 0>, linear_config6>|  return value|
|ap_return_1   |  out|   19|  ap_ctrl_hs|  linear<ap_fixed<14, 6, 5, 3, 0>, ap_fixed<19, 11, 5, 3, 0>, linear_config6>|  return value|
|ap_return_2   |  out|   19|  ap_ctrl_hs|  linear<ap_fixed<14, 6, 5, 3, 0>, ap_fixed<19, 11, 5, 3, 0>, linear_config6>|  return value|
|ap_return_3   |  out|   19|  ap_ctrl_hs|  linear<ap_fixed<14, 6, 5, 3, 0>, ap_fixed<19, 11, 5, 3, 0>, linear_config6>|  return value|
|ap_return_4   |  out|   19|  ap_ctrl_hs|  linear<ap_fixed<14, 6, 5, 3, 0>, ap_fixed<19, 11, 5, 3, 0>, linear_config6>|  return value|
|ap_return_5   |  out|   19|  ap_ctrl_hs|  linear<ap_fixed<14, 6, 5, 3, 0>, ap_fixed<19, 11, 5, 3, 0>, linear_config6>|  return value|
|ap_return_6   |  out|   19|  ap_ctrl_hs|  linear<ap_fixed<14, 6, 5, 3, 0>, ap_fixed<19, 11, 5, 3, 0>, linear_config6>|  return value|
|ap_return_7   |  out|   19|  ap_ctrl_hs|  linear<ap_fixed<14, 6, 5, 3, 0>, ap_fixed<19, 11, 5, 3, 0>, linear_config6>|  return value|
|ap_return_8   |  out|   19|  ap_ctrl_hs|  linear<ap_fixed<14, 6, 5, 3, 0>, ap_fixed<19, 11, 5, 3, 0>, linear_config6>|  return value|
|ap_return_9   |  out|   19|  ap_ctrl_hs|  linear<ap_fixed<14, 6, 5, 3, 0>, ap_fixed<19, 11, 5, 3, 0>, linear_config6>|  return value|
|ap_return_10  |  out|   19|  ap_ctrl_hs|  linear<ap_fixed<14, 6, 5, 3, 0>, ap_fixed<19, 11, 5, 3, 0>, linear_config6>|  return value|
|ap_return_11  |  out|   19|  ap_ctrl_hs|  linear<ap_fixed<14, 6, 5, 3, 0>, ap_fixed<19, 11, 5, 3, 0>, linear_config6>|  return value|
|ap_return_12  |  out|   19|  ap_ctrl_hs|  linear<ap_fixed<14, 6, 5, 3, 0>, ap_fixed<19, 11, 5, 3, 0>, linear_config6>|  return value|
|ap_return_13  |  out|   19|  ap_ctrl_hs|  linear<ap_fixed<14, 6, 5, 3, 0>, ap_fixed<19, 11, 5, 3, 0>, linear_config6>|  return value|
|ap_return_14  |  out|   19|  ap_ctrl_hs|  linear<ap_fixed<14, 6, 5, 3, 0>, ap_fixed<19, 11, 5, 3, 0>, linear_config6>|  return value|
|ap_return_15  |  out|   19|  ap_ctrl_hs|  linear<ap_fixed<14, 6, 5, 3, 0>, ap_fixed<19, 11, 5, 3, 0>, linear_config6>|  return value|
|ap_rst        |   in|    1|  ap_ctrl_hs|  linear<ap_fixed<14, 6, 5, 3, 0>, ap_fixed<19, 11, 5, 3, 0>, linear_config6>|  return value|
|data_0_val    |   in|   14|     ap_none|                                                                   data_0_val|        scalar|
|data_1_val    |   in|   14|     ap_none|                                                                   data_1_val|        scalar|
|data_2_val    |   in|   14|     ap_none|                                                                   data_2_val|        scalar|
|data_3_val    |   in|   14|     ap_none|                                                                   data_3_val|        scalar|
|data_4_val    |   in|   14|     ap_none|                                                                   data_4_val|        scalar|
|data_5_val    |   in|   14|     ap_none|                                                                   data_5_val|        scalar|
|data_6_val    |   in|   14|     ap_none|                                                                   data_6_val|        scalar|
|data_7_val    |   in|   14|     ap_none|                                                                   data_7_val|        scalar|
|data_8_val    |   in|   14|     ap_none|                                                                   data_8_val|        scalar|
|data_9_val    |   in|   14|     ap_none|                                                                   data_9_val|        scalar|
|data_10_val   |   in|   14|     ap_none|                                                                  data_10_val|        scalar|
|data_11_val   |   in|   14|     ap_none|                                                                  data_11_val|        scalar|
|data_12_val   |   in|   14|     ap_none|                                                                  data_12_val|        scalar|
|data_13_val   |   in|   14|     ap_none|                                                                  data_13_val|        scalar|
|data_14_val   |   in|   14|     ap_none|                                                                  data_14_val|        scalar|
|data_15_val   |   in|   14|     ap_none|                                                                  data_15_val|        scalar|
+--------------+-----+-----+------------+-----------------------------------------------------------------------------+--------------+

============================================================
+ Verbose Summary: Synthesis Manager
============================================================
InlineROM: 1
ExposeGlobal: 0
============================================================
+ Verbose Summary: CDFG Model
============================================================
IsTopModel: 0
ResetActiveHigh: 1
IsCombinational: 1
IsDatapathOnly: 2
HasWiredReturn: 1
HasMFsm: 2
HasVarLatency: 0
IsPipeline: 1
IsRtlPipelined: 0
IsInstanceOverlapped: 0
IsDontTouch: 0
HasImplIP: 0
IsGatedGlobalClock: 0

+ Individual pipeline summary: 
  * Pipeline-0: initiation interval (II) = 1, depth = 1


============================================================
+ Verbose Summary: Schedule
============================================================
* Number of FSM states : 1
* Pipeline : 1
  Pipeline-0 : II = 1, D = 1, States = { 1 }
* Dataflow Pipeline: 0

* FSM state transitions: 
1 --> 

* FSM state operations: 

State 1 <SV = 0> <Delay = 0.00>
ST_1 : Operation 2 [1/1] (0.00ns)   --->   "%specpipeline_ln32 = specpipeline void @_ssdm_op_SpecPipeline, i32 4294967295, i32 0, i32 0, i32 0, void @empty_0" [firmware/nnet_utils/nnet_activation.h:32]   --->   Operation 2 'specpipeline' 'specpipeline_ln32' <Predicate = true> <Delay = 0.00>
ST_1 : Operation 3 [1/1] (0.00ns)   --->   "%data_15_val_read = read i14 @_ssdm_op_Read.ap_auto.i14, i14 %data_15_val" [firmware/nnet_utils/nnet_activation.h:32]   --->   Operation 3 'read' 'data_15_val_read' <Predicate = true> <Delay = 0.00>
ST_1 : Operation 4 [1/1] (0.00ns)   --->   "%data_14_val_read = read i14 @_ssdm_op_Read.ap_auto.i14, i14 %data_14_val" [firmware/nnet_utils/nnet_activation.h:32]   --->   Operation 4 'read' 'data_14_val_read' <Predicate = true> <Delay = 0.00>
ST_1 : Operation 5 [1/1] (0.00ns)   --->   "%data_13_val_read = read i14 @_ssdm_op_Read.ap_auto.i14, i14 %data_13_val" [firmware/nnet_utils/nnet_activation.h:32]   --->   Operation 5 'read' 'data_13_val_read' <Predicate = true> <Delay = 0.00>
ST_1 : Operation 6 [1/1] (0.00ns)   --->   "%data_12_val_read = read i14 @_ssdm_op_Read.ap_auto.i14, i14 %data_12_val" [firmware/nnet_utils/nnet_activation.h:32]   --->   Operation 6 'read' 'data_12_val_read' <Predicate = true> <Delay = 0.00>
ST_1 : Operation 7 [1/1] (0.00ns)   --->   "%data_11_val_read = read i14 @_ssdm_op_Read.ap_auto.i14, i14 %data_11_val" [firmware/nnet_utils/nnet_activation.h:32]   --->   Operation 7 'read' 'data_11_val_read' <Predicate = true> <Delay = 0.00>
ST_1 : Operation 8 [1/1] (0.00ns)   --->   "%data_10_val_read = read i14 @_ssdm_op_Read.ap_auto.i14, i14 %data_10_val" [firmware/nnet_utils/nnet_activation.h:32]   --->   Operation 8 'read' 'data_10_val_read' <Predicate = true> <Delay = 0.00>
ST_1 : Operation 9 [1/1] (0.00ns)   --->   "%data_9_val_read = read i14 @_ssdm_op_Read.ap_auto.i14, i14 %data_9_val" [firmware/nnet_utils/nnet_activation.h:32]   --->   Operation 9 'read' 'data_9_val_read' <Predicate = true> <Delay = 0.00>
ST_1 : Operation 10 [1/1] (0.00ns)   --->   "%data_8_val_read = read i14 @_ssdm_op_Read.ap_auto.i14, i14 %data_8_val" [firmware/nnet_utils/nnet_activation.h:32]   --->   Operation 10 'read' 'data_8_val_read' <Predicate = true> <Delay = 0.00>
ST_1 : Operation 11 [1/1] (0.00ns)   --->   "%data_7_val_read = read i14 @_ssdm_op_Read.ap_auto.i14, i14 %data_7_val" [firmware/nnet_utils/nnet_activation.h:32]   --->   Operation 11 'read' 'data_7_val_read' <Predicate = true> <Delay = 0.00>
ST_1 : Operation 12 [1/1] (0.00ns)   --->   "%data_6_val_read = read i14 @_ssdm_op_Read.ap_auto.i14, i14 %data_6_val" [firmware/nnet_utils/nnet_activation.h:32]   --->   Operation 12 'read' 'data_6_val_read' <Predicate = true> <Delay = 0.00>
ST_1 : Operation 13 [1/1] (0.00ns)   --->   "%data_5_val_read = read i14 @_ssdm_op_Read.ap_auto.i14, i14 %data_5_val" [firmware/nnet_utils/nnet_activation.h:32]   --->   Operation 13 'read' 'data_5_val_read' <Predicate = true> <Delay = 0.00>
ST_1 : Operation 14 [1/1] (0.00ns)   --->   "%data_4_val_read = read i14 @_ssdm_op_Read.ap_auto.i14, i14 %data_4_val" [firmware/nnet_utils/nnet_activation.h:32]   --->   Operation 14 'read' 'data_4_val_read' <Predicate = true> <Delay = 0.00>
ST_1 : Operation 15 [1/1] (0.00ns)   --->   "%data_3_val_read = read i14 @_ssdm_op_Read.ap_auto.i14, i14 %data_3_val" [firmware/nnet_utils/nnet_activation.h:32]   --->   Operation 15 'read' 'data_3_val_read' <Predicate = true> <Delay = 0.00>
ST_1 : Operation 16 [1/1] (0.00ns)   --->   "%data_2_val_read = read i14 @_ssdm_op_Read.ap_auto.i14, i14 %data_2_val" [firmware/nnet_utils/nnet_activation.h:32]   --->   Operation 16 'read' 'data_2_val_read' <Predicate = true> <Delay = 0.00>
ST_1 : Operation 17 [1/1] (0.00ns)   --->   "%data_1_val_read = read i14 @_ssdm_op_Read.ap_auto.i14, i14 %data_1_val" [firmware/nnet_utils/nnet_activation.h:32]   --->   Operation 17 'read' 'data_1_val_read' <Predicate = true> <Delay = 0.00>
ST_1 : Operation 18 [1/1] (0.00ns)   --->   "%data_0_val_read = read i14 @_ssdm_op_Read.ap_auto.i14, i14 %data_0_val" [firmware/nnet_utils/nnet_activation.h:32]   --->   Operation 18 'read' 'data_0_val_read' <Predicate = true> <Delay = 0.00>
ST_1 : Operation 19 [1/1] (0.00ns)   --->   "%sext_ln32 = sext i14 %data_0_val_read" [firmware/nnet_utils/nnet_activation.h:32]   --->   Operation 19 'sext' 'sext_ln32' <Predicate = true> <Delay = 0.00>
ST_1 : Operation 20 [1/1] (0.00ns)   --->   "%sext_ln32_1 = sext i14 %data_1_val_read" [firmware/nnet_utils/nnet_activation.h:32]   --->   Operation 20 'sext' 'sext_ln32_1' <Predicate = true> <Delay = 0.00>
ST_1 : Operation 21 [1/1] (0.00ns)   --->   "%sext_ln32_2 = sext i14 %data_2_val_read" [firmware/nnet_utils/nnet_activation.h:32]   --->   Operation 21 'sext' 'sext_ln32_2' <Predicate = true> <Delay = 0.00>
ST_1 : Operation 22 [1/1] (0.00ns)   --->   "%sext_ln32_3 = sext i14 %data_3_val_read" [firmware/nnet_utils/nnet_activation.h:32]   --->   Operation 22 'sext' 'sext_ln32_3' <Predicate = true> <Delay = 0.00>
ST_1 : Operation 23 [1/1] (0.00ns)   --->   "%sext_ln32_4 = sext i14 %data_4_val_read" [firmware/nnet_utils/nnet_activation.h:32]   --->   Operation 23 'sext' 'sext_ln32_4' <Predicate = true> <Delay = 0.00>
ST_1 : Operation 24 [1/1] (0.00ns)   --->   "%sext_ln32_5 = sext i14 %data_5_val_read" [firmware/nnet_utils/nnet_activation.h:32]   --->   Operation 24 'sext' 'sext_ln32_5' <Predicate = true> <Delay = 0.00>
ST_1 : Operation 25 [1/1] (0.00ns)   --->   "%sext_ln32_6 = sext i14 %data_6_val_read" [firmware/nnet_utils/nnet_activation.h:32]   --->   Operation 25 'sext' 'sext_ln32_6' <Predicate = true> <Delay = 0.00>
ST_1 : Operation 26 [1/1] (0.00ns)   --->   "%sext_ln32_7 = sext i14 %data_7_val_read" [firmware/nnet_utils/nnet_activation.h:32]   --->   Operation 26 'sext' 'sext_ln32_7' <Predicate = true> <Delay = 0.00>
ST_1 : Operation 27 [1/1] (0.00ns)   --->   "%sext_ln32_8 = sext i14 %data_8_val_read" [firmware/nnet_utils/nnet_activation.h:32]   --->   Operation 27 'sext' 'sext_ln32_8' <Predicate = true> <Delay = 0.00>
ST_1 : Operation 28 [1/1] (0.00ns)   --->   "%sext_ln32_9 = sext i14 %data_9_val_read" [firmware/nnet_utils/nnet_activation.h:32]   --->   Operation 28 'sext' 'sext_ln32_9' <Predicate = true> <Delay = 0.00>
ST_1 : Operation 29 [1/1] (0.00ns)   --->   "%sext_ln32_10 = sext i14 %data_10_val_read" [firmware/nnet_utils/nnet_activation.h:32]   --->   Operation 29 'sext' 'sext_ln32_10' <Predicate = true> <Delay = 0.00>
ST_1 : Operation 30 [1/1] (0.00ns)   --->   "%sext_ln32_11 = sext i14 %data_11_val_read" [firmware/nnet_utils/nnet_activation.h:32]   --->   Operation 30 'sext' 'sext_ln32_11' <Predicate = true> <Delay = 0.00>
ST_1 : Operation 31 [1/1] (0.00ns)   --->   "%sext_ln32_12 = sext i14 %data_12_val_read" [firmware/nnet_utils/nnet_activation.h:32]   --->   Operation 31 'sext' 'sext_ln32_12' <Predicate = true> <Delay = 0.00>
ST_1 : Operation 32 [1/1] (0.00ns)   --->   "%sext_ln32_13 = sext i14 %data_13_val_read" [firmware/nnet_utils/nnet_activation.h:32]   --->   Operation 32 'sext' 'sext_ln32_13' <Predicate = true> <Delay = 0.00>
ST_1 : Operation 33 [1/1] (0.00ns)   --->   "%sext_ln32_14 = sext i14 %data_14_val_read" [firmware/nnet_utils/nnet_activation.h:32]   --->   Operation 33 'sext' 'sext_ln32_14' <Predicate = true> <Delay = 0.00>
ST_1 : Operation 34 [1/1] (0.00ns)   --->   "%sext_ln32_15 = sext i14 %data_15_val_read" [firmware/nnet_utils/nnet_activation.h:32]   --->   Operation 34 'sext' 'sext_ln32_15' <Predicate = true> <Delay = 0.00>
ST_1 : Operation 35 [1/1] (0.00ns)   --->   "%mrv = insertvalue i304 <undef>, i19 %sext_ln32" [firmware/nnet_utils/nnet_activation.h:34]   --->   Operation 35 'insertvalue' 'mrv' <Predicate = true> <Delay = 0.00>
ST_1 : Operation 36 [1/1] (0.00ns)   --->   "%mrv_1 = insertvalue i304 %mrv, i19 %sext_ln32_1" [firmware/nnet_utils/nnet_activation.h:34]   --->   Operation 36 'insertvalue' 'mrv_1' <Predicate = true> <Delay = 0.00>
ST_1 : Operation 37 [1/1] (0.00ns)   --->   "%mrv_2 = insertvalue i304 %mrv_1, i19 %sext_ln32_2" [firmware/nnet_utils/nnet_activation.h:34]   --->   Operation 37 'insertvalue' 'mrv_2' <Predicate = true> <Delay = 0.00>
ST_1 : Operation 38 [1/1] (0.00ns)   --->   "%mrv_3 = insertvalue i304 %mrv_2, i19 %sext_ln32_3" [firmware/nnet_utils/nnet_activation.h:34]   --->   Operation 38 'insertvalue' 'mrv_3' <Predicate = true> <Delay = 0.00>
ST_1 : Operation 39 [1/1] (0.00ns)   --->   "%mrv_4 = insertvalue i304 %mrv_3, i19 %sext_ln32_4" [firmware/nnet_utils/nnet_activation.h:34]   --->   Operation 39 'insertvalue' 'mrv_4' <Predicate = true> <Delay = 0.00>
ST_1 : Operation 40 [1/1] (0.00ns)   --->   "%mrv_5 = insertvalue i304 %mrv_4, i19 %sext_ln32_5" [firmware/nnet_utils/nnet_activation.h:34]   --->   Operation 40 'insertvalue' 'mrv_5' <Predicate = true> <Delay = 0.00>
ST_1 : Operation 41 [1/1] (0.00ns)   --->   "%mrv_6 = insertvalue i304 %mrv_5, i19 %sext_ln32_6" [firmware/nnet_utils/nnet_activation.h:34]   --->   Operation 41 'insertvalue' 'mrv_6' <Predicate = true> <Delay = 0.00>
ST_1 : Operation 42 [1/1] (0.00ns)   --->   "%mrv_7 = insertvalue i304 %mrv_6, i19 %sext_ln32_7" [firmware/nnet_utils/nnet_activation.h:34]   --->   Operation 42 'insertvalue' 'mrv_7' <Predicate = true> <Delay = 0.00>
ST_1 : Operation 43 [1/1] (0.00ns)   --->   "%mrv_8 = insertvalue i304 %mrv_7, i19 %sext_ln32_8" [firmware/nnet_utils/nnet_activation.h:34]   --->   Operation 43 'insertvalue' 'mrv_8' <Predicate = true> <Delay = 0.00>
ST_1 : Operation 44 [1/1] (0.00ns)   --->   "%mrv_9 = insertvalue i304 %mrv_8, i19 %sext_ln32_9" [firmware/nnet_utils/nnet_activation.h:34]   --->   Operation 44 'insertvalue' 'mrv_9' <Predicate = true> <Delay = 0.00>
ST_1 : Operation 45 [1/1] (0.00ns)   --->   "%mrv_10 = insertvalue i304 %mrv_9, i19 %sext_ln32_10" [firmware/nnet_utils/nnet_activation.h:34]   --->   Operation 45 'insertvalue' 'mrv_10' <Predicate = true> <Delay = 0.00>
ST_1 : Operation 46 [1/1] (0.00ns)   --->   "%mrv_11 = insertvalue i304 %mrv_10, i19 %sext_ln32_11" [firmware/nnet_utils/nnet_activation.h:34]   --->   Operation 46 'insertvalue' 'mrv_11' <Predicate = true> <Delay = 0.00>
ST_1 : Operation 47 [1/1] (0.00ns)   --->   "%mrv_12 = insertvalue i304 %mrv_11, i19 %sext_ln32_12" [firmware/nnet_utils/nnet_activation.h:34]   --->   Operation 47 'insertvalue' 'mrv_12' <Predicate = true> <Delay = 0.00>
ST_1 : Operation 48 [1/1] (0.00ns)   --->   "%mrv_13 = insertvalue i304 %mrv_12, i19 %sext_ln32_13" [firmware/nnet_utils/nnet_activation.h:34]   --->   Operation 48 'insertvalue' 'mrv_13' <Predicate = true> <Delay = 0.00>
ST_1 : Operation 49 [1/1] (0.00ns)   --->   "%mrv_14 = insertvalue i304 %mrv_13, i19 %sext_ln32_14" [firmware/nnet_utils/nnet_activation.h:34]   --->   Operation 49 'insertvalue' 'mrv_14' <Predicate = true> <Delay = 0.00>
ST_1 : Operation 50 [1/1] (0.00ns)   --->   "%mrv_15 = insertvalue i304 %mrv_14, i19 %sext_ln32_15" [firmware/nnet_utils/nnet_activation.h:34]   --->   Operation 50 'insertvalue' 'mrv_15' <Predicate = true> <Delay = 0.00>
ST_1 : Operation 51 [1/1] (0.00ns)   --->   "%ret_ln34 = ret i304 %mrv_15" [firmware/nnet_utils/nnet_activation.h:34]   --->   Operation 51 'ret' 'ret_ln34' <Predicate = true> <Delay = 0.00>


============================================================
+ Verbose Summary: Binding
============================================================
STG Binding: 
---------------- STG Properties BEGIN ----------------
- Is combinational: 1
- Is one-state seq: 0
- Is datapath-only: 0
- Is pipelined: 1
- Is top level: 0
Port [ Return ] is wired: 1; IO mode=ap_ctrl_hs:ce=0
Port [ data_0_val]:  wired=1; compound=0; hidden=0; nouse=0; global=0; static=0; extern=0; dir=0; type=0; pingpong=0; private_global=0; IO mode=ap_none:ce=0
Port [ data_1_val]:  wired=1; compound=0; hidden=0; nouse=0; global=0; static=0; extern=0; dir=0; type=0; pingpong=0; private_global=0; IO mode=ap_none:ce=0
Port [ data_2_val]:  wired=1; compound=0; hidden=0; nouse=0; global=0; static=0; extern=0; dir=0; type=0; pingpong=0; private_global=0; IO mode=ap_none:ce=0
Port [ data_3_val]:  wired=1; compound=0; hidden=0; nouse=0; global=0; static=0; extern=0; dir=0; type=0; pingpong=0; private_global=0; IO mode=ap_none:ce=0
Port [ data_4_val]:  wired=1; compound=0; hidden=0; nouse=0; global=0; static=0; extern=0; dir=0; type=0; pingpong=0; private_global=0; IO mode=ap_none:ce=0
Port [ data_5_val]:  wired=1; compound=0; hidden=0; nouse=0; global=0; static=0; extern=0; dir=0; type=0; pingpong=0; private_global=0; IO mode=ap_none:ce=0
Port [ data_6_val]:  wired=1; compound=0; hidden=0; nouse=0; global=0; static=0; extern=0; dir=0; type=0; pingpong=0; private_global=0; IO mode=ap_none:ce=0
Port [ data_7_val]:  wired=1; compound=0; hidden=0; nouse=0; global=0; static=0; extern=0; dir=0; type=0; pingpong=0; private_global=0; IO mode=ap_none:ce=0
Port [ data_8_val]:  wired=1; compound=0; hidden=0; nouse=0; global=0; static=0; extern=0; dir=0; type=0; pingpong=0; private_global=0; IO mode=ap_none:ce=0
Port [ data_9_val]:  wired=1; compound=0; hidden=0; nouse=0; global=0; static=0; extern=0; dir=0; type=0; pingpong=0; private_global=0; IO mode=ap_none:ce=0
Port [ data_10_val]:  wired=1; compound=0; hidden=0; nouse=0; global=0; static=0; extern=0; dir=0; type=0; pingpong=0; private_global=0; IO mode=ap_none:ce=0
Port [ data_11_val]:  wired=1; compound=0; hidden=0; nouse=0; global=0; static=0; extern=0; dir=0; type=0; pingpong=0; private_global=0; IO mode=ap_none:ce=0
Port [ data_12_val]:  wired=1; compound=0; hidden=0; nouse=0; global=0; static=0; extern=0; dir=0; type=0; pingpong=0; private_global=0; IO mode=ap_none:ce=0
Port [ data_13_val]:  wired=1; compound=0; hidden=0; nouse=0; global=0; static=0; extern=0; dir=0; type=0; pingpong=0; private_global=0; IO mode=ap_none:ce=0
Port [ data_14_val]:  wired=1; compound=0; hidden=0; nouse=0; global=0; static=0; extern=0; dir=0; type=0; pingpong=0; private_global=0; IO mode=ap_none:ce=0
Port [ data_15_val]:  wired=1; compound=0; hidden=0; nouse=0; global=0; static=0; extern=0; dir=0; type=0; pingpong=0; private_global=0; IO mode=ap_none:ce=0
---------------- STG Properties END ------------------

---------------- Datapath Model BEGIN ----------------

<LifeTime>
<method=bitvector/>
specpipeline_ln32 (specpipeline) [ 00]
data_15_val_read  (read        ) [ 00]
data_14_val_read  (read        ) [ 00]
data_13_val_read  (read        ) [ 00]
data_12_val_read  (read        ) [ 00]
data_11_val_read  (read        ) [ 00]
data_10_val_read  (read        ) [ 00]
data_9_val_read   (read        ) [ 00]
data_8_val_read   (read        ) [ 00]
data_7_val_read   (read        ) [ 00]
data_6_val_read   (read        ) [ 00]
data_5_val_read   (read        ) [ 00]
data_4_val_read   (read        ) [ 00]
data_3_val_read   (read        ) [ 00]
data_2_val_read   (read        ) [ 00]
data_1_val_read   (read        ) [ 00]
data_0_val_read   (read        ) [ 00]
sext_ln32         (sext        ) [ 00]
sext_ln32_1       (sext        ) [ 00]
sext_ln32_2       (sext        ) [ 00]
sext_ln32_3       (sext        ) [ 00]
sext_ln32_4       (sext        ) [ 00]
sext_ln32_5       (sext        ) [ 00]
sext_ln32_6       (sext        ) [ 00]
sext_ln32_7       (sext        ) [ 00]
sext_ln32_8       (sext        ) [ 00]
sext_ln32_9       (sext        ) [ 00]
sext_ln32_10      (sext        ) [ 00]
sext_ln32_11      (sext        ) [ 00]
sext_ln32_12      (sext        ) [ 00]
sext_ln32_13      (sext        ) [ 00]
sext_ln32_14      (sext        ) [ 00]
sext_ln32_15      (sext        ) [ 00]
mrv               (insertvalue ) [ 00]
mrv_1             (insertvalue ) [ 00]
mrv_2             (insertvalue ) [ 00]
mrv_3             (insertvalue ) [ 00]
mrv_4             (insertvalue ) [ 00]
mrv_5             (insertvalue ) [ 00]
mrv_6             (insertvalue ) [ 00]
mrv_7             (insertvalue ) [ 00]
mrv_8             (insertvalue ) [ 00]
mrv_9             (insertvalue ) [ 00]
mrv_10            (insertvalue ) [ 00]
mrv_11            (insertvalue ) [ 00]
mrv_12            (insertvalue ) [ 00]
mrv_13            (insertvalue ) [ 00]
mrv_14            (insertvalue ) [ 00]
mrv_15            (insertvalue ) [ 00]
ret_ln34          (ret         ) [ 00]
</LifeTime>

<model>

<comp_list>
<comp id="0" class="1000" name="data_0_val">
<pin_list>
<pin id="1" dir="1" index="0" bw="1" slack="0"/>
</pin_list>
<bind>
<StgValue><ssdm name="data_0_val"/></StgValue>
</bind>
</comp>

<comp id="2" class="1000" name="data_1_val">
<pin_list>
<pin id="3" dir="1" index="0" bw="1" slack="0"/>
</pin_list>
<bind>
<StgValue><ssdm name="data_1_val"/></StgValue>
</bind>
</comp>

<comp id="4" class="1000" name="data_2_val">
<pin_list>
<pin id="5" dir="1" index="0" bw="1" slack="0"/>
</pin_list>
<bind>
<StgValue><ssdm name="data_2_val"/></StgValue>
</bind>
</comp>

<comp id="6" class="1000" name="data_3_val">
<pin_list>
<pin id="7" dir="1" index="0" bw="1" slack="0"/>
</pin_list>
<bind>
<StgValue><ssdm name="data_3_val"/></StgValue>
</bind>
</comp>

<comp id="8" class="1000" name="data_4_val">
<pin_list>
<pin id="9" dir="1" index="0" bw="1" slack="0"/>
</pin_list>
<bind>
<StgValue><ssdm name="data_4_val"/></StgValue>
</bind>
</comp>

<comp id="10" class="1000" name="data_5_val">
<pin_list>
<pin id="11" dir="1" index="0" bw="1" slack="0"/>
</pin_list>
<bind>
<StgValue><ssdm name="data_5_val"/></StgValue>
</bind>
</comp>

<comp id="12" class="1000" name="data_6_val">
<pin_list>
<pin id="13" dir="1" index="0" bw="1" slack="0"/>
</pin_list>
<bind>
<StgValue><ssdm name="data_6_val"/></StgValue>
</bind>
</comp>

<comp id="14" class="1000" name="data_7_val">
<pin_list>
<pin id="15" dir="1" index="0" bw="1" slack="0"/>
</pin_list>
<bind>
<StgValue><ssdm name="data_7_val"/></StgValue>
</bind>
</comp>

<comp id="16" class="1000" name="data_8_val">
<pin_list>
<pin id="17" dir="1" index="0" bw="1" slack="0"/>
</pin_list>
<bind>
<StgValue><ssdm name="data_8_val"/></StgValue>
</bind>
</comp>

<comp id="18" class="1000" name="data_9_val">
<pin_list>
<pin id="19" dir="1" index="0" bw="1" slack="0"/>
</pin_list>
<bind>
<StgValue><ssdm name="data_9_val"/></StgValue>
</bind>
</comp>

<comp id="20" class="1000" name="data_10_val">
<pin_list>
<pin id="21" dir="1" index="0" bw="1" slack="0"/>
</pin_list>
<bind>
<StgValue><ssdm name="data_10_val"/></StgValue>
</bind>
</comp>

<comp id="22" class="1000" name="data_11_val">
<pin_list>
<pin id="23" dir="1" index="0" bw="1" slack="0"/>
</pin_list>
<bind>
<StgValue><ssdm name="data_11_val"/></StgValue>
</bind>
</comp>

<comp id="24" class="1000" name="data_12_val">
<pin_list>
<pin id="25" dir="1" index="0" bw="1" slack="0"/>
</pin_list>
<bind>
<StgValue><ssdm name="data_12_val"/></StgValue>
</bind>
</comp>

<comp id="26" class="1000" name="data_13_val">
<pin_list>
<pin id="27" dir="1" index="0" bw="1" slack="0"/>
</pin_list>
<bind>
<StgValue><ssdm name="data_13_val"/></StgValue>
</bind>
</comp>

<comp id="28" class="1000" name="data_14_val">
<pin_list>
<pin id="29" dir="1" index="0" bw="1" slack="0"/>
</pin_list>
<bind>
<StgValue><ssdm name="data_14_val"/></StgValue>
</bind>
</comp>

<comp id="30" class="1000" name="data_15_val">
<pin_list>
<pin id="31" dir="1" index="0" bw="1" slack="0"/>
</pin_list>
<bind>
<StgValue><ssdm name="data_15_val"/></StgValue>
</bind>
</comp>

<comp id="32" class="1001" name="const_32">
<pin_list>
<pin id="33" dir="1" index="0" bw="1" slack="2147483647"/>
</pin_list>
<bind>
<StgValue><ssdm name="_ssdm_op_SpecPipeline"/></StgValue>
</bind>
</comp>

<comp id="34" class="1001" name="const_34">
<pin_list>
<pin id="35" dir="1" index="0" bw="1" slack="2147483647"/>
</pin_list>
<bind>
<StgValue><ssdm name=""/></StgValue>
</bind>
</comp>

<comp id="36" class="1001" name="const_36">
<pin_list>
<pin id="37" dir="1" index="0" bw="1" slack="2147483647"/>
</pin_list>
<bind>
<StgValue><ssdm name=""/></StgValue>
</bind>
</comp>

<comp id="38" class="1001" name="const_38">
<pin_list>
<pin id="39" dir="1" index="0" bw="1" slack="2147483647"/>
</pin_list>
<bind>
<StgValue><ssdm name="empty_0"/></StgValue>
</bind>
</comp>

<comp id="40" class="1001" name="const_40">
<pin_list>
<pin id="41" dir="1" index="0" bw="1" slack="0"/>
</pin_list>
<bind>
<StgValue><ssdm name="_ssdm_op_Read.ap_auto.i14"/></StgValue>
</bind>
</comp>

<comp id="42" class="1001" name="const_42">
<pin_list>
<pin id="43" dir="1" index="0" bw="1" slack="0"/>
</pin_list>
<bind>
<StgValue><ssdm name=""/></StgValue>
</bind>
</comp>

<comp id="44" class="1004" name="data_15_val_read_read_fu_44">
<pin_list>
<pin id="45" dir="0" index="0" bw="14" slack="0"/>
<pin id="46" dir="0" index="1" bw="14" slack="0"/>
<pin id="47" dir="1" index="2" bw="14" slack="0"/>
</pin_list>
<bind>
<opcode="read(1150) " fcode="read"/>
<opset="data_15_val_read/1 "/>
</bind>
</comp>

<comp id="50" class="1004" name="data_14_val_read_read_fu_50">
<pin_list>
<pin id="51" dir="0" index="0" bw="14" slack="0"/>
<pin id="52" dir="0" index="1" bw="14" slack="0"/>
<pin id="53" dir="1" index="2" bw="14" slack="0"/>
</pin_list>
<bind>
<opcode="read(1150) " fcode="read"/>
<opset="data_14_val_read/1 "/>
</bind>
</comp>

<comp id="56" class="1004" name="data_13_val_read_read_fu_56">
<pin_list>
<pin id="57" dir="0" index="0" bw="14" slack="0"/>
<pin id="58" dir="0" index="1" bw="14" slack="0"/>
<pin id="59" dir="1" index="2" bw="14" slack="0"/>
</pin_list>
<bind>
<opcode="read(1150) " fcode="read"/>
<opset="data_13_val_read/1 "/>
</bind>
</comp>

<comp id="62" class="1004" name="data_12_val_read_read_fu_62">
<pin_list>
<pin id="63" dir="0" index="0" bw="14" slack="0"/>
<pin id="64" dir="0" index="1" bw="14" slack="0"/>
<pin id="65" dir="1" index="2" bw="14" slack="0"/>
</pin_list>
<bind>
<opcode="read(1150) " fcode="read"/>
<opset="data_12_val_read/1 "/>
</bind>
</comp>

<comp id="68" class="1004" name="data_11_val_read_read_fu_68">
<pin_list>
<pin id="69" dir="0" index="0" bw="14" slack="0"/>
<pin id="70" dir="0" index="1" bw="14" slack="0"/>
<pin id="71" dir="1" index="2" bw="14" slack="0"/>
</pin_list>
<bind>
<opcode="read(1150) " fcode="read"/>
<opset="data_11_val_read/1 "/>
</bind>
</comp>

<comp id="74" class="1004" name="data_10_val_read_read_fu_74">
<pin_list>
<pin id="75" dir="0" index="0" bw="14" slack="0"/>
<pin id="76" dir="0" index="1" bw="14" slack="0"/>
<pin id="77" dir="1" index="2" bw="14" slack="0"/>
</pin_list>
<bind>
<opcode="read(1150) " fcode="read"/>
<opset="data_10_val_read/1 "/>
</bind>
</comp>

<comp id="80" class="1004" name="data_9_val_read_read_fu_80">
<pin_list>
<pin id="81" dir="0" index="0" bw="14" slack="0"/>
<pin id="82" dir="0" index="1" bw="14" slack="0"/>
<pin id="83" dir="1" index="2" bw="14" slack="0"/>
</pin_list>
<bind>
<opcode="read(1150) " fcode="read"/>
<opset="data_9_val_read/1 "/>
</bind>
</comp>

<comp id="86" class="1004" name="data_8_val_read_read_fu_86">
<pin_list>
<pin id="87" dir="0" index="0" bw="14" slack="0"/>
<pin id="88" dir="0" index="1" bw="14" slack="0"/>
<pin id="89" dir="1" index="2" bw="14" slack="0"/>
</pin_list>
<bind>
<opcode="read(1150) " fcode="read"/>
<opset="data_8_val_read/1 "/>
</bind>
</comp>

<comp id="92" class="1004" name="data_7_val_read_read_fu_92">
<pin_list>
<pin id="93" dir="0" index="0" bw="14" slack="0"/>
<pin id="94" dir="0" index="1" bw="14" slack="0"/>
<pin id="95" dir="1" index="2" bw="14" slack="0"/>
</pin_list>
<bind>
<opcode="read(1150) " fcode="read"/>
<opset="data_7_val_read/1 "/>
</bind>
</comp>

<comp id="98" class="1004" name="data_6_val_read_read_fu_98">
<pin_list>
<pin id="99" dir="0" index="0" bw="14" slack="0"/>
<pin id="100" dir="0" index="1" bw="14" slack="0"/>
<pin id="101" dir="1" index="2" bw="14" slack="0"/>
</pin_list>
<bind>
<opcode="read(1150) " fcode="read"/>
<opset="data_6_val_read/1 "/>
</bind>
</comp>

<comp id="104" class="1004" name="data_5_val_read_read_fu_104">
<pin_list>
<pin id="105" dir="0" index="0" bw="14" slack="0"/>
<pin id="106" dir="0" index="1" bw="14" slack="0"/>
<pin id="107" dir="1" index="2" bw="14" slack="0"/>
</pin_list>
<bind>
<opcode="read(1150) " fcode="read"/>
<opset="data_5_val_read/1 "/>
</bind>
</comp>

<comp id="110" class="1004" name="data_4_val_read_read_fu_110">
<pin_list>
<pin id="111" dir="0" index="0" bw="14" slack="0"/>
<pin id="112" dir="0" index="1" bw="14" slack="0"/>
<pin id="113" dir="1" index="2" bw="14" slack="0"/>
</pin_list>
<bind>
<opcode="read(1150) " fcode="read"/>
<opset="data_4_val_read/1 "/>
</bind>
</comp>

<comp id="116" class="1004" name="data_3_val_read_read_fu_116">
<pin_list>
<pin id="117" dir="0" index="0" bw="14" slack="0"/>
<pin id="118" dir="0" index="1" bw="14" slack="0"/>
<pin id="119" dir="1" index="2" bw="14" slack="0"/>
</pin_list>
<bind>
<opcode="read(1150) " fcode="read"/>
<opset="data_3_val_read/1 "/>
</bind>
</comp>

<comp id="122" class="1004" name="data_2_val_read_read_fu_122">
<pin_list>
<pin id="123" dir="0" index="0" bw="14" slack="0"/>
<pin id="124" dir="0" index="1" bw="14" slack="0"/>
<pin id="125" dir="1" index="2" bw="14" slack="0"/>
</pin_list>
<bind>
<opcode="read(1150) " fcode="read"/>
<opset="data_2_val_read/1 "/>
</bind>
</comp>

<comp id="128" class="1004" name="data_1_val_read_read_fu_128">
<pin_list>
<pin id="129" dir="0" index="0" bw="14" slack="0"/>
<pin id="130" dir="0" index="1" bw="14" slack="0"/>
<pin id="131" dir="1" index="2" bw="14" slack="0"/>
</pin_list>
<bind>
<opcode="read(1150) " fcode="read"/>
<opset="data_1_val_read/1 "/>
</bind>
</comp>

<comp id="134" class="1004" name="data_0_val_read_read_fu_134">
<pin_list>
<pin id="135" dir="0" index="0" bw="14" slack="0"/>
<pin id="136" dir="0" index="1" bw="14" slack="0"/>
<pin id="137" dir="1" index="2" bw="14" slack="0"/>
</pin_list>
<bind>
<opcode="read(1150) " fcode="read"/>
<opset="data_0_val_read/1 "/>
</bind>
</comp>

<comp id="140" class="1004" name="sext_ln32_fu_140">
<pin_list>
<pin id="141" dir="0" index="0" bw="14" slack="0"/>
<pin id="142" dir="1" index="1" bw="19" slack="0"/>
</pin_list>
<bind>
<opcode="sext(35) " fcode="sext"/>
<opset="sext_ln32/1 "/>
</bind>
</comp>

<comp id="144" class="1004" name="sext_ln32_1_fu_144">
<pin_list>
<pin id="145" dir="0" index="0" bw="14" slack="0"/>
<pin id="146" dir="1" index="1" bw="19" slack="0"/>
</pin_list>
<bind>
<opcode="sext(35) " fcode="sext"/>
<opset="sext_ln32_1/1 "/>
</bind>
</comp>

<comp id="148" class="1004" name="sext_ln32_2_fu_148">
<pin_list>
<pin id="149" dir="0" index="0" bw="14" slack="0"/>
<pin id="150" dir="1" index="1" bw="19" slack="0"/>
</pin_list>
<bind>
<opcode="sext(35) " fcode="sext"/>
<opset="sext_ln32_2/1 "/>
</bind>
</comp>

<comp id="152" class="1004" name="sext_ln32_3_fu_152">
<pin_list>
<pin id="153" dir="0" index="0" bw="14" slack="0"/>
<pin id="154" dir="1" index="1" bw="19" slack="0"/>
</pin_list>
<bind>
<opcode="sext(35) " fcode="sext"/>
<opset="sext_ln32_3/1 "/>
</bind>
</comp>

<comp id="156" class="1004" name="sext_ln32_4_fu_156">
<pin_list>
<pin id="157" dir="0" index="0" bw="14" slack="0"/>
<pin id="158" dir="1" index="1" bw="19" slack="0"/>
</pin_list>
<bind>
<opcode="sext(35) " fcode="sext"/>
<opset="sext_ln32_4/1 "/>
</bind>
</comp>

<comp id="160" class="1004" name="sext_ln32_5_fu_160">
<pin_list>
<pin id="161" dir="0" index="0" bw="14" slack="0"/>
<pin id="162" dir="1" index="1" bw="19" slack="0"/>
</pin_list>
<bind>
<opcode="sext(35) " fcode="sext"/>
<opset="sext_ln32_5/1 "/>
</bind>
</comp>

<comp id="164" class="1004" name="sext_ln32_6_fu_164">
<pin_list>
<pin id="165" dir="0" index="0" bw="14" slack="0"/>
<pin id="166" dir="1" index="1" bw="19" slack="0"/>
</pin_list>
<bind>
<opcode="sext(35) " fcode="sext"/>
<opset="sext_ln32_6/1 "/>
</bind>
</comp>

<comp id="168" class="1004" name="sext_ln32_7_fu_168">
<pin_list>
<pin id="169" dir="0" index="0" bw="14" slack="0"/>
<pin id="170" dir="1" index="1" bw="19" slack="0"/>
</pin_list>
<bind>
<opcode="sext(35) " fcode="sext"/>
<opset="sext_ln32_7/1 "/>
</bind>
</comp>

<comp id="172" class="1004" name="sext_ln32_8_fu_172">
<pin_list>
<pin id="173" dir="0" index="0" bw="14" slack="0"/>
<pin id="174" dir="1" index="1" bw="19" slack="0"/>
</pin_list>
<bind>
<opcode="sext(35) " fcode="sext"/>
<opset="sext_ln32_8/1 "/>
</bind>
</comp>

<comp id="176" class="1004" name="sext_ln32_9_fu_176">
<pin_list>
<pin id="177" dir="0" index="0" bw="14" slack="0"/>
<pin id="178" dir="1" index="1" bw="19" slack="0"/>
</pin_list>
<bind>
<opcode="sext(35) " fcode="sext"/>
<opset="sext_ln32_9/1 "/>
</bind>
</comp>

<comp id="180" class="1004" name="sext_ln32_10_fu_180">
<pin_list>
<pin id="181" dir="0" index="0" bw="14" slack="0"/>
<pin id="182" dir="1" index="1" bw="19" slack="0"/>
</pin_list>
<bind>
<opcode="sext(35) " fcode="sext"/>
<opset="sext_ln32_10/1 "/>
</bind>
</comp>

<comp id="184" class="1004" name="sext_ln32_11_fu_184">
<pin_list>
<pin id="185" dir="0" index="0" bw="14" slack="0"/>
<pin id="186" dir="1" index="1" bw="19" slack="0"/>
</pin_list>
<bind>
<opcode="sext(35) " fcode="sext"/>
<opset="sext_ln32_11/1 "/>
</bind>
</comp>

<comp id="188" class="1004" name="sext_ln32_12_fu_188">
<pin_list>
<pin id="189" dir="0" index="0" bw="14" slack="0"/>
<pin id="190" dir="1" index="1" bw="19" slack="0"/>
</pin_list>
<bind>
<opcode="sext(35) " fcode="sext"/>
<opset="sext_ln32_12/1 "/>
</bind>
</comp>

<comp id="192" class="1004" name="sext_ln32_13_fu_192">
<pin_list>
<pin id="193" dir="0" index="0" bw="14" slack="0"/>
<pin id="194" dir="1" index="1" bw="19" slack="0"/>
</pin_list>
<bind>
<opcode="sext(35) " fcode="sext"/>
<opset="sext_ln32_13/1 "/>
</bind>
</comp>

<comp id="196" class="1004" name="sext_ln32_14_fu_196">
<pin_list>
<pin id="197" dir="0" index="0" bw="14" slack="0"/>
<pin id="198" dir="1" index="1" bw="19" slack="0"/>
</pin_list>
<bind>
<opcode="sext(35) " fcode="sext"/>
<opset="sext_ln32_14/1 "/>
</bind>
</comp>

<comp id="200" class="1004" name="sext_ln32_15_fu_200">
<pin_list>
<pin id="201" dir="0" index="0" bw="14" slack="0"/>
<pin id="202" dir="1" index="1" bw="19" slack="0"/>
</pin_list>
<bind>
<opcode="sext(35) " fcode="sext"/>
<opset="sext_ln32_15/1 "/>
</bind>
</comp>

<comp id="204" class="1004" name="mrv_fu_204">
<pin_list>
<pin id="205" dir="0" index="0" bw="304" slack="0"/>
<pin id="206" dir="0" index="1" bw="14" slack="0"/>
<pin id="207" dir="1" index="2" bw="304" slack="0"/>
</pin_list>
<bind>
<opcode="insertvalue(57) " fcode="insertvalue"/>
<opset="mrv/1 "/>
</bind>
</comp>

<comp id="210" class="1004" name="mrv_1_fu_210">
<pin_list>
<pin id="211" dir="0" index="0" bw="304" slack="0"/>
<pin id="212" dir="0" index="1" bw="14" slack="0"/>
<pin id="213" dir="1" index="2" bw="304" slack="0"/>
</pin_list>
<bind>
<opcode="insertvalue(57) " fcode="insertvalue"/>
<opset="mrv_1/1 "/>
</bind>
</comp>

<comp id="216" class="1004" name="mrv_2_fu_216">
<pin_list>
<pin id="217" dir="0" index="0" bw="304" slack="0"/>
<pin id="218" dir="0" index="1" bw="14" slack="0"/>
<pin id="219" dir="1" index="2" bw="304" slack="0"/>
</pin_list>
<bind>
<opcode="insertvalue(57) " fcode="insertvalue"/>
<opset="mrv_2/1 "/>
</bind>
</comp>

<comp id="222" class="1004" name="mrv_3_fu_222">
<pin_list>
<pin id="223" dir="0" index="0" bw="304" slack="0"/>
<pin id="224" dir="0" index="1" bw="14" slack="0"/>
<pin id="225" dir="1" index="2" bw="304" slack="0"/>
</pin_list>
<bind>
<opcode="insertvalue(57) " fcode="insertvalue"/>
<opset="mrv_3/1 "/>
</bind>
</comp>

<comp id="228" class="1004" name="mrv_4_fu_228">
<pin_list>
<pin id="229" dir="0" index="0" bw="304" slack="0"/>
<pin id="230" dir="0" index="1" bw="14" slack="0"/>
<pin id="231" dir="1" index="2" bw="304" slack="0"/>
</pin_list>
<bind>
<opcode="insertvalue(57) " fcode="insertvalue"/>
<opset="mrv_4/1 "/>
</bind>
</comp>

<comp id="234" class="1004" name="mrv_5_fu_234">
<pin_list>
<pin id="235" dir="0" index="0" bw="304" slack="0"/>
<pin id="236" dir="0" index="1" bw="14" slack="0"/>
<pin id="237" dir="1" index="2" bw="304" slack="0"/>
</pin_list>
<bind>
<opcode="insertvalue(57) " fcode="insertvalue"/>
<opset="mrv_5/1 "/>
</bind>
</comp>

<comp id="240" class="1004" name="mrv_6_fu_240">
<pin_list>
<pin id="241" dir="0" index="0" bw="304" slack="0"/>
<pin id="242" dir="0" index="1" bw="14" slack="0"/>
<pin id="243" dir="1" index="2" bw="304" slack="0"/>
</pin_list>
<bind>
<opcode="insertvalue(57) " fcode="insertvalue"/>
<opset="mrv_6/1 "/>
</bind>
</comp>

<comp id="246" class="1004" name="mrv_7_fu_246">
<pin_list>
<pin id="247" dir="0" index="0" bw="304" slack="0"/>
<pin id="248" dir="0" index="1" bw="14" slack="0"/>
<pin id="249" dir="1" index="2" bw="304" slack="0"/>
</pin_list>
<bind>
<opcode="insertvalue(57) " fcode="insertvalue"/>
<opset="mrv_7/1 "/>
</bind>
</comp>

<comp id="252" class="1004" name="mrv_8_fu_252">
<pin_list>
<pin id="253" dir="0" index="0" bw="304" slack="0"/>
<pin id="254" dir="0" index="1" bw="14" slack="0"/>
<pin id="255" dir="1" index="2" bw="304" slack="0"/>
</pin_list>
<bind>
<opcode="insertvalue(57) " fcode="insertvalue"/>
<opset="mrv_8/1 "/>
</bind>
</comp>

<comp id="258" class="1004" name="mrv_9_fu_258">
<pin_list>
<pin id="259" dir="0" index="0" bw="304" slack="0"/>
<pin id="260" dir="0" index="1" bw="14" slack="0"/>
<pin id="261" dir="1" index="2" bw="304" slack="0"/>
</pin_list>
<bind>
<opcode="insertvalue(57) " fcode="insertvalue"/>
<opset="mrv_9/1 "/>
</bind>
</comp>

<comp id="264" class="1004" name="mrv_10_fu_264">
<pin_list>
<pin id="265" dir="0" index="0" bw="304" slack="0"/>
<pin id="266" dir="0" index="1" bw="14" slack="0"/>
<pin id="267" dir="1" index="2" bw="304" slack="0"/>
</pin_list>
<bind>
<opcode="insertvalue(57) " fcode="insertvalue"/>
<opset="mrv_10/1 "/>
</bind>
</comp>

<comp id="270" class="1004" name="mrv_11_fu_270">
<pin_list>
<pin id="271" dir="0" index="0" bw="304" slack="0"/>
<pin id="272" dir="0" index="1" bw="14" slack="0"/>
<pin id="273" dir="1" index="2" bw="304" slack="0"/>
</pin_list>
<bind>
<opcode="insertvalue(57) " fcode="insertvalue"/>
<opset="mrv_11/1 "/>
</bind>
</comp>

<comp id="276" class="1004" name="mrv_12_fu_276">
<pin_list>
<pin id="277" dir="0" index="0" bw="304" slack="0"/>
<pin id="278" dir="0" index="1" bw="14" slack="0"/>
<pin id="279" dir="1" index="2" bw="304" slack="0"/>
</pin_list>
<bind>
<opcode="insertvalue(57) " fcode="insertvalue"/>
<opset="mrv_12/1 "/>
</bind>
</comp>

<comp id="282" class="1004" name="mrv_13_fu_282">
<pin_list>
<pin id="283" dir="0" index="0" bw="304" slack="0"/>
<pin id="284" dir="0" index="1" bw="14" slack="0"/>
<pin id="285" dir="1" index="2" bw="304" slack="0"/>
</pin_list>
<bind>
<opcode="insertvalue(57) " fcode="insertvalue"/>
<opset="mrv_13/1 "/>
</bind>
</comp>

<comp id="288" class="1004" name="mrv_14_fu_288">
<pin_list>
<pin id="289" dir="0" index="0" bw="304" slack="0"/>
<pin id="290" dir="0" index="1" bw="14" slack="0"/>
<pin id="291" dir="1" index="2" bw="304" slack="0"/>
</pin_list>
<bind>
<opcode="insertvalue(57) " fcode="insertvalue"/>
<opset="mrv_14/1 "/>
</bind>
</comp>

<comp id="294" class="1004" name="mrv_15_fu_294">
<pin_list>
<pin id="295" dir="0" index="0" bw="304" slack="0"/>
<pin id="296" dir="0" index="1" bw="14" slack="0"/>
<pin id="297" dir="1" index="2" bw="304" slack="2147483647"/>
</pin_list>
<bind>
<opcode="insertvalue(57) " fcode="insertvalue"/>
<opset="mrv_15/1 "/>
</bind>
</comp>

</comp_list>

<net_list>
<net id="48"><net_src comp="40" pin="0"/><net_sink comp="44" pin=0"/></net>

<net id="49"><net_src comp="30" pin="0"/><net_sink comp="44" pin=1"/></net>

<net id="54"><net_src comp="40" pin="0"/><net_sink comp="50" pin=0"/></net>

<net id="55"><net_src comp="28" pin="0"/><net_sink comp="50" pin=1"/></net>

<net id="60"><net_src comp="40" pin="0"/><net_sink comp="56" pin=0"/></net>

<net id="61"><net_src comp="26" pin="0"/><net_sink comp="56" pin=1"/></net>

<net id="66"><net_src comp="40" pin="0"/><net_sink comp="62" pin=0"/></net>

<net id="67"><net_src comp="24" pin="0"/><net_sink comp="62" pin=1"/></net>

<net id="72"><net_src comp="40" pin="0"/><net_sink comp="68" pin=0"/></net>

<net id="73"><net_src comp="22" pin="0"/><net_sink comp="68" pin=1"/></net>

<net id="78"><net_src comp="40" pin="0"/><net_sink comp="74" pin=0"/></net>

<net id="79"><net_src comp="20" pin="0"/><net_sink comp="74" pin=1"/></net>

<net id="84"><net_src comp="40" pin="0"/><net_sink comp="80" pin=0"/></net>

<net id="85"><net_src comp="18" pin="0"/><net_sink comp="80" pin=1"/></net>

<net id="90"><net_src comp="40" pin="0"/><net_sink comp="86" pin=0"/></net>

<net id="91"><net_src comp="16" pin="0"/><net_sink comp="86" pin=1"/></net>

<net id="96"><net_src comp="40" pin="0"/><net_sink comp="92" pin=0"/></net>

<net id="97"><net_src comp="14" pin="0"/><net_sink comp="92" pin=1"/></net>

<net id="102"><net_src comp="40" pin="0"/><net_sink comp="98" pin=0"/></net>

<net id="103"><net_src comp="12" pin="0"/><net_sink comp="98" pin=1"/></net>

<net id="108"><net_src comp="40" pin="0"/><net_sink comp="104" pin=0"/></net>

<net id="109"><net_src comp="10" pin="0"/><net_sink comp="104" pin=1"/></net>

<net id="114"><net_src comp="40" pin="0"/><net_sink comp="110" pin=0"/></net>

<net id="115"><net_src comp="8" pin="0"/><net_sink comp="110" pin=1"/></net>

<net id="120"><net_src comp="40" pin="0"/><net_sink comp="116" pin=0"/></net>

<net id="121"><net_src comp="6" pin="0"/><net_sink comp="116" pin=1"/></net>

<net id="126"><net_src comp="40" pin="0"/><net_sink comp="122" pin=0"/></net>

<net id="127"><net_src comp="4" pin="0"/><net_sink comp="122" pin=1"/></net>

<net id="132"><net_src comp="40" pin="0"/><net_sink comp="128" pin=0"/></net>

<net id="133"><net_src comp="2" pin="0"/><net_sink comp="128" pin=1"/></net>

<net id="138"><net_src comp="40" pin="0"/><net_sink comp="134" pin=0"/></net>

<net id="139"><net_src comp="0" pin="0"/><net_sink comp="134" pin=1"/></net>

<net id="143"><net_src comp="134" pin="2"/><net_sink comp="140" pin=0"/></net>

<net id="147"><net_src comp="128" pin="2"/><net_sink comp="144" pin=0"/></net>

<net id="151"><net_src comp="122" pin="2"/><net_sink comp="148" pin=0"/></net>

<net id="155"><net_src comp="116" pin="2"/><net_sink comp="152" pin=0"/></net>

<net id="159"><net_src comp="110" pin="2"/><net_sink comp="156" pin=0"/></net>

<net id="163"><net_src comp="104" pin="2"/><net_sink comp="160" pin=0"/></net>

<net id="167"><net_src comp="98" pin="2"/><net_sink comp="164" pin=0"/></net>

<net id="171"><net_src comp="92" pin="2"/><net_sink comp="168" pin=0"/></net>

<net id="175"><net_src comp="86" pin="2"/><net_sink comp="172" pin=0"/></net>

<net id="179"><net_src comp="80" pin="2"/><net_sink comp="176" pin=0"/></net>

<net id="183"><net_src comp="74" pin="2"/><net_sink comp="180" pin=0"/></net>

<net id="187"><net_src comp="68" pin="2"/><net_sink comp="184" pin=0"/></net>

<net id="191"><net_src comp="62" pin="2"/><net_sink comp="188" pin=0"/></net>

<net id="195"><net_src comp="56" pin="2"/><net_sink comp="192" pin=0"/></net>

<net id="199"><net_src comp="50" pin="2"/><net_sink comp="196" pin=0"/></net>

<net id="203"><net_src comp="44" pin="2"/><net_sink comp="200" pin=0"/></net>

<net id="208"><net_src comp="42" pin="0"/><net_sink comp="204" pin=0"/></net>

<net id="209"><net_src comp="140" pin="1"/><net_sink comp="204" pin=1"/></net>

<net id="214"><net_src comp="204" pin="2"/><net_sink comp="210" pin=0"/></net>

<net id="215"><net_src comp="144" pin="1"/><net_sink comp="210" pin=1"/></net>

<net id="220"><net_src comp="210" pin="2"/><net_sink comp="216" pin=0"/></net>

<net id="221"><net_src comp="148" pin="1"/><net_sink comp="216" pin=1"/></net>

<net id="226"><net_src comp="216" pin="2"/><net_sink comp="222" pin=0"/></net>

<net id="227"><net_src comp="152" pin="1"/><net_sink comp="222" pin=1"/></net>

<net id="232"><net_src comp="222" pin="2"/><net_sink comp="228" pin=0"/></net>

<net id="233"><net_src comp="156" pin="1"/><net_sink comp="228" pin=1"/></net>

<net id="238"><net_src comp="228" pin="2"/><net_sink comp="234" pin=0"/></net>

<net id="239"><net_src comp="160" pin="1"/><net_sink comp="234" pin=1"/></net>

<net id="244"><net_src comp="234" pin="2"/><net_sink comp="240" pin=0"/></net>

<net id="245"><net_src comp="164" pin="1"/><net_sink comp="240" pin=1"/></net>

<net id="250"><net_src comp="240" pin="2"/><net_sink comp="246" pin=0"/></net>

<net id="251"><net_src comp="168" pin="1"/><net_sink comp="246" pin=1"/></net>

<net id="256"><net_src comp="246" pin="2"/><net_sink comp="252" pin=0"/></net>

<net id="257"><net_src comp="172" pin="1"/><net_sink comp="252" pin=1"/></net>

<net id="262"><net_src comp="252" pin="2"/><net_sink comp="258" pin=0"/></net>

<net id="263"><net_src comp="176" pin="1"/><net_sink comp="258" pin=1"/></net>

<net id="268"><net_src comp="258" pin="2"/><net_sink comp="264" pin=0"/></net>

<net id="269"><net_src comp="180" pin="1"/><net_sink comp="264" pin=1"/></net>

<net id="274"><net_src comp="264" pin="2"/><net_sink comp="270" pin=0"/></net>

<net id="275"><net_src comp="184" pin="1"/><net_sink comp="270" pin=1"/></net>

<net id="280"><net_src comp="270" pin="2"/><net_sink comp="276" pin=0"/></net>

<net id="281"><net_src comp="188" pin="1"/><net_sink comp="276" pin=1"/></net>

<net id="286"><net_src comp="276" pin="2"/><net_sink comp="282" pin=0"/></net>

<net id="287"><net_src comp="192" pin="1"/><net_sink comp="282" pin=1"/></net>

<net id="292"><net_src comp="282" pin="2"/><net_sink comp="288" pin=0"/></net>

<net id="293"><net_src comp="196" pin="1"/><net_sink comp="288" pin=1"/></net>

<net id="298"><net_src comp="288" pin="2"/><net_sink comp="294" pin=0"/></net>

<net id="299"><net_src comp="200" pin="1"/><net_sink comp="294" pin=1"/></net>

</net_list>

</model> 
---------------- Datapath Model END ------------------

* FSMD analyzer results:
  - Output states:
 - Input state : 
	Port: linear<ap_fixed<14, 6, 5, 3, 0>, ap_fixed<19, 11, 5, 3, 0>, linear_config6> : data_0_val | {1 }
	Port: linear<ap_fixed<14, 6, 5, 3, 0>, ap_fixed<19, 11, 5, 3, 0>, linear_config6> : data_1_val | {1 }
	Port: linear<ap_fixed<14, 6, 5, 3, 0>, ap_fixed<19, 11, 5, 3, 0>, linear_config6> : data_2_val | {1 }
	Port: linear<ap_fixed<14, 6, 5, 3, 0>, ap_fixed<19, 11, 5, 3, 0>, linear_config6> : data_3_val | {1 }
	Port: linear<ap_fixed<14, 6, 5, 3, 0>, ap_fixed<19, 11, 5, 3, 0>, linear_config6> : data_4_val | {1 }
	Port: linear<ap_fixed<14, 6, 5, 3, 0>, ap_fixed<19, 11, 5, 3, 0>, linear_config6> : data_5_val | {1 }
	Port: linear<ap_fixed<14, 6, 5, 3, 0>, ap_fixed<19, 11, 5, 3, 0>, linear_config6> : data_6_val | {1 }
	Port: linear<ap_fixed<14, 6, 5, 3, 0>, ap_fixed<19, 11, 5, 3, 0>, linear_config6> : data_7_val | {1 }
	Port: linear<ap_fixed<14, 6, 5, 3, 0>, ap_fixed<19, 11, 5, 3, 0>, linear_config6> : data_8_val | {1 }
	Port: linear<ap_fixed<14, 6, 5, 3, 0>, ap_fixed<19, 11, 5, 3, 0>, linear_config6> : data_9_val | {1 }
	Port: linear<ap_fixed<14, 6, 5, 3, 0>, ap_fixed<19, 11, 5, 3, 0>, linear_config6> : data_10_val | {1 }
	Port: linear<ap_fixed<14, 6, 5, 3, 0>, ap_fixed<19, 11, 5, 3, 0>, linear_config6> : data_11_val | {1 }
	Port: linear<ap_fixed<14, 6, 5, 3, 0>, ap_fixed<19, 11, 5, 3, 0>, linear_config6> : data_12_val | {1 }
	Port: linear<ap_fixed<14, 6, 5, 3, 0>, ap_fixed<19, 11, 5, 3, 0>, linear_config6> : data_13_val | {1 }
	Port: linear<ap_fixed<14, 6, 5, 3, 0>, ap_fixed<19, 11, 5, 3, 0>, linear_config6> : data_14_val | {1 }
	Port: linear<ap_fixed<14, 6, 5, 3, 0>, ap_fixed<19, 11, 5, 3, 0>, linear_config6> : data_15_val | {1 }
  - Chain level:
	State 1
		mrv : 1
		mrv_1 : 2
		mrv_2 : 3
		mrv_3 : 4
		mrv_4 : 5
		mrv_5 : 6
		mrv_6 : 7
		mrv_7 : 8
		mrv_8 : 9
		mrv_9 : 10
		mrv_10 : 11
		mrv_11 : 12
		mrv_12 : 13
		mrv_13 : 14
		mrv_14 : 15
		mrv_15 : 16
		ret_ln34 : 17


============================================================
+ Verbose Summary: Datapath Resource usage 
============================================================

* Functional unit list:
|----------|-----------------------------|
| Operation|       Functional Unit       |
|----------|-----------------------------|
|          | data_15_val_read_read_fu_44 |
|          | data_14_val_read_read_fu_50 |
|          | data_13_val_read_read_fu_56 |
|          | data_12_val_read_read_fu_62 |
|          | data_11_val_read_read_fu_68 |
|          | data_10_val_read_read_fu_74 |
|          |  data_9_val_read_read_fu_80 |
|   read   |  data_8_val_read_read_fu_86 |
|          |  data_7_val_read_read_fu_92 |
|          |  data_6_val_read_read_fu_98 |
|          | data_5_val_read_read_fu_104 |
|          | data_4_val_read_read_fu_110 |
|          | data_3_val_read_read_fu_116 |
|          | data_2_val_read_read_fu_122 |
|          | data_1_val_read_read_fu_128 |
|          | data_0_val_read_read_fu_134 |
|----------|-----------------------------|
|          |       sext_ln32_fu_140      |
|          |      sext_ln32_1_fu_144     |
|          |      sext_ln32_2_fu_148     |
|          |      sext_ln32_3_fu_152     |
|          |      sext_ln32_4_fu_156     |
|          |      sext_ln32_5_fu_160     |
|          |      sext_ln32_6_fu_164     |
|   sext   |      sext_ln32_7_fu_168     |
|          |      sext_ln32_8_fu_172     |
|          |      sext_ln32_9_fu_176     |
|          |     sext_ln32_10_fu_180     |
|          |     sext_ln32_11_fu_184     |
|          |     sext_ln32_12_fu_188     |
|          |     sext_ln32_13_fu_192     |
|          |     sext_ln32_14_fu_196     |
|          |     sext_ln32_15_fu_200     |
|----------|-----------------------------|
|          |          mrv_fu_204         |
|          |         mrv_1_fu_210        |
|          |         mrv_2_fu_216        |
|          |         mrv_3_fu_222        |
|          |         mrv_4_fu_228        |
|          |         mrv_5_fu_234        |
|          |         mrv_6_fu_240        |
|insertvalue|         mrv_7_fu_246        |
|          |         mrv_8_fu_252        |
|          |         mrv_9_fu_258        |
|          |        mrv_10_fu_264        |
|          |        mrv_11_fu_270        |
|          |        mrv_12_fu_276        |
|          |        mrv_13_fu_282        |
|          |        mrv_14_fu_288        |
|          |        mrv_15_fu_294        |
|----------|-----------------------------|
|   Total  |                             |
|----------|-----------------------------|

Memories:
N/A

* Register list:
N/A

* Multiplexer (MUX) list: 
|--------|------|------|------|--------|
|  Comp  |  Pin | Size |  BW  | S x BW |
|--------|------|------|------|--------|
|  Total |      |      |      |    0   |
|--------|------|------|------|--------|



* Summary:
+-----------+
|           |
+-----------+
|  Function |
|   Memory  |
|Multiplexer|
|  Register |
+-----------+
|   Total   |
+-----------+
