/u1/hjia625/conifer/FiorDiLatte_DenseBN_Topo2A_trigger_VAE_GAN_quan_NoData/Topo2A_AD_proj_prj/solution1/.autopilot/db/Topo2A_AD_proj.pp.0.cpp:28351:7: warning: Added loop label VITIS_LOOP_1223_1:   [xilinx-label-all-loops]
      for (i = 0; i < __N - 1; ++i) {
      ^~~
      VITIS_LOOP_1223_1: 
/u1/hjia625/conifer/FiorDiLatte_DenseBN_Topo2A_trigger_VAE_GAN_quan_NoData/Topo2A_AD_proj_prj/solution1/.autopilot/db/Topo2A_AD_proj.pp.0.cpp:28351:7: note: FIX-IT applied suggested code changes
/u1/hjia625/conifer/FiorDiLatte_DenseBN_Topo2A_trigger_VAE_GAN_quan_NoData/Topo2A_AD_proj_prj/solution1/.autopilot/db/Topo2A_AD_proj.pp.0.cpp:29325:5: warning: Added loop label VITIS_LOOP_676_1:   [xilinx-label-all-loops]
    for (unsigned i = low; i != high; ++i) {
    ^~~
    VITIS_LOOP_676_1: 
/u1/hjia625/conifer/FiorDiLatte_DenseBN_Topo2A_trigger_VAE_GAN_quan_NoData/Topo2A_AD_proj_prj/solution1/.autopilot/db/Topo2A_AD_proj.pp.0.cpp:29325:5: note: FIX-IT applied suggested code changes
/u1/hjia625/conifer/FiorDiLatte_DenseBN_Topo2A_trigger_VAE_GAN_quan_NoData/Topo2A_AD_proj_prj/solution1/.autopilot/db/Topo2A_AD_proj.pp.0.cpp:29339:5: warning: Added loop label VITIS_LOOP_690_1:   [xilinx-label-all-loops]
    for (unsigned i = low; i != high; ++i) {
    ^~~
    VITIS_LOOP_690_1: 
/u1/hjia625/conifer/FiorDiLatte_DenseBN_Topo2A_trigger_VAE_GAN_quan_NoData/Topo2A_AD_proj_prj/solution1/.autopilot/db/Topo2A_AD_proj.pp.0.cpp:29339:5: note: FIX-IT applied suggested code changes
/u1/hjia625/conifer/FiorDiLatte_DenseBN_Topo2A_trigger_VAE_GAN_quan_NoData/Topo2A_AD_proj_prj/solution1/.autopilot/db/Topo2A_AD_proj.pp.0.cpp:29353:5: warning: Added loop label VITIS_LOOP_704_1:   [xilinx-label-all-loops]
    for (unsigned i = low; i != high; ++i) {
    ^~~
    VITIS_LOOP_704_1: 
/u1/hjia625/conifer/FiorDiLatte_DenseBN_Topo2A_trigger_VAE_GAN_quan_NoData/Topo2A_AD_proj_prj/solution1/.autopilot/db/Topo2A_AD_proj.pp.0.cpp:29353:5: note: FIX-IT applied suggested code changes
/u1/hjia625/conifer/FiorDiLatte_DenseBN_Topo2A_trigger_VAE_GAN_quan_NoData/Topo2A_AD_proj_prj/solution1/.autopilot/db/Topo2A_AD_proj.pp.0.cpp:30970:7: warning: Added loop label VITIS_LOOP_1247_1:   [xilinx-label-all-loops]
      for (i = 0; i < __N - 1; ++i) {
      ^~~
      VITIS_LOOP_1247_1: 
/u1/hjia625/conifer/FiorDiLatte_DenseBN_Topo2A_trigger_VAE_GAN_quan_NoData/Topo2A_AD_proj_prj/solution1/.autopilot/db/Topo2A_AD_proj.pp.0.cpp:30970:7: note: FIX-IT applied suggested code changes
/u1/hjia625/conifer/FiorDiLatte_DenseBN_Topo2A_trigger_VAE_GAN_quan_NoData/Topo2A_AD_proj_prj/solution1/.autopilot/db/Topo2A_AD_proj.pp.0.cpp:32953:9: warning: Added loop label VITIS_LOOP_27_1:   [xilinx-label-all-loops]
        for (unsigned i = 0; i < N; i++) {
        ^~~
        VITIS_LOOP_27_1: 
/u1/hjia625/conifer/FiorDiLatte_DenseBN_Topo2A_trigger_VAE_GAN_quan_NoData/Topo2A_AD_proj_prj/solution1/.autopilot/db/Topo2A_AD_proj.pp.0.cpp:32953:9: note: FIX-IT applied suggested code changes
/u1/hjia625/conifer/FiorDiLatte_DenseBN_Topo2A_trigger_VAE_GAN_quan_NoData/Topo2A_AD_proj_prj/solution1/.autopilot/db/Topo2A_AD_proj.pp.0.cpp:32966:9: warning: Added loop label VITIS_LOOP_40_1:   [xilinx-label-all-loops]
        for (size_t i = 0; i < N; i++) {
        ^~~
        VITIS_LOOP_40_1: 
/u1/hjia625/conifer/FiorDiLatte_DenseBN_Topo2A_trigger_VAE_GAN_quan_NoData/Topo2A_AD_proj_prj/solution1/.autopilot/db/Topo2A_AD_proj.pp.0.cpp:32966:9: note: FIX-IT applied suggested code changes
/u1/hjia625/conifer/FiorDiLatte_DenseBN_Topo2A_trigger_VAE_GAN_quan_NoData/Topo2A_AD_proj_prj/solution1/.autopilot/db/Topo2A_AD_proj.pp.0.cpp:55854:5: warning: Added loop label VITIS_LOOP_265_1:   [xilinx-label-all-loops]
    for (typename std::vector<src_T>::const_iterator i = in_begin; i != in_end; ++i) {
    ^~~
    VITIS_LOOP_265_1: 
/u1/hjia625/conifer/FiorDiLatte_DenseBN_Topo2A_trigger_VAE_GAN_quan_NoData/Topo2A_AD_proj_prj/solution1/.autopilot/db/Topo2A_AD_proj.pp.0.cpp:55854:5: note: FIX-IT applied suggested code changes
/u1/hjia625/conifer/FiorDiLatte_DenseBN_Topo2A_trigger_VAE_GAN_quan_NoData/Topo2A_AD_proj_prj/solution1/.autopilot/db/Topo2A_AD_proj.pp.0.cpp:55864:5: warning: Added loop label VITIS_LOOP_275_1:   [xilinx-label-all-loops]
    for (auto i = 0; i < SIZE; i++)
    ^~~
    VITIS_LOOP_275_1: 
/u1/hjia625/conifer/FiorDiLatte_DenseBN_Topo2A_trigger_VAE_GAN_quan_NoData/Topo2A_AD_proj_prj/solution1/.autopilot/db/Topo2A_AD_proj.pp.0.cpp:55864:5: note: FIX-IT applied suggested code changes
/u1/hjia625/conifer/FiorDiLatte_DenseBN_Topo2A_trigger_VAE_GAN_quan_NoData/Topo2A_AD_proj_prj/solution1/.autopilot/db/Topo2A_AD_proj.pp.0.cpp:55875:5: warning: Added loop label VITIS_LOOP_286_1:   [xilinx-label-all-loops]
    for (int i = 0; i < SIZE; i++) {
    ^~~
    VITIS_LOOP_286_1: 
/u1/hjia625/conifer/FiorDiLatte_DenseBN_Topo2A_trigger_VAE_GAN_quan_NoData/Topo2A_AD_proj_prj/solution1/.autopilot/db/Topo2A_AD_proj.pp.0.cpp:55875:5: note: FIX-IT applied suggested code changes
/u1/hjia625/conifer/FiorDiLatte_DenseBN_Topo2A_trigger_VAE_GAN_quan_NoData/Topo2A_AD_proj_prj/solution1/.autopilot/db/Topo2A_AD_proj.pp.0.cpp:55882:5: warning: Added loop label VITIS_LOOP_293_1:   [xilinx-label-all-loops]
    for (int i = 0; i < SIZE / res_T::size; i++) {
    ^~~
    VITIS_LOOP_293_1: 
/u1/hjia625/conifer/FiorDiLatte_DenseBN_Topo2A_trigger_VAE_GAN_quan_NoData/Topo2A_AD_proj_prj/solution1/.autopilot/db/Topo2A_AD_proj.pp.0.cpp:55882:5: note: FIX-IT applied suggested code changes
/u1/hjia625/conifer/FiorDiLatte_DenseBN_Topo2A_trigger_VAE_GAN_quan_NoData/Topo2A_AD_proj_prj/solution1/.autopilot/db/Topo2A_AD_proj.pp.0.cpp:55884:9: warning: Added loop label VITIS_LOOP_295_2:   [xilinx-label-all-loops]
        for (int j = 0; j < res_T::size; j++) {
        ^~~
        VITIS_LOOP_295_2: 
/u1/hjia625/conifer/FiorDiLatte_DenseBN_Topo2A_trigger_VAE_GAN_quan_NoData/Topo2A_AD_proj_prj/solution1/.autopilot/db/Topo2A_AD_proj.pp.0.cpp:55884:9: note: FIX-IT applied suggested code changes
/u1/hjia625/conifer/FiorDiLatte_DenseBN_Topo2A_trigger_VAE_GAN_quan_NoData/Topo2A_AD_proj_prj/solution1/.autopilot/db/Topo2A_AD_proj.pp.0.cpp:55896:5: warning: Added loop label VITIS_LOOP_307_1:   [xilinx-label-all-loops]
    for (int i = 0; i < SIZE / data_T::size; i++) {
    ^~~
    VITIS_LOOP_307_1: 
/u1/hjia625/conifer/FiorDiLatte_DenseBN_Topo2A_trigger_VAE_GAN_quan_NoData/Topo2A_AD_proj_prj/solution1/.autopilot/db/Topo2A_AD_proj.pp.0.cpp:55896:5: note: FIX-IT applied suggested code changes
/u1/hjia625/conifer/FiorDiLatte_DenseBN_Topo2A_trigger_VAE_GAN_quan_NoData/Topo2A_AD_proj_prj/solution1/.autopilot/db/Topo2A_AD_proj.pp.0.cpp:55898:9: warning: Added loop label VITIS_LOOP_309_2:   [xilinx-label-all-loops]
        for (int j = 0; j < data_T::size; j++) {
        ^~~
        VITIS_LOOP_309_2: 
/u1/hjia625/conifer/FiorDiLatte_DenseBN_Topo2A_trigger_VAE_GAN_quan_NoData/Topo2A_AD_proj_prj/solution1/.autopilot/db/Topo2A_AD_proj.pp.0.cpp:55898:9: note: FIX-IT applied suggested code changes
/u1/hjia625/conifer/FiorDiLatte_DenseBN_Topo2A_trigger_VAE_GAN_quan_NoData/Topo2A_AD_proj_prj/solution1/.autopilot/db/Topo2A_AD_proj.pp.0.cpp:55913:5: warning: Added loop label VITIS_LOOP_324_1:   [xilinx-label-all-loops]
    for (int ii = 0; ii < nrows; ii++) {
    ^~~
    VITIS_LOOP_324_1: 
/u1/hjia625/conifer/FiorDiLatte_DenseBN_Topo2A_trigger_VAE_GAN_quan_NoData/Topo2A_AD_proj_prj/solution1/.autopilot/db/Topo2A_AD_proj.pp.0.cpp:55913:5: note: FIX-IT applied suggested code changes
/u1/hjia625/conifer/FiorDiLatte_DenseBN_Topo2A_trigger_VAE_GAN_quan_NoData/Topo2A_AD_proj_prj/solution1/.autopilot/db/Topo2A_AD_proj.pp.0.cpp:55933:5: warning: Added loop label VITIS_LOOP_344_1:   [xilinx-label-all-loops]
    for (int ii = 0; ii < nrows; ii++) {
    ^~~
    VITIS_LOOP_344_1: 
/u1/hjia625/conifer/FiorDiLatte_DenseBN_Topo2A_trigger_VAE_GAN_quan_NoData/Topo2A_AD_proj_prj/solution1/.autopilot/db/Topo2A_AD_proj.pp.0.cpp:55933:5: note: FIX-IT applied suggested code changes
/u1/hjia625/conifer/FiorDiLatte_DenseBN_Topo2A_trigger_VAE_GAN_quan_NoData/Topo2A_AD_proj_prj/solution1/.autopilot/db/Topo2A_AD_proj.pp.0.cpp:55934:9: warning: Added loop label VITIS_LOOP_345_2:   [xilinx-label-all-loops]
        for (int jj = 0; jj < ncols; jj++) {
        ^~~
        VITIS_LOOP_345_2: 
/u1/hjia625/conifer/FiorDiLatte_DenseBN_Topo2A_trigger_VAE_GAN_quan_NoData/Topo2A_AD_proj_prj/solution1/.autopilot/db/Topo2A_AD_proj.pp.0.cpp:55934:9: note: FIX-IT applied suggested code changes
/u1/hjia625/conifer/FiorDiLatte_DenseBN_Topo2A_trigger_VAE_GAN_quan_NoData/Topo2A_AD_proj_prj/solution1/.autopilot/db/Topo2A_AD_proj.pp.0.cpp:55949:5: warning: Added loop label VITIS_LOOP_360_1:   [xilinx-label-all-loops]
    for (int ii = 0; ii < N_IN; ii++) {
    ^~~
    VITIS_LOOP_360_1: 
/u1/hjia625/conifer/FiorDiLatte_DenseBN_Topo2A_trigger_VAE_GAN_quan_NoData/Topo2A_AD_proj_prj/solution1/.autopilot/db/Topo2A_AD_proj.pp.0.cpp:55949:5: note: FIX-IT applied suggested code changes
/u1/hjia625/conifer/FiorDiLatte_DenseBN_Topo2A_trigger_VAE_GAN_quan_NoData/Topo2A_AD_proj_prj/solution1/.autopilot/db/Topo2A_AD_proj.pp.0.cpp:55956:5: warning: Added loop label VITIS_LOOP_367_1:   [xilinx-label-all-loops]
    for (int ii = 0; ii < N_IN; ii++) {
    ^~~
    VITIS_LOOP_367_1: 
/u1/hjia625/conifer/FiorDiLatte_DenseBN_Topo2A_trigger_VAE_GAN_quan_NoData/Topo2A_AD_proj_prj/solution1/.autopilot/db/Topo2A_AD_proj.pp.0.cpp:55956:5: note: FIX-IT applied suggested code changes
/u1/hjia625/conifer/FiorDiLatte_DenseBN_Topo2A_trigger_VAE_GAN_quan_NoData/Topo2A_AD_proj_prj/solution1/.autopilot/db/Topo2A_AD_proj.pp.0.cpp:56079:2: warning: Added loop label VITIS_LOOP_31_1:   [xilinx-label-all-loops]
 for (int ii = 0; ii < CONFIG_T::n_in; ii++) {
 ^~~
 VITIS_LOOP_31_1: 
/u1/hjia625/conifer/FiorDiLatte_DenseBN_Topo2A_trigger_VAE_GAN_quan_NoData/Topo2A_AD_proj_prj/solution1/.autopilot/db/Topo2A_AD_proj.pp.0.cpp:56079:2: note: FIX-IT applied suggested code changes
/u1/hjia625/conifer/FiorDiLatte_DenseBN_Topo2A_trigger_VAE_GAN_quan_NoData/Topo2A_AD_proj_prj/solution1/.autopilot/db/Topo2A_AD_proj.pp.0.cpp:56091:5: warning: Added loop label VITIS_LOOP_43_1:   [xilinx-label-all-loops]
    for (int ii = 0; ii < CONFIG_T::n_in; ii++) {
    ^~~
    VITIS_LOOP_43_1: 
/u1/hjia625/conifer/FiorDiLatte_DenseBN_Topo2A_trigger_VAE_GAN_quan_NoData/Topo2A_AD_proj_prj/solution1/.autopilot/db/Topo2A_AD_proj.pp.0.cpp:56091:5: note: FIX-IT applied suggested code changes
/u1/hjia625/conifer/FiorDiLatte_DenseBN_Topo2A_trigger_VAE_GAN_quan_NoData/Topo2A_AD_proj_prj/solution1/.autopilot/db/Topo2A_AD_proj.pp.0.cpp:56105:5: warning: Added loop label VITIS_LOOP_57_1:   [xilinx-label-all-loops]
    for (int ii = 0; ii < CONFIG_T::n_in; ii++) {
    ^~~
    VITIS_LOOP_57_1: 
/u1/hjia625/conifer/FiorDiLatte_DenseBN_Topo2A_trigger_VAE_GAN_quan_NoData/Topo2A_AD_proj_prj/solution1/.autopilot/db/Topo2A_AD_proj.pp.0.cpp:56105:5: note: FIX-IT applied suggested code changes
/u1/hjia625/conifer/FiorDiLatte_DenseBN_Topo2A_trigger_VAE_GAN_quan_NoData/Topo2A_AD_proj_prj/solution1/.autopilot/db/Topo2A_AD_proj.pp.0.cpp:56132:5: warning: Added loop label VITIS_LOOP_84_1:   [xilinx-label-all-loops]
    for (int ii = 0; ii < N_TABLE; ii++) {
    ^~~
    VITIS_LOOP_84_1: 
/u1/hjia625/conifer/FiorDiLatte_DenseBN_Topo2A_trigger_VAE_GAN_quan_NoData/Topo2A_AD_proj_prj/solution1/.autopilot/db/Topo2A_AD_proj.pp.0.cpp:56132:5: note: FIX-IT applied suggested code changes
/u1/hjia625/conifer/FiorDiLatte_DenseBN_Topo2A_trigger_VAE_GAN_quan_NoData/Topo2A_AD_proj_prj/solution1/.autopilot/db/Topo2A_AD_proj.pp.0.cpp:56162:5: warning: Added loop label VITIS_LOOP_114_1:   [xilinx-label-all-loops]
    for (int ii = 0; ii < CONFIG_T::n_in; ii++) {
    ^~~
    VITIS_LOOP_114_1: 
/u1/hjia625/conifer/FiorDiLatte_DenseBN_Topo2A_trigger_VAE_GAN_quan_NoData/Topo2A_AD_proj_prj/solution1/.autopilot/db/Topo2A_AD_proj.pp.0.cpp:56162:5: note: FIX-IT applied suggested code changes
/u1/hjia625/conifer/FiorDiLatte_DenseBN_Topo2A_trigger_VAE_GAN_quan_NoData/Topo2A_AD_proj_prj/solution1/.autopilot/db/Topo2A_AD_proj.pp.0.cpp:56199:5: warning: Added loop label VITIS_LOOP_151_1:   [xilinx-label-all-loops]
    for (unsigned i = 0; i < CONFIG_T::table_size; i++) {
    ^~~
    VITIS_LOOP_151_1: 
/u1/hjia625/conifer/FiorDiLatte_DenseBN_Topo2A_trigger_VAE_GAN_quan_NoData/Topo2A_AD_proj_prj/solution1/.autopilot/db/Topo2A_AD_proj.pp.0.cpp:56199:5: note: FIX-IT applied suggested code changes
/u1/hjia625/conifer/FiorDiLatte_DenseBN_Topo2A_trigger_VAE_GAN_quan_NoData/Topo2A_AD_proj_prj/solution1/.autopilot/db/Topo2A_AD_proj.pp.0.cpp:56210:5: warning: Added loop label VITIS_LOOP_162_1:   [xilinx-label-all-loops]
    for (unsigned i = 0; i < CONFIG_T::table_size; i++) {
    ^~~
    VITIS_LOOP_162_1: 
/u1/hjia625/conifer/FiorDiLatte_DenseBN_Topo2A_trigger_VAE_GAN_quan_NoData/Topo2A_AD_proj_prj/solution1/.autopilot/db/Topo2A_AD_proj.pp.0.cpp:56210:5: note: FIX-IT applied suggested code changes
/u1/hjia625/conifer/FiorDiLatte_DenseBN_Topo2A_trigger_VAE_GAN_quan_NoData/Topo2A_AD_proj_prj/solution1/.autopilot/db/Topo2A_AD_proj.pp.0.cpp:56243:5: warning: Added loop label VITIS_LOOP_195_1:   [xilinx-label-all-loops]
    for (unsigned i = 0; i < CONFIG_T::n_in; i++) {
    ^~~
    VITIS_LOOP_195_1: 
/u1/hjia625/conifer/FiorDiLatte_DenseBN_Topo2A_trigger_VAE_GAN_quan_NoData/Topo2A_AD_proj_prj/solution1/.autopilot/db/Topo2A_AD_proj.pp.0.cpp:56243:5: note: FIX-IT applied suggested code changes
/u1/hjia625/conifer/FiorDiLatte_DenseBN_Topo2A_trigger_VAE_GAN_quan_NoData/Topo2A_AD_proj_prj/solution1/.autopilot/db/Topo2A_AD_proj.pp.0.cpp:56257:5: warning: Added loop label VITIS_LOOP_209_2:   [xilinx-label-all-loops]
    for (unsigned i = 0; i < CONFIG_T::n_in; i++) {
    ^~~
    VITIS_LOOP_209_2: 
/u1/hjia625/conifer/FiorDiLatte_DenseBN_Topo2A_trigger_VAE_GAN_quan_NoData/Topo2A_AD_proj_prj/solution1/.autopilot/db/Topo2A_AD_proj.pp.0.cpp:56257:5: note: FIX-IT applied suggested code changes
/u1/hjia625/conifer/FiorDiLatte_DenseBN_Topo2A_trigger_VAE_GAN_quan_NoData/Topo2A_AD_proj_prj/solution1/.autopilot/db/Topo2A_AD_proj.pp.0.cpp:56291:5: warning: Added loop label VITIS_LOOP_243_1:   [xilinx-label-all-loops]
    for (unsigned i = 0; i < CONFIG_T::n_in; i++) {
    ^~~
    VITIS_LOOP_243_1: 
/u1/hjia625/conifer/FiorDiLatte_DenseBN_Topo2A_trigger_VAE_GAN_quan_NoData/Topo2A_AD_proj_prj/solution1/.autopilot/db/Topo2A_AD_proj.pp.0.cpp:56291:5: note: FIX-IT applied suggested code changes
/u1/hjia625/conifer/FiorDiLatte_DenseBN_Topo2A_trigger_VAE_GAN_quan_NoData/Topo2A_AD_proj_prj/solution1/.autopilot/db/Topo2A_AD_proj.pp.0.cpp:56300:5: warning: Added loop label VITIS_LOOP_252_2:   [xilinx-label-all-loops]
    for (unsigned i = 0; i < CONFIG_T::n_in; i++) {
    ^~~
    VITIS_LOOP_252_2: 
/u1/hjia625/conifer/FiorDiLatte_DenseBN_Topo2A_trigger_VAE_GAN_quan_NoData/Topo2A_AD_proj_prj/solution1/.autopilot/db/Topo2A_AD_proj.pp.0.cpp:56300:5: note: FIX-IT applied suggested code changes
/u1/hjia625/conifer/FiorDiLatte_DenseBN_Topo2A_trigger_VAE_GAN_quan_NoData/Topo2A_AD_proj_prj/solution1/.autopilot/db/Topo2A_AD_proj.pp.0.cpp:56314:5: warning: Added loop label VITIS_LOOP_266_3:   [xilinx-label-all-loops]
    for (unsigned i = 0; i < CONFIG_T::n_in; i++) {
    ^~~
    VITIS_LOOP_266_3: 
/u1/hjia625/conifer/FiorDiLatte_DenseBN_Topo2A_trigger_VAE_GAN_quan_NoData/Topo2A_AD_proj_prj/solution1/.autopilot/db/Topo2A_AD_proj.pp.0.cpp:56314:5: note: FIX-IT applied suggested code changes
/u1/hjia625/conifer/FiorDiLatte_DenseBN_Topo2A_trigger_VAE_GAN_quan_NoData/Topo2A_AD_proj_prj/solution1/.autopilot/db/Topo2A_AD_proj.pp.0.cpp:56321:5: warning: Added loop label VITIS_LOOP_273_1:   [xilinx-label-all-loops]
    for (int ii = 0; ii < N_TABLE; ii++) {
    ^~~
    VITIS_LOOP_273_1: 
/u1/hjia625/conifer/FiorDiLatte_DenseBN_Topo2A_trigger_VAE_GAN_quan_NoData/Topo2A_AD_proj_prj/solution1/.autopilot/db/Topo2A_AD_proj.pp.0.cpp:56321:5: note: FIX-IT applied suggested code changes
/u1/hjia625/conifer/FiorDiLatte_DenseBN_Topo2A_trigger_VAE_GAN_quan_NoData/Topo2A_AD_proj_prj/solution1/.autopilot/db/Topo2A_AD_proj.pp.0.cpp:56334:5: warning: Added loop label VITIS_LOOP_286_1:   [xilinx-label-all-loops]
    for (int ii = 0; ii < N_TABLE; ii++) {
    ^~~
    VITIS_LOOP_286_1: 
/u1/hjia625/conifer/FiorDiLatte_DenseBN_Topo2A_trigger_VAE_GAN_quan_NoData/Topo2A_AD_proj_prj/solution1/.autopilot/db/Topo2A_AD_proj.pp.0.cpp:56334:5: note: FIX-IT applied suggested code changes
/u1/hjia625/conifer/FiorDiLatte_DenseBN_Topo2A_trigger_VAE_GAN_quan_NoData/Topo2A_AD_proj_prj/solution1/.autopilot/db/Topo2A_AD_proj.pp.0.cpp:56371:5: warning: Added loop label VITIS_LOOP_323_1:   [xilinx-label-all-loops]
    for (int ii = 0; ii < CONFIG_T::n_in; ii++) {
    ^~~
    VITIS_LOOP_323_1: 
/u1/hjia625/conifer/FiorDiLatte_DenseBN_Topo2A_trigger_VAE_GAN_quan_NoData/Topo2A_AD_proj_prj/solution1/.autopilot/db/Topo2A_AD_proj.pp.0.cpp:56371:5: note: FIX-IT applied suggested code changes
/u1/hjia625/conifer/FiorDiLatte_DenseBN_Topo2A_trigger_VAE_GAN_quan_NoData/Topo2A_AD_proj_prj/solution1/.autopilot/db/Topo2A_AD_proj.pp.0.cpp:56376:5: warning: Added loop label VITIS_LOOP_328_2:   [xilinx-label-all-loops]
    for (int ii = 0; ii < CONFIG_T::n_in; ii++) {
    ^~~
    VITIS_LOOP_328_2: 
/u1/hjia625/conifer/FiorDiLatte_DenseBN_Topo2A_trigger_VAE_GAN_quan_NoData/Topo2A_AD_proj_prj/solution1/.autopilot/db/Topo2A_AD_proj.pp.0.cpp:56376:5: note: FIX-IT applied suggested code changes
/u1/hjia625/conifer/FiorDiLatte_DenseBN_Topo2A_trigger_VAE_GAN_quan_NoData/Topo2A_AD_proj_prj/solution1/.autopilot/db/Topo2A_AD_proj.pp.0.cpp:56377:9: warning: Added loop label VITIS_LOOP_329_3:   [xilinx-label-all-loops]
        for (int jj = 0; jj < CONFIG_T::n_in; jj++) {
        ^~~
        VITIS_LOOP_329_3: 
/u1/hjia625/conifer/FiorDiLatte_DenseBN_Topo2A_trigger_VAE_GAN_quan_NoData/Topo2A_AD_proj_prj/solution1/.autopilot/db/Topo2A_AD_proj.pp.0.cpp:56377:9: note: FIX-IT applied suggested code changes
/u1/hjia625/conifer/FiorDiLatte_DenseBN_Topo2A_trigger_VAE_GAN_quan_NoData/Topo2A_AD_proj_prj/solution1/.autopilot/db/Topo2A_AD_proj.pp.0.cpp:56394:5: warning: Added loop label VITIS_LOOP_346_4:   [xilinx-label-all-loops]
    for (int ii = 0; ii < CONFIG_T::n_in; ii++) {
    ^~~
    VITIS_LOOP_346_4: 
/u1/hjia625/conifer/FiorDiLatte_DenseBN_Topo2A_trigger_VAE_GAN_quan_NoData/Topo2A_AD_proj_prj/solution1/.autopilot/db/Topo2A_AD_proj.pp.0.cpp:56394:5: note: FIX-IT applied suggested code changes
/u1/hjia625/conifer/FiorDiLatte_DenseBN_Topo2A_trigger_VAE_GAN_quan_NoData/Topo2A_AD_proj_prj/solution1/.autopilot/db/Topo2A_AD_proj.pp.0.cpp:56407:5: warning: Added loop label VITIS_LOOP_359_1:   [xilinx-label-all-loops]
    for (int i = 0; i < CONFIG_T::n_in; i++) {
    ^~~
    VITIS_LOOP_359_1: 
/u1/hjia625/conifer/FiorDiLatte_DenseBN_Topo2A_trigger_VAE_GAN_quan_NoData/Topo2A_AD_proj_prj/solution1/.autopilot/db/Topo2A_AD_proj.pp.0.cpp:56407:5: note: FIX-IT applied suggested code changes
/u1/hjia625/conifer/FiorDiLatte_DenseBN_Topo2A_trigger_VAE_GAN_quan_NoData/Topo2A_AD_proj_prj/solution1/.autopilot/db/Topo2A_AD_proj.pp.0.cpp:56415:5: warning: Added loop label VITIS_LOOP_367_2:   [xilinx-label-all-loops]
    for (int i = 1; i < CONFIG_T::n_in; i++) {
    ^~~
    VITIS_LOOP_367_2: 
/u1/hjia625/conifer/FiorDiLatte_DenseBN_Topo2A_trigger_VAE_GAN_quan_NoData/Topo2A_AD_proj_prj/solution1/.autopilot/db/Topo2A_AD_proj.pp.0.cpp:56415:5: note: FIX-IT applied suggested code changes
/u1/hjia625/conifer/FiorDiLatte_DenseBN_Topo2A_trigger_VAE_GAN_quan_NoData/Topo2A_AD_proj_prj/solution1/.autopilot/db/Topo2A_AD_proj.pp.0.cpp:56450:5: warning: Added loop label VITIS_LOOP_402_1:   [xilinx-label-all-loops]
    for (int ii = 0; ii < N_TABLE; ii++) {
    ^~~
    VITIS_LOOP_402_1: 
/u1/hjia625/conifer/FiorDiLatte_DenseBN_Topo2A_trigger_VAE_GAN_quan_NoData/Topo2A_AD_proj_prj/solution1/.autopilot/db/Topo2A_AD_proj.pp.0.cpp:56450:5: note: FIX-IT applied suggested code changes
/u1/hjia625/conifer/FiorDiLatte_DenseBN_Topo2A_trigger_VAE_GAN_quan_NoData/Topo2A_AD_proj_prj/solution1/.autopilot/db/Topo2A_AD_proj.pp.0.cpp:56480:5: warning: Added loop label VITIS_LOOP_432_1:   [xilinx-label-all-loops]
    for (int ii = 0; ii < CONFIG_T::n_in; ii++) {
    ^~~
    VITIS_LOOP_432_1: 
/u1/hjia625/conifer/FiorDiLatte_DenseBN_Topo2A_trigger_VAE_GAN_quan_NoData/Topo2A_AD_proj_prj/solution1/.autopilot/db/Topo2A_AD_proj.pp.0.cpp:56480:5: note: FIX-IT applied suggested code changes
/u1/hjia625/conifer/FiorDiLatte_DenseBN_Topo2A_trigger_VAE_GAN_quan_NoData/Topo2A_AD_proj_prj/solution1/.autopilot/db/Topo2A_AD_proj.pp.0.cpp:56499:2: warning: Added loop label VITIS_LOOP_451_1:   [xilinx-label-all-loops]
 for (int ii = 0; ii < CONFIG_T::n_in; ii++) {
 ^~~
 VITIS_LOOP_451_1: 
/u1/hjia625/conifer/FiorDiLatte_DenseBN_Topo2A_trigger_VAE_GAN_quan_NoData/Topo2A_AD_proj_prj/solution1/.autopilot/db/Topo2A_AD_proj.pp.0.cpp:56499:2: note: FIX-IT applied suggested code changes
/u1/hjia625/conifer/FiorDiLatte_DenseBN_Topo2A_trigger_VAE_GAN_quan_NoData/Topo2A_AD_proj_prj/solution1/.autopilot/db/Topo2A_AD_proj.pp.0.cpp:56515:5: warning: Added loop label VITIS_LOOP_467_1:   [xilinx-label-all-loops]
    for (int ii = 0; ii < CONFIG_T::n_in; ii++) {
    ^~~
    VITIS_LOOP_467_1: 
/u1/hjia625/conifer/FiorDiLatte_DenseBN_Topo2A_trigger_VAE_GAN_quan_NoData/Topo2A_AD_proj_prj/solution1/.autopilot/db/Topo2A_AD_proj.pp.0.cpp:56515:5: note: FIX-IT applied suggested code changes
/u1/hjia625/conifer/FiorDiLatte_DenseBN_Topo2A_trigger_VAE_GAN_quan_NoData/Topo2A_AD_proj_prj/solution1/.autopilot/db/Topo2A_AD_proj.pp.0.cpp:56533:5: warning: Added loop label VITIS_LOOP_485_1:   [xilinx-label-all-loops]
    for (int ii = 0; ii < CONFIG_T::n_in; ii++) {
    ^~~
    VITIS_LOOP_485_1: 
/u1/hjia625/conifer/FiorDiLatte_DenseBN_Topo2A_trigger_VAE_GAN_quan_NoData/Topo2A_AD_proj_prj/solution1/.autopilot/db/Topo2A_AD_proj.pp.0.cpp:56533:5: note: FIX-IT applied suggested code changes
/u1/hjia625/conifer/FiorDiLatte_DenseBN_Topo2A_trigger_VAE_GAN_quan_NoData/Topo2A_AD_proj_prj/solution1/.autopilot/db/Topo2A_AD_proj.pp.0.cpp:56550:5: warning: Added loop label VITIS_LOOP_502_1:   [xilinx-label-all-loops]
    for (int ii = 0; ii < CONFIG_T::n_in; ii++) {
    ^~~
    VITIS_LOOP_502_1: 
/u1/hjia625/conifer/FiorDiLatte_DenseBN_Topo2A_trigger_VAE_GAN_quan_NoData/Topo2A_AD_proj_prj/solution1/.autopilot/db/Topo2A_AD_proj.pp.0.cpp:56550:5: note: FIX-IT applied suggested code changes
/u1/hjia625/conifer/FiorDiLatte_DenseBN_Topo2A_trigger_VAE_GAN_quan_NoData/Topo2A_AD_proj_prj/solution1/.autopilot/db/Topo2A_AD_proj.pp.0.cpp:56567:5: warning: Added loop label VITIS_LOOP_519_1:   [xilinx-label-all-loops]
    for (int ii = 0; ii < N_TABLE; ii++) {
    ^~~
    VITIS_LOOP_519_1: 
/u1/hjia625/conifer/FiorDiLatte_DenseBN_Topo2A_trigger_VAE_GAN_quan_NoData/Topo2A_AD_proj_prj/solution1/.autopilot/db/Topo2A_AD_proj.pp.0.cpp:56567:5: note: FIX-IT applied suggested code changes
/u1/hjia625/conifer/FiorDiLatte_DenseBN_Topo2A_trigger_VAE_GAN_quan_NoData/Topo2A_AD_proj_prj/solution1/.autopilot/db/Topo2A_AD_proj.pp.0.cpp:56597:5: warning: Added loop label VITIS_LOOP_549_1:   [xilinx-label-all-loops]
    for (int ii = 0; ii < CONFIG_T::n_in; ii++) {
    ^~~
    VITIS_LOOP_549_1: 
/u1/hjia625/conifer/FiorDiLatte_DenseBN_Topo2A_trigger_VAE_GAN_quan_NoData/Topo2A_AD_proj_prj/solution1/.autopilot/db/Topo2A_AD_proj.pp.0.cpp:56597:5: note: FIX-IT applied suggested code changes
/u1/hjia625/conifer/FiorDiLatte_DenseBN_Topo2A_trigger_VAE_GAN_quan_NoData/Topo2A_AD_proj_prj/solution1/.autopilot/db/Topo2A_AD_proj.pp.0.cpp:56616:5: warning: Added loop label VITIS_LOOP_568_1:   [xilinx-label-all-loops]
    for (int ii = 0; ii < N_TABLE; ii++) {
    ^~~
    VITIS_LOOP_568_1: 
/u1/hjia625/conifer/FiorDiLatte_DenseBN_Topo2A_trigger_VAE_GAN_quan_NoData/Topo2A_AD_proj_prj/solution1/.autopilot/db/Topo2A_AD_proj.pp.0.cpp:56616:5: note: FIX-IT applied suggested code changes
/u1/hjia625/conifer/FiorDiLatte_DenseBN_Topo2A_trigger_VAE_GAN_quan_NoData/Topo2A_AD_proj_prj/solution1/.autopilot/db/Topo2A_AD_proj.pp.0.cpp:56646:5: warning: Added loop label VITIS_LOOP_598_1:   [xilinx-label-all-loops]
    for (int ii = 0; ii < CONFIG_T::n_in; ii++) {
    ^~~
    VITIS_LOOP_598_1: 
/u1/hjia625/conifer/FiorDiLatte_DenseBN_Topo2A_trigger_VAE_GAN_quan_NoData/Topo2A_AD_proj_prj/solution1/.autopilot/db/Topo2A_AD_proj.pp.0.cpp:56646:5: note: FIX-IT applied suggested code changes
/u1/hjia625/conifer/FiorDiLatte_DenseBN_Topo2A_trigger_VAE_GAN_quan_NoData/Topo2A_AD_proj_prj/solution1/.autopilot/db/Topo2A_AD_proj.pp.0.cpp:56665:5: warning: Added loop label VITIS_LOOP_617_1:   [xilinx-label-all-loops]
    for (int ii = 0; ii < N_TABLE; ii++) {
    ^~~
    VITIS_LOOP_617_1: 
/u1/hjia625/conifer/FiorDiLatte_DenseBN_Topo2A_trigger_VAE_GAN_quan_NoData/Topo2A_AD_proj_prj/solution1/.autopilot/db/Topo2A_AD_proj.pp.0.cpp:56665:5: note: FIX-IT applied suggested code changes
/u1/hjia625/conifer/FiorDiLatte_DenseBN_Topo2A_trigger_VAE_GAN_quan_NoData/Topo2A_AD_proj_prj/solution1/.autopilot/db/Topo2A_AD_proj.pp.0.cpp:56695:5: warning: Added loop label VITIS_LOOP_647_1:   [xilinx-label-all-loops]
    for (int ii = 0; ii < CONFIG_T::n_in; ii++) {
    ^~~
    VITIS_LOOP_647_1: 
/u1/hjia625/conifer/FiorDiLatte_DenseBN_Topo2A_trigger_VAE_GAN_quan_NoData/Topo2A_AD_proj_prj/solution1/.autopilot/db/Topo2A_AD_proj.pp.0.cpp:56695:5: note: FIX-IT applied suggested code changes
/u1/hjia625/conifer/FiorDiLatte_DenseBN_Topo2A_trigger_VAE_GAN_quan_NoData/Topo2A_AD_proj_prj/solution1/.autopilot/db/Topo2A_AD_proj.pp.0.cpp:56722:5: warning: Added loop label VITIS_LOOP_674_1:   [xilinx-label-all-loops]
    for (int ii = 0; ii < N_TABLE; ii++) {
    ^~~
    VITIS_LOOP_674_1: 
/u1/hjia625/conifer/FiorDiLatte_DenseBN_Topo2A_trigger_VAE_GAN_quan_NoData/Topo2A_AD_proj_prj/solution1/.autopilot/db/Topo2A_AD_proj.pp.0.cpp:56722:5: note: FIX-IT applied suggested code changes
/u1/hjia625/conifer/FiorDiLatte_DenseBN_Topo2A_trigger_VAE_GAN_quan_NoData/Topo2A_AD_proj_prj/solution1/.autopilot/db/Topo2A_AD_proj.pp.0.cpp:56751:5: warning: Added loop label VITIS_LOOP_703_1:   [xilinx-label-all-loops]
    for (int ii = 0; ii < CONFIG_T::n_in; ii++) {
    ^~~
    VITIS_LOOP_703_1: 
/u1/hjia625/conifer/FiorDiLatte_DenseBN_Topo2A_trigger_VAE_GAN_quan_NoData/Topo2A_AD_proj_prj/solution1/.autopilot/db/Topo2A_AD_proj.pp.0.cpp:56751:5: note: FIX-IT applied suggested code changes
/u1/hjia625/conifer/FiorDiLatte_DenseBN_Topo2A_trigger_VAE_GAN_quan_NoData/Topo2A_AD_proj_prj/solution1/.autopilot/db/Topo2A_AD_proj.pp.0.cpp:56772:5: warning: Added loop label VITIS_LOOP_724_1:   [xilinx-label-all-loops]
    for (int ii = 0; ii < CONFIG_T::n_in; ii++) {
    ^~~
    VITIS_LOOP_724_1: 
/u1/hjia625/conifer/FiorDiLatte_DenseBN_Topo2A_trigger_VAE_GAN_quan_NoData/Topo2A_AD_proj_prj/solution1/.autopilot/db/Topo2A_AD_proj.pp.0.cpp:56772:5: note: FIX-IT applied suggested code changes
/u1/hjia625/conifer/FiorDiLatte_DenseBN_Topo2A_trigger_VAE_GAN_quan_NoData/Topo2A_AD_proj_prj/solution1/.autopilot/db/Topo2A_AD_proj.pp.0.cpp:56790:5: warning: Added loop label VITIS_LOOP_742_1:   [xilinx-label-all-loops]
    for (int ii = 0; ii < CONFIG_T::n_in; ii++) {
    ^~~
    VITIS_LOOP_742_1: 
/u1/hjia625/conifer/FiorDiLatte_DenseBN_Topo2A_trigger_VAE_GAN_quan_NoData/Topo2A_AD_proj_prj/solution1/.autopilot/db/Topo2A_AD_proj.pp.0.cpp:56790:5: note: FIX-IT applied suggested code changes
/u1/hjia625/conifer/FiorDiLatte_DenseBN_Topo2A_trigger_VAE_GAN_quan_NoData/Topo2A_AD_proj_prj/solution1/.autopilot/db/Topo2A_AD_proj.pp.0.cpp:56810:5: warning: Added loop label VITIS_LOOP_762_1:   [xilinx-label-all-loops]
    for (int ii = 0; ii < CONFIG_T::n_in; ii++) {
    ^~~
    VITIS_LOOP_762_1: 
/u1/hjia625/conifer/FiorDiLatte_DenseBN_Topo2A_trigger_VAE_GAN_quan_NoData/Topo2A_AD_proj_prj/solution1/.autopilot/db/Topo2A_AD_proj.pp.0.cpp:56810:5: note: FIX-IT applied suggested code changes
/u1/hjia625/conifer/FiorDiLatte_DenseBN_Topo2A_trigger_VAE_GAN_quan_NoData/Topo2A_AD_proj_prj/solution1/.autopilot/db/Topo2A_AD_proj.pp.0.cpp:56906:9: warning: Added loop label VITIS_LOOP_73_1:   [xilinx-label-all-loops]
        for (int i = 0; i < N / data_T::size; i++) {
        ^~~
        VITIS_LOOP_73_1: 
/u1/hjia625/conifer/FiorDiLatte_DenseBN_Topo2A_trigger_VAE_GAN_quan_NoData/Topo2A_AD_proj_prj/solution1/.autopilot/db/Topo2A_AD_proj.pp.0.cpp:56906:9: note: FIX-IT applied suggested code changes
/u1/hjia625/conifer/FiorDiLatte_DenseBN_Topo2A_trigger_VAE_GAN_quan_NoData/Topo2A_AD_proj_prj/solution1/.autopilot/db/Topo2A_AD_proj.pp.0.cpp:56913:13: warning: Added loop label VITIS_LOOP_80_2:   [xilinx-label-all-loops]
            for (int j = 0; j < data_T::size; j++) {
            ^~~
            VITIS_LOOP_80_2: 
/u1/hjia625/conifer/FiorDiLatte_DenseBN_Topo2A_trigger_VAE_GAN_quan_NoData/Topo2A_AD_proj_prj/solution1/.autopilot/db/Topo2A_AD_proj.pp.0.cpp:56913:13: note: FIX-IT applied suggested code changes
/u1/hjia625/conifer/FiorDiLatte_DenseBN_Topo2A_trigger_VAE_GAN_quan_NoData/Topo2A_AD_proj_prj/solution1/.autopilot/db/Topo2A_AD_proj.pp.0.cpp:56922:9: warning: Added loop label VITIS_LOOP_89_3:   [xilinx-label-all-loops]
        for (int i = 0; i < N / data_T::size; i++) {
        ^~~
        VITIS_LOOP_89_3: 
/u1/hjia625/conifer/FiorDiLatte_DenseBN_Topo2A_trigger_VAE_GAN_quan_NoData/Topo2A_AD_proj_prj/solution1/.autopilot/db/Topo2A_AD_proj.pp.0.cpp:56922:9: note: FIX-IT applied suggested code changes
/u1/hjia625/conifer/FiorDiLatte_DenseBN_Topo2A_trigger_VAE_GAN_quan_NoData/Topo2A_AD_proj_prj/solution1/.autopilot/db/Topo2A_AD_proj.pp.0.cpp:56931:13: warning: Added loop label VITIS_LOOP_98_4:   [xilinx-label-all-loops]
            for (int j = 0; j < pack_diff; j++) {
            ^~~
            VITIS_LOOP_98_4: 
/u1/hjia625/conifer/FiorDiLatte_DenseBN_Topo2A_trigger_VAE_GAN_quan_NoData/Topo2A_AD_proj_prj/solution1/.autopilot/db/Topo2A_AD_proj.pp.0.cpp:56931:13: note: FIX-IT applied suggested code changes
/u1/hjia625/conifer/FiorDiLatte_DenseBN_Topo2A_trigger_VAE_GAN_quan_NoData/Topo2A_AD_proj_prj/solution1/.autopilot/db/Topo2A_AD_proj.pp.0.cpp:56935:17: warning: Added loop label VITIS_LOOP_102_5:   [xilinx-label-all-loops]
                for (int k = 0; k < res_T::size; k++) {
                ^~~
                VITIS_LOOP_102_5: 
/u1/hjia625/conifer/FiorDiLatte_DenseBN_Topo2A_trigger_VAE_GAN_quan_NoData/Topo2A_AD_proj_prj/solution1/.autopilot/db/Topo2A_AD_proj.pp.0.cpp:56935:17: note: FIX-IT applied suggested code changes
/u1/hjia625/conifer/FiorDiLatte_DenseBN_Topo2A_trigger_VAE_GAN_quan_NoData/Topo2A_AD_proj_prj/solution1/.autopilot/db/Topo2A_AD_proj.pp.0.cpp:56946:9: warning: Added loop label VITIS_LOOP_113_6:   [xilinx-label-all-loops]
        for (int i = 0; i < N / data_T::size; i++) {
        ^~~
        VITIS_LOOP_113_6: 
/u1/hjia625/conifer/FiorDiLatte_DenseBN_Topo2A_trigger_VAE_GAN_quan_NoData/Topo2A_AD_proj_prj/solution1/.autopilot/db/Topo2A_AD_proj.pp.0.cpp:56946:9: note: FIX-IT applied suggested code changes
/u1/hjia625/conifer/FiorDiLatte_DenseBN_Topo2A_trigger_VAE_GAN_quan_NoData/Topo2A_AD_proj_prj/solution1/.autopilot/db/Topo2A_AD_proj.pp.0.cpp:56950:13: warning: Added loop label VITIS_LOOP_117_7:   [xilinx-label-all-loops]
            for (int j = 0; j < data_T::size; j++) {
            ^~~
            VITIS_LOOP_117_7: 
/u1/hjia625/conifer/FiorDiLatte_DenseBN_Topo2A_trigger_VAE_GAN_quan_NoData/Topo2A_AD_proj_prj/solution1/.autopilot/db/Topo2A_AD_proj.pp.0.cpp:56950:13: note: FIX-IT applied suggested code changes
/u1/hjia625/conifer/FiorDiLatte_DenseBN_Topo2A_trigger_VAE_GAN_quan_NoData/Topo2A_AD_proj_prj/solution1/.autopilot/db/Topo2A_AD_proj.pp.0.cpp:56974:9: warning: Added loop label VITIS_LOOP_141_1:   [xilinx-label-all-loops]
        for (int j = 0; j < n_dupl; j++) {
        ^~~
        VITIS_LOOP_141_1: 
/u1/hjia625/conifer/FiorDiLatte_DenseBN_Topo2A_trigger_VAE_GAN_quan_NoData/Topo2A_AD_proj_prj/solution1/.autopilot/db/Topo2A_AD_proj.pp.0.cpp:56974:9: note: FIX-IT applied suggested code changes
/u1/hjia625/conifer/FiorDiLatte_DenseBN_Topo2A_trigger_VAE_GAN_quan_NoData/Topo2A_AD_proj_prj/solution1/.autopilot/db/Topo2A_AD_proj.pp.0.cpp:56978:13: warning: Added loop label VITIS_LOOP_145_2:   [xilinx-label-all-loops]
            for (int k = 0; k < res_T::size; k++) {
            ^~~
            VITIS_LOOP_145_2: 
/u1/hjia625/conifer/FiorDiLatte_DenseBN_Topo2A_trigger_VAE_GAN_quan_NoData/Topo2A_AD_proj_prj/solution1/.autopilot/db/Topo2A_AD_proj.pp.0.cpp:56978:13: note: FIX-IT applied suggested code changes
/u1/hjia625/conifer/FiorDiLatte_DenseBN_Topo2A_trigger_VAE_GAN_quan_NoData/Topo2A_AD_proj_prj/solution1/.autopilot/db/Topo2A_AD_proj.pp.0.cpp:56997:9: warning: Added loop label VITIS_LOOP_164_1:   [xilinx-label-all-loops]
        for (int k = 0; k < res_T::size; k++) {
        ^~~
        VITIS_LOOP_164_1: 
/u1/hjia625/conifer/FiorDiLatte_DenseBN_Topo2A_trigger_VAE_GAN_quan_NoData/Topo2A_AD_proj_prj/solution1/.autopilot/db/Topo2A_AD_proj.pp.0.cpp:56997:9: note: FIX-IT applied suggested code changes
/u1/hjia625/conifer/FiorDiLatte_DenseBN_Topo2A_trigger_VAE_GAN_quan_NoData/Topo2A_AD_proj_prj/solution1/.autopilot/db/Topo2A_AD_proj.pp.0.cpp:57020:2: warning: Added loop label VITIS_LOOP_187_1:   [xilinx-label-all-loops]
 for (int i = 0; i < CONFIG_T::height * CONFIG_T::width / data_T::size; i++) {
 ^~~
 VITIS_LOOP_187_1: 
/u1/hjia625/conifer/FiorDiLatte_DenseBN_Topo2A_trigger_VAE_GAN_quan_NoData/Topo2A_AD_proj_prj/solution1/.autopilot/db/Topo2A_AD_proj.pp.0.cpp:57020:2: note: FIX-IT applied suggested code changes
/u1/hjia625/conifer/FiorDiLatte_DenseBN_Topo2A_trigger_VAE_GAN_quan_NoData/Topo2A_AD_proj_prj/solution1/.autopilot/db/Topo2A_AD_proj.pp.0.cpp:57023:9: warning: Added loop label VITIS_LOOP_190_2:   [xilinx-label-all-loops]
        for (int j = 0; j < data_T::size; j++) {
        ^~~
        VITIS_LOOP_190_2: 
/u1/hjia625/conifer/FiorDiLatte_DenseBN_Topo2A_trigger_VAE_GAN_quan_NoData/Topo2A_AD_proj_prj/solution1/.autopilot/db/Topo2A_AD_proj.pp.0.cpp:57023:9: note: FIX-IT applied suggested code changes
/u1/hjia625/conifer/FiorDiLatte_DenseBN_Topo2A_trigger_VAE_GAN_quan_NoData/Topo2A_AD_proj_prj/solution1/.autopilot/db/Topo2A_AD_proj.pp.0.cpp:57028:5: warning: Added loop label VITIS_LOOP_195_3:   [xilinx-label-all-loops]
    for (int i = 0; i < CONFIG_T::height * CONFIG_T::width / res_T::size; i++) {
    ^~~
    VITIS_LOOP_195_3: 
/u1/hjia625/conifer/FiorDiLatte_DenseBN_Topo2A_trigger_VAE_GAN_quan_NoData/Topo2A_AD_proj_prj/solution1/.autopilot/db/Topo2A_AD_proj.pp.0.cpp:57028:5: note: FIX-IT applied suggested code changes
/u1/hjia625/conifer/FiorDiLatte_DenseBN_Topo2A_trigger_VAE_GAN_quan_NoData/Topo2A_AD_proj_prj/solution1/.autopilot/db/Topo2A_AD_proj.pp.0.cpp:57032:9: warning: Added loop label VITIS_LOOP_199_4:   [xilinx-label-all-loops]
        for (int j = 0; j < res_T::size; j++) {
        ^~~
        VITIS_LOOP_199_4: 
/u1/hjia625/conifer/FiorDiLatte_DenseBN_Topo2A_trigger_VAE_GAN_quan_NoData/Topo2A_AD_proj_prj/solution1/.autopilot/db/Topo2A_AD_proj.pp.0.cpp:57032:9: note: FIX-IT applied suggested code changes
/u1/hjia625/conifer/FiorDiLatte_DenseBN_Topo2A_trigger_VAE_GAN_quan_NoData/Topo2A_AD_proj_prj/solution1/.autopilot/db/Topo2A_AD_proj.pp.0.cpp:57246:9: warning: Added loop label VITIS_LOOP_213_1:   [xilinx-label-all-loops]
        for (unsigned j = 0; j < data_T::size; j++) {
        ^~~
        VITIS_LOOP_213_1: 
/u1/hjia625/conifer/FiorDiLatte_DenseBN_Topo2A_trigger_VAE_GAN_quan_NoData/Topo2A_AD_proj_prj/solution1/.autopilot/db/Topo2A_AD_proj.pp.0.cpp:57246:9: note: FIX-IT applied suggested code changes
/u1/hjia625/conifer/FiorDiLatte_DenseBN_Topo2A_trigger_VAE_GAN_quan_NoData/Topo2A_AD_proj_prj/solution1/.autopilot/db/Topo2A_AD_proj.pp.0.cpp:57255:9: warning: Added loop label VITIS_LOOP_222_2:   [xilinx-label-all-loops]
        for (unsigned j = 0; j < data_T::size; j++) {
        ^~~
        VITIS_LOOP_222_2: 
/u1/hjia625/conifer/FiorDiLatte_DenseBN_Topo2A_trigger_VAE_GAN_quan_NoData/Topo2A_AD_proj_prj/solution1/.autopilot/db/Topo2A_AD_proj.pp.0.cpp:57255:9: note: FIX-IT applied suggested code changes
/u1/hjia625/conifer/FiorDiLatte_DenseBN_Topo2A_trigger_VAE_GAN_quan_NoData/Topo2A_AD_proj_prj/solution1/.autopilot/db/Topo2A_AD_proj.pp.0.cpp:57361:5: warning: Added loop label VITIS_LOOP_328_1:   [xilinx-label-all-loops]
    for (int i = 0; i < CONFIG_T::n_in / res_T::size; i++) {
    ^~~
    VITIS_LOOP_328_1: 
/u1/hjia625/conifer/FiorDiLatte_DenseBN_Topo2A_trigger_VAE_GAN_quan_NoData/Topo2A_AD_proj_prj/solution1/.autopilot/db/Topo2A_AD_proj.pp.0.cpp:57361:5: note: FIX-IT applied suggested code changes
/u1/hjia625/conifer/FiorDiLatte_DenseBN_Topo2A_trigger_VAE_GAN_quan_NoData/Topo2A_AD_proj_prj/solution1/.autopilot/db/Topo2A_AD_proj.pp.0.cpp:57366:9: warning: Added loop label VITIS_LOOP_333_2:   [xilinx-label-all-loops]
        for (int i = 0; i < res_T::size; i++) {
        ^~~
        VITIS_LOOP_333_2: 
/u1/hjia625/conifer/FiorDiLatte_DenseBN_Topo2A_trigger_VAE_GAN_quan_NoData/Topo2A_AD_proj_prj/solution1/.autopilot/db/Topo2A_AD_proj.pp.0.cpp:57366:9: note: FIX-IT applied suggested code changes
/u1/hjia625/conifer/FiorDiLatte_DenseBN_Topo2A_trigger_VAE_GAN_quan_NoData/Topo2A_AD_proj_prj/solution1/.autopilot/db/Topo2A_AD_proj.pp.0.cpp:57374:9: warning: Added loop label VITIS_LOOP_341_3:   [xilinx-label-all-loops]
        for (int i = 1; i < res_T::size; i++) {
        ^~~
        VITIS_LOOP_341_3: 
/u1/hjia625/conifer/FiorDiLatte_DenseBN_Topo2A_trigger_VAE_GAN_quan_NoData/Topo2A_AD_proj_prj/solution1/.autopilot/db/Topo2A_AD_proj.pp.0.cpp:57374:9: note: FIX-IT applied suggested code changes
/u1/hjia625/conifer/FiorDiLatte_DenseBN_Topo2A_trigger_VAE_GAN_quan_NoData/Topo2A_AD_proj_prj/solution1/.autopilot/db/Topo2A_AD_proj.pp.0.cpp:58314:5: warning: Added loop label VITIS_LOOP_14_1:   [xilinx-label-all-loops]
    for (unsigned k = 0; k < CONFIG_T::n_out; k++) {
    ^~~
    VITIS_LOOP_14_1: 
/u1/hjia625/conifer/FiorDiLatte_DenseBN_Topo2A_trigger_VAE_GAN_quan_NoData/Topo2A_AD_proj_prj/solution1/.autopilot/db/Topo2A_AD_proj.pp.0.cpp:58314:5: note: FIX-IT applied suggested code changes
/u1/hjia625/conifer/FiorDiLatte_DenseBN_Topo2A_trigger_VAE_GAN_quan_NoData/Topo2A_AD_proj_prj/solution1/.autopilot/db/Topo2A_AD_proj.pp.0.cpp:58374:9: warning: Added loop label VITIS_LOOP_74_1:   [xilinx-label-all-loops]
        for (int im = 0; im < CONFIG_T::n_out; im++) {
        ^~~
        VITIS_LOOP_74_1: 
/u1/hjia625/conifer/FiorDiLatte_DenseBN_Topo2A_trigger_VAE_GAN_quan_NoData/Topo2A_AD_proj_prj/solution1/.autopilot/db/Topo2A_AD_proj.pp.0.cpp:58374:9: note: FIX-IT applied suggested code changes
