

================================================================
== Vitis HLS Report for 'linear_ap_fixed_23_3_5_3_0_ap_fixed_16_6_5_3_0_linear_config11_s'
================================================================
* Date:           Wed Oct 16 20:17:14 2024

* Version:        2024.1 (Build 5069499 on May 21 2024)
* Project:        Topo2A_AD_proj_prj
* Solution:       solution1 (Vivado IP Flow Target)
* Product family: virtexuplus
* Target device:  xcvu9p-flga2104-2-e


================================================================
== Performance Estimates
================================================================
+ Timing: 
    * Summary: 
    +--------+----------+----------+------------+
    |  Clock |  Target  | Estimated| Uncertainty|
    +--------+----------+----------+------------+
    |ap_clk  |  25.00 ns|      0 ns|     6.75 ns|
    +--------+----------+----------+------------+

+ Latency: 
    * Summary: 
    +---------+---------+----------+----------+-----+-----+---------+
    |  Latency (cycles) |  Latency (absolute) |  Interval | Pipeline|
    |   min   |   max   |    min   |    max   | min | max |   Type  |
    +---------+---------+----------+----------+-----+-----+---------+
    |        0|        0|      0 ns|      0 ns|    1|    1|      yes|
    +---------+---------+----------+----------+-----+-----+---------+

    + Detail: 
        * Instance: 
        N/A

        * Loop: 
        N/A



================================================================
== Utilization Estimates
================================================================
* Summary: 
+---------------------+---------+------+---------+---------+-----+
|         Name        | BRAM_18K|  DSP |    FF   |   LUT   | URAM|
+---------------------+---------+------+---------+---------+-----+
|DSP                  |        -|     -|        -|        -|    -|
|Expression           |        -|     -|        -|        -|    -|
|FIFO                 |        -|     -|        -|        -|    -|
|Instance             |        -|     -|        -|        -|    -|
|Memory               |        -|     -|        -|        -|    -|
|Multiplexer          |        -|     -|        -|        -|    -|
|Register             |        -|     -|        -|        -|    -|
+---------------------+---------+------+---------+---------+-----+
|Total                |        0|     0|        0|        0|    0|
+---------------------+---------+------+---------+---------+-----+
|Available SLR        |     1440|  2280|   788160|   394080|  320|
+---------------------+---------+------+---------+---------+-----+
|Utilization SLR (%)  |        0|     0|        0|        0|    0|
+---------------------+---------+------+---------+---------+-----+
|Available            |     4320|  6840|  2364480|  1182240|  960|
+---------------------+---------+------+---------+---------+-----+
|Utilization (%)      |        0|     0|        0|        0|    0|
+---------------------+---------+------+---------+---------+-----+

+ Detail: 
    * Instance: 
    N/A

    * DSP: 
    N/A

    * Memory: 
    N/A

    * FIFO: 
    N/A

    * Expression: 
    N/A

    * Multiplexer: 
    N/A

    * Register: 
    N/A



================================================================
== Interface
================================================================
* Summary: 
+-------------+-----+-----+------------+-----------------------------------------------------------------------------+--------------+
|  RTL Ports  | Dir | Bits|  Protocol  |                                Source Object                                |    C Type    |
+-------------+-----+-----+------------+-----------------------------------------------------------------------------+--------------+
|ap_ready     |  out|    1|  ap_ctrl_hs|  linear<ap_fixed<23, 3, 5, 3, 0>, ap_fixed<16, 6, 5, 3, 0>, linear_config11>|  return value|
|ap_return_0  |  out|   16|  ap_ctrl_hs|  linear<ap_fixed<23, 3, 5, 3, 0>, ap_fixed<16, 6, 5, 3, 0>, linear_config11>|  return value|
|ap_return_1  |  out|   16|  ap_ctrl_hs|  linear<ap_fixed<23, 3, 5, 3, 0>, ap_fixed<16, 6, 5, 3, 0>, linear_config11>|  return value|
|ap_return_2  |  out|   16|  ap_ctrl_hs|  linear<ap_fixed<23, 3, 5, 3, 0>, ap_fixed<16, 6, 5, 3, 0>, linear_config11>|  return value|
|ap_rst       |   in|    1|  ap_ctrl_hs|  linear<ap_fixed<23, 3, 5, 3, 0>, ap_fixed<16, 6, 5, 3, 0>, linear_config11>|  return value|
|data_0_val   |   in|   23|     ap_none|                                                                   data_0_val|        scalar|
|data_1_val   |   in|   23|     ap_none|                                                                   data_1_val|        scalar|
|data_2_val   |   in|   23|     ap_none|                                                                   data_2_val|        scalar|
+-------------+-----+-----+------------+-----------------------------------------------------------------------------+--------------+

