

================================================================
== Vitis HLS Report for 'linear_ap_fixed_38_8_5_3_0_ap_fixed_16_6_5_3_0_linear_config3_s'
================================================================
* Date:           Wed Oct 16 20:17:13 2024

* Version:        2024.1 (Build 5069499 on May 21 2024)
* Project:        Topo2A_AD_proj_prj
* Solution:       solution1 (Vivado IP Flow Target)
* Product family: virtexuplus
* Target device:  xcvu9p-flga2104-2-e


================================================================
== Performance Estimates
================================================================
+ Timing: 
    * Summary: 
    +--------+----------+----------+------------+
    |  Clock |  Target  | Estimated| Uncertainty|
    +--------+----------+----------+------------+
    |ap_clk  |  25.00 ns|      0 ns|     6.75 ns|
    +--------+----------+----------+------------+

+ Latency: 
    * Summary: 
    +---------+---------+----------+----------+-----+-----+---------+
    |  Latency (cycles) |  Latency (absolute) |  Interval | Pipeline|
    |   min   |   max   |    min   |    max   | min | max |   Type  |
    +---------+---------+----------+----------+-----+-----+---------+
    |        0|        0|      0 ns|      0 ns|    1|    1|      yes|
    +---------+---------+----------+----------+-----+-----+---------+

    + Detail: 
        * Instance: 
        N/A

        * Loop: 
        N/A



================================================================
== Utilization Estimates
================================================================
* Summary: 
+---------------------+---------+------+---------+---------+-----+
|         Name        | BRAM_18K|  DSP |    FF   |   LUT   | URAM|
+---------------------+---------+------+---------+---------+-----+
|DSP                  |        -|     -|        -|        -|    -|
|Expression           |        -|     -|        -|        -|    -|
|FIFO                 |        -|     -|        -|        -|    -|
|Instance             |        -|     -|        -|        -|    -|
|Memory               |        -|     -|        -|        -|    -|
|Multiplexer          |        -|     -|        -|        -|    -|
|Register             |        -|     -|        -|        -|    -|
+---------------------+---------+------+---------+---------+-----+
|Total                |        0|     0|        0|        0|    0|
+---------------------+---------+------+---------+---------+-----+
|Available SLR        |     1440|  2280|   788160|   394080|  320|
+---------------------+---------+------+---------+---------+-----+
|Utilization SLR (%)  |        0|     0|        0|        0|    0|
+---------------------+---------+------+---------+---------+-----+
|Available            |     4320|  6840|  2364480|  1182240|  960|
+---------------------+---------+------+---------+---------+-----+
|Utilization (%)      |        0|     0|        0|        0|    0|
+---------------------+---------+------+---------+---------+-----+

+ Detail: 
    * Instance: 
    N/A

    * DSP: 
    N/A

    * Memory: 
    N/A

    * FIFO: 
    N/A

    * Expression: 
    N/A

    * Multiplexer: 
    N/A

    * Register: 
    N/A



================================================================
== Interface
================================================================
* Summary: 
+--------------+-----+-----+------------+----------------------------------------------------------------------------+--------------+
|   RTL Ports  | Dir | Bits|  Protocol  |                                Source Object                               |    C Type    |
+--------------+-----+-----+------------+----------------------------------------------------------------------------+--------------+
|ap_ready      |  out|    1|  ap_ctrl_hs|  linear<ap_fixed<38, 8, 5, 3, 0>, ap_fixed<16, 6, 5, 3, 0>, linear_config3>|  return value|
|ap_return_0   |  out|   16|  ap_ctrl_hs|  linear<ap_fixed<38, 8, 5, 3, 0>, ap_fixed<16, 6, 5, 3, 0>, linear_config3>|  return value|
|ap_return_1   |  out|   16|  ap_ctrl_hs|  linear<ap_fixed<38, 8, 5, 3, 0>, ap_fixed<16, 6, 5, 3, 0>, linear_config3>|  return value|
|ap_return_2   |  out|   16|  ap_ctrl_hs|  linear<ap_fixed<38, 8, 5, 3, 0>, ap_fixed<16, 6, 5, 3, 0>, linear_config3>|  return value|
|ap_return_3   |  out|   16|  ap_ctrl_hs|  linear<ap_fixed<38, 8, 5, 3, 0>, ap_fixed<16, 6, 5, 3, 0>, linear_config3>|  return value|
|ap_return_4   |  out|   16|  ap_ctrl_hs|  linear<ap_fixed<38, 8, 5, 3, 0>, ap_fixed<16, 6, 5, 3, 0>, linear_config3>|  return value|
|ap_return_5   |  out|   16|  ap_ctrl_hs|  linear<ap_fixed<38, 8, 5, 3, 0>, ap_fixed<16, 6, 5, 3, 0>, linear_config3>|  return value|
|ap_return_6   |  out|   16|  ap_ctrl_hs|  linear<ap_fixed<38, 8, 5, 3, 0>, ap_fixed<16, 6, 5, 3, 0>, linear_config3>|  return value|
|ap_return_7   |  out|   16|  ap_ctrl_hs|  linear<ap_fixed<38, 8, 5, 3, 0>, ap_fixed<16, 6, 5, 3, 0>, linear_config3>|  return value|
|ap_return_8   |  out|   16|  ap_ctrl_hs|  linear<ap_fixed<38, 8, 5, 3, 0>, ap_fixed<16, 6, 5, 3, 0>, linear_config3>|  return value|
|ap_return_9   |  out|   16|  ap_ctrl_hs|  linear<ap_fixed<38, 8, 5, 3, 0>, ap_fixed<16, 6, 5, 3, 0>, linear_config3>|  return value|
|ap_return_10  |  out|   16|  ap_ctrl_hs|  linear<ap_fixed<38, 8, 5, 3, 0>, ap_fixed<16, 6, 5, 3, 0>, linear_config3>|  return value|
|ap_return_11  |  out|   16|  ap_ctrl_hs|  linear<ap_fixed<38, 8, 5, 3, 0>, ap_fixed<16, 6, 5, 3, 0>, linear_config3>|  return value|
|ap_return_12  |  out|   16|  ap_ctrl_hs|  linear<ap_fixed<38, 8, 5, 3, 0>, ap_fixed<16, 6, 5, 3, 0>, linear_config3>|  return value|
|ap_return_13  |  out|   16|  ap_ctrl_hs|  linear<ap_fixed<38, 8, 5, 3, 0>, ap_fixed<16, 6, 5, 3, 0>, linear_config3>|  return value|
|ap_return_14  |  out|   16|  ap_ctrl_hs|  linear<ap_fixed<38, 8, 5, 3, 0>, ap_fixed<16, 6, 5, 3, 0>, linear_config3>|  return value|
|ap_return_15  |  out|   16|  ap_ctrl_hs|  linear<ap_fixed<38, 8, 5, 3, 0>, ap_fixed<16, 6, 5, 3, 0>, linear_config3>|  return value|
|ap_return_16  |  out|   16|  ap_ctrl_hs|  linear<ap_fixed<38, 8, 5, 3, 0>, ap_fixed<16, 6, 5, 3, 0>, linear_config3>|  return value|
|ap_return_17  |  out|   16|  ap_ctrl_hs|  linear<ap_fixed<38, 8, 5, 3, 0>, ap_fixed<16, 6, 5, 3, 0>, linear_config3>|  return value|
|ap_return_18  |  out|   16|  ap_ctrl_hs|  linear<ap_fixed<38, 8, 5, 3, 0>, ap_fixed<16, 6, 5, 3, 0>, linear_config3>|  return value|
|ap_return_19  |  out|   16|  ap_ctrl_hs|  linear<ap_fixed<38, 8, 5, 3, 0>, ap_fixed<16, 6, 5, 3, 0>, linear_config3>|  return value|
|ap_return_20  |  out|   16|  ap_ctrl_hs|  linear<ap_fixed<38, 8, 5, 3, 0>, ap_fixed<16, 6, 5, 3, 0>, linear_config3>|  return value|
|ap_return_21  |  out|   16|  ap_ctrl_hs|  linear<ap_fixed<38, 8, 5, 3, 0>, ap_fixed<16, 6, 5, 3, 0>, linear_config3>|  return value|
|ap_return_22  |  out|   16|  ap_ctrl_hs|  linear<ap_fixed<38, 8, 5, 3, 0>, ap_fixed<16, 6, 5, 3, 0>, linear_config3>|  return value|
|ap_return_23  |  out|   16|  ap_ctrl_hs|  linear<ap_fixed<38, 8, 5, 3, 0>, ap_fixed<16, 6, 5, 3, 0>, linear_config3>|  return value|
|ap_return_24  |  out|   16|  ap_ctrl_hs|  linear<ap_fixed<38, 8, 5, 3, 0>, ap_fixed<16, 6, 5, 3, 0>, linear_config3>|  return value|
|ap_return_25  |  out|   16|  ap_ctrl_hs|  linear<ap_fixed<38, 8, 5, 3, 0>, ap_fixed<16, 6, 5, 3, 0>, linear_config3>|  return value|
|ap_return_26  |  out|   16|  ap_ctrl_hs|  linear<ap_fixed<38, 8, 5, 3, 0>, ap_fixed<16, 6, 5, 3, 0>, linear_config3>|  return value|
|ap_return_27  |  out|   16|  ap_ctrl_hs|  linear<ap_fixed<38, 8, 5, 3, 0>, ap_fixed<16, 6, 5, 3, 0>, linear_config3>|  return value|
|ap_return_28  |  out|   16|  ap_ctrl_hs|  linear<ap_fixed<38, 8, 5, 3, 0>, ap_fixed<16, 6, 5, 3, 0>, linear_config3>|  return value|
|ap_return_29  |  out|   16|  ap_ctrl_hs|  linear<ap_fixed<38, 8, 5, 3, 0>, ap_fixed<16, 6, 5, 3, 0>, linear_config3>|  return value|
|ap_return_30  |  out|   16|  ap_ctrl_hs|  linear<ap_fixed<38, 8, 5, 3, 0>, ap_fixed<16, 6, 5, 3, 0>, linear_config3>|  return value|
|ap_return_31  |  out|   16|  ap_ctrl_hs|  linear<ap_fixed<38, 8, 5, 3, 0>, ap_fixed<16, 6, 5, 3, 0>, linear_config3>|  return value|
|ap_rst        |   in|    1|  ap_ctrl_hs|  linear<ap_fixed<38, 8, 5, 3, 0>, ap_fixed<16, 6, 5, 3, 0>, linear_config3>|  return value|
|data_0_val    |   in|   36|     ap_none|                                                                  data_0_val|        scalar|
|data_1_val    |   in|   36|     ap_none|                                                                  data_1_val|        scalar|
|data_2_val    |   in|   36|     ap_none|                                                                  data_2_val|        scalar|
|data_3_val    |   in|   36|     ap_none|                                                                  data_3_val|        scalar|
|data_4_val    |   in|   36|     ap_none|                                                                  data_4_val|        scalar|
|data_5_val    |   in|   36|     ap_none|                                                                  data_5_val|        scalar|
|data_6_val    |   in|   36|     ap_none|                                                                  data_6_val|        scalar|
|data_7_val    |   in|   36|     ap_none|                                                                  data_7_val|        scalar|
|data_8_val    |   in|   36|     ap_none|                                                                  data_8_val|        scalar|
|data_9_val    |   in|   36|     ap_none|                                                                  data_9_val|        scalar|
|data_10_val   |   in|   36|     ap_none|                                                                 data_10_val|        scalar|
|data_11_val   |   in|   36|     ap_none|                                                                 data_11_val|        scalar|
|data_12_val   |   in|   36|     ap_none|                                                                 data_12_val|        scalar|
|data_13_val   |   in|   36|     ap_none|                                                                 data_13_val|        scalar|
|data_14_val   |   in|   36|     ap_none|                                                                 data_14_val|        scalar|
|data_15_val   |   in|   36|     ap_none|                                                                 data_15_val|        scalar|
|data_16_val   |   in|   36|     ap_none|                                                                 data_16_val|        scalar|
|data_17_val   |   in|   36|     ap_none|                                                                 data_17_val|        scalar|
|data_18_val   |   in|   36|     ap_none|                                                                 data_18_val|        scalar|
|data_19_val   |   in|   36|     ap_none|                                                                 data_19_val|        scalar|
|data_20_val   |   in|   36|     ap_none|                                                                 data_20_val|        scalar|
|data_21_val   |   in|   36|     ap_none|                                                                 data_21_val|        scalar|
|data_22_val   |   in|   36|     ap_none|                                                                 data_22_val|        scalar|
|data_23_val   |   in|   36|     ap_none|                                                                 data_23_val|        scalar|
|data_24_val   |   in|   36|     ap_none|                                                                 data_24_val|        scalar|
|data_25_val   |   in|   36|     ap_none|                                                                 data_25_val|        scalar|
|data_26_val   |   in|   36|     ap_none|                                                                 data_26_val|        scalar|
|data_27_val   |   in|   36|     ap_none|                                                                 data_27_val|        scalar|
|data_28_val   |   in|   36|     ap_none|                                                                 data_28_val|        scalar|
|data_29_val   |   in|   36|     ap_none|                                                                 data_29_val|        scalar|
|data_30_val   |   in|   36|     ap_none|                                                                 data_30_val|        scalar|
|data_31_val   |   in|   36|     ap_none|                                                                 data_31_val|        scalar|
+--------------+-----+-----+------------+----------------------------------------------------------------------------+--------------+

