Sat Jan 25 15:09:58 2025: Running xcd server. This server was built by gradle.
Sat Jan 25 15:09:58 2025: Server was asked to start on port: '43631'
Sat Jan 25 15:09:58 2025: Server is using token UUID: '0786ef95-b793-430c-b26b-c366d6cf488b'
Sat Jan 25 15:09:58 2025: SESSION_MGR: creating session with session uuid: '6d04a3e9-ade5-4ab9-8d63-1f78fcd2ec76' and name 'default'
Sat Jan 25 15:09:58 2025: Attempting to start server on port '43631'
Sat Jan 25 15:09:58 2025: XCD main fifo: created main fifo '/tmp/xcdmain0786ef95-b793-430c-b26b-c366d6cf488b', fd read = 13
Sat Jan 25 15:09:58 2025: Running Dispatch Server
Sat Jan 25 15:09:58 2025: Version 2.2.0
Sat Jan 25 15:10:00 2025: Dispatch Server: Accepted socket connection from client
Sat Jan 25 15:10:00 2025: Starting Socket connection
Sat Jan 25 15:10:00 2025: EXCHANGE_TOKEN received, server token: 0786ef95-b793-430c-b26b-c366d6cf488b, passed token: 0786ef95-b793-430c-b26b-c366d6cf488b
Sat Jan 25 15:10:00 2025: DISPATCH_HANDLER: Adding handler from function makeHandler in library libxv_system_diagram
Sat Jan 25 15:10:00 2025: SESSION_MGR: creating session with session uuid: '9a503196-a634-443c-9f2f-bc4c6b981f39' and name 'v++_compile_Topo2A_AD_proj'
Sat Jan 25 15:10:00 2025: KERNEL_SVC: creating session with uuid: '9a503196-a634-443c-9f2f-bc4c6b981f39' and name 'v++_compile_Topo2A_AD_proj'
Sat Jan 25 15:10:00 2025: GUIDANCE_SMGR: creating guidance session with uuid: '9a503196-a634-443c-9f2f-bc4c6b981f39' and name 'v++_compile_Topo2A_AD_proj'
Sat Jan 25 15:10:00 2025: SYSTEM_DIAGRAM: creating session with uuid: '9a503196-a634-443c-9f2f-bc4c6b981f39' and name 'v++_compile_Topo2A_AD_proj'
Sat Jan 25 15:10:03 2025: Dispatch Server: Accepted socket connection from client
Sat Jan 25 15:10:03 2025: Starting Socket connection
Sat Jan 25 15:10:48 2025: SESSION_MGR: closing session for UUID '9a503196-a634-443c-9f2f-bc4c6b981f39' with name 'v++_compile_Topo2A_AD_proj'
Sat Jan 25 15:10:48 2025: KERNEL_SVC: closing session for UUID '9a503196-a634-443c-9f2f-bc4c6b981f39' with name 'v++_compile_Topo2A_AD_proj'
Sat Jan 25 15:10:48 2025: GUIDANCE_SMGR: closing session for UUID '9a503196-a634-443c-9f2f-bc4c6b981f39' with name 'v++_compile_Topo2A_AD_proj'
Sat Jan 25 15:10:48 2025: SYSTEM_DIAGRAM: closing session for UUID '9a503196-a634-443c-9f2f-bc4c6b981f39' with name 'v++_compile_Topo2A_AD_proj'
Sat Jan 25 15:10:48 2025: STOP_SERVER received, server token: 0786ef95-b793-430c-b26b-c366d6cf488b, passed token: 0786ef95-b793-430c-b26b-c366d6cf488b
Sat Jan 25 15:10:48 2025: Socket received request to stop server.
Sat Jan 25 15:10:48 2025: Dispatch Server: do_await_stop
Sat Jan 25 15:10:48 2025: Dispatch Server: stopping mainFifo_
Sat Jan 25 15:10:48 2025: XCD main fifo: Stopping
Sat Jan 25 15:10:48 2025: XCD main fifo: do_read error code: Operation canceled
Sat Jan 25 15:10:48 2025: XCD main fifo: bytes_transferred: 0
Sat Jan 25 15:10:48 2025: SERVER: destructor for server bound to port 43631
Sat Jan 25 15:10:48 2025: XCD main fifo: Good unlink of /tmp/xcdmain0786ef95-b793-430c-b26b-c366d6cf488b
Sat Jan 25 15:10:48 2025: Server exiting with status 0.
Sat Jan 25 15:10:48 2025: Closing log file.
Sat Jan 25 15:10:55 2025: Running xcd server. This server was built by gradle.
Sat Jan 25 15:10:55 2025: Server was asked to start on port: '35297'
Sat Jan 25 15:10:55 2025: Server is using token UUID: '846a8351-e477-4583-8b80-e8f1cfd89b07'
Sat Jan 25 15:10:55 2025: SESSION_MGR: creating session with session uuid: '6d04a3e9-ade5-4ab9-8d63-1f78fcd2ec76' and name 'default'
Sat Jan 25 15:10:55 2025: Attempting to start server on port '35297'
Sat Jan 25 15:10:55 2025: XCD main fifo: created main fifo '/tmp/xcdmain846a8351-e477-4583-8b80-e8f1cfd89b07', fd read = 13
Sat Jan 25 15:10:55 2025: Running Dispatch Server
Sat Jan 25 15:10:55 2025: Version 2.2.0
Sat Jan 25 15:10:57 2025: Dispatch Server: Accepted socket connection from client
Sat Jan 25 15:10:57 2025: Starting Socket connection
Sat Jan 25 15:10:57 2025: EXCHANGE_TOKEN received, server token: 846a8351-e477-4583-8b80-e8f1cfd89b07, passed token: 846a8351-e477-4583-8b80-e8f1cfd89b07
Sat Jan 25 15:10:57 2025: DISPATCH_HANDLER: Adding handler from function makeHandler in library libxv_system_diagram
Sat Jan 25 15:10:57 2025: SESSION_MGR: creating session with session uuid: '36ad2b50-9e95-49a8-acd9-213e07eeff8b' and name 'vitis-run_compile_Topo2A_AD_proj'
Sat Jan 25 15:10:57 2025: KERNEL_SVC: creating session with uuid: '36ad2b50-9e95-49a8-acd9-213e07eeff8b' and name 'vitis-run_compile_Topo2A_AD_proj'
Sat Jan 25 15:10:57 2025: GUIDANCE_SMGR: creating guidance session with uuid: '36ad2b50-9e95-49a8-acd9-213e07eeff8b' and name 'vitis-run_compile_Topo2A_AD_proj'
Sat Jan 25 15:10:57 2025: SYSTEM_DIAGRAM: creating session with uuid: '36ad2b50-9e95-49a8-acd9-213e07eeff8b' and name 'vitis-run_compile_Topo2A_AD_proj'
Sat Jan 25 15:11:00 2025: Dispatch Server: Accepted socket connection from client
Sat Jan 25 15:11:00 2025: Starting Socket connection
Sat Jan 25 15:11:35 2025: Dispatch Server: Accepted socket connection from client
Sat Jan 25 15:11:35 2025: Starting Socket connection
Sat Jan 25 15:12:58 2025: Dispatch Server: Accepted socket connection from client
Sat Jan 25 15:12:58 2025: Starting Socket connection
Sat Jan 25 15:14:16 2025: Dispatch Server: Accepted socket connection from client
Sat Jan 25 15:14:16 2025: Starting Socket connection
Sat Jan 25 15:17:42 2025: SESSION_MGR: closing session for UUID '36ad2b50-9e95-49a8-acd9-213e07eeff8b' with name 'vitis-run_compile_Topo2A_AD_proj'
Sat Jan 25 15:17:42 2025: KERNEL_SVC: closing session for UUID '36ad2b50-9e95-49a8-acd9-213e07eeff8b' with name 'vitis-run_compile_Topo2A_AD_proj'
Sat Jan 25 15:17:42 2025: GUIDANCE_SMGR: closing session for UUID '36ad2b50-9e95-49a8-acd9-213e07eeff8b' with name 'vitis-run_compile_Topo2A_AD_proj'
Sat Jan 25 15:17:42 2025: SYSTEM_DIAGRAM: closing session for UUID '36ad2b50-9e95-49a8-acd9-213e07eeff8b' with name 'vitis-run_compile_Topo2A_AD_proj'
Sat Jan 25 15:17:42 2025: STOP_SERVER received, server token: 846a8351-e477-4583-8b80-e8f1cfd89b07, passed token: 846a8351-e477-4583-8b80-e8f1cfd89b07
Sat Jan 25 15:17:42 2025: Socket received request to stop server.
Sat Jan 25 15:17:42 2025: Dispatch Server: do_await_stop
Sat Jan 25 15:17:42 2025: Dispatch Server: stopping mainFifo_
Sat Jan 25 15:17:42 2025: XCD main fifo: Stopping
Sat Jan 25 15:17:42 2025: XCD main fifo: do_read error code: Operation canceled
Sat Jan 25 15:17:42 2025: XCD main fifo: bytes_transferred: 0
Sat Jan 25 15:17:42 2025: SERVER: destructor for server bound to port 35297
Sat Jan 25 15:17:42 2025: XCD main fifo: Good unlink of /tmp/xcdmain846a8351-e477-4583-8b80-e8f1cfd89b07
Sat Jan 25 15:17:42 2025: Server exiting with status 0.
Sat Jan 25 15:17:42 2025: Closing log file.
